<?xml version="1.0" encoding="UTF-8"?>
<coverage generated="1764796370877" clover="3.2.0">
  <project timestamp="1764796370878" name="All files">
    <metrics statements="36" coveredstatements="21" conditionals="130" coveredconditionals="90" methods="4" coveredmethods="4" elements="170" coveredelements="115" complexity="0" loc="36" ncloc="36" packages="1" files="1" classes="1"/>
    <file name="index.js" path="/home/mike/VSCode_Projects/ecommerce-price-tracker/src/config/index.js">
      <metrics statements="36" coveredstatements="21" conditionals="130" coveredconditionals="90" methods="4" coveredmethods="4"/>
      <line num="5" count="23" type="stmt"/>
      <line num="6" count="23" type="stmt"/>
      <line num="8" count="23" type="stmt"/>
      <line num="10" count="23" type="stmt"/>
      <line num="12" count="23" type="stmt"/>
      <line num="47" count="69" type="cond" truecount="2" falsecount="0"/>
      <line num="69" count="23" type="stmt"/>
      <line num="145" count="4" type="stmt"/>
      <line num="146" count="4" type="stmt"/>
      <line num="149" count="4" type="cond" truecount="1" falsecount="1"/>
      <line num="150" count="0" type="stmt"/>
      <line num="152" count="4" type="cond" truecount="1" falsecount="1"/>
      <line num="153" count="0" type="stmt"/>
      <line num="155" count="4" type="cond" truecount="1" falsecount="1"/>
      <line num="156" count="0" type="stmt"/>
      <line num="160" count="4" type="cond" truecount="1" falsecount="1"/>
      <line num="161" count="0" type="cond" truecount="0" falsecount="2"/>
      <line num="162" count="0" type="stmt"/>
      <line num="164" count="0" type="cond" truecount="0" falsecount="2"/>
      <line num="165" count="0" type="stmt"/>
      <line num="170" count="4" type="cond" truecount="3" falsecount="1"/>
      <line num="171" count="0" type="stmt"/>
      <line num="173" count="4" type="cond" truecount="1" falsecount="1"/>
      <line num="174" count="0" type="stmt"/>
      <line num="177" count="4" type="stmt"/>
      <line num="188" count="2" type="stmt"/>
      <line num="191" count="2" type="stmt"/>
      <line num="192" count="0" type="stmt"/>
      <line num="196" count="2" type="cond" truecount="1" falsecount="1"/>
      <line num="197" count="0" type="stmt"/>
      <line num="198" count="0" type="stmt"/>
      <line num="199" count="0" type="stmt"/>
      <line num="201" count="0" type="stmt"/>
      <line num="202" count="0" type="stmt"/>
      <line num="205" count="2" type="cond" truecount="3" falsecount="1"/>
      <line num="206" count="2" type="stmt"/>
    </file>
  </project>
</coverage>
