{"/home/mike/VSCode_Projects/ecommerce-price-tracker/src/config/index.js": {"path":"/home/mike/VSCode_Projects/ecommerce-price-tracker/src/config/index.js","statementMap":{"0":{"start":{"line":5,"column":19},"end":{"line":5,"column":49}},"1":{"start":{"line":6,"column":18},"end":{"line":6,"column":42}},"2":{"start":{"line":8,"column":0},"end":{"line":8,"column":16}},"3":{"start":{"line":10,"column":18},"end":{"line":10,"column":49}},"4":{"start":{"line":12,"column":15},"end":{"line":138,"column":1}},"5":{"start":{"line":47,"column":90},"end":{"line":47,"column":98}},"6":{"start":{"line":69,"column":69},"end":{"line":69,"column":77}},"7":{"start":{"line":145,"column":17},"end":{"line":145,"column":19}},"8":{"start":{"line":146,"column":19},"end":{"line":146,"column":21}},"9":{"start":{"line":149,"column":2},"end":{"line":151,"column":3}},"10":{"start":{"line":150,"column":4},"end":{"line":150,"column":39}},"11":{"start":{"line":152,"column":2},"end":{"line":154,"column":3}},"12":{"start":{"line":153,"column":4},"end":{"line":153,"column":43}},"13":{"start":{"line":155,"column":2},"end":{"line":157,"column":3}},"14":{"start":{"line":156,"column":4},"end":{"line":156,"column":43}},"15":{"start":{"line":160,"column":2},"end":{"line":167,"column":3}},"16":{"start":{"line":161,"column":4},"end":{"line":163,"column":5}},"17":{"start":{"line":162,"column":6},"end":{"line":162,"column":76}},"18":{"start":{"line":164,"column":4},"end":{"line":166,"column":5}},"19":{"start":{"line":165,"column":6},"end":{"line":165,"column":102}},"20":{"start":{"line":170,"column":2},"end":{"line":172,"column":3}},"21":{"start":{"line":171,"column":4},"end":{"line":171,"column":79}},"22":{"start":{"line":173,"column":2},"end":{"line":175,"column":3}},"23":{"start":{"line":174,"column":4},"end":{"line":174,"column":97}},"24":{"start":{"line":177,"column":2},"end":{"line":181,"column":4}},"25":{"start":{"line":188,"column":38},"end":{"line":188,"column":54}},"26":{"start":{"line":191,"column":2},"end":{"line":193,"column":3}},"27":{"start":{"line":192,"column":4},"end":{"line":192,"column":51}},"28":{"start":{"line":196,"column":2},"end":{"line":203,"column":3}},"29":{"start":{"line":197,"column":4},"end":{"line":197,"column":45}},"30":{"start":{"line":198,"column":4},"end":{"line":200,"column":5}},"31":{"start":{"line":199,"column":6},"end":{"line":199,"column":37}},"32":{"start":{"line":201,"column":4},"end":{"line":201,"column":77}},"33":{"start":{"line":202,"column":4},"end":{"line":202,"column":20}},"34":{"start":{"line":205,"column":2},"end":{"line":207,"column":3}},"35":{"start":{"line":206,"column":4},"end":{"line":206,"column":58}}},"fnMap":{"0":{"name":"(anonymous_0)","decl":{"start":{"line":47,"column":85},"end":{"line":47,"column":86}},"loc":{"start":{"line":47,"column":90},"end":{"line":47,"column":98}},"line":47},"1":{"name":"(anonymous_1)","decl":{"start":{"line":69,"column":64},"end":{"line":69,"column":65}},"loc":{"start":{"line":69,"column":69},"end":{"line":69,"column":77}},"line":69},"2":{"name":"validateConfig","decl":{"start":{"line":144,"column":16},"end":{"line":144,"column":30}},"loc":{"start":{"line":144,"column":33},"end":{"line":182,"column":1}},"line":144},"3":{"name":"validateConfigOrExit","decl":{"start":{"line":187,"column":16},"end":{"line":187,"column":36}},"loc":{"start":{"line":187,"column":39},"end":{"line":208,"column":1}},"line":187}},"branchMap":{"0":{"loc":{"start":{"line":14,"column":11},"end":{"line":14,"column":48}},"type":"binary-expr","locations":[{"start":{"line":14,"column":11},"end":{"line":14,"column":31}},{"start":{"line":14,"column":35},"end":{"line":14,"column":48}}],"line":14},"1":{"loc":{"start":{"line":15,"column":8},"end":{"line":15,"column":46}},"type":"binary-expr","locations":[{"start":{"line":15,"column":8},"end":{"line":15,"column":38}},{"start":{"line":15,"column":42},"end":{"line":15,"column":46}}],"line":15},"2":{"loc":{"start":{"line":18,"column":14},"end":{"line":18,"column":59}},"type":"binary-expr","locations":[{"start":{"line":18,"column":14},"end":{"line":18,"column":51}},{"start":{"line":18,"column":55},"end":{"line":18,"column":59}}],"line":18},"3":{"loc":{"start":{"line":19,"column":11},"end":{"line":19,"column":53}},"type":"binary-expr","locations":[{"start":{"line":19,"column":11},"end":{"line":19,"column":45}},{"start":{"line":19,"column":49},"end":{"line":19,"column":53}}],"line":19},"4":{"loc":{"start":{"line":23,"column":10},"end":{"line":23,"column":102}},"type":"cond-expr","locations":[{"start":{"line":23,"column":23},"end":{"line":23,"column":62}},{"start":{"line":23,"column":67},"end":{"line":23,"column":101}}],"line":23},"5":{"loc":{"start":{"line":23,"column":23},"end":{"line":23,"column":62}},"type":"binary-expr","locations":[{"start":{"line":23,"column":23},"end":{"line":23,"column":47}},{"start":{"line":23,"column":51},"end":{"line":23,"column":62}}],"line":23},"6":{"loc":{"start":{"line":23,"column":67},"end":{"line":23,"column":101}},"type":"binary-expr","locations":[{"start":{"line":23,"column":67},"end":{"line":23,"column":86}},{"start":{"line":23,"column":90},"end":{"line":23,"column":101}}],"line":23},"7":{"loc":{"start":{"line":24,"column":19},"end":{"line":24,"column":101}},"type":"cond-expr","locations":[{"start":{"line":24,"column":32},"end":{"line":24,"column":66}},{"start":{"line":24,"column":71},"end":{"line":24,"column":100}}],"line":24},"8":{"loc":{"start":{"line":24,"column":32},"end":{"line":24,"column":66}},"type":"binary-expr","locations":[{"start":{"line":24,"column":32},"end":{"line":24,"column":56}},{"start":{"line":24,"column":60},"end":{"line":24,"column":66}}],"line":24},"9":{"loc":{"start":{"line":24,"column":71},"end":{"line":24,"column":100}},"type":"binary-expr","locations":[{"start":{"line":24,"column":71},"end":{"line":24,"column":90}},{"start":{"line":24,"column":94},"end":{"line":24,"column":100}}],"line":24},"10":{"loc":{"start":{"line":25,"column":10},"end":{"line":25,"column":68}},"type":"cond-expr","locations":[{"start":{"line":25,"column":22},"end":{"line":25,"column":46}},{"start":{"line":25,"column":49},"end":{"line":25,"column":68}}],"line":25},"11":{"loc":{"start":{"line":26,"column":14},"end":{"line":26,"column":80}},"type":"cond-expr","locations":[{"start":{"line":26,"column":26},"end":{"line":26,"column":54}},{"start":{"line":26,"column":57},"end":{"line":26,"column":80}}],"line":26},"12":{"loc":{"start":{"line":27,"column":14},"end":{"line":27,"column":80}},"type":"cond-expr","locations":[{"start":{"line":27,"column":26},"end":{"line":27,"column":54}},{"start":{"line":27,"column":57},"end":{"line":27,"column":80}}],"line":27},"13":{"loc":{"start":{"line":28,"column":9},"end":{"line":28,"column":52}},"type":"binary-expr","locations":[{"start":{"line":28,"column":9},"end":{"line":28,"column":46}},{"start":{"line":28,"column":50},"end":{"line":28,"column":52}}],"line":28},"14":{"loc":{"start":{"line":29,"column":23},"end":{"line":29,"column":73}},"type":"binary-expr","locations":[{"start":{"line":29,"column":23},"end":{"line":29,"column":64}},{"start":{"line":29,"column":68},"end":{"line":29,"column":73}}],"line":29},"15":{"loc":{"start":{"line":30,"column":29},"end":{"line":30,"column":85}},"type":"binary-expr","locations":[{"start":{"line":30,"column":29},"end":{"line":30,"column":76}},{"start":{"line":30,"column":80},"end":{"line":30,"column":85}}],"line":30},"16":{"loc":{"start":{"line":35,"column":13},"end":{"line":35,"column":59}},"type":"binary-expr","locations":[{"start":{"line":35,"column":13},"end":{"line":35,"column":54}},{"start":{"line":35,"column":58},"end":{"line":35,"column":59}}],"line":35},"17":{"loc":{"start":{"line":36,"column":14},"end":{"line":36,"column":65}},"type":"binary-expr","locations":[{"start":{"line":36,"column":14},"end":{"line":36,"column":57}},{"start":{"line":36,"column":61},"end":{"line":36,"column":65}}],"line":36},"18":{"loc":{"start":{"line":37,"column":14},"end":{"line":37,"column":65}},"type":"binary-expr","locations":[{"start":{"line":37,"column":14},"end":{"line":37,"column":57}},{"start":{"line":37,"column":61},"end":{"line":37,"column":65}}],"line":37},"19":{"loc":{"start":{"line":38,"column":13},"end":{"line":38,"column":63}},"type":"binary-expr","locations":[{"start":{"line":38,"column":13},"end":{"line":38,"column":54}},{"start":{"line":38,"column":58},"end":{"line":38,"column":63}}],"line":38},"20":{"loc":{"start":{"line":47,"column":14},"end":{"line":47,"column":68}},"type":"binary-expr","locations":[{"start":{"line":47,"column":14},"end":{"line":47,"column":40}},{"start":{"line":47,"column":44},"end":{"line":47,"column":68}}],"line":47},"21":{"loc":{"start":{"line":50,"column":16},"end":{"line":50,"column":66}},"type":"binary-expr","locations":[{"start":{"line":50,"column":16},"end":{"line":50,"column":60}},{"start":{"line":50,"column":64},"end":{"line":50,"column":66}}],"line":50},"22":{"loc":{"start":{"line":51,"column":13},"end":{"line":51,"column":62}},"type":"binary-expr","locations":[{"start":{"line":51,"column":13},"end":{"line":51,"column":53}},{"start":{"line":51,"column":57},"end":{"line":51,"column":62}}],"line":51},"23":{"loc":{"start":{"line":52,"column":13},"end":{"line":52,"column":58}},"type":"binary-expr","locations":[{"start":{"line":52,"column":13},"end":{"line":52,"column":53}},{"start":{"line":52,"column":57},"end":{"line":52,"column":58}}],"line":52},"24":{"loc":{"start":{"line":64,"column":14},"end":{"line":64,"column":50}},"type":"binary-expr","locations":[{"start":{"line":64,"column":14},"end":{"line":64,"column":40}},{"start":{"line":64,"column":44},"end":{"line":64,"column":50}}],"line":64},"25":{"loc":{"start":{"line":65,"column":10},"end":{"line":65,"column":61}},"type":"binary-expr","locations":[{"start":{"line":65,"column":10},"end":{"line":65,"column":32}},{"start":{"line":65,"column":36},"end":{"line":65,"column":61}}],"line":65},"26":{"loc":{"start":{"line":66,"column":14},"end":{"line":66,"column":60}},"type":"binary-expr","locations":[{"start":{"line":66,"column":14},"end":{"line":66,"column":41}},{"start":{"line":66,"column":45},"end":{"line":66,"column":60}}],"line":66},"27":{"loc":{"start":{"line":68,"column":21},"end":{"line":70,"column":10}},"type":"cond-expr","locations":[{"start":{"line":69,"column":8},"end":{"line":69,"column":78}},{"start":{"line":70,"column":8},"end":{"line":70,"column":10}}],"line":68},"28":{"loc":{"start":{"line":75,"column":11},"end":{"line":75,"column":42}},"type":"binary-expr","locations":[{"start":{"line":75,"column":11},"end":{"line":75,"column":32}},{"start":{"line":75,"column":36},"end":{"line":75,"column":42}}],"line":75},"29":{"loc":{"start":{"line":81,"column":23},"end":{"line":81,"column":68}},"type":"binary-expr","locations":[{"start":{"line":81,"column":23},"end":{"line":81,"column":57}},{"start":{"line":81,"column":61},"end":{"line":81,"column":68}}],"line":81},"30":{"loc":{"start":{"line":82,"column":17},"end":{"line":82,"column":55}},"type":"binary-expr","locations":[{"start":{"line":82,"column":17},"end":{"line":82,"column":46}},{"start":{"line":82,"column":50},"end":{"line":82,"column":55}}],"line":82},"31":{"loc":{"start":{"line":88,"column":16},"end":{"line":88,"column":97}},"type":"binary-expr","locations":[{"start":{"line":88,"column":16},"end":{"line":88,"column":44}},{"start":{"line":88,"column":48},"end":{"line":88,"column":97}}],"line":88},"32":{"loc":{"start":{"line":89,"column":13},"end":{"line":89,"column":77}},"type":"binary-expr","locations":[{"start":{"line":89,"column":13},"end":{"line":89,"column":36}},{"start":{"line":89,"column":40},"end":{"line":89,"column":77}}],"line":89},"33":{"loc":{"start":{"line":95,"column":23},"end":{"line":95,"column":80}},"type":"binary-expr","locations":[{"start":{"line":95,"column":23},"end":{"line":95,"column":72}},{"start":{"line":95,"column":76},"end":{"line":95,"column":80}}],"line":95},"34":{"loc":{"start":{"line":97,"column":22},"end":{"line":97,"column":75}},"type":"binary-expr","locations":[{"start":{"line":97,"column":22},"end":{"line":97,"column":70}},{"start":{"line":97,"column":74},"end":{"line":97,"column":75}}],"line":97},"35":{"loc":{"start":{"line":99,"column":24},"end":{"line":99,"column":80}},"type":"binary-expr","locations":[{"start":{"line":99,"column":24},"end":{"line":99,"column":74}},{"start":{"line":99,"column":78},"end":{"line":99,"column":80}}],"line":99},"36":{"loc":{"start":{"line":101,"column":28},"end":{"line":101,"column":88}},"type":"binary-expr","locations":[{"start":{"line":101,"column":28},"end":{"line":101,"column":82}},{"start":{"line":101,"column":86},"end":{"line":101,"column":88}}],"line":101},"37":{"loc":{"start":{"line":107,"column":22},"end":{"line":107,"column":82}},"type":"binary-expr","locations":[{"start":{"line":107,"column":22},"end":{"line":107,"column":76}},{"start":{"line":107,"column":80},"end":{"line":107,"column":82}}],"line":107},"38":{"loc":{"start":{"line":109,"column":31},"end":{"line":109,"column":84}},"type":"binary-expr","locations":[{"start":{"line":109,"column":31},"end":{"line":109,"column":78}},{"start":{"line":109,"column":82},"end":{"line":109,"column":84}}],"line":109},"39":{"loc":{"start":{"line":111,"column":22},"end":{"line":111,"column":83}},"type":"binary-expr","locations":[{"start":{"line":111,"column":22},"end":{"line":111,"column":76}},{"start":{"line":111,"column":80},"end":{"line":111,"column":83}}],"line":111},"40":{"loc":{"start":{"line":113,"column":22},"end":{"line":113,"column":82}},"type":"binary-expr","locations":[{"start":{"line":113,"column":22},"end":{"line":113,"column":76}},{"start":{"line":113,"column":80},"end":{"line":113,"column":82}}],"line":113},"41":{"loc":{"start":{"line":115,"column":21},"end":{"line":115,"column":82}},"type":"binary-expr","locations":[{"start":{"line":115,"column":21},"end":{"line":115,"column":74}},{"start":{"line":115,"column":78},"end":{"line":115,"column":82}}],"line":115},"42":{"loc":{"start":{"line":123,"column":10},"end":{"line":123,"column":47}},"type":"binary-expr","locations":[{"start":{"line":123,"column":10},"end":{"line":123,"column":32}},{"start":{"line":123,"column":36},"end":{"line":123,"column":47}}],"line":123},"43":{"loc":{"start":{"line":124,"column":10},"end":{"line":124,"column":54}},"type":"binary-expr","locations":[{"start":{"line":124,"column":10},"end":{"line":124,"column":46}},{"start":{"line":124,"column":50},"end":{"line":124,"column":54}}],"line":124},"44":{"loc":{"start":{"line":125,"column":14},"end":{"line":125,"column":53}},"type":"binary-expr","locations":[{"start":{"line":125,"column":14},"end":{"line":125,"column":40}},{"start":{"line":125,"column":44},"end":{"line":125,"column":53}}],"line":125},"45":{"loc":{"start":{"line":126,"column":8},"end":{"line":126,"column":47}},"type":"binary-expr","locations":[{"start":{"line":126,"column":8},"end":{"line":126,"column":42}},{"start":{"line":126,"column":46},"end":{"line":126,"column":47}}],"line":126},"46":{"loc":{"start":{"line":127,"column":15},"end":{"line":127,"column":52}},"type":"binary-expr","locations":[{"start":{"line":127,"column":15},"end":{"line":127,"column":43}},{"start":{"line":127,"column":47},"end":{"line":127,"column":52}}],"line":127},"47":{"loc":{"start":{"line":130,"column":15},"end":{"line":130,"column":65}},"type":"binary-expr","locations":[{"start":{"line":130,"column":15},"end":{"line":130,"column":58}},{"start":{"line":130,"column":62},"end":{"line":130,"column":65}}],"line":130},"48":{"loc":{"start":{"line":131,"column":19},"end":{"line":131,"column":73}},"type":"binary-expr","locations":[{"start":{"line":131,"column":19},"end":{"line":131,"column":67}},{"start":{"line":131,"column":71},"end":{"line":131,"column":73}}],"line":131},"49":{"loc":{"start":{"line":132,"column":20},"end":{"line":132,"column":76}},"type":"binary-expr","locations":[{"start":{"line":132,"column":20},"end":{"line":132,"column":69}},{"start":{"line":132,"column":73},"end":{"line":132,"column":76}}],"line":132},"50":{"loc":{"start":{"line":133,"column":17},"end":{"line":133,"column":65}},"type":"binary-expr","locations":[{"start":{"line":133,"column":17},"end":{"line":133,"column":58}},{"start":{"line":133,"column":62},"end":{"line":133,"column":65}}],"line":133},"51":{"loc":{"start":{"line":134,"column":21},"end":{"line":134,"column":70}},"type":"binary-expr","locations":[{"start":{"line":134,"column":21},"end":{"line":134,"column":63}},{"start":{"line":134,"column":67},"end":{"line":134,"column":70}}],"line":134},"52":{"loc":{"start":{"line":135,"column":13},"end":{"line":135,"column":60}},"type":"binary-expr","locations":[{"start":{"line":135,"column":13},"end":{"line":135,"column":54}},{"start":{"line":135,"column":58},"end":{"line":135,"column":60}}],"line":135},"53":{"loc":{"start":{"line":149,"column":2},"end":{"line":151,"column":3}},"type":"if","locations":[{"start":{"line":149,"column":2},"end":{"line":151,"column":3}},{"start":{},"end":{}}],"line":149},"54":{"loc":{"start":{"line":152,"column":2},"end":{"line":154,"column":3}},"type":"if","locations":[{"start":{"line":152,"column":2},"end":{"line":154,"column":3}},{"start":{},"end":{}}],"line":152},"55":{"loc":{"start":{"line":155,"column":2},"end":{"line":157,"column":3}},"type":"if","locations":[{"start":{"line":155,"column":2},"end":{"line":157,"column":3}},{"start":{},"end":{}}],"line":155},"56":{"loc":{"start":{"line":160,"column":2},"end":{"line":167,"column":3}},"type":"if","locations":[{"start":{"line":160,"column":2},"end":{"line":167,"column":3}},{"start":{},"end":{}}],"line":160},"57":{"loc":{"start":{"line":161,"column":4},"end":{"line":163,"column":5}},"type":"if","locations":[{"start":{"line":161,"column":4},"end":{"line":163,"column":5}},{"start":{},"end":{}}],"line":161},"58":{"loc":{"start":{"line":164,"column":4},"end":{"line":166,"column":5}},"type":"if","locations":[{"start":{"line":164,"column":4},"end":{"line":166,"column":5}},{"start":{},"end":{}}],"line":164},"59":{"loc":{"start":{"line":170,"column":2},"end":{"line":172,"column":3}},"type":"if","locations":[{"start":{"line":170,"column":2},"end":{"line":172,"column":3}},{"start":{},"end":{}}],"line":170},"60":{"loc":{"start":{"line":170,"column":6},"end":{"line":170,"column":50}},"type":"binary-expr","locations":[{"start":{"line":170,"column":6},"end":{"line":170,"column":24}},{"start":{"line":170,"column":28},"end":{"line":170,"column":50}}],"line":170},"61":{"loc":{"start":{"line":173,"column":2},"end":{"line":175,"column":3}},"type":"if","locations":[{"start":{"line":173,"column":2},"end":{"line":175,"column":3}},{"start":{},"end":{}}],"line":173},"62":{"loc":{"start":{"line":196,"column":2},"end":{"line":203,"column":3}},"type":"if","locations":[{"start":{"line":196,"column":2},"end":{"line":203,"column":3}},{"start":{},"end":{}}],"line":196},"63":{"loc":{"start":{"line":205,"column":2},"end":{"line":207,"column":3}},"type":"if","locations":[{"start":{"line":205,"column":2},"end":{"line":207,"column":3}},{"start":{},"end":{}}],"line":205},"64":{"loc":{"start":{"line":205,"column":6},"end":{"line":205,"column":50}},"type":"binary-expr","locations":[{"start":{"line":205,"column":6},"end":{"line":205,"column":27}},{"start":{"line":205,"column":31},"end":{"line":205,"column":50}}],"line":205}},"s":{"0":33,"1":33,"2":33,"3":33,"4":33,"5":99,"6":33,"7":2,"8":2,"9":2,"10":0,"11":2,"12":0,"13":2,"14":0,"15":2,"16":0,"17":0,"18":0,"19":0,"20":2,"21":0,"22":2,"23":0,"24":2,"25":0,"26":0,"27":0,"28":0,"29":0,"30":0,"31":0,"32":0,"33":0,"34":0,"35":0},"f":{"0":99,"1":33,"2":2,"3":0},"b":{"0":[33,0],"1":[33,0],"2":[33,33],"3":[33,33],"4":[33,0],"5":[33,0],"6":[0,0],"7":[33,0],"8":[33,0],"9":[0,0],"10":[33,0],"11":[33,0],"12":[33,0],"13":[33,0],"14":[33,0],"15":[33,0],"16":[33,0],"17":[33,0],"18":[33,0],"19":[33,0],"20":[33,33],"21":[33,33],"22":[33,33],"23":[33,33],"24":[33,0],"25":[33,33],"26":[33,33],"27":[33,0],"28":[33,0],"29":[33,33],"30":[33,33],"31":[33,33],"32":[33,33],"33":[33,33],"34":[33,33],"35":[33,33],"36":[33,33],"37":[33,33],"38":[33,33],"39":[33,33],"40":[33,33],"41":[33,33],"42":[33,0],"43":[33,0],"44":[33,33],"45":[33,33],"46":[33,33],"47":[33,0],"48":[33,33],"49":[33,33],"50":[33,0],"51":[33,33],"52":[33,0],"53":[0,2],"54":[0,2],"55":[0,2],"56":[0,2],"57":[0,0],"58":[0,0],"59":[0,2],"60":[2,2],"61":[0,2],"62":[0,0],"63":[0,0],"64":[0,0]},"inputSourceMap":null,"_coverageSchema":"1a1c01bbd47fc00a2c39e90264f33305004495a9","hash":"a0bd19a47f54f113a6f93c0542519f8dce9d67a2"}
,"/home/mike/VSCode_Projects/ecommerce-price-tracker/src/db/connect-pg.js": {"path":"/home/mike/VSCode_Projects/ecommerce-price-tracker/src/db/connect-pg.js","statementMap":{"0":{"start":{"line":2,"column":17},"end":{"line":2,"column":20}},"1":{"start":{"line":9,"column":19},"end":{"line":9,"column":49}},"2":{"start":{"line":10,"column":18},"end":{"line":10,"column":42}},"3":{"start":{"line":13,"column":20},"end":{"line":22,"column":2}},"4":{"start":{"line":25,"column":0},"end":{"line":27,"column":3}},"5":{"start":{"line":26,"column":4},"end":{"line":26,"column":79}},"6":{"start":{"line":30,"column":0},"end":{"line":32,"column":3}},"7":{"start":{"line":31,"column":4},"end":{"line":31,"column":52}},"8":{"start":{"line":35,"column":0},"end":{"line":37,"column":3}},"9":{"start":{"line":36,"column":4},"end":{"line":36,"column":56}},"10":{"start":{"line":41,"column":4},"end":{"line":49,"column":5}},"11":{"start":{"line":42,"column":23},"end":{"line":42,"column":43}},"12":{"start":{"line":43,"column":23},"end":{"line":43,"column":57}},"13":{"start":{"line":44,"column":8},"end":{"line":44,"column":25}},"14":{"start":{"line":45,"column":8},"end":{"line":45,"column":64}},"15":{"start":{"line":47,"column":8},"end":{"line":47,"column":64}},"16":{"start":{"line":48,"column":8},"end":{"line":48,"column":56}},"17":{"start":{"line":54,"column":4},"end":{"line":62,"column":6}},"18":{"start":{"line":67,"column":19},"end":{"line":67,"column":39}},"19":{"start":{"line":69,"column":4},"end":{"line":126,"column":5}},"20":{"start":{"line":70,"column":8},"end":{"line":70,"column":36}},"21":{"start":{"line":73,"column":8},"end":{"line":79,"column":11}},"22":{"start":{"line":82,"column":45},"end":{"line":84,"column":9}},"23":{"start":{"line":85,"column":33},"end":{"line":85,"column":80}},"24":{"start":{"line":85,"column":69},"end":{"line":85,"column":78}},"25":{"start":{"line":88,"column":30},"end":{"line":88,"column":64}},"26":{"start":{"line":89,"column":31},"end":{"line":93,"column":9}},"27":{"start":{"line":96,"column":8},"end":{"line":115,"column":9}},"28":{"start":{"line":97,"column":28},"end":{"line":97,"column":52}},"29":{"start":{"line":99,"column":12},"end":{"line":102,"column":13}},"30":{"start":{"line":100,"column":16},"end":{"line":100,"column":81}},"31":{"start":{"line":101,"column":16},"end":{"line":101,"column":25}},"32":{"start":{"line":104,"column":12},"end":{"line":104,"column":58}},"33":{"start":{"line":105,"column":24},"end":{"line":105,"column":76}},"34":{"start":{"line":106,"column":12},"end":{"line":106,"column":36}},"35":{"start":{"line":109,"column":12},"end":{"line":112,"column":14}},"36":{"start":{"line":114,"column":12},"end":{"line":114,"column":60}},"37":{"start":{"line":117,"column":8},"end":{"line":117,"column":37}},"38":{"start":{"line":118,"column":8},"end":{"line":118,"column":61}},"39":{"start":{"line":121,"column":8},"end":{"line":121,"column":39}},"40":{"start":{"line":122,"column":8},"end":{"line":122,"column":66}},"41":{"start":{"line":123,"column":8},"end":{"line":123,"column":20}},"42":{"start":{"line":125,"column":8},"end":{"line":125,"column":25}},"43":{"start":{"line":131,"column":4},"end":{"line":137,"column":5}},"44":{"start":{"line":132,"column":8},"end":{"line":132,"column":25}},"45":{"start":{"line":133,"column":8},"end":{"line":133,"column":55}},"46":{"start":{"line":135,"column":8},"end":{"line":135,"column":74}},"47":{"start":{"line":136,"column":8},"end":{"line":136,"column":20}}},"fnMap":{"0":{"name":"(anonymous_0)","decl":{"start":{"line":25,"column":17},"end":{"line":25,"column":18}},"loc":{"start":{"line":25,"column":26},"end":{"line":27,"column":1}},"line":25},"1":{"name":"(anonymous_1)","decl":{"start":{"line":30,"column":19},"end":{"line":30,"column":20}},"loc":{"start":{"line":30,"column":25},"end":{"line":32,"column":1}},"line":30},"2":{"name":"(anonymous_2)","decl":{"start":{"line":35,"column":18},"end":{"line":35,"column":19}},"loc":{"start":{"line":35,"column":24},"end":{"line":37,"column":1}},"line":35},"3":{"name":"checkDatabaseHealth","decl":{"start":{"line":40,"column":22},"end":{"line":40,"column":41}},"loc":{"start":{"line":40,"column":44},"end":{"line":50,"column":1}},"line":40},"4":{"name":"getPoolStats","decl":{"start":{"line":53,"column":16},"end":{"line":53,"column":28}},"loc":{"start":{"line":53,"column":31},"end":{"line":63,"column":1}},"line":53},"5":{"name":"runMigrations","decl":{"start":{"line":66,"column":22},"end":{"line":66,"column":35}},"loc":{"start":{"line":66,"column":38},"end":{"line":127,"column":1}},"line":66},"6":{"name":"(anonymous_6)","decl":{"start":{"line":85,"column":64},"end":{"line":85,"column":65}},"loc":{"start":{"line":85,"column":69},"end":{"line":85,"column":78}},"line":85},"7":{"name":"closeDatabaseConnection","decl":{"start":{"line":130,"column":22},"end":{"line":130,"column":45}},"loc":{"start":{"line":130,"column":48},"end":{"line":138,"column":1}},"line":130}},"branchMap":{"0":{"loc":{"start":{"line":19,"column":9},"end":{"line":19,"column":28}},"type":"binary-expr","locations":[{"start":{"line":19,"column":9},"end":{"line":19,"column":22}},{"start":{"line":19,"column":26},"end":{"line":19,"column":28}}],"line":19},"1":{"loc":{"start":{"line":20,"column":23},"end":{"line":20,"column":59}},"type":"binary-expr","locations":[{"start":{"line":20,"column":23},"end":{"line":20,"column":50}},{"start":{"line":20,"column":54},"end":{"line":20,"column":59}}],"line":20},"2":{"loc":{"start":{"line":21,"column":29},"end":{"line":21,"column":71}},"type":"binary-expr","locations":[{"start":{"line":21,"column":29},"end":{"line":21,"column":62}},{"start":{"line":21,"column":66},"end":{"line":21,"column":71}}],"line":21},"3":{"loc":{"start":{"line":59,"column":28},"end":{"line":61,"column":15}},"type":"cond-expr","locations":[{"start":{"line":60,"column":14},"end":{"line":60,"column":86}},{"start":{"line":61,"column":14},"end":{"line":61,"column":15}}],"line":59},"4":{"loc":{"start":{"line":99,"column":12},"end":{"line":102,"column":13}},"type":"if","locations":[{"start":{"line":99,"column":12},"end":{"line":102,"column":13}},{"start":{},"end":{}}],"line":99}},"s":{"0":14,"1":14,"2":14,"3":14,"4":14,"5":0,"6":14,"7":10,"8":14,"9":0,"10":2,"11":2,"12":2,"13":2,"14":2,"15":0,"16":0,"17":5,"18":0,"19":0,"20":0,"21":0,"22":0,"23":0,"24":0,"25":0,"26":0,"27":0,"28":0,"29":0,"30":0,"31":0,"32":0,"33":0,"34":0,"35":0,"36":0,"37":0,"38":0,"39":0,"40":0,"41":0,"42":0,"43":0,"44":0,"45":0,"46":0,"47":0},"f":{"0":0,"1":10,"2":0,"3":2,"4":5,"5":0,"6":0,"7":0},"b":{"0":[14,0],"1":[14,0],"2":[14,0],"3":[5,0],"4":[0,0]},"inputSourceMap":null,"_coverageSchema":"1a1c01bbd47fc00a2c39e90264f33305004495a9","hash":"44c8536519af39c058446e5a162d058b6b2d1a82"}
,"/home/mike/VSCode_Projects/ecommerce-price-tracker/src/db/productRepository.js": {"path":"/home/mike/VSCode_Projects/ecommerce-price-tracker/src/db/productRepository.js","statementMap":{"0":{"start":{"line":10,"column":23},"end":{"line":10,"column":81}},"1":{"start":{"line":11,"column":4},"end":{"line":14,"column":5}},"2":{"start":{"line":12,"column":8},"end":{"line":12,"column":74}},"3":{"start":{"line":13,"column":8},"end":{"line":13,"column":78}},"4":{"start":{"line":17,"column":17},"end":{"line":17,"column":37}},"5":{"start":{"line":19,"column":19},"end":{"line":19,"column":39}},"6":{"start":{"line":21,"column":4},"end":{"line":75,"column":5}},"7":{"start":{"line":22,"column":8},"end":{"line":22,"column":36}},"8":{"start":{"line":25,"column":30},"end":{"line":36,"column":9}},"9":{"start":{"line":38,"column":26},"end":{"line":38,"column":50}},"10":{"start":{"line":42,"column":33},"end":{"line":49,"column":9}},"11":{"start":{"line":52,"column":8},"end":{"line":61,"column":9}},"12":{"start":{"line":53,"column":12},"end":{"line":57,"column":14}},"13":{"start":{"line":58,"column":12},"end":{"line":58,"column":103}},"14":{"start":{"line":60,"column":12},"end":{"line":60,"column":133}},"15":{"start":{"line":63,"column":8},"end":{"line":63,"column":37}},"16":{"start":{"line":65,"column":8},"end":{"line":65,"column":105}},"17":{"start":{"line":67,"column":8},"end":{"line":67,"column":25}},"18":{"start":{"line":70,"column":8},"end":{"line":70,"column":39}},"19":{"start":{"line":71,"column":8},"end":{"line":71,"column":81}},"20":{"start":{"line":72,"column":8},"end":{"line":72,"column":20}},"21":{"start":{"line":74,"column":8},"end":{"line":74,"column":25}},"22":{"start":{"line":82,"column":19},"end":{"line":97,"column":6}},"23":{"start":{"line":98,"column":4},"end":{"line":98,"column":23}},"24":{"start":{"line":106,"column":34},"end":{"line":106,"column":72}},"25":{"start":{"line":107,"column":23},"end":{"line":107,"column":51}},"26":{"start":{"line":108,"column":4},"end":{"line":110,"column":5}},"27":{"start":{"line":109,"column":8},"end":{"line":109,"column":79}},"28":{"start":{"line":113,"column":27},"end":{"line":113,"column":82}},"29":{"start":{"line":115,"column":19},"end":{"line":121,"column":5}},"30":{"start":{"line":122,"column":4},"end":{"line":122,"column":23}}},"fnMap":{"0":{"name":"upsertProductAndHistory","decl":{"start":{"line":8,"column":22},"end":{"line":8,"column":45}},"loc":{"start":{"line":8,"column":93},"end":{"line":76,"column":1}},"line":8},"1":{"name":"getAllProductsWithLatestPrice","decl":{"start":{"line":81,"column":22},"end":{"line":81,"column":51}},"loc":{"start":{"line":81,"column":54},"end":{"line":99,"column":1}},"line":81},"2":{"name":"getPriceHistory","decl":{"start":{"line":104,"column":22},"end":{"line":104,"column":37}},"loc":{"start":{"line":104,"column":62},"end":{"line":123,"column":1}},"line":104}},"branchMap":{"0":{"loc":{"start":{"line":8,"column":73},"end":{"line":8,"column":89}},"type":"default-arg","locations":[{"start":{"line":8,"column":84},"end":{"line":8,"column":89}}],"line":8},"1":{"loc":{"start":{"line":11,"column":4},"end":{"line":14,"column":5}},"type":"if","locations":[{"start":{"line":11,"column":4},"end":{"line":14,"column":5}},{"start":{},"end":{}}],"line":11},"2":{"loc":{"start":{"line":52,"column":8},"end":{"line":61,"column":9}},"type":"if","locations":[{"start":{"line":52,"column":8},"end":{"line":61,"column":9}},{"start":{"line":59,"column":15},"end":{"line":61,"column":9}}],"line":52},"3":{"loc":{"start":{"line":71,"column":35},"end":{"line":71,"column":51}},"type":"binary-expr","locations":[{"start":{"line":71,"column":35},"end":{"line":71,"column":44}},{"start":{"line":71,"column":48},"end":{"line":71,"column":51}}],"line":71},"4":{"loc":{"start":{"line":104,"column":49},"end":{"line":104,"column":60}},"type":"default-arg","locations":[{"start":{"line":104,"column":57},"end":{"line":104,"column":60}}],"line":104},"5":{"loc":{"start":{"line":108,"column":4},"end":{"line":110,"column":5}},"type":"if","locations":[{"start":{"line":108,"column":4},"end":{"line":110,"column":5}},{"start":{},"end":{}}],"line":108},"6":{"loc":{"start":{"line":113,"column":54},"end":{"line":113,"column":80}},"type":"binary-expr","locations":[{"start":{"line":113,"column":54},"end":{"line":113,"column":73}},{"start":{"line":113,"column":77},"end":{"line":113,"column":80}}],"line":113}},"s":{"0":28,"1":28,"2":3,"3":3,"4":25,"5":25,"6":25,"7":25,"8":25,"9":25,"10":25,"11":25,"12":25,"13":25,"14":0,"15":25,"16":25,"17":25,"18":0,"19":0,"20":0,"21":25,"22":4,"23":4,"24":8,"25":8,"26":8,"27":2,"28":6,"29":6,"30":6},"f":{"0":28,"1":4,"2":8},"b":{"0":[27],"1":[3,25],"2":[25,0],"3":[0,0],"4":[5],"5":[2,6],"6":[6,1]},"inputSourceMap":null,"_coverageSchema":"1a1c01bbd47fc00a2c39e90264f33305004495a9","hash":"03bd0636be969d4316ac6dd61b615f48fce7eaff"}
,"/home/mike/VSCode_Projects/ecommerce-price-tracker/src/db/trackedProductsRepository.js": {"path":"/home/mike/VSCode_Projects/ecommerce-price-tracker/src/db/trackedProductsRepository.js","statementMap":{"0":{"start":{"line":11,"column":4},"end":{"line":27,"column":5}},"1":{"start":{"line":12,"column":23},"end":{"line":21,"column":19}},"2":{"start":{"line":23,"column":8},"end":{"line":23,"column":27}},"3":{"start":{"line":25,"column":8},"end":{"line":25,"column":67}},"4":{"start":{"line":26,"column":8},"end":{"line":26,"column":20}},"5":{"start":{"line":37,"column":23},"end":{"line":37,"column":51}},"6":{"start":{"line":38,"column":4},"end":{"line":40,"column":5}},"7":{"start":{"line":39,"column":8},"end":{"line":39,"column":79}},"8":{"start":{"line":42,"column":4},"end":{"line":79,"column":5}},"9":{"start":{"line":43,"column":23},"end":{"line":43,"column":43}},"10":{"start":{"line":44,"column":8},"end":{"line":75,"column":9}},"11":{"start":{"line":45,"column":12},"end":{"line":45,"column":40}},"12":{"start":{"line":48,"column":28},"end":{"line":51,"column":13}},"13":{"start":{"line":53,"column":12},"end":{"line":55,"column":13}},"14":{"start":{"line":54,"column":16},"end":{"line":54,"column":66}},"15":{"start":{"line":57,"column":36},"end":{"line":57,"column":74}},"16":{"start":{"line":58,"column":30},"end":{"line":58,"column":80}},"17":{"start":{"line":60,"column":12},"end":{"line":65,"column":50}},"18":{"start":{"line":67,"column":12},"end":{"line":67,"column":41}},"19":{"start":{"line":69,"column":12},"end":{"line":69,"column":90}},"20":{"start":{"line":71,"column":12},"end":{"line":71,"column":43}},"21":{"start":{"line":72,"column":12},"end":{"line":72,"column":24}},"22":{"start":{"line":74,"column":12},"end":{"line":74,"column":29}},"23":{"start":{"line":77,"column":8},"end":{"line":77,"column":82}},"24":{"start":{"line":78,"column":8},"end":{"line":78,"column":20}},"25":{"start":{"line":89,"column":23},"end":{"line":89,"column":91}},"26":{"start":{"line":90,"column":4},"end":{"line":93,"column":5}},"27":{"start":{"line":91,"column":8},"end":{"line":91,"column":68}},"28":{"start":{"line":92,"column":8},"end":{"line":92,"column":78}},"29":{"start":{"line":95,"column":17},"end":{"line":95,"column":37}},"30":{"start":{"line":97,"column":4},"end":{"line":112,"column":5}},"31":{"start":{"line":98,"column":23},"end":{"line":105,"column":9}},"32":{"start":{"line":107,"column":8},"end":{"line":107,"column":104}},"33":{"start":{"line":108,"column":8},"end":{"line":108,"column":33}},"34":{"start":{"line":110,"column":8},"end":{"line":110,"column":88}},"35":{"start":{"line":111,"column":8},"end":{"line":111,"column":20}},"36":{"start":{"line":122,"column":25},"end":{"line":122,"column":53}},"37":{"start":{"line":123,"column":4},"end":{"line":125,"column":5}},"38":{"start":{"line":124,"column":8},"end":{"line":124,"column":81}},"39":{"start":{"line":128,"column":4},"end":{"line":130,"column":5}},"40":{"start":{"line":129,"column":8},"end":{"line":129,"column":59}},"41":{"start":{"line":132,"column":4},"end":{"line":146,"column":5}},"42":{"start":{"line":133,"column":23},"end":{"line":136,"column":9}},"43":{"start":{"line":138,"column":8},"end":{"line":140,"column":9}},"44":{"start":{"line":139,"column":12},"end":{"line":139,"column":62}},"45":{"start":{"line":142,"column":8},"end":{"line":142,"column":78}},"46":{"start":{"line":144,"column":8},"end":{"line":144,"column":86}},"47":{"start":{"line":145,"column":8},"end":{"line":145,"column":20}},"48":{"start":{"line":154,"column":4},"end":{"line":164,"column":5}},"49":{"start":{"line":155,"column":23},"end":{"line":158,"column":10}},"50":{"start":{"line":160,"column":8},"end":{"line":160,"column":27}},"51":{"start":{"line":162,"column":8},"end":{"line":162,"column":70}},"52":{"start":{"line":163,"column":8},"end":{"line":163,"column":20}},"53":{"start":{"line":173,"column":23},"end":{"line":173,"column":51}},"54":{"start":{"line":174,"column":4},"end":{"line":176,"column":5}},"55":{"start":{"line":175,"column":8},"end":{"line":175,"column":79}},"56":{"start":{"line":178,"column":4},"end":{"line":189,"column":5}},"57":{"start":{"line":179,"column":23},"end":{"line":179,"column":122}},"58":{"start":{"line":181,"column":8},"end":{"line":183,"column":9}},"59":{"start":{"line":182,"column":12},"end":{"line":182,"column":62}},"60":{"start":{"line":185,"column":8},"end":{"line":185,"column":84}},"61":{"start":{"line":187,"column":8},"end":{"line":187,"column":79}},"62":{"start":{"line":188,"column":8},"end":{"line":188,"column":20}},"63":{"start":{"line":208,"column":4},"end":{"line":210,"column":5}},"64":{"start":{"line":209,"column":8},"end":{"line":209,"column":78}},"65":{"start":{"line":212,"column":4},"end":{"line":238,"column":5}},"66":{"start":{"line":213,"column":23},"end":{"line":225,"column":9}},"67":{"start":{"line":227,"column":8},"end":{"line":232,"column":49}},"68":{"start":{"line":234,"column":8},"end":{"line":234,"column":33}},"69":{"start":{"line":236,"column":8},"end":{"line":236,"column":83}},"70":{"start":{"line":237,"column":8},"end":{"line":237,"column":20}},"71":{"start":{"line":247,"column":4},"end":{"line":264,"column":5}},"72":{"start":{"line":248,"column":23},"end":{"line":258,"column":19}},"73":{"start":{"line":260,"column":8},"end":{"line":260,"column":27}},"74":{"start":{"line":262,"column":8},"end":{"line":262,"column":74}},"75":{"start":{"line":263,"column":8},"end":{"line":263,"column":20}},"76":{"start":{"line":277,"column":4},"end":{"line":308,"column":5}},"77":{"start":{"line":278,"column":24},"end":{"line":281,"column":9}},"78":{"start":{"line":283,"column":8},"end":{"line":285,"column":9}},"79":{"start":{"line":284,"column":12},"end":{"line":284,"column":62}},"80":{"start":{"line":287,"column":32},"end":{"line":287,"column":70}},"81":{"start":{"line":288,"column":32},"end":{"line":288,"column":68}},"82":{"start":{"line":289,"column":26},"end":{"line":289,"column":76}},"83":{"start":{"line":292,"column":28},"end":{"line":292,"column":61}},"84":{"start":{"line":294,"column":8},"end":{"line":302,"column":79}},"85":{"start":{"line":304,"column":8},"end":{"line":304,"column":101}},"86":{"start":{"line":306,"column":8},"end":{"line":306,"column":77}},"87":{"start":{"line":307,"column":8},"end":{"line":307,"column":20}},"88":{"start":{"line":318,"column":19},"end":{"line":318,"column":39}},"89":{"start":{"line":320,"column":4},"end":{"line":377,"column":5}},"90":{"start":{"line":321,"column":8},"end":{"line":321,"column":36}},"91":{"start":{"line":324,"column":8},"end":{"line":327,"column":10}},"92":{"start":{"line":330,"column":8},"end":{"line":362,"column":9}},"93":{"start":{"line":331,"column":32},"end":{"line":331,"column":78}},"94":{"start":{"line":333,"column":12},"end":{"line":361,"column":15}},"95":{"start":{"line":364,"column":8},"end":{"line":364,"column":37}},"96":{"start":{"line":366,"column":8},"end":{"line":369,"column":35}},"97":{"start":{"line":372,"column":8},"end":{"line":372,"column":39}},"98":{"start":{"line":373,"column":8},"end":{"line":373,"column":83}},"99":{"start":{"line":374,"column":8},"end":{"line":374,"column":20}},"100":{"start":{"line":376,"column":8},"end":{"line":376,"column":25}},"101":{"start":{"line":386,"column":4},"end":{"line":397,"column":5}},"102":{"start":{"line":387,"column":23},"end":{"line":391,"column":30}},"103":{"start":{"line":393,"column":8},"end":{"line":393,"column":27}},"104":{"start":{"line":395,"column":8},"end":{"line":395,"column":82}},"105":{"start":{"line":396,"column":8},"end":{"line":396,"column":20}},"106":{"start":{"line":406,"column":4},"end":{"line":418,"column":5}},"107":{"start":{"line":407,"column":23},"end":{"line":412,"column":30}},"108":{"start":{"line":414,"column":8},"end":{"line":414,"column":38}},"109":{"start":{"line":416,"column":8},"end":{"line":416,"column":78}},"110":{"start":{"line":417,"column":8},"end":{"line":417,"column":20}},"111":{"start":{"line":427,"column":4},"end":{"line":461,"column":5}},"112":{"start":{"line":428,"column":23},"end":{"line":437,"column":30}},"113":{"start":{"line":439,"column":22},"end":{"line":439,"column":36}},"114":{"start":{"line":442,"column":34},"end":{"line":448,"column":30}},"115":{"start":{"line":450,"column":8},"end":{"line":457,"column":10}},"116":{"start":{"line":459,"column":8},"end":{"line":459,"column":84}},"117":{"start":{"line":460,"column":8},"end":{"line":460,"column":20}}},"fnMap":{"0":{"name":"getProductsToCheck","decl":{"start":{"line":10,"column":22},"end":{"line":10,"column":40}},"loc":{"start":{"line":10,"column":54},"end":{"line":28,"column":1}},"line":10},"1":{"name":"updateProductCheckTime","decl":{"start":{"line":35,"column":22},"end":{"line":35,"column":44}},"loc":{"start":{"line":35,"column":72},"end":{"line":80,"column":1}},"line":35},"2":{"name":"addTrackedProduct","decl":{"start":{"line":87,"column":22},"end":{"line":87,"column":39}},"loc":{"start":{"line":87,"column":98},"end":{"line":113,"column":1}},"line":87},"3":{"name":"setProductEnabled","decl":{"start":{"line":120,"column":22},"end":{"line":120,"column":39}},"loc":{"start":{"line":120,"column":60},"end":{"line":147,"column":1}},"line":120},"4":{"name":"getAllTrackedProducts","decl":{"start":{"line":153,"column":22},"end":{"line":153,"column":43}},"loc":{"start":{"line":153,"column":46},"end":{"line":165,"column":1}},"line":153},"5":{"name":"deleteTrackedProduct","decl":{"start":{"line":171,"column":22},"end":{"line":171,"column":42}},"loc":{"start":{"line":171,"column":54},"end":{"line":190,"column":1}},"line":171},"6":{"name":"addSearchBasedProduct","decl":{"start":{"line":201,"column":22},"end":{"line":201,"column":43}},"loc":{"start":{"line":207,"column":3},"end":{"line":239,"column":1}},"line":207},"7":{"name":"getSearchProductsToCheck","decl":{"start":{"line":246,"column":22},"end":{"line":246,"column":46}},"loc":{"start":{"line":246,"column":59},"end":{"line":265,"column":1}},"line":246},"8":{"name":"updateSearchResult","decl":{"start":{"line":272,"column":22},"end":{"line":272,"column":40}},"loc":{"start":{"line":276,"column":3},"end":{"line":309,"column":1}},"line":276},"9":{"name":"saveSearchResults","decl":{"start":{"line":317,"column":22},"end":{"line":317,"column":39}},"loc":{"start":{"line":317,"column":81},"end":{"line":378,"column":1}},"line":317},"10":{"name":"getSearchResults","decl":{"start":{"line":385,"column":22},"end":{"line":385,"column":38}},"loc":{"start":{"line":385,"column":57},"end":{"line":398,"column":1}},"line":385},"11":{"name":"getBestMatch","decl":{"start":{"line":405,"column":22},"end":{"line":405,"column":34}},"loc":{"start":{"line":405,"column":53},"end":{"line":419,"column":1}},"line":405},"12":{"name":"getPriceComparison","decl":{"start":{"line":426,"column":22},"end":{"line":426,"column":40}},"loc":{"start":{"line":426,"column":59},"end":{"line":462,"column":1}},"line":426}},"branchMap":{"0":{"loc":{"start":{"line":10,"column":41},"end":{"line":10,"column":52}},"type":"default-arg","locations":[{"start":{"line":10,"column":49},"end":{"line":10,"column":52}}],"line":10},"1":{"loc":{"start":{"line":35,"column":56},"end":{"line":35,"column":70}},"type":"default-arg","locations":[{"start":{"line":35,"column":66},"end":{"line":35,"column":70}}],"line":35},"2":{"loc":{"start":{"line":38,"column":4},"end":{"line":40,"column":5}},"type":"if","locations":[{"start":{"line":38,"column":4},"end":{"line":40,"column":5}},{"start":{},"end":{}}],"line":38},"3":{"loc":{"start":{"line":53,"column":12},"end":{"line":55,"column":13}},"type":"if","locations":[{"start":{"line":53,"column":12},"end":{"line":55,"column":13}},{"start":{},"end":{}}],"line":53},"4":{"loc":{"start":{"line":87,"column":53},"end":{"line":87,"column":67}},"type":"default-arg","locations":[{"start":{"line":87,"column":63},"end":{"line":87,"column":67}}],"line":87},"5":{"loc":{"start":{"line":87,"column":69},"end":{"line":87,"column":94}},"type":"default-arg","locations":[{"start":{"line":87,"column":92},"end":{"line":87,"column":94}}],"line":87},"6":{"loc":{"start":{"line":90,"column":4},"end":{"line":93,"column":5}},"type":"if","locations":[{"start":{"line":90,"column":4},"end":{"line":93,"column":5}},{"start":{},"end":{}}],"line":90},"7":{"loc":{"start":{"line":110,"column":35},"end":{"line":110,"column":51}},"type":"binary-expr","locations":[{"start":{"line":110,"column":35},"end":{"line":110,"column":44}},{"start":{"line":110,"column":48},"end":{"line":110,"column":51}}],"line":110},"8":{"loc":{"start":{"line":123,"column":4},"end":{"line":125,"column":5}},"type":"if","locations":[{"start":{"line":123,"column":4},"end":{"line":125,"column":5}},{"start":{},"end":{}}],"line":123},"9":{"loc":{"start":{"line":128,"column":4},"end":{"line":130,"column":5}},"type":"if","locations":[{"start":{"line":128,"column":4},"end":{"line":130,"column":5}},{"start":{},"end":{}}],"line":128},"10":{"loc":{"start":{"line":138,"column":8},"end":{"line":140,"column":9}},"type":"if","locations":[{"start":{"line":138,"column":8},"end":{"line":140,"column":9}},{"start":{},"end":{}}],"line":138},"11":{"loc":{"start":{"line":174,"column":4},"end":{"line":176,"column":5}},"type":"if","locations":[{"start":{"line":174,"column":4},"end":{"line":176,"column":5}},{"start":{},"end":{}}],"line":174},"12":{"loc":{"start":{"line":181,"column":8},"end":{"line":183,"column":9}},"type":"if","locations":[{"start":{"line":181,"column":8},"end":{"line":183,"column":9}},{"start":{},"end":{}}],"line":181},"13":{"loc":{"start":{"line":203,"column":4},"end":{"line":203,"column":16}},"type":"default-arg","locations":[{"start":{"line":203,"column":11},"end":{"line":203,"column":16}}],"line":203},"14":{"loc":{"start":{"line":204,"column":4},"end":{"line":204,"column":17}},"type":"default-arg","locations":[{"start":{"line":204,"column":15},"end":{"line":204,"column":17}}],"line":204},"15":{"loc":{"start":{"line":205,"column":4},"end":{"line":205,"column":18}},"type":"default-arg","locations":[{"start":{"line":205,"column":14},"end":{"line":205,"column":18}}],"line":205},"16":{"loc":{"start":{"line":206,"column":4},"end":{"line":206,"column":29}},"type":"default-arg","locations":[{"start":{"line":206,"column":27},"end":{"line":206,"column":29}}],"line":206},"17":{"loc":{"start":{"line":208,"column":4},"end":{"line":210,"column":5}},"type":"if","locations":[{"start":{"line":208,"column":4},"end":{"line":210,"column":5}},{"start":{},"end":{}}],"line":208},"18":{"loc":{"start":{"line":208,"column":8},"end":{"line":208,"column":55}},"type":"binary-expr","locations":[{"start":{"line":208,"column":8},"end":{"line":208,"column":20}},{"start":{"line":208,"column":24},"end":{"line":208,"column":55}}],"line":208},"19":{"loc":{"start":{"line":246,"column":47},"end":{"line":246,"column":57}},"type":"default-arg","locations":[{"start":{"line":246,"column":55},"end":{"line":246,"column":57}}],"line":246},"20":{"loc":{"start":{"line":275,"column":4},"end":{"line":275,"column":18}},"type":"default-arg","locations":[{"start":{"line":275,"column":14},"end":{"line":275,"column":18}}],"line":275},"21":{"loc":{"start":{"line":283,"column":8},"end":{"line":285,"column":9}},"type":"if","locations":[{"start":{"line":283,"column":8},"end":{"line":285,"column":9}},{"start":{},"end":{}}],"line":283},"22":{"loc":{"start":{"line":288,"column":32},"end":{"line":288,"column":68}},"type":"binary-expr","locations":[{"start":{"line":288,"column":32},"end":{"line":288,"column":63}},{"start":{"line":288,"column":67},"end":{"line":288,"column":68}}],"line":288},"23":{"loc":{"start":{"line":292,"column":28},"end":{"line":292,"column":61}},"type":"cond-expr","locations":[{"start":{"line":292,"column":38},"end":{"line":292,"column":39}},{"start":{"line":292,"column":42},"end":{"line":292,"column":61}}],"line":292},"24":{"loc":{"start":{"line":331,"column":32},"end":{"line":331,"column":78}},"type":"binary-expr","locations":[{"start":{"line":331,"column":32},"end":{"line":331,"column":50}},{"start":{"line":331,"column":54},"end":{"line":331,"column":78}}],"line":331},"25":{"loc":{"start":{"line":356,"column":16},"end":{"line":356,"column":41}},"type":"binary-expr","locations":[{"start":{"line":356,"column":16},"end":{"line":356,"column":32}},{"start":{"line":356,"column":36},"end":{"line":356,"column":41}}],"line":356},"26":{"loc":{"start":{"line":414,"column":15},"end":{"line":414,"column":37}},"type":"binary-expr","locations":[{"start":{"line":414,"column":15},"end":{"line":414,"column":29}},{"start":{"line":414,"column":33},"end":{"line":414,"column":37}}],"line":414},"27":{"loc":{"start":{"line":456,"column":22},"end":{"line":456,"column":55}},"type":"binary-expr","locations":[{"start":{"line":456,"column":22},"end":{"line":456,"column":47}},{"start":{"line":456,"column":51},"end":{"line":456,"column":55}}],"line":456}},"s":{"0":2,"1":2,"2":2,"3":0,"4":0,"5":1,"6":1,"7":0,"8":1,"9":1,"10":1,"11":1,"12":1,"13":1,"14":0,"15":1,"16":1,"17":1,"18":1,"19":1,"20":0,"21":0,"22":1,"23":0,"24":0,"25":23,"26":23,"27":1,"28":1,"29":22,"30":22,"31":22,"32":22,"33":22,"34":0,"35":0,"36":2,"37":2,"38":0,"39":2,"40":0,"41":2,"42":2,"43":2,"44":0,"45":2,"46":0,"47":0,"48":4,"49":4,"50":4,"51":0,"52":0,"53":6,"54":6,"55":1,"56":5,"57":5,"58":5,"59":3,"60":2,"61":3,"62":3,"63":16,"64":0,"65":16,"66":16,"67":16,"68":16,"69":0,"70":0,"71":2,"72":2,"73":2,"74":0,"75":0,"76":1,"77":1,"78":1,"79":0,"80":1,"81":1,"82":1,"83":1,"84":1,"85":1,"86":0,"87":0,"88":4,"89":4,"90":4,"91":4,"92":4,"93":6,"94":6,"95":4,"96":4,"97":0,"98":0,"99":0,"100":4,"101":3,"102":3,"103":3,"104":0,"105":0,"106":2,"107":2,"108":2,"109":0,"110":0,"111":2,"112":2,"113":2,"114":2,"115":2,"116":0,"117":0},"f":{"0":2,"1":1,"2":23,"3":2,"4":4,"5":6,"6":16,"7":2,"8":1,"9":4,"10":3,"11":2,"12":2},"b":{"0":[0],"1":[0],"2":[0,1],"3":[0,1],"4":[12],"5":[14],"6":[1,22],"7":[0,0],"8":[0,2],"9":[0,2],"10":[0,2],"11":[1,5],"12":[3,2],"13":[0],"14":[15],"15":[15],"16":[14],"17":[0,16],"18":[16,16],"19":[0],"20":[1],"21":[0,1],"22":[1,1],"23":[1,0],"24":[6,0],"25":[6,6],"26":[2,2],"27":[2,1]},"inputSourceMap":null,"_coverageSchema":"1a1c01bbd47fc00a2c39e90264f33305004495a9","hash":"98f53dd023bfc255d19f5ef98d9b4cde3e66e614"}
,"/home/mike/VSCode_Projects/ecommerce-price-tracker/src/monitor/price-monitor.js": {"path":"/home/mike/VSCode_Projects/ecommerce-price-tracker/src/monitor/price-monitor.js","statementMap":{"0":{"start":{"line":30,"column":4},"end":{"line":30,"column":52}},"1":{"start":{"line":30,"column":36},"end":{"line":30,"column":52}},"2":{"start":{"line":31,"column":4},"end":{"line":31,"column":52}},"3":{"start":{"line":31,"column":36},"end":{"line":31,"column":52}},"4":{"start":{"line":32,"column":4},"end":{"line":32,"column":21}},"5":{"start":{"line":41,"column":4},"end":{"line":41,"column":85}},"6":{"start":{"line":41,"column":36},"end":{"line":41,"column":85}},"7":{"start":{"line":42,"column":4},"end":{"line":42,"column":85}},"8":{"start":{"line":42,"column":36},"end":{"line":42,"column":85}},"9":{"start":{"line":43,"column":4},"end":{"line":43,"column":16}},"10":{"start":{"line":50,"column":24},"end":{"line":50,"column":45}},"11":{"start":{"line":51,"column":17},"end":{"line":51,"column":36}},"12":{"start":{"line":53,"column":4},"end":{"line":56,"column":5}},"13":{"start":{"line":54,"column":8},"end":{"line":54,"column":61}},"14":{"start":{"line":55,"column":8},"end":{"line":55,"column":20}},"15":{"start":{"line":59,"column":21},"end":{"line":59,"column":42}},"16":{"start":{"line":60,"column":4},"end":{"line":68,"column":5}},"17":{"start":{"line":61,"column":8},"end":{"line":66,"column":44}},"18":{"start":{"line":67,"column":8},"end":{"line":67,"column":20}},"19":{"start":{"line":71,"column":25},"end":{"line":71,"column":64}},"20":{"start":{"line":72,"column":4},"end":{"line":72,"column":101}},"21":{"start":{"line":75,"column":4},"end":{"line":77,"column":5}},"22":{"start":{"line":76,"column":8},"end":{"line":76,"column":56}},"23":{"start":{"line":79,"column":22},"end":{"line":79,"column":32}},"24":{"start":{"line":81,"column":4},"end":{"line":136,"column":5}},"25":{"start":{"line":82,"column":21},"end":{"line":96,"column":9}},"26":{"start":{"line":83,"column":18},"end":{"line":83,"column":42}},"27":{"start":{"line":89,"column":42},"end":{"line":89,"column":70}},"28":{"start":{"line":90,"column":20},"end":{"line":92,"column":21}},"29":{"start":{"line":91,"column":24},"end":{"line":91,"column":99}},"30":{"start":{"line":93,"column":20},"end":{"line":93,"column":53}},"31":{"start":{"line":98,"column":32},"end":{"line":98,"column":63}},"32":{"start":{"line":101,"column":8},"end":{"line":109,"column":9}},"33":{"start":{"line":102,"column":12},"end":{"line":102,"column":43}},"34":{"start":{"line":103,"column":12},"end":{"line":103,"column":35}},"35":{"start":{"line":104,"column":12},"end":{"line":104,"column":38}},"36":{"start":{"line":105,"column":12},"end":{"line":105,"column":54}},"37":{"start":{"line":107,"column":12},"end":{"line":107,"column":39}},"38":{"start":{"line":108,"column":12},"end":{"line":108,"column":55}},"39":{"start":{"line":111,"column":8},"end":{"line":111,"column":20}},"40":{"start":{"line":114,"column":32},"end":{"line":114,"column":63}},"41":{"start":{"line":117,"column":29},"end":{"line":117,"column":56}},"42":{"start":{"line":118,"column":8},"end":{"line":118,"column":36}},"43":{"start":{"line":121,"column":8},"end":{"line":121,"column":44}},"44":{"start":{"line":122,"column":8},"end":{"line":122,"column":35}},"45":{"start":{"line":123,"column":8},"end":{"line":123,"column":27}},"46":{"start":{"line":124,"column":8},"end":{"line":124,"column":51}},"47":{"start":{"line":126,"column":8},"end":{"line":133,"column":53}},"48":{"start":{"line":135,"column":8},"end":{"line":135,"column":20}},"49":{"start":{"line":143,"column":42},"end":{"line":143,"column":56}},"50":{"start":{"line":144,"column":4},"end":{"line":144,"column":65}},"51":{"start":{"line":146,"column":17},"end":{"line":146,"column":50}},"52":{"start":{"line":148,"column":4},"end":{"line":152,"column":5}},"53":{"start":{"line":149,"column":8},"end":{"line":149,"column":86}},"54":{"start":{"line":150,"column":8},"end":{"line":150,"column":62}},"55":{"start":{"line":151,"column":8},"end":{"line":151,"column":21}},"56":{"start":{"line":154,"column":4},"end":{"line":182,"column":5}},"57":{"start":{"line":155,"column":26},"end":{"line":155,"column":61}},"58":{"start":{"line":156,"column":8},"end":{"line":156,"column":61}},"59":{"start":{"line":159,"column":21},"end":{"line":159,"column":43}},"60":{"start":{"line":160,"column":29},"end":{"line":160,"column":69}},"61":{"start":{"line":162,"column":8},"end":{"line":173,"column":9}},"62":{"start":{"line":163,"column":12},"end":{"line":172,"column":100}},"63":{"start":{"line":175,"column":8},"end":{"line":175,"column":126}},"64":{"start":{"line":176,"column":8},"end":{"line":176,"column":20}},"65":{"start":{"line":179,"column":8},"end":{"line":179,"column":93}},"66":{"start":{"line":180,"column":8},"end":{"line":180,"column":62}},"67":{"start":{"line":181,"column":8},"end":{"line":181,"column":21}},"68":{"start":{"line":189,"column":22},"end":{"line":189,"column":32}},"69":{"start":{"line":190,"column":4},"end":{"line":190,"column":51}},"70":{"start":{"line":193,"column":28},"end":{"line":193,"column":57}},"71":{"start":{"line":195,"column":4},"end":{"line":198,"column":5}},"72":{"start":{"line":196,"column":8},"end":{"line":196,"column":84}},"73":{"start":{"line":197,"column":8},"end":{"line":197,"column":54}},"74":{"start":{"line":200,"column":4},"end":{"line":200,"column":84}},"75":{"start":{"line":202,"column":20},"end":{"line":206,"column":5}},"76":{"start":{"line":208,"column":30},"end":{"line":208,"column":31}},"77":{"start":{"line":209,"column":37},"end":{"line":209,"column":38}},"78":{"start":{"line":211,"column":4},"end":{"line":251,"column":5}},"79":{"start":{"line":212,"column":8},"end":{"line":250,"column":9}},"80":{"start":{"line":213,"column":28},"end":{"line":213,"column":64}},"81":{"start":{"line":215,"column":12},"end":{"line":221,"column":13}},"82":{"start":{"line":216,"column":16},"end":{"line":216,"column":37}},"83":{"start":{"line":217,"column":16},"end":{"line":217,"column":40}},"84":{"start":{"line":219,"column":16},"end":{"line":219,"column":33}},"85":{"start":{"line":220,"column":16},"end":{"line":220,"column":38}},"86":{"start":{"line":224,"column":12},"end":{"line":227,"column":13}},"87":{"start":{"line":225,"column":16},"end":{"line":225,"column":112}},"88":{"start":{"line":226,"column":16},"end":{"line":226,"column":22}},"89":{"start":{"line":230,"column":28},"end":{"line":232,"column":13}},"90":{"start":{"line":233,"column":12},"end":{"line":233,"column":69}},"91":{"start":{"line":234,"column":12},"end":{"line":234,"column":33}},"92":{"start":{"line":237,"column":12},"end":{"line":241,"column":54}},"93":{"start":{"line":242,"column":12},"end":{"line":242,"column":29}},"94":{"start":{"line":243,"column":12},"end":{"line":243,"column":34}},"95":{"start":{"line":246,"column":12},"end":{"line":249,"column":13}},"96":{"start":{"line":247,"column":16},"end":{"line":247,"column":112}},"97":{"start":{"line":248,"column":16},"end":{"line":248,"column":22}},"98":{"start":{"line":254,"column":4},"end":{"line":260,"column":5}},"99":{"start":{"line":255,"column":25},"end":{"line":255,"column":62}},"100":{"start":{"line":256,"column":8},"end":{"line":256,"column":54}},"101":{"start":{"line":257,"column":8},"end":{"line":257,"column":77}},"102":{"start":{"line":259,"column":8},"end":{"line":259,"column":61}},"103":{"start":{"line":262,"column":21},"end":{"line":262,"column":43}},"104":{"start":{"line":263,"column":28},"end":{"line":263,"column":43}},"105":{"start":{"line":266,"column":4},"end":{"line":266,"column":53}},"106":{"start":{"line":267,"column":4},"end":{"line":269,"column":5}},"107":{"start":{"line":268,"column":8},"end":{"line":268,"column":49}},"108":{"start":{"line":272,"column":23},"end":{"line":272,"column":41}},"109":{"start":{"line":273,"column":4},"end":{"line":275,"column":5}},"110":{"start":{"line":274,"column":8},"end":{"line":274,"column":81}},"111":{"start":{"line":277,"column":4},"end":{"line":277,"column":87}},"112":{"start":{"line":279,"column":4},"end":{"line":279,"column":19}},"113":{"start":{"line":283,"column":0},"end":{"line":304,"column":1}},"114":{"start":{"line":284,"column":4},"end":{"line":303,"column":9}},"115":{"start":{"line":285,"column":8},"end":{"line":302,"column":9}},"116":{"start":{"line":287,"column":12},"end":{"line":287,"column":56}},"117":{"start":{"line":288,"column":12},"end":{"line":288,"column":43}},"118":{"start":{"line":289,"column":12},"end":{"line":289,"column":46}},"119":{"start":{"line":292,"column":28},"end":{"line":292,"column":51}},"120":{"start":{"line":293,"column":12},"end":{"line":293,"column":64}},"121":{"start":{"line":296,"column":12},"end":{"line":296,"column":41}},"122":{"start":{"line":297,"column":12},"end":{"line":297,"column":28}},"123":{"start":{"line":299,"column":12},"end":{"line":299,"column":60}},"124":{"start":{"line":300,"column":12},"end":{"line":300,"column":41}},"125":{"start":{"line":301,"column":12},"end":{"line":301,"column":28}}},"fnMap":{"0":{"name":"getSiteFromUrl","decl":{"start":{"line":29,"column":16},"end":{"line":29,"column":30}},"loc":{"start":{"line":29,"column":36},"end":{"line":33,"column":1}},"line":29},"1":{"name":"getScraperForUrl","decl":{"start":{"line":40,"column":16},"end":{"line":40,"column":32}},"loc":{"start":{"line":40,"column":38},"end":{"line":44,"column":1}},"line":40},"2":{"name":"scrapeProductWithRetry","decl":{"start":{"line":49,"column":15},"end":{"line":49,"column":37}},"loc":{"start":{"line":49,"column":43},"end":{"line":137,"column":1}},"line":49},"3":{"name":"(anonymous_3)","decl":{"start":{"line":83,"column":12},"end":{"line":83,"column":13}},"loc":{"start":{"line":83,"column":18},"end":{"line":83,"column":42}},"line":83},"4":{"name":"(anonymous_4)","decl":{"start":{"line":88,"column":29},"end":{"line":88,"column":30}},"loc":{"start":{"line":88,"column":40},"end":{"line":94,"column":17}},"line":88},"5":{"name":"processProduct","decl":{"start":{"line":142,"column":15},"end":{"line":142,"column":29}},"loc":{"start":{"line":142,"column":46},"end":{"line":183,"column":1}},"line":142},"6":{"name":"runPriceMonitor","decl":{"start":{"line":188,"column":22},"end":{"line":188,"column":37}},"loc":{"start":{"line":188,"column":40},"end":{"line":280,"column":1}},"line":188},"7":{"name":"(anonymous_7)","decl":{"start":{"line":284,"column":5},"end":{"line":284,"column":6}},"loc":{"start":{"line":284,"column":17},"end":{"line":303,"column":5}},"line":284}},"branchMap":{"0":{"loc":{"start":{"line":30,"column":4},"end":{"line":30,"column":52}},"type":"if","locations":[{"start":{"line":30,"column":4},"end":{"line":30,"column":52}},{"start":{},"end":{}}],"line":30},"1":{"loc":{"start":{"line":31,"column":4},"end":{"line":31,"column":52}},"type":"if","locations":[{"start":{"line":31,"column":4},"end":{"line":31,"column":52}},{"start":{},"end":{}}],"line":31},"2":{"loc":{"start":{"line":41,"column":4},"end":{"line":41,"column":85}},"type":"if","locations":[{"start":{"line":41,"column":4},"end":{"line":41,"column":85}},{"start":{},"end":{}}],"line":41},"3":{"loc":{"start":{"line":42,"column":4},"end":{"line":42,"column":85}},"type":"if","locations":[{"start":{"line":42,"column":4},"end":{"line":42,"column":85}},{"start":{},"end":{}}],"line":42},"4":{"loc":{"start":{"line":53,"column":4},"end":{"line":56,"column":5}},"type":"if","locations":[{"start":{"line":53,"column":4},"end":{"line":56,"column":5}},{"start":{},"end":{}}],"line":53},"5":{"loc":{"start":{"line":60,"column":4},"end":{"line":68,"column":5}},"type":"if","locations":[{"start":{"line":60,"column":4},"end":{"line":68,"column":5}},{"start":{},"end":{}}],"line":60},"6":{"loc":{"start":{"line":75,"column":4},"end":{"line":77,"column":5}},"type":"if","locations":[{"start":{"line":75,"column":4},"end":{"line":77,"column":5}},{"start":{},"end":{}}],"line":75},"7":{"loc":{"start":{"line":90,"column":20},"end":{"line":92,"column":21}},"type":"if","locations":[{"start":{"line":90,"column":20},"end":{"line":92,"column":21}},{"start":{},"end":{}}],"line":90},"8":{"loc":{"start":{"line":101,"column":8},"end":{"line":109,"column":9}},"type":"if","locations":[{"start":{"line":101,"column":8},"end":{"line":109,"column":9}},{"start":{"line":106,"column":15},"end":{"line":109,"column":9}}],"line":101},"9":{"loc":{"start":{"line":148,"column":4},"end":{"line":152,"column":5}},"type":"if","locations":[{"start":{"line":148,"column":4},"end":{"line":152,"column":5}},{"start":{},"end":{}}],"line":148},"10":{"loc":{"start":{"line":159,"column":21},"end":{"line":159,"column":43}},"type":"binary-expr","locations":[{"start":{"line":159,"column":21},"end":{"line":159,"column":30}},{"start":{"line":159,"column":34},"end":{"line":159,"column":43}}],"line":159},"11":{"loc":{"start":{"line":162,"column":8},"end":{"line":173,"column":9}},"type":"if","locations":[{"start":{"line":162,"column":8},"end":{"line":173,"column":9}},{"start":{},"end":{}}],"line":162},"12":{"loc":{"start":{"line":162,"column":12},"end":{"line":162,"column":68}},"type":"binary-expr","locations":[{"start":{"line":162,"column":12},"end":{"line":162,"column":33}},{"start":{"line":162,"column":37},"end":{"line":162,"column":68}}],"line":162},"13":{"loc":{"start":{"line":172,"column":27},"end":{"line":172,"column":89}},"type":"cond-expr","locations":[{"start":{"line":172,"column":70},"end":{"line":172,"column":76}},{"start":{"line":172,"column":79},"end":{"line":172,"column":89}}],"line":172},"14":{"loc":{"start":{"line":195,"column":4},"end":{"line":198,"column":5}},"type":"if","locations":[{"start":{"line":195,"column":4},"end":{"line":198,"column":5}},{"start":{},"end":{}}],"line":195},"15":{"loc":{"start":{"line":215,"column":12},"end":{"line":221,"column":13}},"type":"if","locations":[{"start":{"line":215,"column":12},"end":{"line":221,"column":13}},{"start":{"line":218,"column":19},"end":{"line":221,"column":13}}],"line":215},"16":{"loc":{"start":{"line":224,"column":12},"end":{"line":227,"column":13}},"type":"if","locations":[{"start":{"line":224,"column":12},"end":{"line":227,"column":13}},{"start":{},"end":{}}],"line":224},"17":{"loc":{"start":{"line":238,"column":23},"end":{"line":238,"column":53}},"type":"binary-expr","locations":[{"start":{"line":238,"column":23},"end":{"line":238,"column":36}},{"start":{"line":238,"column":40},"end":{"line":238,"column":53}}],"line":238},"18":{"loc":{"start":{"line":246,"column":12},"end":{"line":249,"column":13}},"type":"if","locations":[{"start":{"line":246,"column":12},"end":{"line":249,"column":13}},{"start":{},"end":{}}],"line":246},"19":{"loc":{"start":{"line":267,"column":4},"end":{"line":269,"column":5}},"type":"if","locations":[{"start":{"line":267,"column":4},"end":{"line":269,"column":5}},{"start":{},"end":{}}],"line":267},"20":{"loc":{"start":{"line":273,"column":4},"end":{"line":275,"column":5}},"type":"if","locations":[{"start":{"line":273,"column":4},"end":{"line":275,"column":5}},{"start":{},"end":{}}],"line":273},"21":{"loc":{"start":{"line":283,"column":0},"end":{"line":304,"column":1}},"type":"if","locations":[{"start":{"line":283,"column":0},"end":{"line":304,"column":1}},{"start":{},"end":{}}],"line":283},"22":{"loc":{"start":{"line":283,"column":4},"end":{"line":283,"column":67}},"type":"binary-expr","locations":[{"start":{"line":283,"column":4},"end":{"line":283,"column":19}},{"start":{"line":283,"column":23},"end":{"line":283,"column":67}}],"line":283}},"s":{"0":0,"1":0,"2":0,"3":0,"4":0,"5":0,"6":0,"7":0,"8":0,"9":0,"10":0,"11":0,"12":0,"13":0,"14":0,"15":0,"16":0,"17":0,"18":0,"19":0,"20":0,"21":0,"22":0,"23":0,"24":0,"25":0,"26":0,"27":0,"28":0,"29":0,"30":0,"31":0,"32":0,"33":0,"34":0,"35":0,"36":0,"37":0,"38":0,"39":0,"40":0,"41":0,"42":0,"43":0,"44":0,"45":0,"46":0,"47":0,"48":0,"49":0,"50":0,"51":0,"52":0,"53":0,"54":0,"55":0,"56":0,"57":0,"58":0,"59":0,"60":0,"61":0,"62":0,"63":0,"64":0,"65":0,"66":0,"67":0,"68":0,"69":0,"70":0,"71":0,"72":0,"73":0,"74":0,"75":0,"76":0,"77":0,"78":0,"79":0,"80":0,"81":0,"82":0,"83":0,"84":0,"85":0,"86":0,"87":0,"88":0,"89":0,"90":0,"91":0,"92":0,"93":0,"94":0,"95":0,"96":0,"97":0,"98":0,"99":0,"100":0,"101":0,"102":0,"103":0,"104":0,"105":0,"106":0,"107":0,"108":0,"109":0,"110":0,"111":0,"112":0,"113":0,"114":0,"115":0,"116":0,"117":0,"118":0,"119":0,"120":0,"121":0,"122":0,"123":0,"124":0,"125":0},"f":{"0":0,"1":0,"2":0,"3":0,"4":0,"5":0,"6":0,"7":0},"b":{"0":[0,0],"1":[0,0],"2":[0,0],"3":[0,0],"4":[0,0],"5":[0,0],"6":[0,0],"7":[0,0],"8":[0,0],"9":[0,0],"10":[0,0],"11":[0,0],"12":[0,0],"13":[0,0],"14":[0,0],"15":[0,0],"16":[0,0],"17":[0,0],"18":[0,0],"19":[0,0],"20":[0,0],"21":[0,0],"22":[0,0]},"inputSourceMap":null}
,"/home/mike/VSCode_Projects/ecommerce-price-tracker/src/monitor/search-monitor.js": {"path":"/home/mike/VSCode_Projects/ecommerce-price-tracker/src/monitor/search-monitor.js","statementMap":{"0":{"start":{"line":29,"column":14},"end":{"line":29,"column":69}},"1":{"start":{"line":29,"column":22},"end":{"line":29,"column":69}},"2":{"start":{"line":29,"column":45},"end":{"line":29,"column":68}},"3":{"start":{"line":43,"column":8},"end":{"line":43,"column":22}},"4":{"start":{"line":45,"column":4},"end":{"line":50,"column":42}},"5":{"start":{"line":52,"column":22},"end":{"line":52,"column":32}},"6":{"start":{"line":54,"column":4},"end":{"line":168,"column":5}},"7":{"start":{"line":56,"column":29},"end":{"line":61,"column":10}},"8":{"start":{"line":63,"column":32},"end":{"line":63,"column":63}},"9":{"start":{"line":66,"column":8},"end":{"line":82,"column":9}},"10":{"start":{"line":67,"column":12},"end":{"line":67,"column":90}},"11":{"start":{"line":69,"column":12},"end":{"line":71,"column":15}},"12":{"start":{"line":73,"column":12},"end":{"line":73,"column":59}},"13":{"start":{"line":75,"column":12},"end":{"line":81,"column":14}},"14":{"start":{"line":85,"column":8},"end":{"line":89,"column":10}},"15":{"start":{"line":92,"column":26},"end":{"line":92,"column":48}},"16":{"start":{"line":94,"column":8},"end":{"line":117,"column":9}},"17":{"start":{"line":96,"column":12},"end":{"line":100,"column":15}},"18":{"start":{"line":103,"column":12},"end":{"line":114,"column":13}},"19":{"start":{"line":104,"column":16},"end":{"line":111,"column":19}},"20":{"start":{"line":113,"column":16},"end":{"line":113,"column":105}},"21":{"start":{"line":116,"column":12},"end":{"line":116,"column":58}},"22":{"start":{"line":119,"column":8},"end":{"line":128,"column":52}},"23":{"start":{"line":130,"column":8},"end":{"line":144,"column":10}},"24":{"start":{"line":147,"column":32},"end":{"line":147,"column":63}},"25":{"start":{"line":149,"column":8},"end":{"line":153,"column":47}},"26":{"start":{"line":155,"column":8},"end":{"line":157,"column":11}},"27":{"start":{"line":159,"column":8},"end":{"line":159,"column":55}},"28":{"start":{"line":161,"column":8},"end":{"line":167,"column":10}},"29":{"start":{"line":180,"column":8},"end":{"line":180,"column":15}},"30":{"start":{"line":182,"column":22},"end":{"line":182,"column":32}},"31":{"start":{"line":183,"column":4},"end":{"line":183,"column":75}},"32":{"start":{"line":186,"column":28},"end":{"line":186,"column":65}},"33":{"start":{"line":188,"column":4},"end":{"line":196,"column":5}},"34":{"start":{"line":189,"column":8},"end":{"line":189,"column":63}},"35":{"start":{"line":190,"column":8},"end":{"line":195,"column":10}},"36":{"start":{"line":198,"column":4},"end":{"line":198,"column":97}},"37":{"start":{"line":200,"column":20},"end":{"line":205,"column":5}},"38":{"start":{"line":207,"column":30},"end":{"line":207,"column":31}},"39":{"start":{"line":208,"column":37},"end":{"line":208,"column":38}},"40":{"start":{"line":210,"column":4},"end":{"line":256,"column":5}},"41":{"start":{"line":211,"column":8},"end":{"line":255,"column":9}},"42":{"start":{"line":212,"column":27},"end":{"line":212,"column":69}},"43":{"start":{"line":213,"column":12},"end":{"line":213,"column":41}},"44":{"start":{"line":215,"column":12},"end":{"line":221,"column":13}},"45":{"start":{"line":216,"column":16},"end":{"line":216,"column":37}},"46":{"start":{"line":217,"column":16},"end":{"line":217,"column":40}},"47":{"start":{"line":219,"column":16},"end":{"line":219,"column":33}},"48":{"start":{"line":220,"column":16},"end":{"line":220,"column":38}},"49":{"start":{"line":224,"column":12},"end":{"line":227,"column":13}},"50":{"start":{"line":225,"column":16},"end":{"line":225,"column":110}},"51":{"start":{"line":226,"column":16},"end":{"line":226,"column":22}},"52":{"start":{"line":230,"column":12},"end":{"line":233,"column":13}},"53":{"start":{"line":231,"column":16},"end":{"line":231,"column":94}},"54":{"start":{"line":232,"column":16},"end":{"line":232,"column":50}},"55":{"start":{"line":236,"column":12},"end":{"line":239,"column":61}},"56":{"start":{"line":241,"column":12},"end":{"line":241,"column":29}},"57":{"start":{"line":242,"column":12},"end":{"line":242,"column":34}},"58":{"start":{"line":244,"column":12},"end":{"line":249,"column":15}},"59":{"start":{"line":251,"column":12},"end":{"line":254,"column":13}},"60":{"start":{"line":252,"column":16},"end":{"line":252,"column":110}},"61":{"start":{"line":253,"column":16},"end":{"line":253,"column":22}},"62":{"start":{"line":258,"column":21},"end":{"line":258,"column":43}},"63":{"start":{"line":259,"column":28},"end":{"line":259,"column":43}},"64":{"start":{"line":262,"column":4},"end":{"line":262,"column":53}},"65":{"start":{"line":263,"column":4},"end":{"line":265,"column":5}},"66":{"start":{"line":264,"column":8},"end":{"line":264,"column":49}},"67":{"start":{"line":267,"column":4},"end":{"line":274,"column":56}},"68":{"start":{"line":276,"column":4},"end":{"line":276,"column":19}},"69":{"start":{"line":286,"column":4},"end":{"line":286,"column":60}},"70":{"start":{"line":288,"column":19},"end":{"line":292,"column":6}},"71":{"start":{"line":294,"column":4},"end":{"line":301,"column":6}},"72":{"start":{"line":315,"column":8},"end":{"line":315,"column":15}},"73":{"start":{"line":317,"column":15},"end":{"line":323,"column":6}},"74":{"start":{"line":325,"column":4},"end":{"line":325,"column":85}},"75":{"start":{"line":327,"column":4},"end":{"line":327,"column":14}}},"fnMap":{"0":{"name":"(anonymous_0)","decl":{"start":{"line":29,"column":14},"end":{"line":29,"column":15}},"loc":{"start":{"line":29,"column":22},"end":{"line":29,"column":69}},"line":29},"1":{"name":"(anonymous_1)","decl":{"start":{"line":29,"column":34},"end":{"line":29,"column":35}},"loc":{"start":{"line":29,"column":45},"end":{"line":29,"column":68}},"line":29},"2":{"name":"processSearchProduct","decl":{"start":{"line":36,"column":15},"end":{"line":36,"column":35}},"loc":{"start":{"line":36,"column":52},"end":{"line":169,"column":1}},"line":36},"3":{"name":"runSearchMonitor","decl":{"start":{"line":176,"column":22},"end":{"line":176,"column":38}},"loc":{"start":{"line":176,"column":53},"end":{"line":277,"column":1}},"line":176},"4":{"name":"quickSearch","decl":{"start":{"line":285,"column":22},"end":{"line":285,"column":33}},"loc":{"start":{"line":285,"column":61},"end":{"line":302,"column":1}},"line":285},"5":{"name":"trackProduct","decl":{"start":{"line":310,"column":22},"end":{"line":310,"column":34}},"loc":{"start":{"line":310,"column":62},"end":{"line":328,"column":1}},"line":310}},"branchMap":{"0":{"loc":{"start":{"line":41,"column":25},"end":{"line":41,"column":38}},"type":"default-arg","locations":[{"start":{"line":41,"column":36},"end":{"line":41,"column":38}}],"line":41},"1":{"loc":{"start":{"line":57,"column":22},"end":{"line":57,"column":36}},"type":"binary-expr","locations":[{"start":{"line":57,"column":22},"end":{"line":57,"column":30}},{"start":{"line":57,"column":34},"end":{"line":57,"column":36}}],"line":57},"2":{"loc":{"start":{"line":59,"column":28},"end":{"line":59,"column":56}},"type":"cond-expr","locations":[{"start":{"line":59,"column":45},"end":{"line":59,"column":51}},{"start":{"line":59,"column":54},"end":{"line":59,"column":56}}],"line":59},"3":{"loc":{"start":{"line":66,"column":8},"end":{"line":82,"column":9}},"type":"if","locations":[{"start":{"line":66,"column":8},"end":{"line":82,"column":9}},{"start":{},"end":{}}],"line":66},"4":{"loc":{"start":{"line":94,"column":8},"end":{"line":117,"column":9}},"type":"if","locations":[{"start":{"line":94,"column":8},"end":{"line":117,"column":9}},{"start":{},"end":{}}],"line":94},"5":{"loc":{"start":{"line":135,"column":23},"end":{"line":141,"column":20}},"type":"cond-expr","locations":[{"start":{"line":135,"column":35},"end":{"line":141,"column":13}},{"start":{"line":141,"column":16},"end":{"line":141,"column":20}}],"line":135},"6":{"loc":{"start":{"line":176,"column":39},"end":{"line":176,"column":51}},"type":"default-arg","locations":[{"start":{"line":176,"column":49},"end":{"line":176,"column":51}}],"line":176},"7":{"loc":{"start":{"line":178,"column":8},"end":{"line":178,"column":18}},"type":"default-arg","locations":[{"start":{"line":178,"column":16},"end":{"line":178,"column":18}}],"line":178},"8":{"loc":{"start":{"line":179,"column":8},"end":{"line":179,"column":36}},"type":"default-arg","locations":[{"start":{"line":179,"column":31},"end":{"line":179,"column":36}}],"line":179},"9":{"loc":{"start":{"line":188,"column":4},"end":{"line":196,"column":5}},"type":"if","locations":[{"start":{"line":188,"column":4},"end":{"line":196,"column":5}},{"start":{},"end":{}}],"line":188},"10":{"loc":{"start":{"line":215,"column":12},"end":{"line":221,"column":13}},"type":"if","locations":[{"start":{"line":215,"column":12},"end":{"line":221,"column":13}},{"start":{"line":218,"column":19},"end":{"line":221,"column":13}}],"line":215},"11":{"loc":{"start":{"line":224,"column":12},"end":{"line":227,"column":13}},"type":"if","locations":[{"start":{"line":224,"column":12},"end":{"line":227,"column":13}},{"start":{},"end":{}}],"line":224},"12":{"loc":{"start":{"line":230,"column":12},"end":{"line":233,"column":13}},"type":"if","locations":[{"start":{"line":230,"column":12},"end":{"line":233,"column":13}},{"start":{},"end":{}}],"line":230},"13":{"loc":{"start":{"line":251,"column":12},"end":{"line":254,"column":13}},"type":"if","locations":[{"start":{"line":251,"column":12},"end":{"line":254,"column":13}},{"start":{},"end":{}}],"line":251},"14":{"loc":{"start":{"line":263,"column":4},"end":{"line":265,"column":5}},"type":"if","locations":[{"start":{"line":263,"column":4},"end":{"line":265,"column":5}},{"start":{},"end":{}}],"line":263},"15":{"loc":{"start":{"line":285,"column":47},"end":{"line":285,"column":59}},"type":"default-arg","locations":[{"start":{"line":285,"column":57},"end":{"line":285,"column":59}}],"line":285},"16":{"loc":{"start":{"line":289,"column":18},"end":{"line":289,"column":40}},"type":"binary-expr","locations":[{"start":{"line":289,"column":18},"end":{"line":289,"column":34}},{"start":{"line":289,"column":38},"end":{"line":289,"column":40}}],"line":289},"17":{"loc":{"start":{"line":290,"column":20},"end":{"line":290,"column":43}},"type":"binary-expr","locations":[{"start":{"line":290,"column":20},"end":{"line":290,"column":38}},{"start":{"line":290,"column":42},"end":{"line":290,"column":43}}],"line":290},"18":{"loc":{"start":{"line":291,"column":24},"end":{"line":291,"column":52}},"type":"binary-expr","locations":[{"start":{"line":291,"column":24},"end":{"line":291,"column":46}},{"start":{"line":291,"column":50},"end":{"line":291,"column":52}}],"line":291},"19":{"loc":{"start":{"line":310,"column":48},"end":{"line":310,"column":60}},"type":"default-arg","locations":[{"start":{"line":310,"column":58},"end":{"line":310,"column":60}}],"line":310},"20":{"loc":{"start":{"line":312,"column":8},"end":{"line":312,"column":20}},"type":"default-arg","locations":[{"start":{"line":312,"column":15},"end":{"line":312,"column":20}}],"line":312},"21":{"loc":{"start":{"line":313,"column":8},"end":{"line":313,"column":21}},"type":"default-arg","locations":[{"start":{"line":313,"column":19},"end":{"line":313,"column":21}}],"line":313},"22":{"loc":{"start":{"line":314,"column":8},"end":{"line":314,"column":33}},"type":"default-arg","locations":[{"start":{"line":314,"column":31},"end":{"line":314,"column":33}}],"line":314}},"s":{"0":0,"1":0,"2":0,"3":0,"4":0,"5":0,"6":0,"7":0,"8":0,"9":0,"10":0,"11":0,"12":0,"13":0,"14":0,"15":0,"16":0,"17":0,"18":0,"19":0,"20":0,"21":0,"22":0,"23":0,"24":0,"25":0,"26":0,"27":0,"28":0,"29":0,"30":0,"31":0,"32":0,"33":0,"34":0,"35":0,"36":0,"37":0,"38":0,"39":0,"40":0,"41":0,"42":0,"43":0,"44":0,"45":0,"46":0,"47":0,"48":0,"49":0,"50":0,"51":0,"52":0,"53":0,"54":0,"55":0,"56":0,"57":0,"58":0,"59":0,"60":0,"61":0,"62":0,"63":0,"64":0,"65":0,"66":0,"67":0,"68":0,"69":0,"70":0,"71":0,"72":0,"73":0,"74":0,"75":0},"f":{"0":0,"1":0,"2":0,"3":0,"4":0,"5":0},"b":{"0":[0],"1":[0,0],"2":[0,0],"3":[0,0],"4":[0,0],"5":[0,0],"6":[0],"7":[0],"8":[0],"9":[0,0],"10":[0,0],"11":[0,0],"12":[0,0],"13":[0,0],"14":[0,0],"15":[0],"16":[0,0],"17":[0,0],"18":[0,0],"19":[0],"20":[0],"21":[0],"22":[0]},"inputSourceMap":null}
[...]
line":317,"column":5}},{"start":{"line":315,"column":11},"end":{"line":317,"column":5}}],"line":313},"49":{"loc":{"start":{"line":322,"column":19},"end":{"line":322,"column":57}},"type":"cond-expr","locations":[{"start":{"line":322,"column":41},"end":{"line":322,"column":50}},{"start":{"line":322,"column":53},"end":{"line":322,"column":57}}],"line":322}},"s":{"0":8,"1":8,"2":8,"3":8,"4":8,"5":8,"6":8,"7":81,"8":81,"9":8,"10":8,"11":73,"12":73,"13":73,"14":5,"15":5,"16":68,"17":1,"18":68,"19":68,"20":68,"21":68,"22":1,"23":68,"24":74,"25":74,"26":8,"27":8,"28":66,"29":4,"30":66,"31":55,"32":55,"33":4,"34":4,"35":51,"36":4,"37":51,"38":3,"39":3,"40":48,"41":2,"42":2,"43":46,"44":5,"45":46,"46":1,"47":46,"48":46,"49":46,"50":46,"51":2,"52":2,"53":44,"54":44,"55":3,"56":44,"57":43,"58":43,"59":6,"60":6,"61":37,"62":37,"63":1,"64":37,"65":1,"66":37,"67":42,"68":42,"69":2,"70":2,"71":40,"72":40,"73":1,"74":1,"75":39,"76":2,"77":39,"78":2,"79":39,"80":25,"81":25,"82":1,"83":1,"84":24,"85":24,"86":6,"87":6,"88":18,"89":39,"90":39,"91":39,"92":3,"93":3,"94":36,"95":36,"96":3,"97":3,"98":33,"99":36,"100":36,"101":4,"102":4,"103":32,"104":36,"105":36,"106":4,"107":4,"108":32,"109":36,"110":36,"111":5,"112":5,"113":31,"114":36,"115":36,"116":36,"117":1,"118":1,"119":35,"120":36,"121":34,"122":34,"123":34,"124":3,"125":3,"126":31,"127":31,"128":3,"129":3,"130":28,"131":31,"132":31,"133":3,"134":3,"135":28,"136":31,"137":28,"138":1,"139":27,"140":3,"141":31,"142":31,"143":31,"144":1,"145":1,"146":30,"147":31,"148":4},"f":{"0":81,"1":74,"2":55,"3":46,"4":43,"5":42,"6":25,"7":39,"8":3,"9":4,"10":4,"11":5,"12":1,"13":34,"14":3,"15":3,"16":1,"17":4},"b":{"0":[8,73],"1":[81,76],"2":[1,67],"3":[1,67],"4":[68,3],"5":[8,66],"6":[74,66],"7":[4,62],"8":[4,51],"9":[55,54],"10":[4,47],"11":[3,48],"12":[51,51],"13":[2,46],"14":[5,41],"15":[1,45],"16":[2,44],"17":[46,44],"18":[3,41],"19":[6,37],"20":[43,37],"21":[1,36],"22":[1,36],"23":[2,40],"24":[42,41],"25":[1,39],"26":[2,37],"27":[2,37],"28":[1,24],"29":[25,24],"30":[6,18],"31":[24,22],"32":[3,36],"33":[39,38],"34":[3,33],"35":[4,32],"36":[4,32],"37":[5,31],"38":[36,0],"39":[1,35],"40":[28,8],"41":[3,31],"42":[34,33],"43":[3,28],"44":[3,28],"45":[28,3],"46":[1,27],"47":[31,3,2],"48":[1,30],"49":[25,6]},"inputSourceMap":null,"_coverageSchema":"1a1c01bbd47fc00a2c39e90264f33305004495a9","hash":"710ae22c6d5bc3e823093281099588999e9517c8"}
,"/home/mike/VSCode_Projects/ecommerce-price-tracker/src/workers/scrapeWorker.js": {"path":"/home/mike/VSCode_Projects/ecommerce-price-tracker/src/workers/scrapeWorker.js","statementMap":{"0":{"start":{"line":35,"column":4},"end":{"line":37,"column":5}},"1":{"start":{"line":36,"column":8},"end":{"line":36,"column":57}},"2":{"start":{"line":38,"column":4},"end":{"line":40,"column":5}},"3":{"start":{"line":39,"column":8},"end":{"line":39,"column":57}},"4":{"start":{"line":42,"column":4},"end":{"line":42,"column":73}},"5":{"start":{"line":42,"column":50},"end":{"line":42,"column":70}},"6":{"start":{"line":56,"column":8},"end":{"line":56,"column":15}},"7":{"start":{"line":58,"column":24},"end":{"line":58,"column":45}},"8":{"start":{"line":60,"column":4},"end":{"line":60,"column":71}},"9":{"start":{"line":63,"column":4},"end":{"line":63,"column":44}},"10":{"start":{"line":65,"column":22},"end":{"line":65,"column":32}},"11":{"start":{"line":67,"column":4},"end":{"line":124,"column":5}},"12":{"start":{"line":69,"column":21},"end":{"line":81,"column":9}},"13":{"start":{"line":70,"column":18},"end":{"line":70,"column":42}},"14":{"start":{"line":77,"column":20},"end":{"line":78,"column":60}},"15":{"start":{"line":83,"column":25},"end":{"line":83,"column":47}},"16":{"start":{"line":85,"column":8},"end":{"line":89,"column":9}},"17":{"start":{"line":86,"column":12},"end":{"line":86,"column":71}},"18":{"start":{"line":87,"column":12},"end":{"line":87,"column":72}},"19":{"start":{"line":88,"column":12},"end":{"line":88,"column":24}},"20":{"start":{"line":91,"column":8},"end":{"line":96,"column":32}},"21":{"start":{"line":98,"column":8},"end":{"line":98,"column":39}},"22":{"start":{"line":101,"column":8},"end":{"line":110,"column":9}},"23":{"start":{"line":102,"column":30},"end":{"line":102,"column":65}},"24":{"start":{"line":103,"column":12},"end":{"line":103,"column":65}},"25":{"start":{"line":105,"column":12},"end":{"line":107,"column":13}},"26":{"start":{"line":106,"column":16},"end":{"line":106,"column":69}},"27":{"start":{"line":109,"column":12},"end":{"line":109,"column":55}},"28":{"start":{"line":112,"column":8},"end":{"line":112,"column":20}},"29":{"start":{"line":115,"column":25},"end":{"line":115,"column":47}},"30":{"start":{"line":116,"column":8},"end":{"line":116,"column":79}},"31":{"start":{"line":117,"column":8},"end":{"line":117,"column":44}},"32":{"start":{"line":119,"column":8},"end":{"line":121,"column":9}},"33":{"start":{"line":120,"column":12},"end":{"line":120,"column":66}},"34":{"start":{"line":123,"column":8},"end":{"line":123,"column":20}},"35":{"start":{"line":137,"column":8},"end":{"line":137,"column":15}},"36":{"start":{"line":139,"column":20},"end":{"line":139,"column":22}},"37":{"start":{"line":141,"column":4},"end":{"line":149,"column":5}},"38":{"start":{"line":142,"column":21},"end":{"line":142,"column":55}},"39":{"start":{"line":143,"column":8},"end":{"line":143,"column":53}},"40":{"start":{"line":146,"column":8},"end":{"line":148,"column":9}},"41":{"start":{"line":147,"column":12},"end":{"line":147,"column":64}},"42":{"start":{"line":147,"column":35},"end":{"line":147,"column":62}},"43":{"start":{"line":151,"column":4},"end":{"line":151,"column":19}},"44":{"start":{"line":160,"column":19},"end":{"line":163,"column":5}},"45":{"start":{"line":165,"column":4},"end":{"line":168,"column":5}},"46":{"start":{"line":166,"column":8},"end":{"line":166,"column":76}},"47":{"start":{"line":167,"column":8},"end":{"line":167,"column":20}},"48":{"start":{"line":170,"column":20},"end":{"line":170,"column":34}},"49":{"start":{"line":172,"column":4},"end":{"line":183,"column":5}},"50":{"start":{"line":174,"column":8},"end":{"line":177,"column":11}},"51":{"start":{"line":178,"column":11},"end":{"line":183,"column":5}},"52":{"start":{"line":180,"column":8},"end":{"line":181,"column":65}},"53":{"start":{"line":182,"column":8},"end":{"line":182,"column":20}},"54":{"start":{"line":185,"column":4},"end":{"line":185,"column":16}},"55":{"start":{"line":194,"column":21},"end":{"line":194,"column":52}},"56":{"start":{"line":196,"column":4},"end":{"line":199,"column":5}},"57":{"start":{"line":197,"column":8},"end":{"line":197,"column":52}},"58":{"start":{"line":198,"column":8},"end":{"line":198,"column":54}},"59":{"start":{"line":201,"column":4},"end":{"line":201,"column":64}},"60":{"start":{"line":203,"column":20},"end":{"line":203,"column":72}},"61":{"start":{"line":205,"column":4},"end":{"line":224,"column":5}},"62":{"start":{"line":206,"column":8},"end":{"line":209,"column":9}},"63":{"start":{"line":208,"column":12},"end":{"line":208,"column":21}},"64":{"start":{"line":211,"column":21},"end":{"line":214,"column":10}},"65":{"start":{"line":216,"column":8},"end":{"line":220,"column":9}},"66":{"start":{"line":217,"column":12},"end":{"line":217,"column":33}},"67":{"start":{"line":219,"column":12},"end":{"line":219,"column":29}},"68":{"start":{"line":223,"column":8},"end":{"line":223,"column":71}},"69":{"start":{"line":223,"column":31},"end":{"line":223,"column":69}},"70":{"start":{"line":226,"column":4},"end":{"line":226,"column":55}},"71":{"start":{"line":227,"column":4},"end":{"line":227,"column":19}},"72":{"start":{"line":236,"column":43},"end":{"line":236,"column":46}},"73":{"start":{"line":238,"column":4},"end":{"line":253,"column":5}},"74":{"start":{"line":240,"column":12},"end":{"line":240,"column":54}},"75":{"start":{"line":243,"column":12},"end":{"line":243,"column":51}},"76":{"start":{"line":246,"column":12},"end":{"line":246,"column":49}},"77":{"start":{"line":249,"column":12},"end":{"line":249,"column":56}},"78":{"start":{"line":252,"column":12},"end":{"line":252,"column":57}},"79":{"start":{"line":260,"column":17},"end":{"line":260,"column":38}},"80":{"start":{"line":262,"column":21},"end":{"line":287,"column":5}},"81":{"start":{"line":263,"column":8},"end":{"line":286,"column":11}},"82":{"start":{"line":289,"column":4},"end":{"line":292,"column":5}},"83":{"start":{"line":290,"column":8},"end":{"line":290,"column":19}},"84":{"start":{"line":291,"column":8},"end":{"line":291,"column":24}},"85":{"start":{"line":294,"column":4},"end":{"line":320,"column":5}},"86":{"start":{"line":296,"column":8},"end":{"line":296,"column":39}},"87":{"start":{"line":300,"column":8},"end":{"line":309,"column":9}},"88":{"start":{"line":301,"column":30},"end":{"line":301,"column":61}},"89":{"start":{"line":302,"column":12},"end":{"line":302,"column":59}},"90":{"start":{"line":303,"column":15},"end":{"line":309,"column":9}},"91":{"start":{"line":304,"column":26},"end":{"line":304,"column":86}},"92":{"start":{"line":305,"column":12},"end":{"line":305,"column":47}},"93":{"start":{"line":308,"column":12},"end":{"line":308,"column":66}},"94":{"start":{"line":311,"column":8},"end":{"line":311,"column":35}},"95":{"start":{"line":312,"column":8},"end":{"line":312,"column":53}},"96":{"start":{"line":315,"column":8},"end":{"line":315,"column":49}},"97":{"start":{"line":316,"column":8},"end":{"line":316,"column":24}},"98":{"start":{"line":318,"column":8},"end":{"line":318,"column":37}},"99":{"start":{"line":319,"column":8},"end":{"line":319,"column":40}},"100":{"start":{"line":324,"column":0},"end":{"line":326,"column":1}},"101":{"start":{"line":325,"column":4},"end":{"line":325,"column":11}}},"fnMap":{"0":{"name":"getScraperForUrl","decl":{"start":{"line":34,"column":16},"end":{"line":34,"column":32}},"loc":{"start":{"line":34,"column":38},"end":{"line":43,"column":1}},"line":34},"1":{"name":"(anonymous_1)","decl":{"start":{"line":42,"column":41},"end":{"line":42,"column":42}},"loc":{"start":{"line":42,"column":50},"end":{"line":42,"column":70}},"line":42},"2":{"name":"scrapeUrl","decl":{"start":{"line":51,"column":22},"end":{"line":51,"column":31}},"loc":{"start":{"line":51,"column":51},"end":{"line":125,"column":1}},"line":51},"3":{"name":"(anonymous_3)","decl":{"start":{"line":70,"column":12},"end":{"line":70,"column":13}},"loc":{"start":{"line":70,"column":18},"end":{"line":70,"column":42}},"line":70},"4":{"name":"(anonymous_4)","decl":{"start":{"line":75,"column":29},"end":{"line":75,"column":30}},"loc":{"start":{"line":75,"column":40},"end":{"line":79,"column":17}},"line":75},"5":{"name":"scrapeUrls","decl":{"start":{"line":133,"column":22},"end":{"line":133,"column":32}},"loc":{"start":{"line":133,"column":53},"end":{"line":152,"column":1}},"line":133},"6":{"name":"(anonymous_6)","decl":{"start":{"line":147,"column":30},"end":{"line":147,"column":31}},"loc":{"start":{"line":147,"column":35},"end":{"line":147,"column":62}},"line":147},"7":{"name":"scrapeTrackedProduct","decl":{"start":{"line":159,"column":22},"end":{"line":159,"column":42}},"loc":{"start":{"line":159,"column":54},"end":{"line":186,"column":1}},"line":159},"8":{"name":"processBatch","decl":{"start":{"line":193,"column":22},"end":{"line":193,"column":34}},"loc":{"start":{"line":193,"column":47},"end":{"line":228,"column":1}},"line":193},"9":{"name":"(anonymous_9)","decl":{"start":{"line":223,"column":26},"end":{"line":223,"column":27}},"loc":{"start":{"line":223,"column":31},"end":{"line":223,"column":69}},"line":223},"10":{"name":"processJob","decl":{"start":{"line":235,"column":22},"end":{"line":235,"column":32}},"loc":{"start":{"line":235,"column":38},"end":{"line":254,"column":1}},"line":235},"11":{"name":"main","decl":{"start":{"line":259,"column":15},"end":{"line":259,"column":19}},"loc":{"start":{"line":259,"column":22},"end":{"line":321,"column":1}},"line":259},"12":{"name":"(anonymous_12)","decl":{"start":{"line":262,"column":21},"end":{"line":262,"column":22}},"loc":{"start":{"line":262,"column":27},"end":{"line":287,"column":5}},"line":262}},"branchMap":{"0":{"loc":{"start":{"line":35,"column":4},"end":{"line":37,"column":5}},"type":"if","locations":[{"start":{"line":35,"column":4},"end":{"line":37,"column":5}},{"start":{},"end":{}}],"line":35},"1":{"loc":{"start":{"line":38,"column":4},"end":{"line":40,"column":5}},"type":"if","locations":[{"start":{"line":38,"column":4},"end":{"line":40,"column":5}},{"start":{},"end":{}}],"line":38},"2":{"loc":{"start":{"line":51,"column":37},"end":{"line":51,"column":49}},"type":"default-arg","locations":[{"start":{"line":51,"column":47},"end":{"line":51,"column":49}}],"line":51},"3":{"loc":{"start":{"line":53,"column":8},"end":{"line":53,"column":24}},"type":"default-arg","locations":[{"start":{"line":53,"column":19},"end":{"line":53,"column":24}}],"line":53},"4":{"loc":{"start":{"line":54,"column":8},"end":{"line":54,"column":31}},"type":"default-arg","locations":[{"start":{"line":54,"column":27},"end":{"line":54,"column":31}}],"line":54},"5":{"loc":{"start":{"line":55,"column":8},"end":{"line":55,"column":40}},"type":"default-arg","locations":[{"start":{"line":55,"column":18},"end":{"line":55,"column":40}}],"line":55},"6":{"loc":{"start":{"line":77,"column":27},"end":{"line":78,"column":59}},"type":"binary-expr","locations":[{"start":{"line":77,"column":27},"end":{"line":77,"column":61}},{"start":{"line":78,"column":27},"end":{"line":78,"column":59}}],"line":77},"7":{"loc":{"start":{"line":85,"column":8},"end":{"line":89,"column":9}},"type":"if","locations":[{"start":{"line":85,"column":8},"end":{"line":89,"column":9}},{"start":{},"end":{}}],"line":85},"8":{"loc":{"start":{"line":101,"column":8},"end":{"line":110,"column":9}},"type":"if","locations":[{"start":{"line":101,"column":8},"end":{"line":110,"column":9}},{"start":{},"end":{}}],"line":101},"9":{"loc":{"start":{"line":105,"column":12},"end":{"line":107,"column":13}},"type":"if","locations":[{"start":{"line":105,"column":12},"end":{"line":107,"column":13}},{"start":{},"end":{}}],"line":105},"10":{"loc":{"start":{"line":119,"column":8},"end":{"line":121,"column":9}},"type":"if","locations":[{"start":{"line":119,"column":8},"end":{"line":121,"column":9}},{"start":{},"end":{}}],"line":119},"11":{"loc":{"start":{"line":133,"column":39},"end":{"line":133,"column":51}},"type":"default-arg","locations":[{"start":{"line":133,"column":49},"end":{"line":133,"column":51}}],"line":133},"12":{"loc":{"start":{"line":135,"column":8},"end":{"line":135,"column":24}},"type":"default-arg","locations":[{"start":{"line":135,"column":19},"end":{"line":135,"column":24}}],"line":135},"13":{"loc":{"start":{"line":136,"column":8},"end":{"line":136,"column":46}},"type":"default-arg","locations":[{"start":{"line":136,"column":23},"end":{"line":136,"column":46}}],"line":136},"14":{"loc":{"start":{"line":146,"column":8},"end":{"line":148,"column":9}},"type":"if","locations":[{"start":{"line":146,"column":8},"end":{"line":148,"column":9}},{"start":{},"end":{}}],"line":146},"15":{"loc":{"start":{"line":165,"column":4},"end":{"line":168,"column":5}},"type":"if","locations":[{"start":{"line":165,"column":4},"end":{"line":168,"column":5}},{"start":{},"end":{}}],"line":165},"16":{"loc":{"start":{"line":172,"column":4},"end":{"line":183,"column":5}},"type":"if","locations":[{"start":{"line":172,"column":4},"end":{"line":183,"column":5}},{"start":{"line":178,"column":11},"end":{"line":183,"column":5}}],"line":172},"17":{"loc":{"start":{"line":178,"column":11},"end":{"line":183,"column":5}},"type":"if","locations":[{"start":{"line":178,"column":11},"end":{"line":183,"column":5}},{"start":{},"end":{}}],"line":178},"18":{"loc":{"start":{"line":193,"column":35},"end":{"line":193,"column":45}},"type":"default-arg","locations":[{"start":{"line":193,"column":43},"end":{"line":193,"column":45}}],"line":193},"19":{"loc":{"start":{"line":196,"column":4},"end":{"line":199,"column":5}},"type":"if","locations":[{"start":{"line":196,"column":4},"end":{"line":199,"column":5}},{"start":{},"end":{}}],"line":196},"20":{"loc":{"start":{"line":206,"column":8},"end":{"line":209,"column":9}},"type":"if","locations":[{"start":{"line":206,"column":8},"end":{"line":209,"column":9}},{"start":{},"end":{}}],"line":206},"21":{"loc":{"start":{"line":216,"column":8},"end":{"line":220,"column":9}},"type":"if","locations":[{"start":{"line":216,"column":8},"end":{"line":220,"column":9}},{"start":{"line":218,"column":15},"end":{"line":220,"column":9}}],"line":216},"22":{"loc":{"start":{"line":238,"column":4},"end":{"line":253,"column":5}},"type":"switch","locations":[{"start":{"line":239,"column":8},"end":{"line":240,"column":54}},{"start":{"line":242,"column":8},"end":{"line":243,"column":51}},{"start":{"line":245,"column":8},"end":{"line":246,"column":49}},{"start":{"line":248,"column":8},"end":{"line":249,"column":56}},{"start":{"line":251,"column":8},"end":{"line":252,"column":57}}],"line":238},"23":{"loc":{"start":{"line":246,"column":32},"end":{"line":246,"column":47}},"type":"binary-expr","locations":[{"start":{"line":246,"column":32},"end":{"line":246,"column":41}},{"start":{"line":246,"column":45},"end":{"line":246,"column":47}}],"line":246},"24":{"loc":{"start":{"line":289,"column":4},"end":{"line":292,"column":5}},"type":"if","locations":[{"start":{"line":289,"column":4},"end":{"line":292,"column":5}},{"start":{},"end":{}}],"line":289},"25":{"loc":{"start":{"line":289,"column":8},"end":{"line":289,"column":91}},"type":"binary-expr","locations":[{"start":{"line":289,"column":8},"end":{"line":289,"column":25}},{"start":{"line":289,"column":29},"end":{"line":289,"column":47}},{"start":{"line":289,"column":51},"end":{"line":289,"column":71}},{"start":{"line":289,"column":75},"end":{"line":289,"column":91}}],"line":289},"26":{"loc":{"start":{"line":300,"column":8},"end":{"line":309,"column":9}},"type":"if","locations":[{"start":{"line":300,"column":8},"end":{"line":309,"column":9}},{"start":{"line":303,"column":15},"end":{"line":309,"column":9}}],"line":300},"27":{"loc":{"start":{"line":303,"column":15},"end":{"line":309,"column":9}},"type":"if","locations":[{"start":{"line":303,"column":15},"end":{"line":309,"column":9}},{"start":{"line":306,"column":15},"end":{"line":309,"column":9}}],"line":303},"28":{"loc":{"start":{"line":304,"column":26},"end":{"line":304,"column":86}},"type":"cond-expr","locations":[{"start":{"line":304,"column":50},"end":{"line":304,"column":81}},{"start":{"line":304,"column":84},"end":{"line":304,"column":86}}],"line":304},"29":{"loc":{"start":{"line":324,"column":0},"end":{"line":326,"column":1}},"type":"if","locations":[{"start":{"line":324,"column":0},"end":{"line":326,"column":1}},{"start":{},"end":{}}],"line":324}},"s":{"0":11,"1":4,"2":7,"3":3,"4":4,"5":0,"6":0,"7":0,"8":0,"9":0,"10":0,"11":0,"12":0,"13":0,"14":0,"15":0,"16":0,"17":0,"18":0,"19":0,"20":0,"21":0,"22":0,"23":0,"24":0,"25":0,"26":0,"27":0,"28":0,"29":0,"30":0,"31":0,"32":0,"33":0,"34":0,"35":0,"36":0,"37":0,"38":0,"39":0,"40":0,"41":0,"42":0,"43":0,"44":0,"45":0,"46":0,"47":0,"48":0,"49":0,"50":0,"51":0,"52":0,"53":0,"54":0,"55":0,"56":0,"57":0,"58":0,"59":0,"60":0,"61":0,"62":0,"63":0,"64":0,"65":0,"66":0,"67":0,"68":0,"69":0,"70":0,"71":0,"72":0,"73":0,"74":0,"75":0,"76":0,"77":0,"78":0,"79":0,"80":0,"81":0,"82":0,"83":0,"84":0,"85":0,"86":0,"87":0,"88":0,"89":0,"90":0,"91":0,"92":0,"93":0,"94":0,"95":0,"96":0,"97":0,"98":0,"99":0,"100":1,"101":0},"f":{"0":11,"1":0,"2":0,"3":0,"4":0,"5":0,"6":0,"7":0,"8":0,"9":0,"10":0,"11":0,"12":0},"b":{"0":[4,7],"1":[3,4],"2":[0],"3":[0],"4":[0],"5":[0],"6":[0,0],"7":[0,0],"8":[0,0],"9":[0,0],"10":[0,0],"11":[0],"12":[0],"13":[0],"14":[0,0],"15":[0,0],"16":[0,0],"17":[0,0],"18":[0],"19":[0,0],"20":[0,0],"21":[0,0],"22":[0,0,0,0,0],"23":[0,0],"24":[0,0],"25":[0,0,0,0],"26":[0,0],"27":[0,0],"28":[0,0],"29":[0,1]},"inputSourceMap":null,"_coverageSchema":"1a1c01bbd47fc00a2c39e90264f33305004495a9","hash":"ef0ac5585cc343e2baf23163bcac0773e097734f"}
}
