{"/home/mike/VSCode_Projects/ecommerce-price-tracker/src/config/index.js": {"path":"/home/mike/VSCode_Projects/ecommerce-price-tracker/src/config/index.js","statementMap":{"0":{"start":{"line":5,"column":19},"end":{"line":5,"column":49}},"1":{"start":{"line":6,"column":18},"end":{"line":6,"column":42}},"2":{"start":{"line":8,"column":0},"end":{"line":8,"column":16}},"3":{"start":{"line":10,"column":18},"end":{"line":10,"column":49}},"4":{"start":{"line":12,"column":15},"end":{"line":138,"column":1}},"5":{"start":{"line":47,"column":90},"end":{"line":47,"column":98}},"6":{"start":{"line":69,"column":69},"end":{"line":69,"column":77}},"7":{"start":{"line":145,"column":17},"end":{"line":145,"column":19}},"8":{"start":{"line":146,"column":19},"end":{"line":146,"column":21}},"9":{"start":{"line":149,"column":2},"end":{"line":151,"column":3}},"10":{"start":{"line":150,"column":4},"end":{"line":150,"column":39}},"11":{"start":{"line":152,"column":2},"end":{"line":154,"column":3}},"12":{"start":{"line":153,"column":4},"end":{"line":153,"column":43}},"13":{"start":{"line":155,"column":2},"end":{"line":157,"column":3}},"14":{"start":{"line":156,"column":4},"end":{"line":156,"column":43}},"15":{"start":{"line":160,"column":2},"end":{"line":167,"column":3}},"16":{"start":{"line":161,"column":4},"end":{"line":163,"column":5}},"17":{"start":{"line":162,"column":6},"end":{"line":162,"column":76}},"18":{"start":{"line":164,"column":4},"end":{"line":166,"column":5}},"19":{"start":{"line":165,"column":6},"end":{"line":165,"column":102}},"20":{"start":{"line":170,"column":2},"end":{"line":172,"column":3}},"21":{"start":{"line":171,"column":4},"end":{"line":171,"column":79}},"22":{"start":{"line":173,"column":2},"end":{"line":175,"column":3}},"23":{"start":{"line":174,"column":4},"end":{"line":174,"column":97}},"24":{"start":{"line":177,"column":2},"end":{"line":181,"column":4}},"25":{"start":{"line":188,"column":38},"end":{"line":188,"column":54}},"26":{"start":{"line":191,"column":2},"end":{"line":193,"column":3}},"27":{"start":{"line":192,"column":4},"end":{"line":192,"column":51}},"28":{"start":{"line":196,"column":2},"end":{"line":203,"column":3}},"29":{"start":{"line":197,"column":4},"end":{"line":197,"column":45}},"30":{"start":{"line":198,"column":4},"end":{"line":200,"column":5}},"31":{"start":{"line":199,"column":6},"end":{"line":199,"column":37}},"32":{"start":{"line":201,"column":4},"end":{"line":201,"column":77}},"33":{"start":{"line":202,"column":4},"end":{"line":202,"column":20}},"34":{"start":{"line":205,"column":2},"end":{"line":207,"column":3}},"35":{"start":{"line":206,"column":4},"end":{"line":206,"column":58}}},"fnMap":{"0":{"name":"(anonymous_0)","decl":{"start":{"line":47,"column":85},"end":{"line":47,"column":86}},"loc":{"start":{"line":47,"column":90},"end":{"line":47,"column":98}},"line":47},"1":{"name":"(anonymous_1)","decl":{"start":{"line":69,"column":64},"end":{"line":69,"column":65}},"loc":{"start":{"line":69,"column":69},"end":{"line":69,"column":77}},"line":69},"2":{"name":"validateConfig","decl":{"start":{"line":144,"column":16},"end":{"line":144,"column":30}},"loc":{"start":{"line":144,"column":33},"end":{"line":182,"column":1}},"line":144},"3":{"name":"validateConfigOrExit","decl":{"start":{"line":187,"column":16},"end":{"line":187,"column":36}},"loc":{"start":{"line":187,"column":39},"end":{"line":208,"column":1}},"line":187}},"branchMap":{"0":{"loc":{"start":{"line":14,"column":11},"end":{"line":14,"column":48}},"type":"binary-expr","locations":[{"start":{"line":14,"column":11},"end":{"line":14,"column":31}},{"start":{"line":14,"column":35},"end":{"line":14,"column":48}}],"line":14},"1":{"loc":{"start":{"line":15,"column":8},"end":{"line":15,"column":46}},"type":"binary-expr","locations":[{"start":{"line":15,"column":8},"end":{"line":15,"column":38}},{"start":{"line":15,"column":42},"end":{"line":15,"column":46}}],"line":15},"2":{"loc":{"start":{"line":18,"column":14},"end":{"line":18,"column":59}},"type":"binary-expr","locations":[{"start":{"line":18,"column":14},"end":{"line":18,"column":51}},{"start":{"line":18,"column":55},"end":{"line":18,"column":59}}],"line":18},"3":{"loc":{"start":{"line":19,"column":11},"end":{"line":19,"column":53}},"type":"binary-expr","locations":[{"start":{"line":19,"column":11},"end":{"line":19,"column":45}},{"start":{"line":19,"column":49},"end":{"line":19,"column":53}}],"line":19},"4":{"loc":{"start":{"line":23,"column":10},"end":{"line":23,"column":102}},"type":"cond-expr","locations":[{"start":{"line":23,"column":23},"end":{"line":23,"column":62}},{"start":{"line":23,"column":67},"end":{"line":23,"column":101}}],"line":23},"5":{"loc":{"start":{"line":23,"column":23},"end":{"line":23,"column":62}},"type":"binary-expr","locations":[{"start":{"line":23,"column":23},"end":{"line":23,"column":47}},{"start":{"line":23,"column":51},"end":{"line":23,"column":62}}],"line":23},"6":{"loc":{"start":{"line":23,"column":67},"end":{"line":23,"column":101}},"type":"binary-expr","locations":[{"start":{"line":23,"column":67},"end":{"line":23,"column":86}},{"start":{"line":23,"column":90},"end":{"line":23,"column":101}}],"line":23},"7":{"loc":{"start":{"line":24,"column":19},"end":{"line":24,"column":101}},"type":"cond-expr","locations":[{"start":{"line":24,"column":32},"end":{"line":24,"column":66}},{"start":{"line":24,"column":71},"end":{"line":24,"column":100}}],"line":24},"8":{"loc":{"start":{"line":24,"column":32},"end":{"line":24,"column":66}},"type":"binary-expr","locations":[{"start":{"line":24,"column":32},"end":{"line":24,"column":56}},{"start":{"line":24,"column":60},"end":{"line":24,"column":66}}],"line":24},"9":{"loc":{"start":{"line":24,"column":71},"end":{"line":24,"column":100}},"type":"binary-expr","locations":[{"start":{"line":24,"column":71},"end":{"line":24,"column":90}},{"start":{"line":24,"column":94},"end":{"line":24,"column":100}}],"line":24},"10":{"loc":{"start":{"line":25,"column":10},"end":{"line":25,"column":68}},"type":"cond-expr","locations":[{"start":{"line":25,"column":22},"end":{"line":25,"column":46}},{"start":{"line":25,"column":49},"end":{"line":25,"column":68}}],"line":25},"11":{"loc":{"start":{"line":26,"column":14},"end":{"line":26,"column":80}},"type":"cond-expr","locations":[{"start":{"line":26,"column":26},"end":{"line":26,"column":54}},{"start":{"line":26,"column":57},"end":{"line":26,"column":80}}],"line":26},"12":{"loc":{"start":{"line":27,"column":14},"end":{"line":27,"column":80}},"type":"cond-expr","locations":[{"start":{"line":27,"column":26},"end":{"line":27,"column":54}},{"start":{"line":27,"column":57},"end":{"line":27,"column":80}}],"line":27},"13":{"loc":{"start":{"line":28,"column":9},"end":{"line":28,"column":52}},"type":"binary-expr","locations":[{"start":{"line":28,"column":9},"end":{"line":28,"column":46}},{"start":{"line":28,"column":50},"end":{"line":28,"column":52}}],"line":28},"14":{"loc":{"start":{"line":29,"column":23},"end":{"line":29,"column":73}},"type":"binary-expr","locations":[{"start":{"line":29,"column":23},"end":{"line":29,"column":64}},{"start":{"line":29,"column":68},"end":{"line":29,"column":73}}],"line":29},"15":{"loc":{"start":{"line":30,"column":29},"end":{"line":30,"column":85}},"type":"binary-expr","locations":[{"start":{"line":30,"column":29},"end":{"line":30,"column":76}},{"start":{"line":30,"column":80},"end":{"line":30,"column":85}}],"line":30},"16":{"loc":{"start":{"line":35,"column":13},"end":{"line":35,"column":59}},"type":"binary-expr","locations":[{"start":{"line":35,"column":13},"end":{"line":35,"column":54}},{"start":{"line":35,"column":58},"end":{"line":35,"column":59}}],"line":35},"17":{"loc":{"start":{"line":36,"column":14},"end":{"line":36,"column":65}},"type":"binary-expr","locations":[{"start":{"line":36,"column":14},"end":{"line":36,"column":57}},{"start":{"line":36,"column":61},"end":{"line":36,"column":65}}],"line":36},"18":{"loc":{"start":{"line":37,"column":14},"end":{"line":37,"column":65}},"type":"binary-expr","locations":[{"start":{"line":37,"column":14},"end":{"line":37,"column":57}},{"start":{"line":37,"column":61},"end":{"line":37,"column":65}}],"line":37},"19":{"loc":{"start":{"line":38,"column":13},"end":{"line":38,"column":63}},"type":"binary-expr","locations":[{"start":{"line":38,"column":13},"end":{"line":38,"column":54}},{"start":{"line":38,"column":58},"end":{"line":38,"column":63}}],"line":38},"20":{"loc":{"start":{"line":47,"column":14},"end":{"line":47,"column":68}},"type":"binary-expr","locations":[{"start":{"line":47,"column":14},"end":{"line":47,"column":40}},{"start":{"line":47,"column":44},"end":{"line":47,"column":68}}],"line":47},"21":{"loc":{"start":{"line":50,"column":16},"end":{"line":50,"column":66}},"type":"binary-expr","locations":[{"start":{"line":50,"column":16},"end":{"line":50,"column":60}},{"start":{"line":50,"column":64},"end":{"line":50,"column":66}}],"line":50},"22":{"loc":{"start":{"line":51,"column":13},"end":{"line":51,"column":62}},"type":"binary-expr","locations":[{"start":{"line":51,"column":13},"end":{"line":51,"column":53}},{"start":{"line":51,"column":57},"end":{"line":51,"column":62}}],"line":51},"23":{"loc":{"start":{"line":52,"column":13},"end":{"line":52,"column":58}},"type":"binary-expr","locations":[{"start":{"line":52,"column":13},"end":{"line":52,"column":53}},{"start":{"line":52,"column":57},"end":{"line":52,"column":58}}],"line":52},"24":{"loc":{"start":{"line":64,"column":14},"end":{"line":64,"column":50}},"type":"binary-expr","locations":[{"start":{"line":64,"column":14},"end":{"line":64,"column":40}},{"start":{"line":64,"column":44},"end":{"line":64,"column":50}}],"line":64},"25":{"loc":{"start":{"line":65,"column":10},"end":{"line":65,"column":61}},"type":"binary-expr","locations":[{"start":{"line":65,"column":10},"end":{"line":65,"column":32}},{"start":{"line":65,"column":36},"end":{"line":65,"column":61}}],"line":65},"26":{"loc":{"start":{"line":66,"column":14},"end":{"line":66,"column":60}},"type":"binary-expr","locations":[{"start":{"line":66,"column":14},"end":{"line":66,"column":41}},{"start":{"line":66,"column":45},"end":{"line":66,"column":60}}],"line":66},"27":{"loc":{"start":{"line":68,"column":21},"end":{"line":70,"column":10}},"type":"cond-expr","locations":[{"start":{"line":69,"column":8},"end":{"line":69,"column":78}},{"start":{"line":70,"column":8},"end":{"line":70,"column":10}}],"line":68},"28":{"loc":{"start":{"line":75,"column":11},"end":{"line":75,"column":42}},"type":"binary-expr","locations":[{"start":{"line":75,"column":11},"end":{"line":75,"column":32}},{"start":{"line":75,"column":36},"end":{"line":75,"column":42}}],"line":75},"29":{"loc":{"start":{"line":81,"column":23},"end":{"line":81,"column":68}},"type":"binary-expr","locations":[{"start":{"line":81,"column":23},"end":{"line":81,"column":57}},{"start":{"line":81,"column":61},"end":{"line":81,"column":68}}],"line":81},"30":{"loc":{"start":{"line":82,"column":17},"end":{"line":82,"column":55}},"type":"binary-expr","locations":[{"start":{"line":82,"column":17},"end":{"line":82,"column":46}},{"start":{"line":82,"column":50},"end":{"line":82,"column":55}}],"line":82},"31":{"loc":{"start":{"line":88,"column":16},"end":{"line":88,"column":97}},"type":"binary-expr","locations":[{"start":{"line":88,"column":16},"end":{"line":88,"column":44}},{"start":{"line":88,"column":48},"end":{"line":88,"column":97}}],"line":88},"32":{"loc":{"start":{"line":89,"column":13},"end":{"line":89,"column":77}},"type":"binary-expr","locations":[{"start":{"line":89,"column":13},"end":{"line":89,"column":36}},{"start":{"line":89,"column":40},"end":{"line":89,"column":77}}],"line":89},"33":{"loc":{"start":{"line":95,"column":23},"end":{"line":95,"column":80}},"type":"binary-expr","locations":[{"start":{"line":95,"column":23},"end":{"line":95,"column":72}},{"start":{"line":95,"column":76},"end":{"line":95,"column":80}}],"line":95},"34":{"loc":{"start":{"line":97,"column":22},"end":{"line":97,"column":75}},"type":"binary-expr","locations":[{"start":{"line":97,"column":22},"end":{"line":97,"column":70}},{"start":{"line":97,"column":74},"end":{"line":97,"column":75}}],"line":97},"35":{"loc":{"start":{"line":99,"column":24},"end":{"line":99,"column":80}},"type":"binary-expr","locations":[{"start":{"line":99,"column":24},"end":{"line":99,"column":74}},{"start":{"line":99,"column":78},"end":{"line":99,"column":80}}],"line":99},"36":{"loc":{"start":{"line":101,"column":28},"end":{"line":101,"column":88}},"type":"binary-expr","locations":[{"start":{"line":101,"column":28},"end":{"line":101,"column":82}},{"start":{"line":101,"column":86},"end":{"line":101,"column":88}}],"line":101},"37":{"loc":{"start":{"line":107,"column":22},"end":{"line":107,"column":82}},"type":"binary-expr","locations":[{"start":{"line":107,"column":22},"end":{"line":107,"column":76}},{"start":{"line":107,"column":80},"end":{"line":107,"column":82}}],"line":107},"38":{"loc":{"start":{"line":109,"column":31},"end":{"line":109,"column":84}},"type":"binary-expr","locations":[{"start":{"line":109,"column":31},"end":{"line":109,"column":78}},{"start":{"line":109,"column":82},"end":{"line":109,"column":84}}],"line":109},"39":{"loc":{"start":{"line":111,"column":22},"end":{"line":111,"column":83}},"type":"binary-expr","locations":[{"start":{"line":111,"column":22},"end":{"line":111,"column":76}},{"start":{"line":111,"column":80},"end":{"line":111,"column":83}}],"line":111},"40":{"loc":{"start":{"line":113,"column":22},"end":{"line":113,"column":82}},"type":"binary-expr","locations":[{"start":{"line":113,"column":22},"end":{"line":113,"column":76}},{"start":{"line":113,"column":80},"end":{"line":113,"column":82}}],"line":113},"41":{"loc":{"start":{"line":115,"column":21},"end":{"line":115,"column":82}},"type":"binary-expr","locations":[{"start":{"line":115,"column":21},"end":{"line":115,"column":74}},{"start":{"line":115,"column":78},"end":{"line":115,"column":82}}],"line":115},"42":{"loc":{"start":{"line":123,"column":10},"end":{"line":123,"column":47}},"type":"binary-expr","locations":[{"start":{"line":123,"column":10},"end":{"line":123,"column":32}},{"start":{"line":123,"column":36},"end":{"line":123,"column":47}}],"line":123},"43":{"loc":{"start":{"line":124,"column":10},"end":{"line":124,"column":54}},"type":"binary-expr","locations":[{"start":{"line":124,"column":10},"end":{"line":124,"column":46}},{"start":{"line":124,"column":50},"end":{"line":124,"column":54}}],"line":124},"44":{"loc":{"start":{"line":125,"column":14},"end":{"line":125,"column":53}},"type":"binary-expr","locations":[{"start":{"line":125,"column":14},"end":{"line":125,"column":40}},{"start":{"line":125,"column":44},"end":{"line":125,"column":53}}],"line":125},"45":{"loc":{"start":{"line":126,"column":8},"end":{"line":126,"column":47}},"type":"binary-expr","locations":[{"start":{"line":126,"column":8},"end":{"line":126,"column":42}},{"start":{"line":126,"column":46},"end":{"line":126,"column":47}}],"line":126},"46":{"loc":{"start":{"line":127,"column":15},"end":{"line":127,"column":52}},"type":"binary-expr","locations":[{"start":{"line":127,"column":15},"end":{"line":127,"column":43}},{"start":{"line":127,"column":47},"end":{"line":127,"column":52}}],"line":127},"47":{"loc":{"start":{"line":130,"column":15},"end":{"line":130,"column":65}},"type":"binary-expr","locations":[{"start":{"line":130,"column":15},"end":{"line":130,"column":58}},{"start":{"line":130,"column":62},"end":{"line":130,"column":65}}],"line":130},"48":{"loc":{"start":{"line":131,"column":19},"end":{"line":131,"column":73}},"type":"binary-expr","locations":[{"start":{"line":131,"column":19},"end":{"line":131,"column":67}},{"start":{"line":131,"column":71},"end":{"line":131,"column":73}}],"line":131},"49":{"loc":{"start":{"line":132,"column":20},"end":{"line":132,"column":76}},"type":"binary-expr","locations":[{"start":{"line":132,"column":20},"end":{"line":132,"column":69}},{"start":{"line":132,"column":73},"end":{"line":132,"column":76}}],"line":132},"50":{"loc":{"start":{"line":133,"column":17},"end":{"line":133,"column":65}},"type":"binary-expr","locations":[{"start":{"line":133,"column":17},"end":{"line":133,"column":58}},{"start":{"line":133,"column":62},"end":{"line":133,"column":65}}],"line":133},"51":{"loc":{"start":{"line":134,"column":21},"end":{"line":134,"column":70}},"type":"binary-expr","locations":[{"start":{"line":134,"column":21},"end":{"line":134,"column":63}},{"start":{"line":134,"column":67},"end":{"line":134,"column":70}}],"line":134},"52":{"loc":{"start":{"line":135,"column":13},"end":{"line":135,"column":60}},"type":"binary-expr","locations":[{"start":{"line":135,"column":13},"end":{"line":135,"column":54}},{"start":{"line":135,"column":58},"end":{"line":135,"column":60}}],"line":135},"53":{"loc":{"start":{"line":149,"column":2},"end":{"line":151,"column":3}},"type":"if","locations":[{"start":{"line":149,"column":2},"end":{"line":151,"column":3}},{"start":{},"end":{}}],"line":149},"54":{"loc":{"start":{"line":152,"column":2},"end":{"line":154,"column":3}},"type":"if","locations":[{"start":{"line":152,"column":2},"end":{"line":154,"column":3}},{"start":{},"end":{}}],"line":152},"55":{"loc":{"start":{"line":155,"column":2},"end":{"line":157,"column":3}},"type":"if","locations":[{"start":{"line":155,"column":2},"end":{"line":157,"column":3}},{"start":{},"end":{}}],"line":155},"56":{"loc":{"start":{"line":160,"column":2},"end":{"line":167,"column":3}},"type":"if","locations":[{"start":{"line":160,"column":2},"end":{"line":167,"column":3}},{"start":{},"end":{}}],"line":160},"57":{"loc":{"start":{"line":161,"column":4},"end":{"line":163,"column":5}},"type":"if","locations":[{"start":{"line":161,"column":4},"end":{"line":163,"column":5}},{"start":{},"end":{}}],"line":161},"58":{"loc":{"start":{"line":164,"column":4},"end":{"line":166,"column":5}},"type":"if","locations":[{"start":{"line":164,"column":4},"end":{"line":166,"column":5}},{"start":{},"end":{}}],"line":164},"59":{"loc":{"start":{"line":170,"column":2},"end":{"line":172,"column":3}},"type":"if","locations":[{"start":{"line":170,"column":2},"end":{"line":172,"column":3}},{"start":{},"end":{}}],"line":170},"60":{"loc":{"start":{"line":170,"column":6},"end":{"line":170,"column":50}},"type":"binary-expr","locations":[{"start":{"line":170,"column":6},"end":{"line":170,"column":24}},{"start":{"line":170,"column":28},"end":{"line":170,"column":50}}],"line":170},"61":{"loc":{"start":{"line":173,"column":2},"end":{"line":175,"column":3}},"type":"if","locations":[{"start":{"line":173,"column":2},"end":{"line":175,"column":3}},{"start":{},"end":{}}],"line":173},"62":{"loc":{"start":{"line":196,"column":2},"end":{"line":203,"column":3}},"type":"if","locations":[{"start":{"line":196,"column":2},"end":{"line":203,"column":3}},{"start":{},"end":{}}],"line":196},"63":{"loc":{"start":{"line":205,"column":2},"end":{"line":207,"column":3}},"type":"if","locations":[{"start":{"line":205,"column":2},"end":{"line":207,"column":3}},{"start":{},"end":{}}],"line":205},"64":{"loc":{"start":{"line":205,"column":6},"end":{"line":205,"column":50}},"type":"binary-expr","locations":[{"start":{"line":205,"column":6},"end":{"line":205,"column":27}},{"start":{"line":205,"column":31},"end":{"line":205,"column":50}}],"line":205}},"s":{"0":23,"1":23,"2":23,"3":23,"4":23,"5":69,"6":23,"7":4,"8":4,"9":4,"10":0,"11":4,"12":0,"13":4,"14":0,"15":4,"16":0,"17":0,"18":0,"19":0,"20":4,"21":0,"22":4,"23":0,"24":4,"25":2,"26":2,"27":0,"28":2,"29":0,"30":0,"31":0,"32":0,"33":0,"34":2,"35":2},"f":{"0":69,"1":23,"2":4,"3":2},"b":{"0":[23,0],"1":[23,0],"2":[23,23],"3":[23,23],"4":[23,0],"5":[23,0],"6":[0,0],"7":[23,0],"8":[23,0],"9":[0,0],"10":[23,0],"11":[23,0],"12":[23,0],"13":[23,0],"14":[23,0],"15":[23,0],"16":[23,0],"17":[23,0],"18":[23,0],"19":[23,0],"20":[23,23],"21":[23,23],"22":[23,23],"23":[23,23],"24":[23,0],"25":[23,23],"26":[23,23],"27":[23,0],"28":[23,0],"29":[23,23],"30":[23,23],"31":[23,23],"32":[23,23],"33":[23,23],"34":[23,23],"35":[23,23],"36":[23,23],"37":[23,23],"38":[23,23],"39":[23,23],"40":[23,23],"41":[23,23],"42":[23,0],"43":[23,0],"44":[23,23],"45":[23,23],"46":[23,23],"47":[23,0],"48":[23,23],"49":[23,23],"50":[23,0],"51":[23,23],"52":[23,0],"53":[0,4],"54":[0,4],"55":[0,4],"56":[0,4],"57":[0,0],"58":[0,0],"59":[0,4],"60":[4,4],"61":[0,4],"62":[0,2],"63":[2,0],"64":[2,2]},"inputSourceMap":null,"_coverageSchema":"1a1c01bbd47fc00a2c39e90264f33305004495a9","hash":"a0bd19a47f54f113a6f93c0542519f8dce9d67a2"}
}
