TN:
SF:src/config/index.js
FN:95,validateConfig
FN:138,validateConfigOrExit
FNF:2
FNH:0
FNDA:0,validateConfig
FNDA:0,validateConfigOrExit
DA:5,9
DA:6,9
DA:8,9
DA:10,9
DA:12,9
DA:96,0
DA:97,0
DA:100,0
DA:101,0
DA:103,0
DA:104,0
DA:106,0
DA:107,0
DA:111,0
DA:112,0
DA:113,0
DA:115,0
DA:116,0
DA:121,0
DA:122,0
DA:124,0
DA:125,0
DA:128,0
DA:139,0
DA:142,0
DA:143,0
DA:147,0
DA:148,0
DA:149,0
DA:150,0
DA:152,0
DA:153,0
DA:156,0
DA:157,0
LF:34
LH:5
BRDA:14,0,0,9
BRDA:14,0,1,0
BRDA:15,1,0,9
BRDA:15,1,1,0
BRDA:18,2,0,9
BRDA:18,2,1,9
BRDA:19,3,0,9
BRDA:19,3,1,9
BRDA:23,4,0,9
BRDA:23,4,1,0
BRDA:23,5,0,9
BRDA:23,5,1,0
BRDA:23,6,0,0
BRDA:23,6,1,0
BRDA:24,7,0,9
BRDA:24,7,1,0
BRDA:24,8,0,9
BRDA:24,8,1,0
BRDA:24,9,0,0
BRDA:24,9,1,0
BRDA:25,10,0,9
BRDA:25,10,1,0
BRDA:26,11,0,9
BRDA:26,11,1,0
BRDA:27,12,0,9
BRDA:27,12,1,0
BRDA:28,13,0,9
BRDA:28,13,1,0
BRDA:29,14,0,9
BRDA:29,14,1,0
BRDA:30,15,0,9
BRDA:30,15,1,0
BRDA:35,16,0,9
BRDA:35,16,1,0
BRDA:36,17,0,9
BRDA:36,17,1,0
BRDA:37,18,0,9
BRDA:37,18,1,0
BRDA:38,19,0,9
BRDA:38,19,1,0
BRDA:45,20,0,9
BRDA:45,20,1,0
BRDA:51,21,0,9
BRDA:51,21,1,9
BRDA:52,22,0,9
BRDA:52,22,1,9
BRDA:58,23,0,9
BRDA:58,23,1,9
BRDA:59,24,0,9
BRDA:59,24,1,9
BRDA:65,25,0,9
BRDA:65,25,1,9
BRDA:67,26,0,9
BRDA:67,26,1,9
BRDA:69,27,0,9
BRDA:69,27,1,9
BRDA:71,28,0,9
BRDA:71,28,1,9
BRDA:77,29,0,9
BRDA:77,29,1,9
BRDA:79,30,0,9
BRDA:79,30,1,9
BRDA:81,31,0,9
BRDA:81,31,1,9
BRDA:83,32,0,9
BRDA:83,32,1,9
BRDA:85,33,0,9
BRDA:85,33,1,9
BRDA:100,34,0,0
BRDA:100,34,1,0
BRDA:103,35,0,0
BRDA:103,35,1,0
BRDA:106,36,0,0
BRDA:106,36,1,0
BRDA:111,37,0,0
BRDA:111,37,1,0
BRDA:112,38,0,0
BRDA:112,38,1,0
BRDA:115,39,0,0
BRDA:115,39,1,0
BRDA:121,40,0,0
BRDA:121,40,1,0
BRDA:121,41,0,0
BRDA:121,41,1,0
BRDA:124,42,0,0
BRDA:124,42,1,0
BRDA:147,43,0,0
BRDA:147,43,1,0
BRDA:156,44,0,0
BRDA:156,44,1,0
BRDA:156,45,0,0
BRDA:156,45,1,0
BRF:92
BRH:47
end_of_record
TN:
SF:src/db/connect-pg.js
FN:25,(anonymous_0)
FN:30,(anonymous_1)
FN:35,(anonymous_2)
FN:40,checkDatabaseHealth
FN:53,getPoolStats
FN:66,runMigrations
FN:85,(anonymous_6)
FN:130,closeDatabaseConnection
FNF:8
FNH:1
FNDA:0,(anonymous_0)
FNDA:3,(anonymous_1)
FNDA:0,(anonymous_2)
FNDA:0,checkDatabaseHealth
FNDA:0,getPoolStats
FNDA:0,runMigrations
FNDA:0,(anonymous_6)
FNDA:0,closeDatabaseConnection
DA:2,5
DA:9,5
DA:10,5
DA:13,5
DA:25,5
DA:26,0
DA:30,5
DA:31,3
DA:35,5
DA:36,0
DA:41,0
DA:42,0
DA:43,0
DA:44,0
DA:45,0
DA:47,0
DA:48,0
DA:54,0
DA:67,0
DA:69,0
DA:70,0
DA:73,0
DA:82,0
DA:85,0
DA:88,0
DA:89,0
DA:96,0
DA:97,0
DA:99,0
DA:100,0
DA:101,0
DA:104,0
DA:105,0
DA:106,0
DA:109,0
DA:114,0
DA:117,0
DA:118,0
DA:121,0
DA:122,0
DA:123,0
DA:125,0
DA:131,0
DA:132,0
DA:133,0
DA:135,0
DA:136,0
LF:47
LH:8
BRDA:19,0,0,5
BRDA:19,0,1,0
BRDA:20,1,0,5
BRDA:20,1,1,0
BRDA:21,2,0,5
BRDA:21,2,1,0
BRDA:59,3,0,0
BRDA:59,3,1,0
BRDA:99,4,0,0
BRDA:99,4,1,0
BRF:10
BRH:3
end_of_record
TN:
SF:src/db/productRepository.js
FN:8,upsertProductAndHistory
FN:64,getAllProductsWithLatestPrice
FN:87,getPriceHistory
FNF:3
FNH:0
FNDA:0,upsertProductAndHistory
FNDA:0,getAllProductsWithLatestPrice
FNDA:0,getPriceHistory
DA:10,0
DA:11,0
DA:12,0
DA:13,0
DA:17,0
DA:19,0
DA:21,0
DA:22,0
DA:25,0
DA:37,0
DA:40,0
DA:46,0
DA:48,0
DA:50,0
DA:53,0
DA:54,0
DA:55,0
DA:57,0
DA:65,0
DA:81,0
DA:89,0
DA:90,0
DA:91,0
DA:92,0
DA:96,0
DA:98,0
DA:105,0
LF:27
LH:0
BRDA:8,0,0,0
BRDA:11,1,0,0
BRDA:11,1,1,0
BRDA:54,2,0,0
BRDA:54,2,1,0
BRDA:87,3,0,0
BRDA:91,4,0,0
BRDA:91,4,1,0
BRDA:96,5,0,0
BRDA:96,5,1,0
BRF:10
BRH:0
end_of_record
TN:
SF:src/db/trackedProductsRepository.js
FN:10,getProductsToCheck
FN:33,updateProductCheckTime
FN:85,addTrackedProduct
FN:118,setProductEnabled
FN:151,getAllTrackedProducts
FN:169,deleteTrackedProduct
FN:199,addSearchBasedProduct
FN:244,getSearchProductsToCheck
FN:270,updateSearchResult
FN:315,saveSearchResults
FN:383,getSearchResults
FN:403,getBestMatch
FN:424,getPriceComparison
FNF:13
FNH:3
FNDA:0,getProductsToCheck
FNDA:0,updateProductCheckTime
FNDA:3,addTrackedProduct
FNDA:0,setProductEnabled
FNDA:0,getAllTrackedProducts
FNDA:1,deleteTrackedProduct
FNDA:1,addSearchBasedProduct
FNDA:0,getSearchProductsToCheck
FNDA:0,updateSearchResult
FNDA:0,saveSearchResults
FNDA:0,getSearchResults
FNDA:0,getBestMatch
FNDA:0,getPriceComparison
DA:11,0
DA:12,0
DA:21,0
DA:23,0
DA:24,0
DA:35,0
DA:36,0
DA:37,0
DA:40,0
DA:41,0
DA:42,0
DA:43,0
DA:46,0
DA:51,0
DA:52,0
DA:55,0
DA:56,0
DA:58,0
DA:65,0
DA:67,0
DA:69,0
DA:70,0
DA:72,0
DA:75,0
DA:76,0
DA:87,3
DA:88,3
DA:89,1
DA:90,1
DA:93,2
DA:95,2
DA:96,2
DA:105,2
DA:106,2
DA:108,0
DA:109,0
DA:120,0
DA:121,0
DA:122,0
DA:126,0
DA:127,0
DA:130,0
DA:131,0
DA:136,0
DA:137,0
DA:140,0
DA:142,0
DA:143,0
DA:152,0
DA:153,0
DA:158,0
DA:160,0
DA:161,0
DA:171,1
DA:172,1
DA:173,0
DA:176,1
DA:177,1
DA:179,1
DA:180,1
DA:183,0
DA:185,1
DA:186,1
DA:206,1
DA:207,0
DA:210,1
DA:211,1
DA:225,1
DA:232,1
DA:234,0
DA:235,0
DA:245,0
DA:246,0
DA:258,0
DA:260,0
DA:261,0
DA:275,0
DA:276,0
DA:281,0
DA:282,0
DA:285,0
DA:286,0
DA:287,0
DA:290,0
DA:292,0
DA:302,0
DA:304,0
DA:305,0
DA:316,0
DA:318,0
DA:319,0
DA:322,0
DA:328,0
DA:329,0
DA:331,0
DA:362,0
DA:364,0
DA:370,0
DA:371,0
DA:372,0
DA:374,0
DA:384,0
DA:385,0
DA:391,0
DA:393,0
DA:394,0
DA:404,0
DA:405,0
DA:412,0
DA:414,0
DA:415,0
DA:425,0
DA:426,0
DA:437,0
DA:440,0
DA:448,0
DA:457,0
DA:458,0
LF:118
LH:22
BRDA:10,0,0,0
BRDA:33,1,0,0
BRDA:36,2,0,0
BRDA:36,2,1,0
BRDA:51,3,0,0
BRDA:51,3,1,0
BRDA:85,4,0,0
BRDA:85,5,0,0
BRDA:88,6,0,1
BRDA:88,6,1,2
BRDA:108,7,0,0
BRDA:108,7,1,0
BRDA:121,8,0,0
BRDA:121,8,1,0
BRDA:126,9,0,0
BRDA:126,9,1,0
BRDA:136,10,0,0
BRDA:136,10,1,0
BRDA:172,11,0,0
BRDA:172,11,1,1
BRDA:179,12,0,1
BRDA:179,12,1,0
BRDA:201,13,0,0
BRDA:202,14,0,0
BRDA:203,15,0,0
BRDA:204,16,0,0
BRDA:206,17,0,0
BRDA:206,17,1,1
BRDA:206,18,0,1
BRDA:206,18,1,1
BRDA:244,19,0,0
BRDA:273,20,0,0
BRDA:281,21,0,0
BRDA:281,21,1,0
BRDA:286,22,0,0
BRDA:286,22,1,0
BRDA:290,23,0,0
BRDA:290,23,1,0
BRDA:329,24,0,0
BRDA:329,24,1,0
BRDA:354,25,0,0
BRDA:354,25,1,0
BRDA:412,26,0,0
BRDA:412,26,1,0
BRDA:454,27,0,0
BRDA:454,27,1,0
BRF:46
BRH:7
end_of_record
TN:
SF:src/monitor/price-monitor.js
FN:17,getSiteFromUrl
FN:26,getScraperForUrl
FN:35,scrapeProductWithRetry
FN:57,(anonymous_3)
FN:95,processProduct
FN:141,runPriceMonitor
FNF:6
FNH:0
FNDA:0,getSiteFromUrl
FNDA:0,getScraperForUrl
FNDA:0,scrapeProductWithRetry
FNDA:0,(anonymous_3)
FNDA:0,processProduct
FNDA:0,runPriceMonitor
DA:18,0
DA:19,0
DA:20,0
DA:27,0
DA:28,0
DA:29,0
DA:36,0
DA:37,0
DA:39,0
DA:40,0
DA:41,0
DA:45,0
DA:46,0
DA:49,0
DA:50,0
DA:53,0
DA:55,0
DA:56,0
DA:57,0
DA:65,0
DA:68,0
DA:69,0
DA:70,0
DA:71,0
DA:73,0
DA:74,0
DA:77,0
DA:80,0
DA:83,0
DA:84,0
DA:85,0
DA:86,0
DA:87,0
DA:88,0
DA:96,0
DA:97,0
DA:99,0
DA:101,0
DA:102,0
DA:103,0
DA:104,0
DA:107,0
DA:108,0
DA:109,0
DA:112,0
DA:113,0
DA:115,0
DA:116,0
DA:128,0
DA:129,0
DA:132,0
DA:133,0
DA:134,0
DA:142,0
DA:143,0
DA:146,0
DA:148,0
DA:149,0
DA:150,0
DA:153,0
DA:155,0
DA:161,0
DA:162,0
DA:164,0
DA:165,0
DA:166,0
DA:168,0
DA:169,0
DA:170,0
DA:172,0
DA:173,0
DA:177,0
DA:178,0
DA:179,0
DA:183,0
DA:186,0
DA:187,0
DA:190,0
DA:191,0
DA:192,0
DA:195,0
DA:196,0
DA:197,0
DA:203,0
DA:204,0
DA:205,0
DA:206,0
DA:208,0
DA:211,0
DA:212,0
DA:215,0
DA:216,0
DA:217,0
DA:220,0
DA:222,0
LF:95
LH:0
BRDA:18,0,0,0
BRDA:18,0,1,0
BRDA:19,1,0,0
BRDA:19,1,1,0
BRDA:27,2,0,0
BRDA:27,2,1,0
BRDA:28,3,0,0
BRDA:28,3,1,0
BRDA:39,4,0,0
BRDA:39,4,1,0
BRDA:49,5,0,0
BRDA:49,5,1,0
BRDA:68,6,0,0
BRDA:68,6,1,0
BRDA:101,7,0,0
BRDA:101,7,1,0
BRDA:112,8,0,0
BRDA:112,8,1,0
BRDA:115,9,0,0
BRDA:115,9,1,0
BRDA:115,10,0,0
BRDA:115,10,1,0
BRDA:125,11,0,0
BRDA:125,11,1,0
BRDA:148,12,0,0
BRDA:148,12,1,0
BRDA:168,13,0,0
BRDA:168,13,1,0
BRDA:177,14,0,0
BRDA:177,14,1,0
BRDA:195,15,0,0
BRDA:195,15,1,0
BRDA:216,16,0,0
BRDA:216,16,1,0
BRF:34
BRH:0
end_of_record
TN:
SF:src/monitor/search-monitor.js
FN:29,(anonymous_0)
FN:29,(anonymous_1)
FN:36,processSearchProduct
FN:176,runSearchMonitor
FN:285,quickSearch
FN:310,trackProduct
FNF:6
FNH:0
FNDA:0,(anonymous_0)
FNDA:0,(anonymous_1)
FNDA:0,processSearchProduct
FNDA:0,runSearchMonitor
FNDA:0,quickSearch
FNDA:0,trackProduct
DA:29,0
DA:43,0
DA:45,0
DA:52,0
DA:54,0
DA:56,0
DA:63,0
DA:66,0
DA:67,0
DA:69,0
DA:73,0
DA:75,0
DA:85,0
DA:92,0
DA:94,0
DA:96,0
DA:103,0
DA:104,0
DA:113,0
DA:116,0
DA:119,0
DA:130,0
DA:147,0
DA:149,0
DA:155,0
DA:159,0
DA:161,0
DA:180,0
DA:182,0
DA:183,0
DA:186,0
DA:188,0
DA:189,0
DA:190,0
DA:198,0
DA:200,0
DA:207,0
DA:208,0
DA:210,0
DA:211,0
DA:212,0
DA:213,0
DA:215,0
DA:216,0
DA:217,0
DA:219,0
DA:220,0
DA:224,0
DA:225,0
DA:226,0
DA:230,0
DA:231,0
DA:232,0
DA:236,0
DA:241,0
DA:242,0
DA:244,0
DA:251,0
DA:252,0
DA:253,0
DA:258,0
DA:259,0
DA:262,0
DA:263,0
DA:264,0
DA:267,0
DA:276,0
DA:286,0
DA:288,0
DA:294,0
DA:315,0
DA:317,0
DA:325,0
DA:327,0
LF:74
LH:0
BRDA:41,0,0,0
BRDA:57,1,0,0
BRDA:57,1,1,0
BRDA:59,2,0,0
BRDA:59,2,1,0
BRDA:66,3,0,0
BRDA:66,3,1,0
BRDA:94,4,0,0
BRDA:94,4,1,0
BRDA:135,5,0,0
BRDA:135,5,1,0
BRDA:176,6,0,0
BRDA:178,7,0,0
BRDA:179,8,0,0
BRDA:188,9,0,0
BRDA:188,9,1,0
BRDA:215,10,0,0
BRDA:215,10,1,0
BRDA:224,11,0,0
BRDA:224,11,1,0
BRDA:230,12,0,0
BRDA:230,12,1,0
BRDA:251,13,0,0
BRDA:251,13,1,0
BRDA:263,14,0,0
BRDA:263,14,1,0
BRDA:285,15,0,0
BRDA:289,16,0,0
BRDA:289,16,1,0
BRDA:290,17,0,0
BRDA:290,17,1,0
BRDA:291,18,0,0
BRDA:291,18,1,0
BRDA:310,19,0,0
BRDA:312,20,0,0
BRDA:313,21,0,0
BRDA:314,22,0,0
BRF:37
BRH:0
end_of_record
TN:
SF:src/scraper/amazon.js
FN:12,trySelectors
FN:33,scrapeAmazon
FN:41,(anonymous_2)
FN:41,(anonymous_3)
FNF:4
FNH:0
FNDA:0,trySelectors
FNDA:0,scrapeAmazon
FNDA:0,(anonymous_2)
FNDA:0,(anonymous_3)
DA:13,0
DA:14,0
DA:15,0
DA:16,0
DA:17,0
DA:18,0
DA:19,0
DA:20,0
DA:21,0
DA:25,0
DA:29,0
DA:30,0
DA:34,0
DA:35,0
DA:37,0
DA:39,0
DA:40,0
DA:41,0
DA:46,0
DA:56,0
DA:57,0
DA:58,0
DA:62,0
DA:75,0
DA:76,0
DA:77,0
DA:81,0
DA:83,0
DA:93,0
DA:94,0
DA:95,0
DA:96,0
DA:97,0
DA:100,0
DA:101,0
DA:103,0
DA:104,0
DA:106,0
LF:38
LH:0
BRDA:17,0,0,0
BRDA:17,0,1,0
BRDA:19,1,0,0
BRDA:19,1,1,0
BRDA:19,2,0,0
BRDA:19,2,1,0
BRDA:57,3,0,0
BRDA:57,3,1,0
BRDA:76,4,0,0
BRDA:76,4,1,0
BRDA:94,5,0,0
BRDA:94,5,1,0
BRF:12
BRH:0
end_of_record
TN:
SF:src/scraper/burton.js
FN:12,trySelectors
FN:33,scrapeBurton
FN:41,(anonymous_2)
FN:41,(anonymous_3)
FNF:4
FNH:0
FNDA:0,trySelectors
FNDA:0,scrapeBurton
FNDA:0,(anonymous_2)
FNDA:0,(anonymous_3)
DA:13,0
DA:14,0
DA:15,0
DA:16,0
DA:17,0
DA:18,0
DA:19,0
DA:20,0
DA:21,0
DA:25,0
DA:29,0
DA:30,0
DA:34,0
DA:35,0
DA:37,0
DA:39,0
DA:40,0
DA:41,0
DA:46,0
DA:55,0
DA:56,0
DA:57,0
DA:61,0
DA:71,0
DA:72,0
DA:73,0
DA:76,0
DA:78,0
DA:88,0
DA:89,0
DA:90,0
DA:91,0
DA:92,0
DA:95,0
DA:96,0
DA:98,0
DA:99,0
DA:101,0
LF:38
LH:0
BRDA:17,0,0,0
BRDA:17,0,1,0
BRDA:19,1,0,0
BRDA:19,1,1,0
BRDA:19,2,0,0
BRDA:19,2,1,0
BRDA:56,3,0,0
BRDA:56,3,1,0
BRDA:72,4,0,0
BRDA:72,4,1,0
BRDA:89,5,0,0
BRDA:89,5,1,0
BRF:12
BRH:0
end_of_record
TN:
SF:src/search/direct-search.js
FN:28,(anonymous_0)
FN:30,(anonymous_1)
FN:48,(anonymous_2)
FN:50,(anonymous_3)
FN:67,(anonymous_4)
FN:69,(anonymous_5)
FN:87,(anonymous_6)
FN:89,(anonymous_7)
FN:106,(anonymous_8)
FN:108,(anonymous_9)
FN:130,(anonymous_10)
FN:133,(anonymous_11)
FN:179,searchSite
FN:195,(anonymous_13)
FN:200,(anonymous_14)
FN:222,performSiteSearch
FN:242,(anonymous_16)
FN:303,searchAllSites
FN:326,(anonymous_18)
FN:347,(anonymous_19)
FN:352,(anonymous_20)
FN:357,(anonymous_21)
FN:367,parsePrice
FN:381,getAvailableSites
FN:382,(anonymous_24)
FNF:25
FNH:0
FNDA:0,(anonymous_0)
FNDA:0,(anonymous_1)
FNDA:0,(anonymous_2)
FNDA:0,(anonymous_3)
FNDA:0,(anonymous_4)
FNDA:0,(anonymous_5)
FNDA:0,(anonymous_6)
FNDA:0,(anonymous_7)
FNDA:0,(anonymous_8)
FNDA:0,(anonymous_9)
FNDA:0,(anonymous_10)
FNDA:0,(anonymous_11)
FNDA:0,searchSite
FNDA:0,(anonymous_13)
FNDA:0,(anonymous_14)
FNDA:0,performSiteSearch
FNDA:0,(anonymous_16)
FNDA:0,searchAllSites
FNDA:0,(anonymous_18)
FNDA:0,(anonymous_19)
FNDA:0,(anonymous_20)
FNDA:0,(anonymous_21)
FNDA:0,parsePrice
FNDA:0,getAvailableSites
FNDA:0,(anonymous_24)
DA:23,0
DA:28,0
DA:31,0
DA:32,0
DA:33,0
DA:35,0
DA:48,0
DA:51,0
DA:52,0
DA:54,0
DA:67,0
DA:70,0
DA:71,0
DA:72,0
DA:74,0
DA:87,0
DA:90,0
DA:91,0
DA:93,0
DA:106,0
DA:109,0
DA:111,0
DA:112,0
DA:113,0
DA:115,0
DA:117,0
DA:130,0
DA:134,0
DA:135,0
DA:136,0
DA:138,0
DA:151,0
DA:180,0
DA:181,0
DA:182,0
DA:186,0
DA:187,0
DA:188,0
DA:191,0
DA:194,0
DA:195,0
DA:202,0
DA:205,0
DA:208,0
DA:210,0
DA:211,0
DA:213,0
DA:223,0
DA:225,0
DA:228,0
DA:230,0
DA:232,0
DA:234,0
DA:239,0
DA:242,0
DA:243,0
DA:247,0
DA:250,0
DA:251,0
DA:253,0
DA:255,0
DA:256,0
DA:257,0
DA:259,0
DA:261,0
DA:262,0
DA:266,0
DA:267,0
DA:268,0
DA:269,0
DA:271,0
DA:274,0
DA:278,0
DA:284,0
DA:287,0
DA:288,0
DA:290,0
DA:291,0
DA:308,0
DA:310,0
DA:312,0
DA:320,0
DA:321,0
DA:322,0
DA:325,0
DA:326,0
DA:327,0
DA:328,0
DA:329,0
DA:333,0
DA:335,0
DA:339,0
DA:343,0
DA:346,0
DA:347,0
DA:352,0
DA:354,0
DA:357,0
DA:361,0
DA:368,0
DA:371,0
DA:372,0
DA:373,0
DA:375,0
DA:382,0
LF:105
LH:0
BRDA:36,0,0,0
BRDA:36,0,1,0
BRDA:37,1,0,0
BRDA:37,1,1,0
BRDA:38,2,0,0
BRDA:38,2,1,0
BRDA:55,3,0,0
BRDA:55,3,1,0
BRDA:56,4,0,0
BRDA:56,4,1,0
BRDA:57,5,0,0
BRDA:57,5,1,0
BRDA:75,6,0,0
BRDA:75,6,1,0
BRDA:76,7,0,0
BRDA:76,7,1,0
BRDA:77,8,0,0
BRDA:77,8,1,0
BRDA:94,9,0,0
BRDA:94,9,1,0
BRDA:95,10,0,0
BRDA:95,10,1,0
BRDA:96,11,0,0
BRDA:96,11,1,0
BRDA:112,12,0,0
BRDA:112,12,1,0
BRDA:118,13,0,0
BRDA:118,13,1,0
BRDA:119,14,0,0
BRDA:119,14,1,0
BRDA:120,15,0,0
BRDA:120,15,1,0
BRDA:139,16,0,0
BRDA:139,16,1,0
BRDA:140,17,0,0
BRDA:140,17,1,0
BRDA:141,18,0,0
BRDA:141,18,1,0
BRDA:179,19,0,0
BRDA:181,20,0,0
BRDA:181,20,1,0
BRDA:186,21,0,0
BRDA:186,21,1,0
BRDA:191,22,0,0
BRDA:191,23,0,0
BRDA:202,24,0,0
BRDA:202,24,1,0
BRDA:202,24,2,0
BRDA:205,25,0,0
BRDA:205,25,1,0
BRDA:205,25,2,0
BRDA:208,26,0,0
BRDA:208,26,1,0
BRDA:210,27,0,0
BRDA:210,27,1,0
BRDA:259,28,0,0
BRDA:259,28,1,0
BRDA:259,29,0,0
BRDA:259,29,1,0
BRDA:261,30,0,0
BRDA:261,30,1,0
BRDA:261,31,0,0
BRDA:261,31,1,0
BRDA:290,32,0,0
BRDA:290,32,1,0
BRDA:303,33,0,0
BRDA:305,34,0,0
BRDA:306,35,0,0
BRDA:307,36,0,0
BRDA:346,37,0,0
BRDA:346,37,1,0
BRDA:352,38,0,0
BRDA:352,38,1,0
BRDA:352,39,0,0
BRDA:352,39,1,0
BRDA:368,40,0,0
BRDA:368,40,1,0
BRDA:372,41,0,0
BRDA:372,41,1,0
BRF:79
BRH:0
end_of_record
TN:
SF:src/search/index.js
FNF:0
FNH:0
LF:0
LH:0
BRF:0
BRH:0
end_of_record
TN:
SF:src/search/product-matcher.js
FN:20,levenshteinDistance
FN:53,normalizeText
FN:68,tokenize
FN:71,(anonymous_3)
FN:80,wordOverlapScore
FN:105,sequentialMatchScore
FN:139,brandMatchScore
FN:154,(anonymous_7)
FN:172,priceScore
FN:188,(anonymous_9)
FN:189,(anonymous_10)
FN:206,calculateMatchScore
FN:216,(anonymous_12)
FN:264,getConfidenceLevel
FN:279,findBestMatch
FN:292,(anonymous_15)
FN:293,(anonymous_16)
FN:296,(anonymous_17)
FN:315,(anonymous_18)
FN:318,(anonymous_19)
FN:321,(anonymous_20)
FN:346,comparePrices
FN:358,(anonymous_22)
FN:372,(anonymous_23)
FN:376,(anonymous_24)
FN:402,(anonymous_25)
FN:404,(anonymous_26)
FN:422,(anonymous_27)
FNF:28
FNH:18
FNDA:0,levenshteinDistance
FNDA:60,normalizeText
FNDA:36,tokenize
FNDA:106,(anonymous_3)
FNDA:12,wordOverlapScore
FNDA:12,sequentialMatchScore
FNDA:12,brandMatchScore
FNDA:356,(anonymous_7)
FNDA:12,priceScore
FNDA:27,(anonymous_9)
FNDA:36,(anonymous_10)
FNDA:12,calculateMatchScore
FNDA:0,(anonymous_12)
FNDA:12,getConfidenceLevel
FNDA:4,findBestMatch
FNDA:9,(anonymous_15)
FNDA:9,(anonymous_16)
FNDA:9,(anonymous_17)
FNDA:10,(anonymous_18)
FNDA:9,(anonymous_19)
FNDA:0,(anonymous_20)
FNDA:0,comparePrices
FNDA:0,(anonymous_22)
FNDA:0,(anonymous_23)
FNDA:0,(anonymous_24)
FNDA:0,(anonymous_25)
FNDA:0,(anonymous_26)
FNDA:0,(anonymous_27)
DA:21,0
DA:23,0
DA:24,0
DA:27,0
DA:28,0
DA:31,0
DA:32,0
DA:33,0
DA:34,0
DA:36,0
DA:45,0
DA:54,60
DA:56,48
DA:69,36
DA:71,106
DA:81,12
DA:83,12
DA:84,12
DA:86,12
DA:87,12
DA:88,26
DA:89,12
DA:94,12
DA:95,12
DA:106,12
DA:108,12
DA:109,12
DA:110,12
DA:112,12
DA:113,26
DA:114,26
DA:115,67
DA:116,12
DA:117,12
DA:118,12
DA:119,12
DA:122,26
DA:123,14
DA:124,14
DA:128,12
DA:129,12
DA:140,12
DA:141,12
DA:142,12
DA:145,12
DA:152,12
DA:154,356
DA:156,6
DA:157,3
DA:162,9
DA:173,12
DA:176,12
DA:177,0
DA:180,0
DA:181,0
DA:183,0
DA:187,12
DA:188,27
DA:189,36
DA:191,9
DA:192,9
DA:193,6
DA:195,3
DA:198,3
DA:215,12
DA:216,12
DA:217,12
DA:218,12
DA:221,12
DA:232,12
DA:241,12
DA:242,12
DA:244,12
DA:245,60
DA:246,60
DA:249,12
DA:251,12
DA:265,12
DA:266,11
DA:267,9
DA:268,6
DA:284,4
DA:286,4
DA:287,1
DA:291,3
DA:292,9
DA:293,9
DA:296,3
DA:297,9
DA:307,9
DA:315,10
DA:318,9
DA:320,3
DA:321,0
DA:324,3
DA:326,3
DA:334,3
DA:347,0
DA:348,0
DA:358,0
DA:360,0
DA:361,0
DA:372,0
DA:374,0
DA:375,0
DA:376,0
DA:377,0
DA:378,0
DA:379,0
DA:382,0
DA:384,0
DA:385,0
DA:392,0
DA:393,0
DA:402,0
DA:403,0
DA:404,0
DA:405,0
DA:406,0
DA:414,0
DA:422,0
LF:121
LH:81
BRDA:33,0,0,0
BRDA:33,0,1,0
BRDA:54,1,0,12
BRDA:54,1,1,48
BRDA:81,2,0,0
BRDA:81,2,1,12
BRDA:81,3,0,12
BRDA:81,3,1,12
BRDA:88,4,0,12
BRDA:88,4,1,14
BRDA:106,5,0,0
BRDA:106,5,1,12
BRDA:106,6,0,12
BRDA:106,6,1,12
BRDA:115,7,0,12
BRDA:115,7,1,55
BRDA:115,8,0,67
BRDA:115,8,1,55
BRDA:122,9,0,14
BRDA:122,9,1,12
BRDA:142,10,0,12
BRDA:142,10,1,12
BRDA:154,11,0,6
BRDA:154,11,1,15
BRDA:154,12,0,356
BRDA:154,12,1,350
BRDA:156,13,0,3
BRDA:156,13,1,3
BRDA:156,14,0,6
BRDA:156,14,1,3
BRDA:172,15,0,0
BRDA:173,16,0,0
BRDA:173,16,1,12
BRDA:173,17,0,12
BRDA:173,17,1,12
BRDA:176,18,0,0
BRDA:176,18,1,12
BRDA:176,19,0,12
BRDA:176,19,1,0
BRDA:180,20,0,0
BRDA:180,20,1,0
BRDA:180,21,0,0
BRDA:180,21,1,0
BRDA:187,22,0,9
BRDA:187,22,1,3
BRDA:192,23,0,6
BRDA:192,23,1,3
BRDA:192,24,0,9
BRDA:192,24,1,6
BRDA:208,25,0,3
BRDA:213,26,0,3
BRDA:224,27,0,0
BRDA:224,27,1,12
BRDA:265,28,0,1
BRDA:265,28,1,11
BRDA:266,29,0,2
BRDA:266,29,1,9
BRDA:267,30,0,3
BRDA:267,30,1,6
BRDA:279,31,0,0
BRDA:281,32,0,4
BRDA:282,33,0,3
BRDA:283,34,0,4
BRDA:286,35,0,1
BRDA:286,35,1,3
BRDA:286,36,0,4
BRDA:286,36,1,4
BRDA:293,37,0,9
BRDA:293,37,1,9
BRDA:320,38,0,0
BRDA:320,38,1,3
BRDA:324,39,0,3
BRDA:324,39,1,1
BRDA:347,40,0,0
BRDA:347,40,1,0
BRDA:347,41,0,0
BRDA:347,41,1,0
BRDA:358,42,0,0
BRDA:358,42,1,0
BRDA:360,43,0,0
BRDA:360,43,1,0
BRDA:384,44,0,0
BRDA:384,44,1,0
BRDA:392,45,0,0
BRDA:392,45,1,0
BRDA:403,46,0,0
BRDA:403,46,1,0
BRDA:405,47,0,0
BRDA:405,47,1,0
BRDA:405,48,0,0
BRDA:405,48,1,0
BRF:91
BRH:58
end_of_record
TN:
SF:src/search/search-engine.js
FN:82,randomDelay
FN:84,(anonymous_1)
FN:90,buildBingSearchUrl
FN:102,generateCvid
FN:114,extractDomain
FN:126,getEcommerceDomainInfo
FN:130,(anonymous_6)
FN:136,isExcludedDomain
FN:140,(anonymous_8)
FN:146,parseBingResults
FN:233,getRandomFirefoxUA
FN:240,createStealthContext
FN:268,(anonymous_12)
FN:270,(anonymous_13)
FN:274,(anonymous_14)
FN:282,(anonymous_15)
FN:285,(anonymous_16)
FN:288,(anonymous_17)
FN:291,(anonymous_18)
FN:296,(anonymous_19)
FN:297,(anonymous_20)
FN:303,(anonymous_21)
FN:320,searchBing
FN:373,(anonymous_23)
FN:386,(anonymous_24)
FN:391,(anonymous_25)
FN:400,(anonymous_26)
FN:410,(anonymous_27)
FN:425,searchProduct
FN:486,searchProductWithFallback
FN:504,getKnownEcommerceDomains
FN:511,addEcommerceDomain
FN:512,(anonymous_32)
FNF:33
FNH:0
FNDA:0,randomDelay
FNDA:0,(anonymous_1)
FNDA:0,buildBingSearchUrl
FNDA:0,generateCvid
FNDA:0,extractDomain
FNDA:0,getEcommerceDomainInfo
FNDA:0,(anonymous_6)
FNDA:0,isExcludedDomain
FNDA:0,(anonymous_8)
FNDA:0,parseBingResults
FNDA:0,getRandomFirefoxUA
FNDA:0,createStealthContext
FNDA:0,(anonymous_12)
FNDA:0,(anonymous_13)
FNDA:0,(anonymous_14)
FNDA:0,(anonymous_15)
FNDA:0,(anonymous_16)
FNDA:0,(anonymous_17)
FNDA:0,(anonymous_18)
FNDA:0,(anonymous_19)
FNDA:0,(anonymous_20)
FNDA:0,(anonymous_21)
FNDA:0,searchBing
FNDA:0,(anonymous_23)
FNDA:0,(anonymous_24)
FNDA:0,(anonymous_25)
FNDA:0,(anonymous_26)
FNDA:0,(anonymous_27)
FNDA:0,searchProduct
FNDA:0,searchProductWithFallback
FNDA:0,getKnownEcommerceDomains
FNDA:0,addEcommerceDomain
FNDA:0,(anonymous_32)
DA:19,0
DA:53,0
DA:71,0
DA:83,0
DA:84,0
DA:92,0
DA:96,0
DA:103,0
DA:104,0
DA:105,0
DA:106,0
DA:108,0
DA:115,0
DA:116,0
DA:117,0
DA:119,0
DA:127,0
DA:128,0
DA:130,0
DA:137,0
DA:138,0
DA:140,0
DA:147,0
DA:149,0
DA:151,0
DA:157,0
DA:158,0
DA:159,0
DA:160,0
DA:161,0
DA:162,0
DA:166,0
DA:167,0
DA:169,0
DA:170,0
DA:172,0
DA:173,0
DA:176,0
DA:177,0
DA:178,0
DA:179,0
DA:180,0
DA:182,0
DA:183,0
DA:186,0
DA:191,0
DA:192,0
DA:195,0
DA:196,0
DA:200,0
DA:202,0
DA:212,0
DA:216,0
DA:219,0
DA:225,0
DA:234,0
DA:242,0
DA:244,0
DA:268,0
DA:270,0
DA:273,0
DA:274,0
DA:282,0
DA:285,0
DA:288,0
DA:291,0
DA:294,0
DA:302,0
DA:303,0
DA:304,0
DA:310,0
DA:325,0
DA:327,0
DA:328,0
DA:331,0
DA:334,0
DA:336,0
DA:337,0
DA:339,0
DA:340,0
DA:341,0
DA:342,0
DA:344,0
DA:346,0
DA:349,0
DA:355,0
DA:356,0
DA:357,0
DA:359,0
DA:363,0
DA:366,0
DA:367,0
DA:368,0
DA:369,0
DA:373,0
DA:374,0
DA:377,0
DA:380,0
DA:382,0
DA:385,0
DA:386,0
DA:390,0
DA:391,0
DA:395,0
DA:397,0
DA:400,0
DA:403,0
DA:406,0
DA:407,0
DA:409,0
DA:410,0
DA:412,0
DA:413,0
DA:430,0
DA:433,0
DA:434,0
DA:436,0
DA:438,0
DA:439,0
DA:441,0
DA:442,0
DA:443,0
DA:446,0
DA:452,0
DA:453,0
DA:457,0
DA:458,0
DA:460,0
DA:463,0
DA:469,0
DA:470,0
DA:475,0
DA:476,0
DA:480,0
DA:488,0
DA:489,0
DA:490,0
DA:491,0
DA:494,0
DA:498,0
DA:505,0
DA:512,0
DA:513,0
DA:518,0
LF:144
LH:0
BRDA:82,0,0,0
BRDA:82,1,0,0
BRDA:90,2,0,0
BRDA:128,3,0,0
BRDA:128,3,1,0
BRDA:138,4,0,0
BRDA:138,4,1,0
BRDA:160,5,0,0
BRDA:160,5,1,0
BRDA:170,6,0,0
BRDA:170,6,1,0
BRDA:176,7,0,0
BRDA:176,7,1,0
BRDA:176,8,0,0
BRDA:176,8,1,0
BRDA:180,9,0,0
BRDA:180,9,1,0
BRDA:192,10,0,0
BRDA:192,10,1,0
BRDA:195,11,0,0
BRDA:195,11,1,0
BRDA:195,12,0,0
BRDA:195,12,1,0
BRDA:195,12,2,0
BRDA:204,13,0,0
BRDA:204,13,1,0
BRDA:205,14,0,0
BRDA:205,14,1,0
BRDA:208,15,0,0
BRDA:208,15,1,0
BRDA:209,16,0,0
BRDA:209,16,1,0
BRDA:304,17,0,0
BRDA:304,17,1,0
BRDA:320,18,0,0
BRDA:322,19,0,0
BRDA:323,20,0,0
BRDA:324,21,0,0
BRDA:367,22,0,0
BRDA:367,22,1,0
BRDA:385,23,0,0
BRDA:385,23,1,0
BRDA:390,24,0,0
BRDA:390,24,1,0
BRDA:409,25,0,0
BRDA:409,25,1,0
BRDA:412,26,0,0
BRDA:412,26,1,0
BRDA:425,27,0,0
BRDA:427,28,0,0
BRDA:428,29,0,0
BRDA:429,30,0,0
BRDA:441,31,0,0
BRDA:441,31,1,0
BRDA:452,32,0,0
BRDA:452,32,1,0
BRDA:457,33,0,0
BRDA:457,33,1,0
BRDA:469,34,0,0
BRDA:469,34,1,0
BRDA:480,35,0,0
BRDA:480,35,1,0
BRDA:486,36,0,0
BRDA:490,37,0,0
BRDA:490,37,1,0
BRDA:511,38,0,0
BRDA:512,39,0,0
BRDA:512,39,1,0
BRF:68
BRH:0
end_of_record
TN:
SF:src/search/search-orchestrator.js
FN:41,(anonymous_0)
FN:41,(anonymous_1)
FN:49,filterSearchResults
FN:60,(anonymous_3)
FN:65,(anonymous_4)
FN:67,(anonymous_5)
FN:77,(anonymous_6)
FN:89,scrapeWithRetry
FN:118,searchAndScrape
FN:197,(anonymous_9)
FN:295,findProduct
FN:301,(anonymous_11)
FN:317,searchProductOnSites
FN:319,(anonymous_13)
FN:335,batchSearch
FN:390,getOrchestratorStats
FNF:16
FNH:0
FNDA:0,(anonymous_0)
FNDA:0,(anonymous_1)
FNDA:0,filterSearchResults
FNDA:0,(anonymous_3)
FNDA:0,(anonymous_4)
FNDA:0,(anonymous_5)
FNDA:0,(anonymous_6)
FNDA:0,scrapeWithRetry
FNDA:0,searchAndScrape
FNDA:0,(anonymous_9)
FNDA:0,findProduct
FNDA:0,(anonymous_11)
FNDA:0,searchProductOnSites
FNDA:0,(anonymous_13)
FNDA:0,batchSearch
FNDA:0,getOrchestratorStats
DA:28,0
DA:41,0
DA:54,0
DA:56,0
DA:59,0
DA:60,0
DA:64,0
DA:65,0
DA:66,0
DA:67,0
DA:68,0
DA:71,0
DA:77,0
DA:80,0
DA:90,0
DA:92,0
DA:93,0
DA:94,0
DA:95,0
DA:96,0
DA:99,0
DA:100,0
DA:102,0
DA:103,0
DA:108,0
DA:126,0
DA:128,0
DA:129,0
DA:131,0
DA:134,0
DA:135,0
DA:136,0
DA:137,0
DA:140,0
DA:162,0
DA:164,0
DA:166,0
DA:171,0
DA:172,0
DA:173,0
DA:174,0
DA:176,0
DA:182,0
DA:183,0
DA:184,0
DA:185,0
DA:189,0
DA:194,0
DA:197,0
DA:201,0
DA:203,0
DA:204,0
DA:206,0
DA:207,0
DA:209,0
DA:211,0
DA:212,0
DA:217,0
DA:219,0
DA:220,0
DA:224,0
DA:225,0
DA:226,0
DA:230,0
DA:231,0
DA:235,0
DA:237,0
DA:245,0
DA:246,0
DA:257,0
DA:260,0
DA:264,0
DA:266,0
DA:268,0
DA:276,0
DA:279,0
DA:280,0
DA:281,0
DA:283,0
DA:296,0
DA:298,0
DA:299,0
DA:301,0
DA:306,0
DA:319,0
DA:320,0
DA:322,0
DA:339,0
DA:341,0
DA:343,0
DA:344,0
DA:346,0
DA:347,0
DA:353,0
DA:359,0
DA:366,0
DA:373,0
DA:374,0
DA:379,0
DA:380,0
DA:384,0
DA:391,0
LF:102
LH:0
BRDA:49,0,0,0
BRDA:51,1,0,0
BRDA:52,2,0,0
BRDA:53,3,0,0
BRDA:59,4,0,0
BRDA:59,4,1,0
BRDA:64,5,0,0
BRDA:64,5,1,0
BRDA:68,6,0,0
BRDA:68,6,1,0
BRDA:73,7,0,0
BRDA:73,7,1,0
BRDA:89,8,0,0
BRDA:95,9,0,0
BRDA:95,9,1,0
BRDA:102,10,0,0
BRDA:102,10,1,0
BRDA:118,11,0,0
BRDA:120,12,0,0
BRDA:121,13,0,0
BRDA:122,14,0,0
BRDA:123,15,0,0
BRDA:124,16,0,0
BRDA:125,17,0,0
BRDA:129,18,0,0
BRDA:129,18,1,0
BRDA:135,19,0,0
BRDA:135,19,1,0
BRDA:182,20,0,0
BRDA:182,20,1,0
BRDA:211,21,0,0
BRDA:211,21,1,0
BRDA:230,22,0,0
BRDA:230,22,1,0
BRDA:245,23,0,0
BRDA:245,23,1,0
BRDA:295,24,0,0
BRDA:298,25,0,0
BRDA:298,25,1,0
BRDA:317,26,0,0
BRDA:335,27,0,0
BRDA:337,28,0,0
BRDA:338,29,0,0
BRDA:354,30,0,0
BRDA:354,30,1,0
BRDA:373,31,0,0
BRDA:373,31,1,0
BRDA:379,32,0,0
BRDA:379,32,1,0
BRF:49
BRH:0
end_of_record
TN:
SF:src/search/site-registry.js
FN:296,detectSite
FN:304,(anonymous_1)
FN:325,getScraperForUrl
FN:337,getSelectorsForUrl
FN:347,getRateLimitForUrl
FN:357,isSupportedSite
FN:367,getSiteName
FN:376,getAllSites
FN:385,registerSite
FNF:9
FNH:0
FNDA:0,detectSite
FNDA:0,(anonymous_1)
FNDA:0,getScraperForUrl
FNDA:0,getSelectorsForUrl
FNDA:0,getRateLimitForUrl
FNDA:0,isSupportedSite
FNDA:0,getSiteName
FNDA:0,getAllSites
FNDA:0,registerSite
DA:19,0
DA:218,0
DA:297,0
DA:298,0
DA:299,0
DA:301,0
DA:302,0
DA:304,0
DA:305,0
DA:306,0
DA:311,0
DA:312,0
DA:315,0
DA:316,0
DA:326,0
DA:327,0
DA:329,0
DA:338,0
DA:339,0
DA:348,0
DA:349,0
DA:358,0
DA:359,0
DA:368,0
DA:369,0
DA:377,0
DA:386,0
DA:392,0
DA:393,0
DA:396,0
LF:30
LH:0
BRDA:302,0,0,0
BRDA:302,0,1,0
BRDA:304,1,0,0
BRDA:304,1,1,0
BRDA:327,2,0,0
BRDA:327,2,1,0
BRDA:339,3,0,0
BRDA:339,3,1,0
BRDA:349,4,0,0
BRDA:349,4,1,0
BRDA:369,5,0,0
BRDA:369,5,1,0
BRDA:392,6,0,0
BRDA:392,6,1,0
BRF:14
BRH:0
end_of_record
TN:
SF:src/search/universal-scraper.js
FN:27,trySelectors
FN:53,extractSchemaOrg
FN:112,parsePrice
FN:155,detectCurrency
FN:184,checkAvailability
FN:212,scrapeProduct
FN:335,scrapeMultipleProducts
FNF:7
FNH:0
FNDA:0,trySelectors
FNDA:0,extractSchemaOrg
FNDA:0,parsePrice
FNDA:0,detectCurrency
FNDA:0,checkAvailability
FNDA:0,scrapeProduct
FNDA:0,scrapeMultipleProducts
DA:28,0
DA:29,0
DA:30,0
DA:31,0
DA:32,0
DA:33,0
DA:34,0
DA:35,0
DA:39,0
DA:43,0
DA:44,0
DA:54,0
DA:55,0
DA:57,0
DA:58,0
DA:59,0
DA:60,0
DA:63,0
DA:65,0
DA:67,0
DA:70,0
DA:82,0
DA:83,0
DA:84,0
DA:85,0
DA:86,0
DA:87,0
DA:90,0
DA:91,0
DA:92,0
DA:97,0
DA:101,0
DA:104,0
DA:113,0
DA:116,0
DA:120,0
DA:122,0
DA:123,0
DA:125,0
DA:127,0
DA:130,0
DA:132,0
DA:134,0
DA:135,0
DA:137,0
DA:140,0
DA:143,0
DA:146,0
DA:156,0
DA:158,0
DA:169,0
DA:170,0
DA:171,0
DA:175,0
DA:185,0
DA:187,0
DA:189,0
DA:190,0
DA:191,0
DA:193,0
DA:196,0
DA:197,0
DA:202,0
DA:217,0
DA:219,0
DA:220,0
DA:221,0
DA:222,0
DA:226,0
DA:227,0
DA:228,0
DA:232,0
DA:235,0
DA:237,0
DA:239,0
DA:240,0
DA:244,0
DA:247,0
DA:248,0
DA:250,0
DA:253,0
DA:254,0
DA:258,0
DA:259,0
DA:261,0
DA:262,0
DA:263,0
DA:265,0
DA:266,0
DA:269,0
DA:270,0
DA:273,0
DA:274,0
DA:276,0
DA:286,0
DA:302,0
DA:303,0
DA:304,0
DA:305,0
DA:306,0
DA:309,0
DA:316,0
DA:319,0
DA:320,0
DA:322,0
DA:323,0
DA:339,0
DA:341,0
DA:343,0
DA:344,0
DA:345,0
DA:346,0
DA:353,0
DA:360,0
DA:361,0
DA:366,0
LF:116
LH:0
BRDA:31,0,0,0
BRDA:31,0,1,0
BRDA:33,1,0,0
BRDA:33,1,1,0
BRDA:33,2,0,0
BRDA:33,2,1,0
BRDA:63,3,0,0
BRDA:63,3,1,0
BRDA:67,4,0,0
BRDA:67,4,1,0
BRDA:67,5,0,0
BRDA:67,5,1,0
BRDA:76,6,0,0
BRDA:76,6,1,0
BRDA:82,7,0,0
BRDA:82,7,1,0
BRDA:83,8,0,0
BRDA:83,8,1,0
BRDA:84,9,0,0
BRDA:84,9,1,0
BRDA:85,10,0,0
BRDA:85,10,1,0
BRDA:90,11,0,0
BRDA:90,11,1,0
BRDA:90,12,0,0
BRDA:90,12,1,0
BRDA:113,13,0,0
BRDA:113,13,1,0
BRDA:120,14,0,0
BRDA:120,14,1,0
BRDA:120,15,0,0
BRDA:120,15,1,0
BRDA:125,16,0,0
BRDA:125,16,1,0
BRDA:132,17,0,0
BRDA:132,17,1,0
BRDA:135,18,0,0
BRDA:135,18,1,0
BRDA:146,19,0,0
BRDA:146,19,1,0
BRDA:156,20,0,0
BRDA:156,20,1,0
BRDA:170,21,0,0
BRDA:170,21,1,0
BRDA:187,22,0,0
BRDA:187,22,1,0
BRDA:190,23,0,0
BRDA:190,23,1,0
BRDA:197,24,0,0
BRDA:197,24,1,0
BRDA:197,24,2,0
BRDA:197,24,3,0
BRDA:212,25,0,0
BRDA:214,26,0,0
BRDA:215,27,0,0
BRDA:216,28,0,0
BRDA:220,29,0,0
BRDA:220,29,1,0
BRDA:226,30,0,0
BRDA:226,30,1,0
BRDA:253,31,0,0
BRDA:253,31,1,0
BRDA:258,32,0,0
BRDA:258,32,1,0
BRDA:258,33,0,0
BRDA:258,33,1,0
BRDA:259,34,0,0
BRDA:259,34,1,0
BRDA:265,35,0,0
BRDA:265,35,1,0
BRDA:269,36,0,0
BRDA:269,36,1,0
BRDA:291,37,0,0
BRDA:291,37,1,0
BRDA:303,38,0,0
BRDA:303,38,1,0
BRDA:322,39,0,0
BRDA:322,39,1,0
BRDA:335,40,0,0
BRDA:337,41,0,0
BRDA:338,42,0,0
BRDA:360,43,0,0
BRDA:360,43,1,0
BRF:83
BRH:0
end_of_record
TN:
SF:src/server/api-server.js
FN:24,parseBody
FN:25,(anonymous_1)
FN:27,(anonymous_2)
FN:34,(anonymous_3)
FN:52,sendJSON
FN:61,sendError
FN:73,getPagination
FN:84,(anonymous_7)
FN:88,(anonymous_8)
FN:93,(anonymous_9)
FN:97,(anonymous_10)
FN:98,(anonymous_11)
FN:99,(anonymous_12)
FN:100,(anonymous_13)
FN:101,(anonymous_14)
FN:103,(anonymous_15)
FN:110,(anonymous_16)
FN:130,(anonymous_17)
FN:191,(anonymous_18)
FN:235,(anonymous_19)
FN:284,(anonymous_20)
FN:326,(anonymous_21)
FN:385,(anonymous_22)
FN:408,(anonymous_23)
FN:461,(anonymous_24)
FN:520,(anonymous_25)
FN:543,(anonymous_26)
FN:561,(anonymous_27)
FN:583,(anonymous_28)
FN:605,(anonymous_29)
FN:631,(anonymous_30)
FN:659,(anonymous_31)
FN:679,(anonymous_32)
FN:717,handleRequest
FN:796,startApiServer
FN:797,(anonymous_35)
FN:800,(anonymous_36)
FN:809,(anonymous_37)
FN:826,stopApiServer
FN:827,(anonymous_39)
FN:829,(anonymous_40)
FNF:41
FNH:30
FNDA:4,parseBody
FNDA:4,(anonymous_1)
FNDA:4,(anonymous_2)
FNDA:4,(anonymous_3)
FNDA:14,sendJSON
FNDA:4,sendError
FNDA:7,getPagination
FNDA:3,(anonymous_7)
FNDA:48,(anonymous_8)
FNDA:24,(anonymous_9)
FNDA:27,(anonymous_10)
FNDA:12,(anonymous_11)
FNDA:0,(anonymous_12)
FNDA:3,(anonymous_13)
FNDA:6,(anonymous_14)
FNDA:14,(anonymous_15)
FNDA:3,(anonymous_16)
FNDA:2,(anonymous_17)
FNDA:2,(anonymous_18)
FNDA:0,(anonymous_19)
FNDA:0,(anonymous_20)
FNDA:1,(anonymous_21)
FNDA:0,(anonymous_22)
FNDA:4,(anonymous_23)
FNDA:0,(anonymous_24)
FNDA:1,(anonymous_25)
FNDA:0,(anonymous_26)
FNDA:0,(anonymous_27)
FNDA:2,(anonymous_28)
FNDA:2,(anonymous_29)
FNDA:0,(anonymous_30)
FNDA:0,(anonymous_31)
FNDA:0,(anonymous_32)
FNDA:14,handleRequest
FNDA:3,startApiServer
FNDA:3,(anonymous_35)
FNDA:0,(anonymous_36)
FNDA:3,(anonymous_37)
FNDA:3,stopApiServer
FNDA:3,(anonymous_39)
FNDA:3,(anonymous_40)
DA:16,3
DA:17,3
DA:19,3
DA:25,4
DA:26,4
DA:27,4
DA:28,4
DA:30,4
DA:31,0
DA:34,4
DA:35,4
DA:36,0
DA:37,0
DA:39,4
DA:40,4
DA:42,0
DA:45,4
DA:53,14
DA:54,14
DA:55,14
DA:62,4
DA:74,7
DA:75,7
DA:76,7
DA:77,7
DA:85,3
DA:90,48
DA:93,48
DA:94,48
DA:97,27
DA:98,12
DA:99,0
DA:100,3
DA:101,6
DA:104,14
DA:105,98
DA:107,42
DA:108,42
DA:109,14
DA:110,14
DA:111,3
DA:113,14
DA:114,14
DA:117,0
DA:121,3
DA:130,3
DA:131,2
DA:132,2
DA:133,2
DA:134,2
DA:136,2
DA:153,2
DA:154,2
DA:155,0
DA:156,0
DA:159,2
DA:160,2
DA:161,2
DA:163,2
DA:166,2
DA:167,2
DA:168,0
DA:170,2
DA:171,2
DA:173,2
DA:183,0
DA:184,0
DA:191,3
DA:192,2
DA:193,2
DA:194,2
DA:195,1
DA:198,1
DA:215,1
DA:216,1
DA:220,0
DA:222,0
DA:227,0
DA:228,0
DA:235,3
DA:236,0
DA:237,0
DA:238,0
DA:239,0
DA:242,0
DA:243,0
DA:244,0
DA:246,0
DA:251,0
DA:253,0
DA:254,0
DA:257,0
DA:258,0
DA:260,0
DA:262,0
DA:264,0
DA:265,0
DA:266,0
DA:270,0
DA:276,0
DA:277,0
DA:284,3
DA:285,0
DA:286,0
DA:287,0
DA:288,0
DA:291,0
DA:292,0
DA:293,0
DA:296,0
DA:299,0
DA:301,0
DA:302,0
DA:303,0
DA:306,0
DA:308,0
DA:309,0
DA:311,0
DA:314,0
DA:315,0
DA:326,3
DA:327,1
DA:328,1
DA:329,1
DA:330,1
DA:331,1
DA:333,1
DA:334,1
DA:335,1
DA:337,1
DA:338,0
DA:339,0
DA:342,1
DA:343,0
DA:344,0
DA:347,1
DA:348,1
DA:350,1
DA:353,1
DA:354,1
DA:355,1
DA:356,1
DA:357,0
DA:358,0
DA:360,1
DA:361,0
DA:362,0
DA:364,1
DA:365,1
DA:367,1
DA:377,0
DA:378,0
DA:385,3
DA:386,0
DA:387,0
DA:388,0
DA:389,0
DA:392,0
DA:394,0
DA:395,0
DA:398,0
DA:400,0
DA:401,0
DA:408,3
DA:409,4
DA:410,4
DA:413,4
DA:416,4
DA:418,1
DA:419,0
DA:421,1
DA:430,3
DA:431,0
DA:433,3
DA:441,3
DA:443,3
DA:444,3
DA:449,1
DA:451,1
DA:452,1
DA:454,0
DA:461,3
DA:462,0
DA:463,0
DA:464,0
DA:465,0
DA:468,0
DA:469,0
DA:470,0
DA:471,0
DA:473,0
DA:474,0
DA:475,0
DA:477,0
DA:478,0
DA:479,0
DA:481,0
DA:482,0
DA:483,0
DA:485,0
DA:486,0
DA:487,0
DA:490,0
DA:491,0
DA:494,0
DA:495,0
DA:497,0
DA:502,0
DA:503,0
DA:506,0
DA:507,0
DA:512,0
DA:513,0
DA:520,3
DA:521,1
DA:522,1
DA:523,1
DA:524,0
DA:527,1
DA:529,0
DA:530,0
DA:532,1
DA:533,1
DA:535,0
DA:536,0
DA:543,3
DA:544,0
DA:545,0
DA:546,0
DA:547,0
DA:550,0
DA:551,0
DA:553,0
DA:554,0
DA:561,3
DA:562,0
DA:563,0
DA:564,0
DA:565,0
DA:568,0
DA:569,0
DA:571,0
DA:572,0
DA:583,3
DA:584,2
DA:585,2
DA:586,2
DA:587,2
DA:589,2
DA:591,2
DA:597,0
DA:598,0
DA:605,3
DA:606,2
DA:607,2
DA:608,2
DA:609,2
DA:611,2
DA:613,2
DA:619,0
DA:620,0
DA:631,3
DA:632,0
DA:633,0
DA:636,0
DA:645,0
DA:651,0
DA:652,0
DA:659,3
DA:661,0
DA:679,3
DA:680,0
DA:681,0
DA:683,0
DA:684,0
DA:688,0
DA:689,0
DA:692,0
DA:694,0
DA:699,0
DA:705,0
DA:706,0
DA:718,14
DA:719,14
DA:722,14
DA:723,14
DA:724,14
DA:727,14
DA:728,0
DA:729,0
DA:730,0
DA:734,14
DA:735,0
DA:736,0
DA:739,14
DA:741,14
DA:743,14
DA:745,14
DA:747,0
DA:748,0
DA:782,0
DA:786,0
DA:787,0
DA:788,0
DA:797,3
DA:798,3
DA:800,3
DA:801,0
DA:802,0
DA:803,0
DA:805,0
DA:809,3
DA:811,3
DA:812,3
DA:813,3
DA:818,3
DA:827,3
DA:828,3
DA:829,3
DA:830,3
DA:831,3
DA:832,3
DA:835,0
LF:323
LH:156
BRDA:16,0,0,3
BRDA:16,0,1,3
BRDA:30,1,0,0
BRDA:30,1,1,4
BRDA:35,2,0,0
BRDA:35,2,1,4
BRDA:61,3,0,3
BRDA:74,4,0,7
BRDA:74,4,1,6
BRDA:75,5,0,7
BRDA:75,5,1,5
BRDA:105,6,0,56
BRDA:105,6,1,42
BRDA:108,7,0,14
BRDA:108,7,1,28
BRDA:154,8,0,0
BRDA:154,8,1,2
BRDA:167,9,0,0
BRDA:167,9,1,2
BRDA:170,10,0,0
BRDA:170,10,1,2
BRDA:194,11,0,1
BRDA:194,11,1,1
BRDA:215,12,0,1
BRDA:215,12,1,0
BRDA:238,13,0,0
BRDA:238,13,1,0
BRDA:243,14,0,0
BRDA:243,14,1,0
BRDA:244,15,0,0
BRDA:244,15,1,0
BRDA:253,16,0,0
BRDA:253,16,1,0
BRDA:262,17,0,0
BRDA:262,17,1,0
BRDA:265,18,0,0
BRDA:265,18,1,0
BRDA:287,19,0,0
BRDA:287,19,1,0
BRDA:301,20,0,0
BRDA:301,20,1,0
BRDA:337,21,0,0
BRDA:337,21,1,1
BRDA:342,22,0,0
BRDA:342,22,1,1
BRDA:342,23,0,1
BRDA:342,23,1,0
BRDA:356,24,0,0
BRDA:356,24,1,1
BRDA:360,25,0,0
BRDA:360,25,1,1
BRDA:360,26,0,1
BRDA:360,26,1,0
BRDA:388,27,0,0
BRDA:388,27,1,0
BRDA:394,28,0,0
BRDA:394,28,1,0
BRDA:413,29,0,4
BRDA:413,29,1,1
BRDA:416,30,0,1
BRDA:416,30,1,3
BRDA:418,31,0,0
BRDA:418,31,1,1
BRDA:423,32,0,1
BRDA:423,32,1,0
BRDA:424,33,0,1
BRDA:424,33,1,1
BRDA:426,34,0,1
BRDA:426,34,1,1
BRDA:430,35,0,0
BRDA:430,35,1,3
BRDA:437,36,0,3
BRDA:437,36,1,3
BRDA:443,37,0,1
BRDA:443,37,1,2
BRDA:451,38,0,1
BRDA:451,38,1,0
BRDA:451,39,0,1
BRDA:451,39,1,1
BRDA:464,40,0,0
BRDA:464,40,1,0
BRDA:473,41,0,0
BRDA:473,41,1,0
BRDA:477,42,0,0
BRDA:477,42,1,0
BRDA:481,43,0,0
BRDA:481,43,1,0
BRDA:485,44,0,0
BRDA:485,44,1,0
BRDA:490,45,0,0
BRDA:490,45,1,0
BRDA:502,46,0,0
BRDA:502,46,1,0
BRDA:523,47,0,0
BRDA:523,47,1,1
BRDA:532,48,0,1
BRDA:532,48,1,0
BRDA:546,49,0,0
BRDA:546,49,1,0
BRDA:564,50,0,0
BRDA:564,50,1,0
BRDA:586,51,0,2
BRDA:586,51,1,1
BRDA:608,52,0,2
BRDA:608,52,1,1
BRDA:668,53,0,0
BRDA:668,53,1,0
BRDA:683,54,0,0
BRDA:683,54,1,0
BRDA:695,55,0,0
BRDA:695,55,1,0
BRDA:696,56,0,0
BRDA:696,56,1,0
BRDA:727,57,0,0
BRDA:727,57,1,14
BRDA:734,58,0,0
BRDA:734,58,1,14
BRDA:739,59,0,14
BRDA:739,59,1,0
BRDA:745,60,0,0
BRDA:745,60,1,14
BRDA:747,61,0,0
BRDA:747,61,1,0
BRDA:747,62,0,0
BRDA:747,62,1,0
BRDA:787,63,0,0
BRDA:787,63,1,0
BRDA:796,64,0,0
BRDA:801,65,0,0
BRDA:801,65,1,0
BRDA:828,66,0,3
BRDA:828,66,1,0
BRF:132
BRH:54
end_of_record
TN:
SF:src/server/health-server.js
FN:32,updateAppState
FN:39,recordScrapeAttempt
FN:51,recordError
FN:66,getHealthStatus
FN:139,(anonymous_4)
FN:140,(anonymous_5)
FN:167,handleRequest
FN:309,startHealthServer
FN:310,(anonymous_8)
FN:313,(anonymous_9)
FN:322,(anonymous_10)
FN:336,stopHealthServer
FN:337,(anonymous_12)
FN:339,(anonymous_13)
FNF:14
FNH:0
FNDA:0,updateAppState
FNDA:0,recordScrapeAttempt
FNDA:0,recordError
FNDA:0,getHealthStatus
FNDA:0,(anonymous_4)
FNDA:0,(anonymous_5)
FNDA:0,handleRequest
FNDA:0,startHealthServer
FNDA:0,(anonymous_8)
FNDA:0,(anonymous_9)
FNDA:0,(anonymous_10)
FNDA:0,stopHealthServer
FNDA:0,(anonymous_12)
FNDA:0,(anonymous_13)
DA:14,0
DA:16,0
DA:17,0
DA:20,0
DA:33,0
DA:40,0
DA:41,0
DA:42,0
DA:44,0
DA:45,0
DA:52,0
DA:58,0
DA:59,0
DA:67,0
DA:75,0
DA:76,0
DA:77,0
DA:78,0
DA:87,0
DA:94,0
DA:95,0
DA:96,0
DA:97,0
DA:102,0
DA:109,0
DA:110,0
DA:111,0
DA:112,0
DA:117,0
DA:124,0
DA:125,0
DA:126,0
DA:131,0
DA:138,0
DA:139,0
DA:140,0
DA:142,0
DA:168,0
DA:169,0
DA:172,0
DA:173,0
DA:175,0
DA:176,0
DA:180,0
DA:181,0
DA:183,0
DA:184,0
DA:185,0
DA:191,0
DA:192,0
DA:193,0
DA:195,0
DA:197,0
DA:198,0
DA:207,0
DA:214,0
DA:215,0
DA:226,0
DA:231,0
DA:233,0
DA:234,0
DA:239,0
DA:240,0
DA:246,0
DA:247,0
DA:249,0
DA:250,0
DA:251,0
DA:252,0
DA:254,0
DA:255,0
DA:256,0
DA:258,0
DA:263,0
DA:264,0
DA:265,0
DA:275,0
DA:280,0
DA:281,0
DA:292,0
DA:296,0
DA:297,0
DA:300,0
DA:301,0
DA:302,0
DA:310,0
DA:311,0
DA:313,0
DA:314,0
DA:315,0
DA:316,0
DA:318,0
DA:322,0
DA:323,0
DA:324,0
DA:325,0
DA:328,0
DA:337,0
DA:338,0
DA:339,0
DA:340,0
DA:341,0
DA:342,0
DA:345,0
LF:104
LH:0
BRDA:14,0,0,0
BRDA:14,0,1,0
BRDA:41,1,0,0
BRDA:41,1,1,0
BRDA:54,2,0,0
BRDA:54,2,1,0
BRDA:58,3,0,0
BRDA:58,3,1,0
BRDA:79,4,0,0
BRDA:79,4,1,0
BRDA:96,5,0,0
BRDA:96,5,1,0
BRDA:96,5,2,0
BRDA:98,6,0,0
BRDA:98,6,1,0
BRDA:113,7,0,0
BRDA:113,7,1,0
BRDA:143,8,0,0
BRDA:143,8,1,0
BRDA:143,9,0,0
BRDA:143,9,1,0
BRDA:145,10,0,0
BRDA:145,10,1,0
BRDA:146,11,0,0
BRDA:146,11,1,0
BRDA:155,12,0,0
BRDA:155,12,1,0
BRDA:176,13,0,0
BRDA:176,13,1,0
BRDA:176,13,2,0
BRDA:176,13,3,0
BRDA:176,13,4,0
BRDA:176,13,5,0
BRDA:176,13,6,0
BRDA:176,13,7,0
BRDA:176,13,8,0
BRDA:176,13,9,0
BRDA:181,14,0,0
BRDA:181,14,1,0
BRDA:182,15,0,0
BRDA:182,15,1,0
BRDA:193,16,0,0
BRDA:193,16,1,0
BRDA:193,16,2,0
BRDA:195,17,0,0
BRDA:195,17,1,0
BRDA:195,17,2,0
BRDA:197,18,0,0
BRDA:197,18,1,0
BRDA:218,19,0,0
BRDA:218,19,1,0
BRDA:235,20,0,0
BRDA:235,20,1,0
BRDA:235,20,2,0
BRDA:236,21,0,0
BRDA:236,21,1,0
BRDA:241,22,0,0
BRDA:241,22,1,0
BRDA:242,23,0,0
BRDA:242,23,1,0
BRDA:243,24,0,0
BRDA:243,24,1,0
BRDA:247,25,0,0
BRDA:247,25,1,0
BRDA:283,26,0,0
BRDA:283,26,1,0
BRDA:309,27,0,0
BRDA:314,28,0,0
BRDA:314,28,1,0
BRDA:338,29,0,0
BRDA:338,29,1,0
BRF:71
BRH:0
end_of_record
TN:
SF:src/services/exportService.js
FN:9,exportToJSON
FN:34,exportToCSV
FNF:2
FNH:0
FNDA:0,exportToJSON
FNDA:0,exportToCSV
DA:10,0
DA:12,0
DA:14,0
DA:17,0
DA:23,0
DA:26,0
DA:27,0
DA:35,0
LF:8
LH:0
BRDA:10,0,0,0
BRDA:10,0,1,0
BRF:2
BRH:0
end_of_record
TN:
SF:src/services/priceChangeService.js
FN:26,getThresholds
FN:39,calculatePriceChange
FN:73,shouldAlert
FN:104,getPreviousPrice
FN:121,getLatestPrice
FN:139,detectPriceChange
FN:201,getRecentPriceChanges
FN:246,getPriceSummary
FN:297,getBiggestPriceDrops
FNF:9
FNH:5
FNDA:9,getThresholds
FNDA:6,calculatePriceChange
FNDA:2,shouldAlert
FNDA:0,getPreviousPrice
FNDA:0,getLatestPrice
FNDA:0,detectPriceChange
FNDA:2,getRecentPriceChanges
FNDA:0,getPriceSummary
FNDA:2,getBiggestPriceDrops
DA:12,4
DA:27,9
DA:40,6
DA:41,1
DA:50,5
DA:51,5
DA:52,5
DA:54,5
DA:56,5
DA:59,5
DA:74,2
DA:76,2
DA:77,1
DA:80,1
DA:81,1
DA:88,0
DA:89,0
DA:96,0
DA:105,0
DA:113,0
DA:122,0
DA:130,0
DA:140,0
DA:145,0
DA:146,0
DA:149,0
DA:150,0
DA:151,0
DA:154,0
DA:155,0
DA:157,0
DA:159,0
DA:161,0
DA:163,0
DA:165,0
DA:176,0
DA:186,0
DA:193,0
DA:202,2
DA:204,2
DA:237,2
DA:247,0
DA:265,0
DA:267,0
DA:268,0
DA:271,0
DA:272,0
DA:273,0
DA:275,0
DA:298,2
DA:335,2
LF:51
LH:20
BRDA:29,0,0,9
BRDA:29,0,1,0
BRDA:40,1,0,1
BRDA:40,1,1,5
BRDA:40,2,0,6
BRDA:40,2,1,5
BRDA:40,2,2,5
BRDA:52,3,0,1
BRDA:52,3,1,4
BRDA:52,4,0,3
BRDA:52,4,1,1
BRDA:56,5,0,5
BRDA:56,5,1,4
BRDA:76,6,0,1
BRDA:76,6,1,1
BRDA:80,7,0,1
BRDA:80,7,1,0
BRDA:80,8,0,1
BRDA:80,8,1,1
BRDA:84,9,0,0
BRDA:84,9,1,1
BRDA:88,10,0,0
BRDA:88,10,1,0
BRDA:88,11,0,0
BRDA:88,11,1,0
BRDA:92,12,0,0
BRDA:92,12,1,0
BRDA:113,13,0,0
BRDA:113,13,1,0
BRDA:130,14,0,0
BRDA:130,14,1,0
BRDA:139,15,0,0
BRDA:145,16,0,0
BRDA:145,16,1,0
BRDA:149,17,0,0
BRDA:149,17,1,0
BRDA:159,18,0,0
BRDA:159,18,1,0
BRDA:201,19,0,0
BRDA:246,20,0,0
BRDA:267,21,0,0
BRDA:267,21,1,0
BRDA:267,22,0,0
BRDA:267,22,1,0
BRDA:267,22,2,0
BRDA:273,23,0,0
BRDA:273,23,1,0
BRDA:285,24,0,0
BRDA:285,24,1,0
BRDA:297,25,0,0
BRDA:297,26,0,0
BRF:51
BRH:18
end_of_record
TN:
SF:src/services/productService.js
FN:4,upsertProductAndHistory
FNF:1
FNH:0
FNDA:0,upsertProductAndHistory
DA:5,0
DA:6,0
DA:7,0
DA:8,0
DA:14,0
DA:15,0
DA:19,0
DA:20,0
DA:21,0
DA:23,0
DA:24,0
DA:25,0
DA:27,0
LF:13
LH:0
BRDA:17,0,0,0
BRDA:17,0,1,0
BRF:2
BRH:0
end_of_record
TN:
SF:src/services/retentionService.js
FN:29,getRetentionSettings
FN:40,ensureDailySamplesTable
FN:68,archiveToDailySamples
FN:104,cleanupPriceHistory
FN:160,cleanupStaleProducts
FN:211,cleanupSearchResults
FN:258,getDatabaseStats
FN:294,runRetentionCleanup
FN:329,getRetentionPolicy
FNF:9
FNH:2
FNDA:2,getRetentionSettings
FNDA:0,ensureDailySamplesTable
FNDA:0,archiveToDailySamples
FNDA:0,cleanupPriceHistory
FNDA:0,cleanupStaleProducts
FNDA:0,cleanupSearchResults
FNDA:0,getDatabaseStats
FNDA:0,runRetentionCleanup
FNDA:2,getRetentionPolicy
DA:11,4
DA:30,2
DA:41,0
DA:61,0
DA:69,0
DA:71,0
DA:72,0
DA:75,0
DA:78,0
DA:95,0
DA:97,0
DA:105,0
DA:106,0
DA:109,0
DA:111,0
DA:112,0
DA:114,0
DA:116,0
DA:136,0
DA:137,0
DA:139,0
DA:140,0
DA:145,0
DA:146,0
DA:153,0
DA:161,0
DA:162,0
DA:165,0
DA:171,0
DA:173,0
DA:174,0
DA:178,0
DA:185,0
DA:186,0
DA:195,0
DA:200,0
DA:205,0
DA:212,0
DA:213,0
DA:216,0
DA:223,0
DA:224,0
DA:227,0
DA:228,0
DA:230,0
DA:231,0
DA:240,0
DA:241,0
DA:245,0
DA:246,0
DA:252,0
DA:259,0
DA:272,0
DA:279,0
DA:280,0
DA:281,0
DA:282,0
DA:285,0
DA:295,0
DA:296,0
DA:298,0
DA:304,0
DA:306,0
DA:314,0
DA:315,0
DA:316,0
DA:317,0
DA:320,0
DA:323,0
DA:330,2
LF:70
LH:3
BRDA:32,0,0,2
BRDA:32,0,1,0
BRDA:71,1,0,0
BRDA:71,1,1,0
BRDA:139,2,0,0
BRDA:139,2,1,0
BRDA:145,3,0,0
BRDA:145,3,1,0
BRDA:173,4,0,0
BRDA:173,4,1,0
BRDA:223,5,0,0
BRDA:223,5,1,0
BRDA:245,6,0,0
BRDA:245,6,1,0
BRDA:280,7,0,0
BRDA:280,7,1,0
BRF:16
BRH:1
end_of_record
TN:
SF:src/utils/BrowserPool.js
FN:6,(anonymous_0)
FN:21,(anonymous_1)
FN:64,(anonymous_2)
FN:106,(anonymous_3)
FN:107,(anonymous_4)
FN:108,(anonymous_5)
FN:116,(anonymous_6)
FN:128,(anonymous_7)
FN:144,(anonymous_8)
FN:147,(anonymous_9)
FN:169,(anonymous_10)
FN:178,(anonymous_11)
FN:192,(anonymous_12)
FN:210,(anonymous_13)
FNF:14
FNH:0
FNDA:0,(anonymous_0)
FNDA:0,(anonymous_1)
FNDA:0,(anonymous_2)
FNDA:0,(anonymous_3)
FNDA:0,(anonymous_4)
FNDA:0,(anonymous_5)
FNDA:0,(anonymous_6)
FNDA:0,(anonymous_7)
FNDA:0,(anonymous_8)
FNDA:0,(anonymous_9)
FNDA:0,(anonymous_10)
FNDA:0,(anonymous_11)
FNDA:0,(anonymous_12)
FNDA:0,(anonymous_13)
DA:7,0
DA:8,0
DA:9,0
DA:10,0
DA:11,0
DA:12,0
DA:13,0
DA:22,0
DA:23,0
DA:24,0
DA:27,0
DA:29,0
DA:30,0
DA:31,0
DA:49,0
DA:50,0
DA:51,0
DA:52,0
DA:53,0
DA:56,0
DA:57,0
DA:59,0
DA:60,0
DA:65,0
DA:66,0
DA:69,0
DA:70,0
DA:73,0
DA:74,0
DA:75,0
DA:76,0
DA:78,0
DA:83,0
DA:86,0
DA:87,0
DA:88,0
DA:92,0
DA:93,0
DA:94,0
DA:95,0
DA:97,0
DA:104,0
DA:106,0
DA:107,0
DA:108,0
DA:109,0
DA:110,0
DA:112,0
DA:115,0
DA:117,0
DA:118,0
DA:119,0
DA:120,0
DA:121,0
DA:129,0
DA:130,0
DA:131,0
DA:134,0
DA:135,0
DA:138,0
DA:139,0
DA:141,0
DA:145,0
DA:146,0
DA:148,0
DA:150,0
DA:153,0
DA:154,0
DA:155,0
DA:156,0
DA:161,0
DA:162,0
DA:170,0
DA:179,0
DA:180,0
DA:183,0
DA:186,0
DA:187,0
DA:189,0
DA:192,0
DA:193,0
DA:194,0
DA:195,0
DA:197,0
DA:201,0
DA:203,0
DA:204,0
DA:205,0
DA:207,0
DA:211,0
DA:221,0
DA:222,0
DA:223,0
DA:226,0
DA:227,0
DA:228,0
DA:231,0
DA:232,0
DA:233,0
DA:236,0
DA:240,0
LF:101
LH:0
BRDA:6,0,0,0
BRDA:6,1,0,0
BRDA:22,2,0,0
BRDA:22,2,1,0
BRDA:30,3,0,0
BRDA:30,3,1,0
BRDA:31,4,0,0
BRDA:31,4,1,0
BRDA:64,5,0,0
BRDA:65,6,0,0
BRDA:65,6,1,0
BRDA:73,7,0,0
BRDA:73,7,1,0
BRDA:109,8,0,0
BRDA:109,8,1,0
BRDA:129,9,0,0
BRDA:129,9,1,0
BRDA:138,10,0,0
BRDA:138,10,1,0
BRDA:153,11,0,0
BRDA:153,11,1,0
BRDA:179,12,0,0
BRDA:179,12,1,0
BRDA:221,13,0,0
BRDA:221,13,1,0
BRDA:226,14,0,0
BRDA:226,14,1,0
BRDA:226,15,0,0
BRDA:226,15,1,0
BRDA:231,16,0,0
BRDA:231,16,1,0
BRF:31
BRH:0
end_of_record
TN:
SF:src/utils/db-retry.js
FN:9,retryDatabaseOperation
FN:55,(anonymous_1)
FN:65,isNonRetryableError
FN:104,testDatabaseConnection
FN:106,(anonymous_4)
FNF:5
FNH:0
FNDA:0,retryDatabaseOperation
FNDA:0,(anonymous_1)
FNDA:0,isNonRetryableError
FNDA:0,testDatabaseConnection
FNDA:0,(anonymous_4)
DA:16,0
DA:20,0
DA:21,0
DA:22,0
DA:24,0
DA:27,0
DA:28,0
DA:29,0
DA:32,0
DA:33,0
DA:37,0
DA:41,0
DA:46,0
DA:51,0
DA:52,0
DA:55,0
DA:59,0
DA:66,0
DA:67,0
DA:70,0
DA:84,0
DA:85,0
DA:89,0
DA:92,0
DA:95,0
DA:105,0
DA:106,0
DA:107,0
DA:108,0
DA:109,0
DA:112,0
DA:113,0
DA:115,0
DA:116,0
LF:34
LH:0
BRDA:9,0,0,0
BRDA:11,1,0,0
BRDA:12,2,0,0
BRDA:13,3,0,0
BRDA:14,4,0,0
BRDA:15,5,0,0
BRDA:27,6,0,0
BRDA:27,6,1,0
BRDA:32,7,0,0
BRDA:32,7,1,0
BRDA:51,8,0,0
BRDA:51,8,1,0
BRDA:67,9,0,0
BRDA:67,9,1,0
BRDA:84,10,0,0
BRDA:84,10,1,0
BRDA:89,11,0,0
BRDA:89,11,1,0
BRDA:89,12,0,0
BRDA:89,12,1,0
BRDA:89,12,2,0
BRDA:104,13,0,0
BRF:22
BRH:0
end_of_record
TN:
SF:src/utils/delay.js
FN:4,delay
FN:5,(anonymous_1)
FNF:2
FNH:2
FNDA:3,delay
FNDA:3,(anonymous_1)
DA:5,3
LF:1
LH:1
BRF:0
BRH:0
end_of_record
TN:
SF:src/utils/fetch-page.js
FN:13,tryFetch
FN:53,fetchPage
FN:125,releaseBrowser
FNF:3
FNH:0
FNDA:0,tryFetch
FNDA:0,fetchPage
FNDA:0,releaseBrowser
DA:7,0
DA:14,0
DA:15,0
DA:17,0
DA:18,0
DA:26,0
DA:29,0
DA:30,0
DA:34,0
DA:37,0
DA:39,0
DA:42,0
DA:43,0
DA:54,0
DA:57,0
DA:58,0
DA:61,0
DA:62,0
DA:63,0
DA:64,0
DA:65,0
DA:66,0
DA:69,0
DA:70,0
DA:71,0
DA:74,0
DA:76,0
DA:77,0
DA:79,0
DA:82,0
DA:83,0
DA:90,0
DA:92,0
DA:93,0
DA:100,0
DA:101,0
DA:102,0
DA:103,0
DA:105,0
DA:106,0
DA:111,0
DA:118,0
DA:126,0
DA:127,0
DA:128,0
DA:130,0
DA:131,0
DA:134,0
DA:137,0
DA:138,0
LF:50
LH:0
BRDA:13,0,0,0
BRDA:23,1,0,0
BRDA:23,1,1,0
BRDA:29,2,0,0
BRDA:29,2,1,0
BRDA:53,3,0,0
BRDA:61,4,0,0
BRDA:61,4,1,0
BRDA:64,5,0,0
BRDA:64,5,1,0
BRDA:64,6,0,0
BRDA:64,6,1,0
BRDA:69,7,0,0
BRDA:69,7,1,0
BRDA:90,8,0,0
BRDA:90,8,1,0
BRDA:92,9,0,0
BRDA:92,9,1,0
BRDA:100,10,0,0
BRDA:100,10,1,0
BRDA:113,11,0,0
BRDA:113,11,1,0
BRDA:118,12,0,0
BRDA:118,12,1,0
BRDA:127,13,0,0
BRDA:127,13,1,0
BRDA:127,14,0,0
BRDA:127,14,1,0
BRDA:130,15,0,0
BRDA:130,15,1,0
BRDA:137,16,0,0
BRDA:137,16,1,0
BRF:32
BRH:0
end_of_record
TN:
SF:src/utils/logger.js
FN:21,buildTransport
FNF:1
FNH:1
FNDA:9,buildTransport
DA:7,9
DA:8,9
DA:11,9
DA:14,9
DA:15,0
DA:22,9
DA:25,9
DA:26,9
DA:27,0
DA:37,9
DA:46,9
DA:47,0
DA:61,0
DA:62,0
DA:78,9
DA:79,0
DA:83,9
DA:84,9
DA:88,0
DA:93,9
DA:95,9
DA:105,9
DA:106,0
LF:23
LH:15
BRDA:11,0,0,9
BRDA:11,0,1,9
BRDA:14,1,0,0
BRDA:14,1,1,9
BRDA:14,2,0,9
BRDA:14,2,1,0
BRDA:25,3,0,9
BRDA:25,3,1,0
BRDA:26,4,0,0
BRDA:26,4,1,9
BRDA:46,5,0,0
BRDA:46,5,1,9
BRDA:51,6,0,0
BRDA:51,6,1,0
BRDA:53,7,0,0
BRDA:53,7,1,0
BRDA:61,8,0,0
BRDA:61,8,1,0
BRDA:66,9,0,0
BRDA:66,9,1,0
BRDA:68,10,0,0
BRDA:68,10,1,0
BRDA:78,11,0,0
BRDA:78,11,1,9
BRDA:83,12,0,9
BRDA:83,12,1,0
BRDA:105,13,0,0
BRDA:105,13,1,9
BRDA:108,14,0,0
BRDA:108,14,1,0
BRDA:109,15,0,0
BRDA:109,15,1,0
BRF:32
BRH:10
end_of_record
TN:
SF:src/utils/metrics.js
FN:225,recordScrape
FN:239,recordPriceChange
FN:247,updateProxyMetrics
FN:255,updateBrowserPoolMetrics
FN:263,updateDbPoolMetrics
FN:272,recordDbQuery
FN:282,recordRateLimitDelay
FN:289,recordRateLimitHit
FN:296,getMetrics
FN:303,getMetricsContentType
FN:310,resetMetrics
FNF:11
FNH:0
FNDA:0,recordScrape
FNDA:0,recordPriceChange
FNDA:0,updateProxyMetrics
FNDA:0,updateBrowserPoolMetrics
FNDA:0,updateDbPoolMetrics
FNDA:0,recordDbQuery
FNDA:0,recordRateLimitDelay
FNDA:0,recordRateLimitHit
FNDA:0,getMetrics
FNDA:0,getMetricsContentType
FNDA:0,resetMetrics
DA:11,4
DA:14,4
DA:21,4
DA:29,4
DA:38,4
DA:46,4
DA:54,4
DA:66,4
DA:74,4
DA:86,4
DA:94,4
DA:102,4
DA:114,4
DA:121,4
DA:128,4
DA:140,4
DA:149,4
DA:157,4
DA:169,4
DA:178,4
DA:190,4
DA:198,4
DA:204,4
DA:211,4
DA:226,0
DA:227,0
DA:229,0
DA:230,0
DA:232,0
DA:240,0
DA:241,0
DA:248,0
DA:249,0
DA:256,0
DA:257,0
DA:264,0
DA:265,0
DA:266,0
DA:273,0
DA:274,0
DA:275,0
DA:283,0
DA:290,0
DA:297,0
DA:304,0
DA:311,0
DA:312,0
LF:47
LH:24
BRDA:199,0,0,4
BRDA:199,0,1,0
BRDA:226,1,0,0
BRDA:226,1,1,0
BRDA:229,2,0,0
BRDA:229,2,1,0
BRDA:240,3,0,0
BRDA:240,3,1,0
BRDA:247,4,0,0
BRDA:272,5,0,0
BRDA:274,6,0,0
BRDA:274,6,1,0
BRF:12
BRH:1
end_of_record
TN:
SF:src/utils/proxy-manager-v2.js
FN:27,getProxyConfig
FN:38,(anonymous_1)
FN:38,(anonymous_2)
FN:68,buildPaidProxyUrl
FN:83,downloadFreeProxyList
FN:90,(anonymous_5)
FN:103,checkProxy
FN:121,refreshFreeProxyCache
FN:162,getRandomFreeProxy
FN:178,getRandomManualProxy
FN:187,getProxy
FN:240,refreshProxyCache
FN:255,getRandomProxy
FNF:13
FNH:0
FNDA:0,getProxyConfig
FNDA:0,(anonymous_1)
FNDA:0,(anonymous_2)
FNDA:0,buildPaidProxyUrl
FNDA:0,downloadFreeProxyList
FNDA:0,(anonymous_5)
FNDA:0,checkProxy
FNDA:0,refreshFreeProxyCache
FNDA:0,getRandomFreeProxy
FNDA:0,getRandomManualProxy
FNDA:0,getProxy
FNDA:0,refreshProxyCache
FNDA:0,getRandomProxy
DA:8,0
DA:11,0
DA:16,0
DA:28,0
DA:30,0
DA:36,0
DA:37,0
DA:38,0
DA:42,0
DA:43,0
DA:44,0
DA:45,0
DA:49,0
DA:50,0
DA:51,0
DA:52,0
DA:56,0
DA:57,0
DA:58,0
DA:59,0
DA:62,0
DA:69,0
DA:71,0
DA:72,0
DA:73,0
DA:77,0
DA:84,0
DA:85,0
DA:86,0
DA:87,0
DA:89,0
DA:90,0
DA:92,0
DA:93,0
DA:95,0
DA:96,0
DA:104,0
DA:105,0
DA:106,0
DA:111,0
DA:113,0
DA:114,0
DA:122,0
DA:123,0
DA:125,0
DA:126,0
DA:127,0
DA:130,0
DA:131,0
DA:134,0
DA:136,0
DA:137,0
DA:138,0
DA:139,0
DA:140,0
DA:143,0
DA:144,0
DA:149,0
DA:150,0
DA:151,0
DA:153,0
DA:156,0
DA:163,0
DA:165,0
DA:166,0
DA:167,0
DA:168,0
DA:170,0
DA:171,0
DA:179,0
DA:180,0
DA:188,0
DA:190,0
DA:191,0
DA:192,0
DA:195,0
DA:197,0
DA:200,0
DA:201,0
DA:202,0
DA:203,0
DA:204,0
DA:207,0
DA:208,0
DA:209,0
DA:210,0
DA:213,0
DA:216,0
DA:217,0
DA:218,0
DA:220,0
DA:225,0
DA:226,0
DA:227,0
DA:229,0
DA:232,0
DA:233,0
DA:241,0
DA:243,0
DA:244,0
DA:247,0
DA:248,0
DA:256,0
DA:257,0
LF:104
LH:0
BRDA:28,0,0,0
BRDA:28,0,1,0
BRDA:36,1,0,0
BRDA:36,1,1,0
BRDA:37,2,0,0
BRDA:37,2,1,0
BRDA:42,3,0,0
BRDA:42,3,1,0
BRDA:45,4,0,0
BRDA:45,4,1,0
BRDA:49,5,0,0
BRDA:49,5,1,0
BRDA:52,6,0,0
BRDA:52,6,1,0
BRDA:56,7,0,0
BRDA:56,7,1,0
BRDA:59,8,0,0
BRDA:59,8,1,0
BRDA:71,9,0,0
BRDA:71,9,1,0
BRDA:71,10,0,0
BRDA:71,10,1,0
BRDA:71,10,2,0
BRDA:125,11,0,0
BRDA:125,11,1,0
BRDA:138,12,0,0
BRDA:138,12,1,0
BRDA:143,13,0,0
BRDA:143,13,1,0
BRDA:149,14,0,0
BRDA:149,14,1,0
BRDA:163,15,0,0
BRDA:163,15,1,0
BRDA:167,16,0,0
BRDA:167,16,1,0
BRDA:179,17,0,0
BRDA:179,17,1,0
BRDA:179,18,0,0
BRDA:179,18,1,0
BRDA:190,19,0,0
BRDA:190,19,1,0
BRDA:197,20,0,0
BRDA:197,20,1,0
BRDA:197,20,2,0
BRDA:197,20,3,0
BRDA:197,20,4,0
BRDA:197,20,5,0
BRDA:201,21,0,0
BRDA:201,21,1,0
BRDA:204,22,0,0
BRDA:204,22,1,0
BRDA:207,23,0,0
BRDA:207,23,1,0
BRDA:217,24,0,0
BRDA:217,24,1,0
BRDA:226,25,0,0
BRDA:226,25,1,0
BRDA:243,26,0,0
BRDA:243,26,1,0
BRF:59
BRH:0
end_of_record
TN:
SF:src/utils/proxy-manager.js
FN:17,(anonymous_0)
FN:19,(anonymous_1)
FN:25,(anonymous_2)
FN:27,(anonymous_3)
FN:33,(anonymous_4)
FN:35,(anonymous_5)
FN:36,(anonymous_6)
FN:45,(anonymous_7)
FN:48,(anonymous_8)
FN:63,(anonymous_9)
FN:91,(anonymous_10)
FN:102,(anonymous_11)
FN:150,(anonymous_12)
FN:152,(anonymous_13)
FN:153,(anonymous_14)
FN:157,(anonymous_15)
FN:163,(anonymous_16)
FN:174,(anonymous_17)
FN:185,(anonymous_18)
FN:216,downloadFromSource
FN:237,downloadAllProxies
FN:241,(anonymous_21)
FN:271,checkProxy
FN:304,checkProxiesParallel
FN:312,(anonymous_24)
FN:317,worker
FN:361,(anonymous_26)
FN:370,(anonymous_27)
FN:379,refreshProxyCache
FN:406,(anonymous_29)
FN:445,getRandomProxy
FN:463,getNextProxy
FN:481,getFastestProxy
FN:494,markProxyFailed
FN:496,(anonymous_34)
FN:509,(anonymous_35)
FN:518,getProxyStats
FN:524,(anonymous_37)
FN:526,(anonymous_38)
FN:534,loadCacheFromFile
FN:544,(anonymous_40)
FN:560,getWorkingProxy
FNF:42
FNH:0
FNDA:0,(anonymous_0)
FNDA:0,(anonymous_1)
FNDA:0,(anonymous_2)
FNDA:0,(anonymous_3)
FNDA:0,(anonymous_4)
FNDA:0,(anonymous_5)
FNDA:0,(anonymous_6)
FNDA:0,(anonymous_7)
FNDA:0,(anonymous_8)
FNDA:0,(anonymous_9)
FNDA:0,(anonymous_10)
FNDA:0,(anonymous_11)
FNDA:0,(anonymous_12)
FNDA:0,(anonymous_13)
FNDA:0,(anonymous_14)
FNDA:0,(anonymous_15)
FNDA:0,(anonymous_16)
FNDA:0,(anonymous_17)
FNDA:0,(anonymous_18)
FNDA:0,downloadFromSource
FNDA:0,downloadAllProxies
FNDA:0,(anonymous_21)
FNDA:0,checkProxy
FNDA:0,checkProxiesParallel
FNDA:0,(anonymous_24)
FNDA:0,worker
FNDA:0,(anonymous_26)
FNDA:0,(anonymous_27)
FNDA:0,refreshProxyCache
FNDA:0,(anonymous_29)
FNDA:0,getRandomProxy
FNDA:0,getNextProxy
FNDA:0,getFastestProxy
FNDA:0,markProxyFailed
FNDA:0,(anonymous_34)
FNDA:0,(anonymous_35)
FNDA:0,getProxyStats
FNDA:0,(anonymous_37)
FNDA:0,(anonymous_38)
FNDA:0,loadCacheFromFile
FNDA:0,(anonymous_40)
FNDA:0,getWorkingProxy
DA:7,0
DA:13,0
DA:18,0
DA:19,0
DA:26,0
DA:27,0
DA:34,0
DA:35,0
DA:37,0
DA:38,0
DA:46,0
DA:47,0
DA:48,0
DA:56,0
DA:67,0
DA:70,0
DA:71,0
DA:74,0
DA:75,0
DA:76,0
DA:77,0
DA:81,0
DA:82,0
DA:83,0
DA:84,0
DA:85,0
DA:90,0
DA:91,0
DA:92,0
DA:93,0
DA:94,0
DA:95,0
DA:104,0
DA:106,0
DA:108,0
DA:109,0
DA:110,0
DA:111,0
DA:112,0
DA:113,0
DA:114,0
DA:115,0
DA:118,0
DA:119,0
DA:120,0
DA:121,0
DA:122,0
DA:123,0
DA:124,0
DA:132,0
DA:133,0
DA:134,0
DA:135,0
DA:136,0
DA:137,0
DA:138,0
DA:144,0
DA:151,0
DA:152,0
DA:154,0
DA:155,0
DA:157,0
DA:165,0
DA:166,0
DA:167,0
DA:168,0
DA:172,0
DA:173,0
DA:174,0
DA:175,0
DA:179,0
DA:187,0
DA:188,0
DA:189,0
DA:190,0
DA:192,0
DA:198,0
DA:209,0
DA:210,0
DA:211,0
DA:217,0
DA:218,0
DA:225,0
DA:226,0
DA:227,0
DA:229,0
DA:230,0
DA:238,0
DA:240,0
DA:241,0
DA:245,0
DA:246,0
DA:248,0
DA:249,0
DA:250,0
DA:251,0
DA:252,0
DA:253,0
DA:254,0
DA:263,0
DA:264,0
DA:272,0
DA:274,0
DA:275,0
DA:276,0
DA:282,0
DA:285,0
DA:286,0
DA:293,0
DA:295,0
DA:305,0
DA:306,0
DA:307,0
DA:308,0
DA:312,0
DA:313,0
DA:318,0
DA:319,0
DA:320,0
DA:322,0
DA:323,0
DA:325,0
DA:327,0
DA:328,0
DA:329,0
DA:337,0
DA:338,0
DA:339,0
DA:340,0
DA:344,0
DA:345,0
DA:350,0
DA:351,0
DA:361,0
DA:364,0
DA:370,0
DA:372,0
DA:380,0
DA:383,0
DA:386,0
DA:390,0
DA:393,0
DA:394,0
DA:397,0
DA:399,0
DA:400,0
DA:401,0
DA:406,0
DA:407,0
DA:408,0
DA:410,0
DA:413,0
DA:414,0
DA:417,0
DA:418,0
DA:419,0
DA:422,0
DA:423,0
DA:428,0
DA:431,0
DA:432,0
DA:439,0
DA:446,0
DA:448,0
DA:451,0
DA:452,0
DA:455,0
DA:456,0
DA:464,0
DA:465,0
DA:468,0
DA:469,0
DA:472,0
DA:473,0
DA:475,0
DA:482,0
DA:483,0
DA:487,0
DA:495,0
DA:496,0
DA:498,0
DA:499,0
DA:506,0
DA:507,0
DA:509,0
DA:510,0
DA:519,0
DA:524,0
DA:526,0
DA:535,0
DA:536,0
DA:539,0
DA:540,0
DA:543,0
DA:544,0
DA:545,0
DA:546,0
DA:547,0
DA:550,0
DA:552,0
DA:561,0
DA:562,0
DA:564,0
DA:566,0
DA:567,0
DA:571,0
DA:572,0
DA:573,0
DA:578,0
DA:580,0
DA:584,0
DA:588,0
LF:212
LH:0
BRDA:48,0,0,0
BRDA:48,0,1,0
BRDA:84,1,0,0
BRDA:84,1,1,0
BRDA:84,2,0,0
BRDA:84,2,1,0
BRDA:93,3,0,0
BRDA:93,3,1,0
BRDA:109,4,0,0
BRDA:109,4,1,0
BRDA:111,5,0,0
BRDA:111,5,1,0
BRDA:111,6,0,0
BRDA:111,6,1,0
BRDA:114,7,0,0
BRDA:114,7,1,0
BRDA:114,8,0,0
BRDA:114,8,1,0
BRDA:118,9,0,0
BRDA:118,9,1,0
BRDA:120,10,0,0
BRDA:120,10,1,0
BRDA:123,11,0,0
BRDA:123,11,1,0
BRDA:123,12,0,0
BRDA:123,12,1,0
BRDA:135,13,0,0
BRDA:135,13,1,0
BRDA:137,14,0,0
BRDA:137,14,1,0
BRDA:137,15,0,0
BRDA:137,15,1,0
BRDA:137,15,2,0
BRDA:157,16,0,0
BRDA:157,16,1,0
BRDA:174,17,0,0
BRDA:174,17,1,0
BRDA:249,18,0,0
BRDA:249,18,1,0
BRDA:252,19,0,0
BRDA:252,19,1,0
BRDA:285,20,0,0
BRDA:285,20,1,0
BRDA:285,21,0,0
BRDA:285,21,1,0
BRDA:285,21,2,0
BRDA:318,22,0,0
BRDA:318,22,1,0
BRDA:320,23,0,0
BRDA:320,23,1,0
BRDA:323,24,0,0
BRDA:323,24,1,0
BRDA:327,25,0,0
BRDA:327,25,1,0
BRDA:337,26,0,0
BRDA:337,26,1,0
BRDA:350,27,0,0
BRDA:350,27,1,0
BRDA:379,28,0,0
BRDA:383,29,0,0
BRDA:383,29,1,0
BRDA:383,30,0,0
BRDA:383,30,1,0
BRDA:383,30,2,0
BRDA:399,31,0,0
BRDA:399,31,1,0
BRDA:408,32,0,0
BRDA:408,32,1,0
BRDA:408,33,0,0
BRDA:408,33,1,0
BRDA:446,34,0,0
BRDA:446,34,1,0
BRDA:451,35,0,0
BRDA:451,35,1,0
BRDA:456,36,0,0
BRDA:456,36,1,0
BRDA:464,37,0,0
BRDA:464,37,1,0
BRDA:468,38,0,0
BRDA:468,38,1,0
BRDA:475,39,0,0
BRDA:475,39,1,0
BRDA:482,40,0,0
BRDA:482,40,1,0
BRDA:487,41,0,0
BRDA:487,41,1,0
BRDA:498,42,0,0
BRDA:498,42,1,0
BRDA:506,43,0,0
BRDA:506,43,1,0
BRDA:521,44,0,0
BRDA:521,44,1,0
BRDA:522,45,0,0
BRDA:522,45,1,0
BRDA:523,46,0,0
BRDA:523,46,1,0
BRDA:535,47,0,0
BRDA:535,47,1,0
BRDA:543,48,0,0
BRDA:543,48,1,0
BRDA:545,49,0,0
BRDA:545,49,1,0
BRDA:560,50,0,0
BRDA:564,51,0,0
BRDA:564,51,1,0
BRF:105
BRH:0
end_of_record
TN:
SF:src/utils/rate-limiter.js
FN:8,(anonymous_0)
FN:52,(anonymous_1)
FN:67,(anonymous_2)
FN:74,(anonymous_3)
FN:97,(anonymous_4)
FN:117,(anonymous_5)
FN:132,(anonymous_6)
FN:166,(anonymous_7)
FN:183,(anonymous_8)
FN:205,(anonymous_9)
FN:216,(anonymous_10)
FN:241,(anonymous_11)
FN:263,(anonymous_12)
FN:273,(anonymous_13)
FNF:14
FNH:7
FNDA:1,(anonymous_0)
FNDA:13,(anonymous_1)
FNDA:5,(anonymous_2)
FNDA:2,(anonymous_3)
FNDA:0,(anonymous_4)
FNDA:0,(anonymous_5)
FNDA:0,(anonymous_6)
FNDA:1,(anonymous_7)
FNDA:2,(anonymous_8)
FNDA:0,(anonymous_9)
FNDA:2,(anonymous_10)
FNDA:0,(anonymous_11)
FNDA:0,(anonymous_12)
FNDA:0,(anonymous_13)
DA:11,1
DA:37,1
DA:40,1
DA:43,1
DA:46,1
DA:53,13
DA:54,13
DA:56,12
DA:57,2
DA:58,1
DA:60,1
DA:68,5
DA:75,2
DA:76,2
DA:77,2
DA:80,2
DA:84,2
DA:85,2
DA:90,2
DA:98,0
DA:99,0
DA:100,0
DA:103,0
DA:104,0
DA:107,0
DA:108,0
DA:110,0
DA:111,0
DA:117,0
DA:121,0
DA:124,0
DA:126,0
DA:133,0
DA:134,0
DA:136,0
DA:137,0
DA:140,0
DA:143,0
DA:144,0
DA:145,0
DA:148,0
DA:151,0
DA:152,0
DA:153,0
DA:159,0
DA:167,1
DA:170,1
DA:173,1
DA:174,1
DA:175,0
DA:176,0
DA:184,2
DA:187,2
DA:188,2
DA:191,2
DA:193,2
DA:194,0
DA:195,0
DA:196,2
DA:197,0
DA:198,0
DA:206,0
DA:207,0
DA:208,0
DA:210,0
DA:217,2
DA:219,2
DA:220,2
DA:223,2
DA:226,2
DA:229,2
DA:230,2
DA:231,2
DA:232,2
DA:233,2
DA:235,2
DA:242,0
DA:244,0
DA:245,0
DA:247,0
DA:248,0
DA:257,0
DA:264,0
DA:265,0
DA:266,0
DA:267,0
DA:274,0
DA:275,0
DA:276,0
DA:282,1
LF:90
LH:41
BRDA:56,0,0,10
BRDA:56,0,1,2
BRDA:57,1,0,1
BRDA:57,1,1,1
BRDA:68,2,0,5
BRDA:68,2,1,1
BRDA:77,3,0,2
BRDA:77,3,1,1
BRDA:103,4,0,0
BRDA:103,4,1,0
BRDA:110,5,0,0
BRDA:110,5,1,0
BRDA:114,6,0,0
BRDA:114,6,1,0
BRDA:136,7,0,0
BRDA:136,7,1,0
BRDA:143,8,0,0
BRDA:143,8,1,0
BRDA:152,9,0,0
BRDA:152,9,1,0
BRDA:173,10,0,1
BRDA:173,10,1,1
BRDA:174,11,0,0
BRDA:174,11,1,1
BRDA:187,12,0,2
BRDA:187,12,1,1
BRDA:193,13,0,0
BRDA:193,13,1,2
BRDA:196,14,0,0
BRDA:196,14,1,2
BRDA:205,15,0,0
BRDA:206,16,0,0
BRDA:206,16,1,0
BRDA:217,17,0,0
BRDA:217,17,1,2
BRDA:219,18,0,2
BRDA:219,18,1,0
BRDA:220,19,0,2
BRDA:220,19,1,2
BRDA:223,20,0,0
BRDA:223,20,1,2
BRDA:226,21,0,0
BRDA:226,21,1,2
BRDA:229,22,0,0
BRDA:229,22,1,2
BRDA:230,23,0,0
BRDA:230,23,1,2
BRDA:231,24,0,0
BRDA:231,24,1,2
BRDA:232,25,0,0
BRDA:232,25,1,2
BRDA:233,26,0,0
BRDA:233,26,1,2
BRDA:245,27,0,0
BRDA:245,27,1,0
BRDA:250,28,0,0
BRDA:250,28,1,0
BRDA:251,29,0,0
BRDA:251,29,1,0
BRDA:252,30,0,0
BRDA:252,30,1,0
BRDA:274,31,0,0
BRDA:274,31,1,0
BRF:63
BRH:26
end_of_record
TN:
SF:src/utils/retry.js
FN:6,retry
FN:11,(anonymous_1)
FN:39,(anonymous_2)
FNF:3
FNH:3
FNDA:5,retry
FNDA:4,(anonymous_1)
FNDA:4,(anonymous_2)
DA:11,4
DA:12,5
DA:16,5
DA:17,9
DA:18,9
DA:20,6
DA:22,6
DA:23,1
DA:24,1
DA:27,5
DA:28,1
DA:29,1
DA:33,4
DA:34,4
DA:35,4
DA:37,4
DA:39,4
DA:43,0
LF:18
LH:17
BRDA:6,0,0,1
BRDA:8,1,0,1
BRDA:9,2,0,1
BRDA:10,3,0,3
BRDA:11,4,0,4
BRDA:22,5,0,1
BRDA:22,5,1,5
BRDA:27,6,0,1
BRDA:27,6,1,4
BRF:9
BRH:9
end_of_record
TN:
SF:src/utils/useragents.js
FN:11,loadAgents
FN:27,randomUA
FNF:2
FNH:0
FNDA:0,loadAgents
FNDA:0,randomUA
DA:6,0
DA:7,0
DA:9,0
DA:12,0
DA:13,0
DA:14,0
DA:15,0
DA:17,0
DA:18,0
DA:24,0
DA:28,0
DA:29,0
LF:12
LH:0
BRDA:12,0,0,0
BRDA:12,0,1,0
BRF:2
BRH:0
end_of_record
TN:
SF:src/utils/validation.js
FN:18,validateURL
FN:62,validateSite
FN:80,validatePrice
FN:120,validateCurrency
FN:140,validateTitle
FN:164,validateCheckInterval
FN:193,validateProductId
FN:214,validateScrapedData
FN:226,(anonymous_8)
FN:234,(anonymous_9)
FN:242,(anonymous_10)
FN:250,(anonymous_11)
FN:259,(anonymous_12)
FN:274,validateTrackedProduct
FN:286,(anonymous_14)
FN:294,(anonymous_15)
FN:314,(anonymous_16)
FN:329,logValidationErrors
FNF:18
FNH:15
FNDA:8,validateURL
FNDA:5,validateSite
FNDA:8,validatePrice
FNDA:2,validateCurrency
FNDA:2,validateTitle
FNDA:3,validateCheckInterval
FNDA:1,validateProductId
FNDA:2,validateScrapedData
FNDA:0,(anonymous_8)
FNDA:1,(anonymous_9)
FNDA:1,(anonymous_10)
FNDA:1,(anonymous_11)
FNDA:0,(anonymous_12)
FNDA:3,validateTrackedProduct
FNDA:1,(anonymous_14)
FNDA:1,(anonymous_15)
FNDA:0,(anonymous_16)
FNDA:1,logValidationErrors
DA:7,4
DA:8,4
DA:9,4
DA:10,4
DA:11,4
DA:12,4
DA:13,4
DA:19,8
DA:21,8
DA:22,0
DA:23,0
DA:27,8
DA:31,8
DA:32,8
DA:34,2
DA:35,2
DA:39,6
DA:40,1
DA:44,6
DA:45,6
DA:46,6
DA:48,6
DA:49,1
DA:52,6
DA:63,5
DA:65,5
DA:66,2
DA:67,2
DA:70,3
DA:71,0
DA:74,3
DA:81,8
DA:83,8
DA:84,1
DA:85,1
DA:89,7
DA:90,1
DA:93,7
DA:94,1
DA:95,1
DA:98,6
DA:99,0
DA:100,0
DA:103,6
DA:104,2
DA:107,6
DA:108,0
DA:112,6
DA:114,6
DA:121,2
DA:123,2
DA:124,0
DA:125,0
DA:128,2
DA:130,2
DA:131,0
DA:134,2
DA:141,2
DA:143,2
DA:144,1
DA:145,1
DA:148,1
DA:150,1
DA:151,0
DA:154,1
DA:155,0
DA:158,1
DA:165,3
DA:167,3
DA:168,0
DA:169,0
DA:172,3
DA:174,3
DA:175,0
DA:176,0
DA:179,3
DA:180,0
DA:183,3
DA:184,0
DA:187,3
DA:194,1
DA:196,1
DA:197,0
DA:198,0
DA:201,1
DA:203,1
DA:204,0
DA:205,0
DA:208,1
DA:215,2
DA:216,2
DA:218,2
DA:219,0
DA:220,0
DA:224,2
DA:225,2
DA:226,0
DA:228,2
DA:232,2
DA:233,2
DA:234,1
DA:236,1
DA:240,2
DA:241,2
DA:242,1
DA:244,1
DA:248,2
DA:249,2
DA:250,1
DA:252,1
DA:256,2
DA:257,2
DA:258,2
DA:259,0
DA:261,2
DA:264,2
DA:275,3
DA:276,3
DA:278,3
DA:279,0
DA:280,0
DA:284,3
DA:285,3
DA:286,1
DA:288,2
DA:292,3
DA:293,3
DA:294,1
DA:296,2
DA:300,3
DA:301,3
DA:302,0
DA:304,3
DA:307,0
DA:311,3
DA:312,3
DA:313,3
DA:314,0
DA:316,3
DA:319,3
DA:330,1
LF:141
LH:111
BRDA:21,0,0,0
BRDA:21,0,1,8
BRDA:21,1,0,8
BRDA:21,1,1,8
BRDA:39,2,0,1
BRDA:39,2,1,5
BRDA:48,3,0,1
BRDA:48,3,1,5
BRDA:48,4,0,6
BRDA:48,4,1,1
BRDA:65,5,0,2
BRDA:65,5,1,3
BRDA:65,6,0,5
BRDA:65,6,1,3
BRDA:70,7,0,0
BRDA:70,7,1,3
BRDA:83,8,0,1
BRDA:83,8,1,7
BRDA:83,9,0,8
BRDA:83,9,1,8
BRDA:89,10,0,1
BRDA:89,10,1,6
BRDA:93,11,0,1
BRDA:93,11,1,6
BRDA:93,12,0,7
BRDA:93,12,1,7
BRDA:98,13,0,0
BRDA:98,13,1,6
BRDA:103,14,0,2
BRDA:103,14,1,4
BRDA:107,15,0,0
BRDA:107,15,1,6
BRDA:123,16,0,0
BRDA:123,16,1,2
BRDA:123,17,0,2
BRDA:123,17,1,2
BRDA:130,18,0,0
BRDA:130,18,1,2
BRDA:143,19,0,1
BRDA:143,19,1,1
BRDA:143,20,0,2
BRDA:143,20,1,1
BRDA:150,21,0,0
BRDA:150,21,1,1
BRDA:154,22,0,0
BRDA:154,22,1,1
BRDA:167,23,0,0
BRDA:167,23,1,3
BRDA:167,24,0,3
BRDA:167,24,1,3
BRDA:174,25,0,0
BRDA:174,25,1,3
BRDA:179,26,0,0
BRDA:179,26,1,3
BRDA:183,27,0,0
BRDA:183,27,1,3
BRDA:196,28,0,0
BRDA:196,28,1,1
BRDA:196,29,0,1
BRDA:196,29,1,1
BRDA:203,30,0,0
BRDA:203,30,1,1
BRDA:203,31,0,1
BRDA:203,31,1,1
BRDA:218,32,0,0
BRDA:218,32,1,2
BRDA:218,33,0,2
BRDA:218,33,1,2
BRDA:225,34,0,0
BRDA:225,34,1,2
BRDA:233,35,0,1
BRDA:233,35,1,1
BRDA:241,36,0,1
BRDA:241,36,1,1
BRDA:249,37,0,1
BRDA:249,37,1,1
BRDA:256,38,0,2
BRDA:256,38,1,1
BRDA:258,39,0,0
BRDA:258,39,1,2
BRDA:267,40,0,1
BRDA:267,40,1,1
BRDA:278,41,0,0
BRDA:278,41,1,3
BRDA:278,42,0,3
BRDA:278,42,1,3
BRDA:285,43,0,1
BRDA:285,43,1,2
BRDA:293,44,0,1
BRDA:293,44,1,2
BRDA:300,45,0,3
BRDA:300,45,1,0
BRDA:301,46,0,0
BRDA:301,46,1,3
BRDA:311,47,0,3
BRDA:311,47,1,0
BRDA:311,47,2,0
BRDA:313,48,0,0
BRDA:313,48,1,3
BRDA:322,49,0,2
BRDA:322,49,1,1
BRF:101
BRH:78
end_of_record
TN:
SF:src/workers/scrapeWorker.js
FN:32,getScraperForUrl
FN:40,(anonymous_1)
FN:49,scrapeUrl
FN:68,(anonymous_3)
FN:73,(anonymous_4)
FN:131,scrapeUrls
FN:145,(anonymous_6)
FN:157,scrapeTrackedProduct
FN:191,processBatch
FN:221,(anonymous_9)
FN:233,processJob
FN:257,main
FN:260,(anonymous_12)
FNF:13
FNH:0
FNDA:0,getScraperForUrl
FNDA:0,(anonymous_1)
FNDA:0,scrapeUrl
FNDA:0,(anonymous_3)
FNDA:0,(anonymous_4)
FNDA:0,scrapeUrls
FNDA:0,(anonymous_6)
FNDA:0,scrapeTrackedProduct
FNDA:0,processBatch
FNDA:0,(anonymous_9)
FNDA:0,processJob
FNDA:0,main
FNDA:0,(anonymous_12)
DA:33,0
DA:34,0
DA:36,0
DA:37,0
DA:40,0
DA:54,0
DA:56,0
DA:58,0
DA:61,0
DA:63,0
DA:65,0
DA:67,0
DA:68,0
DA:75,0
DA:81,0
DA:83,0
DA:84,0
DA:85,0
DA:86,0
DA:89,0
DA:96,0
DA:99,0
DA:100,0
DA:101,0
DA:103,0
DA:104,0
DA:107,0
DA:110,0
DA:113,0
DA:114,0
DA:115,0
DA:117,0
DA:118,0
DA:121,0
DA:135,0
DA:137,0
DA:139,0
DA:140,0
DA:141,0
DA:144,0
DA:145,0
DA:149,0
DA:158,0
DA:163,0
DA:164,0
DA:165,0
DA:168,0
DA:170,0
DA:172,0
DA:176,0
DA:178,0
DA:180,0
DA:183,0
DA:192,0
DA:194,0
DA:195,0
DA:196,0
DA:199,0
DA:201,0
DA:203,0
DA:204,0
DA:206,0
DA:209,0
DA:214,0
DA:215,0
DA:217,0
DA:221,0
DA:224,0
DA:225,0
DA:234,0
DA:236,0
DA:238,0
DA:241,0
DA:244,0
DA:247,0
DA:250,0
DA:258,0
DA:260,0
DA:261,0
DA:287,0
DA:288,0
DA:289,0
DA:292,0
DA:294,0
DA:298,0
DA:299,0
DA:300,0
DA:301,0
DA:302,0
DA:303,0
DA:306,0
DA:309,0
DA:310,0
DA:313,0
DA:314,0
DA:316,0
DA:317,0
DA:322,0
DA:323,0
LF:99
LH:0
BRDA:33,0,0,0
BRDA:33,0,1,0
BRDA:36,1,0,0
BRDA:36,1,1,0
BRDA:49,2,0,0
BRDA:51,3,0,0
BRDA:52,4,0,0
BRDA:53,5,0,0
BRDA:75,6,0,0
BRDA:75,6,1,0
BRDA:83,7,0,0
BRDA:83,7,1,0
BRDA:99,8,0,0
BRDA:99,8,1,0
BRDA:103,9,0,0
BRDA:103,9,1,0
BRDA:117,10,0,0
BRDA:117,10,1,0
BRDA:131,11,0,0
BRDA:133,12,0,0
BRDA:134,13,0,0
BRDA:144,14,0,0
BRDA:144,14,1,0
BRDA:163,15,0,0
BRDA:163,15,1,0
BRDA:170,16,0,0
BRDA:170,16,1,0
BRDA:176,17,0,0
BRDA:176,17,1,0
BRDA:191,18,0,0
BRDA:194,19,0,0
BRDA:194,19,1,0
BRDA:204,20,0,0
BRDA:204,20,1,0
BRDA:214,21,0,0
BRDA:214,21,1,0
BRDA:236,22,0,0
BRDA:236,22,1,0
BRDA:236,22,2,0
BRDA:236,22,3,0
BRDA:236,22,4,0
BRDA:244,23,0,0
BRDA:244,23,1,0
BRDA:287,24,0,0
BRDA:287,24,1,0
BRDA:287,25,0,0
BRDA:287,25,1,0
BRDA:287,25,2,0
BRDA:287,25,3,0
BRDA:298,26,0,0
BRDA:298,26,1,0
BRDA:301,27,0,0
BRDA:301,27,1,0
BRDA:302,28,0,0
BRDA:302,28,1,0
BRDA:322,29,0,0
BRDA:322,29,1,0
BRF:57
BRH:0
end_of_record
