TN:
SF:src/config/index.js
FN:47,(anonymous_0)
FN:69,(anonymous_1)
FN:144,validateConfig
FN:187,validateConfigOrExit
FNF:4
FNH:3
FNDA:99,(anonymous_0)
FNDA:33,(anonymous_1)
FNDA:2,validateConfig
FNDA:0,validateConfigOrExit
DA:5,33
DA:6,33
DA:8,33
DA:10,33
DA:12,33
DA:47,99
DA:69,33
DA:145,2
DA:146,2
DA:149,2
DA:150,0
DA:152,2
DA:153,0
DA:155,2
DA:156,0
DA:160,2
DA:161,0
DA:162,0
DA:164,0
DA:165,0
DA:170,2
DA:171,0
DA:173,2
DA:174,0
DA:177,2
DA:188,0
DA:191,0
DA:192,0
DA:196,0
DA:197,0
DA:198,0
DA:199,0
DA:201,0
DA:202,0
DA:205,0
DA:206,0
LF:36
LH:16
BRDA:14,0,0,33
BRDA:14,0,1,0
BRDA:15,1,0,33
BRDA:15,1,1,0
BRDA:18,2,0,33
BRDA:18,2,1,33
BRDA:19,3,0,33
BRDA:19,3,1,33
BRDA:23,4,0,33
BRDA:23,4,1,0
BRDA:23,5,0,33
BRDA:23,5,1,0
BRDA:23,6,0,0
BRDA:23,6,1,0
BRDA:24,7,0,33
BRDA:24,7,1,0
BRDA:24,8,0,33
BRDA:24,8,1,0
BRDA:24,9,0,0
BRDA:24,9,1,0
BRDA:25,10,0,33
BRDA:25,10,1,0
BRDA:26,11,0,33
BRDA:26,11,1,0
BRDA:27,12,0,33
BRDA:27,12,1,0
BRDA:28,13,0,33
BRDA:28,13,1,0
BRDA:29,14,0,33
BRDA:29,14,1,0
BRDA:30,15,0,33
BRDA:30,15,1,0
BRDA:35,16,0,33
BRDA:35,16,1,0
BRDA:36,17,0,33
BRDA:36,17,1,0
BRDA:37,18,0,33
BRDA:37,18,1,0
BRDA:38,19,0,33
BRDA:38,19,1,0
BRDA:47,20,0,33
BRDA:47,20,1,33
BRDA:50,21,0,33
BRDA:50,21,1,33
BRDA:51,22,0,33
BRDA:51,22,1,33
BRDA:52,23,0,33
BRDA:52,23,1,33
BRDA:64,24,0,33
BRDA:64,24,1,0
BRDA:65,25,0,33
BRDA:65,25,1,33
BRDA:66,26,0,33
BRDA:66,26,1,33
BRDA:68,27,0,33
BRDA:68,27,1,0
BRDA:75,28,0,33
BRDA:75,28,1,0
BRDA:81,29,0,33
BRDA:81,29,1,33
BRDA:82,30,0,33
BRDA:82,30,1,33
BRDA:88,31,0,33
BRDA:88,31,1,33
BRDA:89,32,0,33
BRDA:89,32,1,33
BRDA:95,33,0,33
BRDA:95,33,1,33
BRDA:97,34,0,33
BRDA:97,34,1,33
BRDA:99,35,0,33
BRDA:99,35,1,33
BRDA:101,36,0,33
BRDA:101,36,1,33
BRDA:107,37,0,33
BRDA:107,37,1,33
BRDA:109,38,0,33
BRDA:109,38,1,33
BRDA:111,39,0,33
BRDA:111,39,1,33
BRDA:113,40,0,33
BRDA:113,40,1,33
BRDA:115,41,0,33
BRDA:115,41,1,33
BRDA:123,42,0,33
BRDA:123,42,1,0
BRDA:124,43,0,33
BRDA:124,43,1,0
BRDA:125,44,0,33
BRDA:125,44,1,33
BRDA:126,45,0,33
BRDA:126,45,1,33
BRDA:127,46,0,33
BRDA:127,46,1,33
BRDA:130,47,0,33
BRDA:130,47,1,0
BRDA:131,48,0,33
BRDA:131,48,1,33
BRDA:132,49,0,33
BRDA:132,49,1,33
BRDA:133,50,0,33
BRDA:133,50,1,0
BRDA:134,51,0,33
BRDA:134,51,1,33
BRDA:135,52,0,33
BRDA:135,52,1,0
BRDA:149,53,0,0
BRDA:149,53,1,2
BRDA:152,54,0,0
BRDA:152,54,1,2
BRDA:155,55,0,0
BRDA:155,55,1,2
BRDA:160,56,0,0
BRDA:160,56,1,2
BRDA:161,57,0,0
BRDA:161,57,1,0
BRDA:164,58,0,0
BRDA:164,58,1,0
BRDA:170,59,0,0
BRDA:170,59,1,2
BRDA:170,60,0,2
BRDA:170,60,1,2
BRDA:173,61,0,0
BRDA:173,61,1,2
BRDA:196,62,0,0
BRDA:196,62,1,0
BRDA:205,63,0,0
BRDA:205,63,1,0
BRDA:205,64,0,0
BRDA:205,64,1,0
BRF:130
BRH:86
end_of_record
TN:
SF:src/db/connect-pg.js
FN:25,(anonymous_0)
FN:30,(anonymous_1)
FN:35,(anonymous_2)
FN:40,checkDatabaseHealth
FN:53,getPoolStats
FN:66,runMigrations
FN:85,(anonymous_6)
FN:130,closeDatabaseConnection
FNF:8
FNH:3
FNDA:0,(anonymous_0)
FNDA:10,(anonymous_1)
FNDA:0,(anonymous_2)
FNDA:2,checkDatabaseHealth
FNDA:5,getPoolStats
FNDA:0,runMigrations
FNDA:0,(anonymous_6)
FNDA:0,closeDatabaseConnection
DA:2,14
DA:9,14
DA:10,14
DA:13,14
DA:25,14
DA:26,0
DA:30,14
DA:31,10
DA:35,14
DA:36,0
DA:41,2
DA:42,2
DA:43,2
DA:44,2
DA:45,2
DA:47,0
DA:48,0
DA:54,5
DA:67,0
DA:69,0
DA:70,0
DA:73,0
DA:82,0
DA:85,0
DA:88,0
DA:89,0
DA:96,0
DA:97,0
DA:99,0
DA:100,0
DA:101,0
DA:104,0
DA:105,0
DA:106,0
DA:109,0
DA:114,0
DA:117,0
DA:118,0
DA:121,0
DA:122,0
DA:123,0
DA:125,0
DA:131,0
DA:132,0
DA:133,0
DA:135,0
DA:136,0
LF:47
LH:14
BRDA:19,0,0,14
BRDA:19,0,1,0
BRDA:20,1,0,14
BRDA:20,1,1,0
BRDA:21,2,0,14
BRDA:21,2,1,0
BRDA:59,3,0,5
BRDA:59,3,1,0
BRDA:99,4,0,0
BRDA:99,4,1,0
BRF:10
BRH:4
end_of_record
TN:
SF:src/db/productRepository.js
FN:8,upsertProductAndHistory
FN:81,getAllProductsWithLatestPrice
FN:104,getPriceHistory
FNF:3
FNH:3
FNDA:28,upsertProductAndHistory
FNDA:4,getAllProductsWithLatestPrice
FNDA:8,getPriceHistory
DA:10,28
DA:11,28
DA:12,3
DA:13,3
DA:17,25
DA:19,25
DA:21,25
DA:22,25
DA:25,25
DA:38,25
DA:42,25
DA:52,25
DA:53,25
DA:58,25
DA:60,0
DA:63,25
DA:65,25
DA:67,25
DA:70,0
DA:71,0
DA:72,0
DA:74,25
DA:82,4
DA:98,4
DA:106,8
DA:107,8
DA:108,8
DA:109,2
DA:113,6
DA:115,6
DA:122,6
LF:31
LH:27
BRDA:8,0,0,27
BRDA:11,1,0,3
BRDA:11,1,1,25
BRDA:52,2,0,25
BRDA:52,2,1,0
BRDA:71,3,0,0
BRDA:71,3,1,0
BRDA:104,4,0,5
BRDA:108,5,0,2
BRDA:108,5,1,6
BRDA:113,6,0,6
BRDA:113,6,1,1
BRF:12
BRH:9
end_of_record
TN:
SF:src/db/trackedProductsRepository.js
FN:10,getProductsToCheck
FN:35,updateProductCheckTime
FN:87,addTrackedProduct
FN:120,setProductEnabled
FN:153,getAllTrackedProducts
FN:171,deleteTrackedProduct
FN:201,addSearchBasedProduct
FN:246,getSearchProductsToCheck
FN:272,updateSearchResult
FN:317,saveSearchResults
FN:385,getSearchResults
FN:405,getBestMatch
FN:426,getPriceComparison
FNF:13
FNH:13
FNDA:2,getProductsToCheck
FNDA:1,updateProductCheckTime
FNDA:23,addTrackedProduct
FNDA:2,setProductEnabled
FNDA:4,getAllTrackedProducts
FNDA:6,deleteTrackedProduct
FNDA:16,addSearchBasedProduct
FNDA:2,getSearchProductsToCheck
FNDA:1,updateSearchResult
FNDA:4,saveSearchResults
FNDA:3,getSearchResults
FNDA:2,getBestMatch
FNDA:2,getPriceComparison
DA:11,2
DA:12,2
DA:23,2
DA:25,0
DA:26,0
DA:37,1
DA:38,1
DA:39,0
DA:42,1
DA:43,1
DA:44,1
DA:45,1
DA:48,1
DA:53,1
DA:54,0
DA:57,1
DA:58,1
DA:60,1
DA:67,1
DA:69,1
DA:71,0
DA:72,0
DA:74,1
DA:77,0
DA:78,0
DA:89,23
DA:90,23
DA:91,1
DA:92,1
DA:95,22
DA:97,22
DA:98,22
DA:107,22
DA:108,22
DA:110,0
DA:111,0
DA:122,2
DA:123,2
DA:124,0
DA:128,2
DA:129,0
DA:132,2
DA:133,2
DA:138,2
DA:139,0
DA:142,2
DA:144,0
DA:145,0
DA:154,4
DA:155,4
DA:160,4
DA:162,0
DA:163,0
DA:173,6
DA:174,6
DA:175,1
DA:178,5
DA:179,5
DA:181,5
DA:182,3
DA:185,2
DA:187,3
DA:188,3
DA:208,16
DA:209,0
DA:212,16
DA:213,16
DA:227,16
DA:234,16
DA:236,0
DA:237,0
DA:247,2
DA:248,2
DA:260,2
DA:262,0
DA:263,0
DA:277,1
DA:278,1
DA:283,1
DA:284,0
DA:287,1
DA:288,1
DA:289,1
DA:292,1
DA:294,1
DA:304,1
DA:306,0
DA:307,0
DA:318,4
DA:320,4
DA:321,4
DA:324,4
DA:330,4
DA:331,6
DA:333,6
DA:364,4
DA:366,4
DA:372,0
DA:373,0
DA:374,0
DA:376,4
DA:386,3
DA:387,3
DA:393,3
DA:395,0
DA:396,0
DA:406,2
DA:407,2
DA:414,2
DA:416,0
DA:417,0
DA:427,2
DA:428,2
DA:439,2
DA:442,2
DA:450,2
DA:459,0
DA:460,0
LF:118
LH:84
BRDA:10,0,0,0
BRDA:35,1,0,0
BRDA:38,2,0,0
BRDA:38,2,1,1
BRDA:53,3,0,0
BRDA:53,3,1,1
BRDA:87,4,0,12
BRDA:87,5,0,14
BRDA:90,6,0,1
BRDA:90,6,1,22
BRDA:110,7,0,0
BRDA:110,7,1,0
BRDA:123,8,0,0
BRDA:123,8,1,2
BRDA:128,9,0,0
BRDA:128,9,1,2
BRDA:138,10,0,0
BRDA:138,10,1,2
BRDA:174,11,0,1
BRDA:174,11,1,5
BRDA:181,12,0,3
BRDA:181,12,1,2
BRDA:203,13,0,0
BRDA:204,14,0,15
BRDA:205,15,0,15
BRDA:206,16,0,14
BRDA:208,17,0,0
BRDA:208,17,1,16
BRDA:208,18,0,16
BRDA:208,18,1,16
BRDA:246,19,0,0
BRDA:275,20,0,1
BRDA:283,21,0,0
BRDA:283,21,1,1
BRDA:288,22,0,1
BRDA:288,22,1,1
BRDA:292,23,0,1
BRDA:292,23,1,0
BRDA:331,24,0,6
BRDA:331,24,1,0
BRDA:356,25,0,6
BRDA:356,25,1,6
BRDA:414,26,0,2
BRDA:414,26,1,2
BRDA:456,27,0,2
BRDA:456,27,1,1
BRF:46
BRH:31
end_of_record
TN:
SF:src/monitor/price-monitor.js
FN:29,getSiteFromUrl
FN:40,getScraperForUrl
FN:49,scrapeProductWithRetry
FN:83,(anonymous_3)
FN:88,(anonymous_4)
FN:142,processProduct
FN:188,runPriceMonitor
FN:284,(anonymous_7)
FNF:8
FNH:0
FNDA:0,getSiteFromUrl
FNDA:0,getScraperForUrl
FNDA:0,scrapeProductWithRetry
FNDA:0,(anonymous_3)
FNDA:0,(anonymous_4)
FNDA:0,processProduct
FNDA:0,runPriceMonitor
FNDA:0,(anonymous_7)
DA:30,0
DA:31,0
DA:32,0
DA:41,0
DA:42,0
DA:43,0
DA:50,0
DA:51,0
DA:53,0
DA:54,0
DA:55,0
DA:59,0
DA:60,0
DA:61,0
DA:67,0
DA:71,0
DA:72,0
DA:75,0
DA:76,0
DA:79,0
DA:81,0
DA:82,0
DA:83,0
DA:89,0
DA:90,0
DA:91,0
DA:93,0
DA:98,0
DA:101,0
DA:102,0
DA:103,0
DA:104,0
DA:105,0
DA:107,0
DA:108,0
DA:111,0
DA:114,0
DA:117,0
DA:118,0
DA:121,0
DA:122,0
DA:123,0
DA:124,0
DA:126,0
DA:135,0
DA:143,0
DA:144,0
DA:146,0
DA:148,0
DA:149,0
DA:150,0
DA:151,0
DA:154,0
DA:155,0
DA:156,0
DA:159,0
DA:160,0
DA:162,0
DA:163,0
DA:175,0
DA:176,0
DA:179,0
DA:180,0
DA:181,0
DA:189,0
DA:190,0
DA:193,0
DA:195,0
DA:196,0
DA:197,0
DA:200,0
DA:202,0
DA:208,0
DA:209,0
DA:211,0
DA:212,0
DA:213,0
DA:215,0
DA:216,0
DA:217,0
DA:219,0
DA:220,0
DA:224,0
DA:225,0
DA:226,0
DA:230,0
DA:233,0
DA:234,0
DA:237,0
DA:242,0
DA:243,0
DA:246,0
DA:247,0
DA:248,0
DA:254,0
DA:255,0
DA:256,0
DA:257,0
DA:259,0
DA:262,0
DA:263,0
DA:266,0
DA:267,0
DA:268,0
DA:272,0
DA:273,0
DA:274,0
DA:277,0
DA:279,0
DA:283,0
DA:284,0
DA:285,0
DA:287,0
DA:288,0
DA:289,0
DA:292,0
DA:293,0
DA:296,0
DA:297,0
DA:299,0
DA:300,0
DA:301,0
LF:122
LH:0
BRDA:30,0,0,0
BRDA:30,0,1,0
BRDA:31,1,0,0
BRDA:31,1,1,0
BRDA:41,2,0,0
BRDA:41,2,1,0
BRDA:42,3,0,0
BRDA:42,3,1,0
BRDA:53,4,0,0
BRDA:53,4,1,0
BRDA:60,5,0,0
BRDA:60,5,1,0
BRDA:75,6,0,0
BRDA:75,6,1,0
BRDA:90,7,0,0
BRDA:90,7,1,0
BRDA:101,8,0,0
BRDA:101,8,1,0
BRDA:148,9,0,0
BRDA:148,9,1,0
BRDA:159,10,0,0
BRDA:159,10,1,0
BRDA:162,11,0,0
BRDA:162,11,1,0
BRDA:162,12,0,0
BRDA:162,12,1,0
BRDA:172,13,0,0
BRDA:172,13,1,0
BRDA:195,14,0,0
BRDA:195,14,1,0
BRDA:215,15,0,0
BRDA:215,15,1,0
BRDA:224,16,0,0
BRDA:224,16,1,0
BRDA:238,17,0,0
BRDA:238,17,1,0
BRDA:246,18,0,0
BRDA:246,18,1,0
BRDA:267,19,0,0
BRDA:267,19,1,0
BRDA:273,20,0,0
BRDA:273,20,1,0
BRDA:283,21,0,0
BRDA:283,21,1,0
BRDA:283,22,0,0
BRDA:283,22,1,0
BRF:46
BRH:0
end_of_record
TN:
SF:src/monitor/search-monitor.js
FN:29,(anonymous_0)
FN:29,(anonymous_1)
FN:36,processSearchProduct
FN:176,runSearchMonitor
FN:285,quickSearch
FN:310,trackProduct
FNF:6
FNH:0
FNDA:0,(anonymous_0)
FNDA:0,(anonymous_1)
FNDA:0,processSearchProduct
FNDA:0,runSearchMonitor
FNDA:0,quickSearch
FNDA:0,trackProduct
DA:29,0
DA:43,0
DA:45,0
DA:52,0
DA:54,0
DA:56,0
DA:63,0
DA:66,0
DA:67,0
DA:69,0
DA:73,0
DA:75,0
DA:85,0
DA:92,0
DA:94,0
DA:96,0
DA:103,0
DA:104,0
DA:113,0
DA:116,0
DA:119,0
DA:130,0
DA:147,0
DA:149,0
DA:155,0
DA:159,0
DA:161,0
DA:180,0
DA:182,0
DA:183,0
DA:186,0
DA:188,0
DA:189,0
DA:190,0
DA:198,0
DA:200,0
DA:207,0
DA:208,0
DA:210,0
DA:211,0
DA:212,0
DA:213,0
DA:215,0
DA:216,0
DA:217,0
DA:219,0
DA:220,0
DA:224,0
DA:225,0
DA:226,0
DA:230,0
DA:231,0
DA:232,0
DA:236,0
DA:241,0
DA:242,0
DA:244,0
DA:251,0
DA:252,0
DA:253,0
DA:258,0
DA:259,0
DA:262,0
DA:263,0
DA:264,0
DA:267,0
DA:276,0
DA:286,0
DA:288,0
DA:294,0
DA:315,0
DA:317,0
DA:325,0
DA:327,0
LF:74
LH:0
BRDA:41,0,0,0
BRDA:57,1,0,0
BRDA:57,1,1,0
BRDA:59,2,0,0
BRDA:59,2,1,0
BRDA:66,3,0,0
BRDA:66,3,1,0
BRDA:94,4,0,0
BRDA:94,4,1,0
BRDA:135,5,0,0
BRDA:135,5,1,0
BRDA:176,6,0,0
BRDA:178,7,0,0
BRDA:179,8,0,0
BRDA:188,9,0,0
BRDA:188,9,1,0
BRDA:215,10,0,0
BRDA:215,10,1,0
BRDA:224,11,0,0
BRDA:224,11,1,0
BRDA:230,12,0,0
BRDA:230,12,1,0
BRDA:251,13,0,0
BRDA:251,13,1,0
BRDA:263,14,0,0
BRDA:263,14,1,0
BRDA:285,15,0,0
BRDA:289,16,0,0
BRDA:289,16,1,0
BRDA:290,17,0,0
BRDA:290,17,1,0
BRDA:291,18,0,0
BRDA:291,18,1,0
BRDA:310,19,0,0
BRDA:312,20,0,0
BRDA:313,21,0,0
BRDA:314,22,0,0
BRF:37
BRH:0
end_of_record
TN:
SF:src/scraper/amazon.js
FN:12,trySelectors
FN:33,scrapeAmazon
FN:41,(anonymous_2)
FN:41,(anonymous_3)
FNF:4
FNH:0
FNDA:0,trySelectors
FNDA:0,scrapeAmazon
FNDA:0,(anonymous_2)
FNDA:0,(anonymous_3)
DA:13,0
DA:14,0
DA:15,0
DA:16,0
DA:17,0
DA:18,0
DA:19,0
DA:20,0
DA:21,0
DA:25,0
DA:29,0
DA:30,0
DA:34,0
DA:35,0
DA:37,0
DA:39,0
DA:40,0
DA:41,0
DA:46,0
DA:56,0
DA:57,0
DA:58,0
DA:62,0
DA:75,0
DA:76,0
DA:77,0
DA:81,0
DA:83,0
DA:93,0
DA:94,0
DA:95,0
DA:96,0
DA:97,0
DA:100,0
DA:101,0
DA:103,0
DA:104,0
DA:106,0
LF:38
LH:0
BRDA:17,0,0,0
BRDA:17,0,1,0
BRDA:19,1,0,0
BRDA:19,1,1,0
BRDA:19,2,0,0
BRDA:19,2,1,0
BRDA:57,3,0,0
BRDA:57,3,1,0
BRDA:76,4,0,0
BRDA:76,4,1,0
BRDA:94,5,0,0
BRDA:94,5,1,0
BRF:12
BRH:0
end_of_record
TN:
SF:src/scraper/burton.js
FN:12,trySelectors
FN:33,scrapeBurton
FN:41,(anonymous_2)
FN:41,(anonymous_3)
FNF:4
FNH:0
FNDA:0,trySelectors
FNDA:0,scrapeBurton
FNDA:0,(anonymous_2)
FNDA:0,(anonymous_3)
DA:13,0
DA:14,0
DA:15,0
DA:16,0
DA:17,0
DA:18,0
DA:19,0
DA:20,0
DA:21,0
DA:25,0
DA:29,0
DA:30,0
DA:34,0
DA:35,0
DA:37,0
DA:39,0
DA:40,0
DA:41,0
DA:46,0
DA:55,0
DA:56,0
DA:57,0
DA:61,0
DA:71,0
DA:72,0
DA:73,0
DA:76,0
DA:78,0
DA:88,0
DA:89,0
DA:90,0
DA:91,0
DA:92,0
DA:95,0
DA:96,0
DA:98,0
DA:99,0
DA:101,0
LF:38
LH:0
BRDA:17,0,0,0
BRDA:17,0,1,0
BRDA:19,1,0,0
BRDA:19,1,1,0
BRDA:19,2,0,0
BRDA:19,2,1,0
BRDA:56,3,0,0
BRDA:56,3,1,0
BRDA:72,4,0,0
BRDA:72,4,1,0
BRDA:89,5,0,0
BRDA:89,5,1,0
BRF:12
BRH:0
end_of_record
TN:
SF:src/search/direct-search.js
FN:28,(anonymous_0)
FN:30,(anonymous_1)
FN:48,(anonymous_2)
FN:50,(anonymous_3)
FN:67,(anonymous_4)
FN:70,(anonymous_5)
FN:111,(anonymous_6)
FN:113,(anonymous_7)
FN:130,(anonymous_8)
FN:132,(anonymous_9)
FN:154,(anonymous_10)
FN:157,(anonymous_11)
FN:203,searchSite
FN:219,(anonymous_13)
FN:224,(anonymous_14)
FN:246,performSiteSearch
FN:266,(anonymous_16)
FN:327,searchAllSites
FN:350,(anonymous_18)
FN:371,(anonymous_19)
FN:376,(anonymous_20)
FN:381,(anonymous_21)
FN:391,parsePrice
FN:405,getAvailableSites
FN:406,(anonymous_24)
FNF:25
FNH:0
FNDA:0,(anonymous_0)
FNDA:0,(anonymous_1)
FNDA:0,(anonymous_2)
FNDA:0,(anonymous_3)
FNDA:0,(anonymous_4)
FNDA:0,(anonymous_5)
FNDA:0,(anonymous_6)
FNDA:0,(anonymous_7)
FNDA:0,(anonymous_8)
FNDA:0,(anonymous_9)
FNDA:0,(anonymous_10)
FNDA:0,(anonymous_11)
FNDA:0,searchSite
FNDA:0,(anonymous_13)
FNDA:0,(anonymous_14)
FNDA:0,performSiteSearch
FNDA:0,(anonymous_16)
FNDA:0,searchAllSites
FNDA:0,(anonymous_18)
FNDA:0,(anonymous_19)
FNDA:0,(anonymous_20)
FNDA:0,(anonymous_21)
FNDA:0,parsePrice
FNDA:0,getAvailableSites
FNDA:0,(anonymous_24)
DA:23,0
DA:28,0
DA:31,0
DA:32,0
DA:33,0
DA:35,0
DA:48,0
DA:51,0
DA:52,0
DA:54,0
DA:67,0
DA:72,0
DA:73,0
DA:74,0
DA:75,0
DA:76,0
DA:79,0
DA:80,0
DA:81,0
DA:82,0
DA:83,0
DA:84,0
DA:87,0
DA:88,0
DA:89,0
DA:90,0
DA:93,0
DA:94,0
DA:95,0
DA:98,0
DA:111,0
DA:114,0
DA:115,0
DA:117,0
DA:130,0
DA:133,0
DA:135,0
DA:136,0
DA:137,0
DA:139,0
DA:141,0
DA:154,0
DA:158,0
DA:159,0
DA:160,0
DA:162,0
DA:175,0
DA:204,0
DA:205,0
DA:206,0
DA:210,0
DA:211,0
DA:212,0
DA:215,0
DA:218,0
DA:219,0
DA:226,0
DA:229,0
DA:232,0
DA:234,0
DA:235,0
DA:237,0
DA:247,0
DA:249,0
DA:252,0
DA:254,0
DA:256,0
DA:258,0
DA:263,0
DA:266,0
DA:267,0
DA:271,0
DA:274,0
DA:275,0
DA:277,0
DA:279,0
DA:280,0
DA:281,0
DA:283,0
DA:285,0
DA:286,0
DA:290,0
DA:291,0
DA:292,0
DA:293,0
DA:295,0
DA:298,0
DA:302,0
DA:308,0
DA:311,0
DA:312,0
DA:314,0
DA:315,0
DA:332,0
DA:334,0
DA:336,0
DA:344,0
DA:345,0
DA:346,0
DA:349,0
DA:350,0
DA:351,0
DA:352,0
DA:353,0
DA:357,0
DA:359,0
DA:363,0
DA:367,0
DA:370,0
DA:371,0
DA:376,0
DA:378,0
DA:381,0
DA:385,0
DA:392,0
DA:395,0
DA:396,0
DA:397,0
DA:399,0
DA:406,0
LF:120
LH:0
BRDA:36,0,0,0
BRDA:36,0,1,0
BRDA:37,1,0,0
BRDA:37,1,1,0
BRDA:38,2,0,0
BRDA:38,2,1,0
BRDA:55,3,0,0
BRDA:55,3,1,0
BRDA:56,4,0,0
BRDA:56,4,1,0
BRDA:57,5,0,0
BRDA:57,5,1,0
BRDA:73,6,0,0
BRDA:73,6,1,0
BRDA:74,7,0,0
BRDA:74,7,1,0
BRDA:75,8,0,0
BRDA:75,8,1,0
BRDA:76,9,0,0
BRDA:76,9,1,0
BRDA:80,10,0,0
BRDA:80,10,1,0
BRDA:81,11,0,0
BRDA:81,11,1,0
BRDA:82,12,0,0
BRDA:82,12,1,0
BRDA:83,13,0,0
BRDA:83,13,1,0
BRDA:84,14,0,0
BRDA:84,14,1,0
BRDA:88,15,0,0
BRDA:88,15,1,0
BRDA:89,16,0,0
BRDA:89,16,1,0
BRDA:90,17,0,0
BRDA:90,17,1,0
BRDA:93,18,0,0
BRDA:93,18,1,0
BRDA:94,19,0,0
BRDA:94,19,1,0
BRDA:94,20,0,0
BRDA:94,20,1,0
BRDA:99,21,0,0
BRDA:99,21,1,0
BRDA:100,22,0,0
BRDA:100,22,1,0
BRDA:118,23,0,0
BRDA:118,23,1,0
BRDA:119,24,0,0
BRDA:119,24,1,0
BRDA:120,25,0,0
BRDA:120,25,1,0
BRDA:136,26,0,0
BRDA:136,26,1,0
BRDA:142,27,0,0
BRDA:142,27,1,0
BRDA:143,28,0,0
BRDA:143,28,1,0
BRDA:144,29,0,0
BRDA:144,29,1,0
BRDA:163,30,0,0
BRDA:163,30,1,0
BRDA:164,31,0,0
BRDA:164,31,1,0
BRDA:165,32,0,0
BRDA:165,32,1,0
BRDA:203,33,0,0
BRDA:205,34,0,0
BRDA:205,34,1,0
BRDA:210,35,0,0
BRDA:210,35,1,0
BRDA:215,36,0,0
BRDA:215,37,0,0
BRDA:226,38,0,0
BRDA:226,38,1,0
BRDA:226,38,2,0
BRDA:229,39,0,0
BRDA:229,39,1,0
BRDA:229,39,2,0
BRDA:232,40,0,0
BRDA:232,40,1,0
BRDA:234,41,0,0
BRDA:234,41,1,0
BRDA:283,42,0,0
BRDA:283,42,1,0
BRDA:283,43,0,0
BRDA:283,43,1,0
BRDA:285,44,0,0
BRDA:285,44,1,0
BRDA:285,45,0,0
BRDA:285,45,1,0
BRDA:314,46,0,0
BRDA:314,46,1,0
BRDA:327,47,0,0
BRDA:329,48,0,0
BRDA:330,49,0,0
BRDA:331,50,0,0
BRDA:370,51,0,0
BRDA:370,51,1,0
BRDA:376,52,0,0
BRDA:376,52,1,0
BRDA:376,53,0,0
BRDA:376,53,1,0
BRDA:392,54,0,0
BRDA:392,54,1,0
BRDA:396,55,0,0
BRDA:396,55,1,0
BRF:107
BRH:0
end_of_record
TN:
SF:src/search/index.js
FNF:0
FNH:0
LF:0
LH:0
BRF:0
BRH:0
end_of_record
TN:
SF:src/search/product-matcher.js
FN:20,levenshteinDistance
FN:53,normalizeText
FN:68,tokenize
FN:71,(anonymous_3)
FN:80,wordOverlapScore
FN:105,sequentialMatchScore
FN:139,brandMatchScore
FN:154,(anonymous_7)
FN:172,priceScore
FN:188,(anonymous_9)
FN:189,(anonymous_10)
FN:206,calculateMatchScore
FN:216,(anonymous_12)
FN:264,getConfidenceLevel
FN:279,findBestMatch
FN:292,(anonymous_15)
FN:293,(anonymous_16)
FN:296,(anonymous_17)
FN:315,(anonymous_18)
FN:318,(anonymous_19)
FN:321,(anonymous_20)
FN:346,comparePrices
FN:358,(anonymous_22)
FN:372,(anonymous_23)
FN:376,(anonymous_24)
FN:402,(anonymous_25)
FN:404,(anonymous_26)
FN:422,(anonymous_27)
FNF:28
FNH:26
FNDA:10,levenshteinDistance
FNDA:275,normalizeText
FNDA:161,tokenize
FNDA:462,(anonymous_3)
FNDA:52,wordOverlapScore
FNDA:52,sequentialMatchScore
FNDA:52,brandMatchScore
FNDA:1518,(anonymous_7)
FNDA:52,priceScore
FNDA:160,(anonymous_9)
FNDA:240,(anonymous_10)
FNDA:52,calculateMatchScore
FNDA:0,(anonymous_12)
FNDA:52,getConfidenceLevel
FNDA:11,findBestMatch
FNDA:40,(anonymous_15)
FNDA:40,(anonymous_16)
FNDA:40,(anonymous_17)
FNDA:57,(anonymous_18)
FNDA:40,(anonymous_19)
FNDA:0,(anonymous_20)
FNDA:13,comparePrices
FNDA:28,(anonymous_22)
FNDA:18,(anonymous_23)
FNDA:22,(anonymous_24)
FNDA:22,(anonymous_25)
FNDA:1,(anonymous_26)
FNDA:22,(anonymous_27)
DA:21,10
DA:23,10
DA:24,45
DA:27,10
DA:28,44
DA:31,10
DA:32,35
DA:33,134
DA:34,30
DA:36,104
DA:45,10
DA:54,275
DA:56,217
DA:69,161
DA:71,462
DA:81,52
DA:83,51
DA:84,51
DA:86,51
DA:87,51
DA:88,104
DA:89,51
DA:94,51
DA:95,51
DA:106,52
DA:108,51
DA:109,51
DA:110,51
DA:112,51
DA:113,104
DA:114,104
DA:115,282
DA:116,51
DA:117,51
DA:118,51
DA:119,51
DA:122,104
DA:123,53
DA:124,53
DA:128,51
DA:129,51
DA:140,52
DA:141,52
DA:142,52
DA:145,52
DA:152,52
DA:154,1518
DA:156,24
DA:157,10
DA:162,42
DA:173,52
DA:176,52
DA:177,0
DA:180,0
DA:181,0
DA:183,0
DA:187,52
DA:188,160
DA:189,240
DA:191,40
DA:192,40
DA:193,30
DA:195,10
DA:198,12
DA:215,52
DA:216,52
DA:217,52
DA:218,52
DA:221,52
DA:232,52
DA:241,52
DA:242,52
DA:244,52
DA:245,260
DA:246,260
DA:249,52
DA:251,52
DA:265,52
DA:266,50
DA:267,43
DA:268,28
DA:284,11
DA:286,11
DA:287,1
DA:291,10
DA:292,40
DA:293,40
DA:296,10
DA:297,40
DA:307,40
DA:315,57
DA:318,40
DA:320,10
DA:321,0
DA:324,10
DA:326,10
DA:334,10
DA:347,13
DA:348,2
DA:358,28
DA:360,11
DA:361,1
DA:372,18
DA:374,10
DA:375,10
DA:376,22
DA:377,10
DA:378,10
DA:379,10
DA:382,10
DA:384,10
DA:385,10
DA:392,10
DA:393,8
DA:402,22
DA:403,10
DA:404,1
DA:405,1
DA:406,1
DA:414,10
DA:422,22
LF:121
LH:116
BRDA:33,0,0,30
BRDA:33,0,1,104
BRDA:54,1,0,58
BRDA:54,1,1,217
BRDA:81,2,0,1
BRDA:81,2,1,51
BRDA:81,3,0,52
BRDA:81,3,1,51
BRDA:88,4,0,51
BRDA:88,4,1,53
BRDA:106,5,0,1
BRDA:106,5,1,51
BRDA:106,6,0,52
BRDA:106,6,1,51
BRDA:115,7,0,51
BRDA:115,7,1,231
BRDA:115,8,0,282
BRDA:115,8,1,231
BRDA:122,9,0,53
BRDA:122,9,1,51
BRDA:142,10,0,52
BRDA:142,10,1,52
BRDA:154,11,0,24
BRDA:154,11,1,64
BRDA:154,12,0,1518
BRDA:154,12,1,1494
BRDA:156,13,0,10
BRDA:156,13,1,14
BRDA:156,14,0,24
BRDA:156,14,1,14
BRDA:172,15,0,0
BRDA:173,16,0,0
BRDA:173,16,1,52
BRDA:173,17,0,52
BRDA:173,17,1,52
BRDA:176,18,0,0
BRDA:176,18,1,52
BRDA:176,19,0,52
BRDA:176,19,1,0
BRDA:180,20,0,0
BRDA:180,20,1,0
BRDA:180,21,0,0
BRDA:180,21,1,0
BRDA:187,22,0,40
BRDA:187,22,1,12
BRDA:192,23,0,30
BRDA:192,23,1,10
BRDA:192,24,0,40
BRDA:192,24,1,30
BRDA:208,25,0,12
BRDA:213,26,0,12
BRDA:224,27,0,0
BRDA:224,27,1,52
BRDA:265,28,0,2
BRDA:265,28,1,50
BRDA:266,29,0,7
BRDA:266,29,1,43
BRDA:267,30,0,15
BRDA:267,30,1,28
BRDA:279,31,0,0
BRDA:281,32,0,11
BRDA:282,33,0,7
BRDA:283,34,0,11
BRDA:286,35,0,1
BRDA:286,35,1,10
BRDA:286,36,0,11
BRDA:286,36,1,11
BRDA:293,37,0,40
BRDA:293,37,1,40
BRDA:320,38,0,0
BRDA:320,38,1,10
BRDA:324,39,0,10
BRDA:324,39,1,3
BRDA:347,40,0,2
BRDA:347,40,1,11
BRDA:347,41,0,13
BRDA:347,41,1,12
BRDA:358,42,0,28
BRDA:358,42,1,24
BRDA:360,43,0,1
BRDA:360,43,1,10
BRDA:384,44,0,10
BRDA:384,44,1,0
BRDA:392,45,0,8
BRDA:392,45,1,2
BRDA:403,46,0,1
BRDA:403,46,1,9
BRDA:405,47,0,1
BRDA:405,47,1,0
BRDA:405,48,0,1
BRDA:405,48,1,1
BRF:91
BRH:78
end_of_record
TN:
SF:src/search/search-engine.js
FN:102,randomDelay
FN:104,(anonymous_1)
FN:110,buildDuckDuckGoUrl
FN:125,generateCvid
FN:137,extractDomain
FN:149,getEcommerceDomainInfo
FN:153,(anonymous_6)
FN:159,isExcludedDomain
FN:163,(anonymous_8)
FN:169,parseDuckDuckGoResults
FN:242,parseGoogleResults
FN:346,searchGoogle
FN:404,(anonymous_12)
FN:409,(anonymous_13)
FN:417,(anonymous_14)
FN:427,(anonymous_15)
FN:442,parseBingSearchResults
FN:508,searchBingAPI
FN:565,(anonymous_18)
FN:570,(anonymous_19)
FN:578,(anonymous_20)
FN:588,(anonymous_21)
FN:607,getRandomFirefoxUA
FN:614,createStealthContext
FN:642,(anonymous_24)
FN:644,(anonymous_25)
FN:648,(anonymous_26)
FN:656,(anonymous_27)
FN:659,(anonymous_28)
FN:662,(anonymous_29)
FN:665,(anonymous_30)
FN:670,(anonymous_31)
FN:671,(anonymous_32)
FN:677,(anonymous_33)
FN:695,searchDuckDuckGo
FN:749,(anonymous_35)
FN:762,(anonymous_36)
FN:767,(anonymous_37)
FN:776,(anonymous_38)
FN:786,(anonymous_39)
FN:801,searchProduct
FN:868,searchProductWithFallback
FN:919,(anonymous_42)
FN:955,getSearchEngineStatus
FN:984,getKnownEcommerceDomains
FN:991,addEcommerceDomain
FN:992,(anonymous_46)
FNF:47
FNH:4
FNDA:0,randomDelay
FNDA:0,(anonymous_1)
FNDA:0,buildDuckDuckGoUrl
FNDA:0,generateCvid
FNDA:0,extractDomain
FNDA:0,getEcommerceDomainInfo
FNDA:0,(anonymous_6)
FNDA:0,isExcludedDomain
FNDA:0,(anonymous_8)
FNDA:0,parseDuckDuckGoResults
FNDA:0,parseGoogleResults
FNDA:0,searchGoogle
FNDA:0,(anonymous_12)
FNDA:0,(anonymous_13)
FNDA:0,(anonymous_14)
FNDA:0,(anonymous_15)
FNDA:0,parseBingSearchResults
FNDA:0,searchBingAPI
FNDA:0,(anonymous_18)
FNDA:0,(anonymous_19)
FNDA:0,(anonymous_20)
FNDA:0,(anonymous_21)
FNDA:0,getRandomFirefoxUA
FNDA:0,createStealthContext
FNDA:0,(anonymous_24)
FNDA:0,(anonymous_25)
FNDA:0,(anonymous_26)
FNDA:0,(anonymous_27)
FNDA:0,(anonymous_28)
FNDA:0,(anonymous_29)
FNDA:0,(anonymous_30)
FNDA:0,(anonymous_31)
FNDA:0,(anonymous_32)
FNDA:0,(anonymous_33)
FNDA:0,searchDuckDuckGo
FNDA:0,(anonymous_35)
FNDA:0,(anonymous_36)
FNDA:0,(anonymous_37)
FNDA:0,(anonymous_38)
FNDA:0,(anonymous_39)
FNDA:0,searchProduct
FNDA:0,searchProductWithFallback
FNDA:0,(anonymous_42)
FNDA:6,getSearchEngineStatus
FNDA:15,getKnownEcommerceDomains
FNDA:4,addEcommerceDomain
FNDA:94,(anonymous_46)
DA:26,1
DA:71,1
DA:90,1
DA:103,0
DA:104,0
DA:111,0
DA:116,0
DA:120,1
DA:126,0
DA:127,0
DA:128,0
DA:129,0
DA:131,0
DA:138,0
DA:139,0
DA:140,0
DA:142,0
DA:150,0
DA:151,0
DA:153,0
DA:160,0
DA:161,0
DA:163,0
DA:170,0
DA:172,0
DA:174,0
DA:176,0
DA:178,0
DA:179,0
DA:181,0
DA:182,0
DA:184,0
DA:185,0
DA:188,0
DA:189,0
DA:190,0
DA:191,0
DA:192,0
DA:193,0
DA:196,0
DA:201,0
DA:202,0
DA:205,0
DA:206,0
DA:210,0
DA:212,0
DA:222,0
DA:226,0
DA:229,0
DA:233,1
DA:243,0
DA:245,0
DA:248,0
DA:254,0
DA:255,0
DA:256,0
DA:257,0
DA:258,0
DA:259,0
DA:263,0
DA:264,0
DA:266,0
DA:267,0
DA:268,0
DA:270,0
DA:273,0
DA:274,0
DA:275,0
DA:276,0
DA:283,0
DA:284,0
DA:287,0
DA:293,0
DA:294,0
DA:295,0
DA:296,0
DA:297,0
DA:298,0
DA:303,0
DA:304,0
DA:308,0
DA:309,0
DA:312,0
DA:314,0
DA:325,0
DA:329,0
DA:332,0
DA:351,0
DA:354,0
DA:359,0
DA:361,0
DA:364,0
DA:365,0
DA:367,0
DA:368,0
DA:370,0
DA:371,0
DA:372,0
DA:373,0
DA:375,0
DA:378,0
DA:384,0
DA:385,0
DA:388,0
DA:389,0
DA:390,0
DA:392,0
DA:395,0
DA:398,0
DA:400,0
DA:403,0
DA:404,0
DA:408,0
DA:409,0
DA:412,0
DA:414,0
DA:417,0
DA:420,0
DA:423,0
DA:424,0
DA:426,0
DA:427,0
DA:429,0
DA:430,0
DA:443,0
DA:445,0
DA:447,0
DA:449,0
DA:451,0
DA:452,0
DA:454,0
DA:455,0
DA:457,0
DA:458,0
DA:461,0
DA:462,0
DA:465,0
DA:466,0
DA:470,0
DA:471,0
DA:474,0
DA:476,0
DA:487,0
DA:491,0
DA:494,0
DA:513,0
DA:516,0
DA:520,0
DA:522,0
DA:525,0
DA:526,0
DA:528,0
DA:529,0
DA:531,0
DA:532,0
DA:533,0
DA:534,0
DA:536,0
DA:539,0
DA:545,0
DA:546,0
DA:549,0
DA:550,0
DA:551,0
DA:553,0
DA:556,0
DA:559,0
DA:561,0
DA:564,0
DA:565,0
DA:569,0
DA:570,0
DA:573,0
DA:575,0
DA:578,0
DA:581,0
DA:584,0
DA:585,0
DA:587,0
DA:588,0
DA:590,0
DA:591,0
DA:599,1
DA:608,0
DA:616,0
DA:618,0
DA:642,0
DA:644,0
DA:647,0
DA:648,0
DA:656,0
DA:659,0
DA:662,0
DA:665,0
DA:668,0
DA:676,0
DA:677,0
DA:678,0
DA:684,0
DA:700,0
DA:702,0
DA:703,0
DA:706,0
DA:709,0
DA:711,0
DA:712,0
DA:714,0
DA:715,0
DA:716,0
DA:717,0
DA:719,0
DA:721,0
DA:724,0
DA:730,0
DA:731,0
DA:732,0
DA:734,0
DA:738,0
DA:742,0
DA:743,0
DA:744,0
DA:745,0
DA:749,0
DA:750,0
DA:753,0
DA:756,0
DA:758,0
DA:761,0
DA:762,0
DA:766,0
DA:767,0
DA:771,0
DA:773,0
DA:776,0
DA:779,0
DA:782,0
DA:783,0
DA:785,0
DA:786,0
DA:788,0
DA:789,0
DA:806,0
DA:809,0
DA:810,0
DA:812,0
DA:814,0
DA:815,0
DA:817,0
DA:818,0
DA:819,0
DA:822,0
DA:828,0
DA:829,0
DA:833,0
DA:834,0
DA:836,0
DA:839,0
DA:845,0
DA:846,0
DA:851,0
DA:852,0
DA:857,0
DA:873,0
DA:876,0
DA:877,0
DA:879,0
DA:885,0
DA:889,0
DA:890,0
DA:891,0
DA:893,0
DA:896,0
DA:897,0
DA:898,0
DA:901,0
DA:902,0
DA:903,0
DA:906,0
DA:907,0
DA:908,0
DA:911,0
DA:912,0
DA:915,0
DA:916,0
DA:919,0
DA:922,0
DA:929,0
DA:932,0
DA:933,0
DA:938,0
DA:944,0
DA:956,6
DA:985,15
DA:992,94
DA:993,3
DA:998,1
LF:296
LH:11
BRDA:91,0,0,1
BRDA:91,0,1,0
BRDA:92,1,0,1
BRDA:92,1,1,0
BRDA:95,2,0,1
BRDA:95,2,1,0
BRDA:96,3,0,1
BRDA:96,3,1,0
BRDA:102,4,0,0
BRDA:102,5,0,0
BRDA:110,6,0,0
BRDA:151,7,0,0
BRDA:151,7,1,0
BRDA:161,8,0,0
BRDA:161,8,1,0
BRDA:182,9,0,0
BRDA:182,9,1,0
BRDA:188,10,0,0
BRDA:188,10,1,0
BRDA:188,11,0,0
BRDA:188,11,1,0
BRDA:192,12,0,0
BRDA:192,12,1,0
BRDA:202,13,0,0
BRDA:202,13,1,0
BRDA:205,14,0,0
BRDA:205,14,1,0
BRDA:205,15,0,0
BRDA:205,15,1,0
BRDA:205,15,2,0
BRDA:214,16,0,0
BRDA:214,16,1,0
BRDA:215,17,0,0
BRDA:215,17,1,0
BRDA:218,18,0,0
BRDA:218,18,1,0
BRDA:219,19,0,0
BRDA:219,19,1,0
BRDA:257,20,0,0
BRDA:257,20,1,0
BRDA:267,21,0,0
BRDA:267,21,1,0
BRDA:268,22,0,0
BRDA:268,22,1,0
BRDA:273,23,0,0
BRDA:273,23,1,0
BRDA:273,24,0,0
BRDA:273,24,1,0
BRDA:276,25,0,0
BRDA:276,25,1,0
BRDA:276,25,2,0
BRDA:284,26,0,0
BRDA:284,26,1,0
BRDA:296,27,0,0
BRDA:296,27,1,0
BRDA:303,28,0,0
BRDA:303,28,1,0
BRDA:303,29,0,0
BRDA:303,29,1,0
BRDA:303,29,2,0
BRDA:308,30,0,0
BRDA:308,30,1,0
BRDA:308,31,0,0
BRDA:308,31,1,0
BRDA:316,32,0,0
BRDA:316,32,1,0
BRDA:317,33,0,0
BRDA:317,33,1,0
BRDA:320,34,0,0
BRDA:320,34,1,0
BRDA:321,35,0,0
BRDA:321,35,1,0
BRDA:346,36,0,0
BRDA:348,37,0,0
BRDA:349,38,0,0
BRDA:350,39,0,0
BRDA:389,40,0,0
BRDA:389,40,1,0
BRDA:403,41,0,0
BRDA:403,41,1,0
BRDA:408,42,0,0
BRDA:408,42,1,0
BRDA:426,43,0,0
BRDA:426,43,1,0
BRDA:429,44,0,0
BRDA:429,44,1,0
BRDA:455,45,0,0
BRDA:455,45,1,0
BRDA:462,46,0,0
BRDA:462,46,1,0
BRDA:465,47,0,0
BRDA:465,47,1,0
BRDA:465,48,0,0
BRDA:465,48,1,0
BRDA:465,48,2,0
BRDA:470,49,0,0
BRDA:470,49,1,0
BRDA:470,50,0,0
BRDA:470,50,1,0
BRDA:478,51,0,0
BRDA:478,51,1,0
BRDA:479,52,0,0
BRDA:479,52,1,0
BRDA:482,53,0,0
BRDA:482,53,1,0
BRDA:483,54,0,0
BRDA:483,54,1,0
BRDA:508,55,0,0
BRDA:510,56,0,0
BRDA:511,57,0,0
BRDA:512,58,0,0
BRDA:550,59,0,0
BRDA:550,59,1,0
BRDA:564,60,0,0
BRDA:564,60,1,0
BRDA:569,61,0,0
BRDA:569,61,1,0
BRDA:587,62,0,0
BRDA:587,62,1,0
BRDA:590,63,0,0
BRDA:590,63,1,0
BRDA:678,64,0,0
BRDA:678,64,1,0
BRDA:695,65,0,0
BRDA:697,66,0,0
BRDA:698,67,0,0
BRDA:699,68,0,0
BRDA:743,69,0,0
BRDA:743,69,1,0
BRDA:761,70,0,0
BRDA:761,70,1,0
BRDA:766,71,0,0
BRDA:766,71,1,0
BRDA:785,72,0,0
BRDA:785,72,1,0
BRDA:788,73,0,0
BRDA:788,73,1,0
BRDA:801,74,0,0
BRDA:803,75,0,0
BRDA:804,76,0,0
BRDA:805,77,0,0
BRDA:817,78,0,0
BRDA:817,78,1,0
BRDA:828,79,0,0
BRDA:828,79,1,0
BRDA:833,80,0,0
BRDA:833,80,1,0
BRDA:845,81,0,0
BRDA:845,81,1,0
BRDA:857,82,0,0
BRDA:857,82,1,0
BRDA:868,83,0,0
BRDA:870,84,0,0
BRDA:871,85,0,0
BRDA:872,86,0,0
BRDA:893,87,0,0
BRDA:893,87,1,0
BRDA:893,87,2,0
BRDA:893,87,3,0
BRDA:893,87,4,0
BRDA:915,88,0,0
BRDA:915,88,1,0
BRDA:915,89,0,0
BRDA:915,89,1,0
BRDA:991,90,0,1
BRDA:992,91,0,3
BRDA:992,91,1,1
BRF:167
BRH:7
end_of_record
TN:
SF:src/search/search-orchestrator.js
FN:41,(anonymous_0)
FN:41,(anonymous_1)
FN:49,filterSearchResults
FN:60,(anonymous_3)
FN:65,(anonymous_4)
FN:67,(anonymous_5)
FN:77,(anonymous_6)
FN:89,scrapeWithRetry
FN:118,searchAndScrape
FN:197,(anonymous_9)
FN:295,findProduct
FN:301,(anonymous_11)
FN:317,searchProductOnSites
FN:319,(anonymous_13)
FN:335,batchSearch
FN:390,getOrchestratorStats
FNF:16
FNH:0
FNDA:0,(anonymous_0)
FNDA:0,(anonymous_1)
FNDA:0,filterSearchResults
FNDA:0,(anonymous_3)
FNDA:0,(anonymous_4)
FNDA:0,(anonymous_5)
FNDA:0,(anonymous_6)
FNDA:0,scrapeWithRetry
FNDA:0,searchAndScrape
FNDA:0,(anonymous_9)
FNDA:0,findProduct
FNDA:0,(anonymous_11)
FNDA:0,searchProductOnSites
FNDA:0,(anonymous_13)
FNDA:0,batchSearch
FNDA:0,getOrchestratorStats
DA:28,0
DA:41,0
DA:54,0
DA:56,0
DA:59,0
DA:60,0
DA:64,0
DA:65,0
DA:66,0
DA:67,0
DA:68,0
DA:71,0
DA:77,0
DA:80,0
DA:90,0
DA:92,0
DA:93,0
DA:94,0
DA:95,0
DA:96,0
DA:99,0
DA:100,0
DA:102,0
DA:103,0
DA:108,0
DA:126,0
DA:128,0
DA:129,0
DA:131,0
DA:134,0
DA:135,0
DA:136,0
DA:137,0
DA:140,0
DA:162,0
DA:164,0
DA:166,0
DA:171,0
DA:172,0
DA:173,0
DA:174,0
DA:176,0
DA:182,0
DA:183,0
DA:184,0
DA:185,0
DA:189,0
DA:194,0
DA:197,0
DA:201,0
DA:203,0
DA:204,0
DA:206,0
DA:207,0
DA:209,0
DA:211,0
DA:212,0
DA:217,0
DA:219,0
DA:220,0
DA:224,0
DA:225,0
DA:226,0
DA:230,0
DA:231,0
DA:235,0
DA:237,0
DA:245,0
DA:246,0
DA:257,0
DA:260,0
DA:264,0
DA:266,0
DA:268,0
DA:276,0
DA:279,0
DA:280,0
DA:281,0
DA:283,0
DA:296,0
DA:298,0
DA:299,0
DA:301,0
DA:306,0
DA:319,0
DA:320,0
DA:322,0
DA:339,0
DA:341,0
DA:343,0
DA:344,0
DA:346,0
DA:347,0
DA:353,0
DA:359,0
DA:366,0
DA:373,0
DA:374,0
DA:379,0
DA:380,0
DA:384,0
DA:391,0
LF:102
LH:0
BRDA:49,0,0,0
BRDA:51,1,0,0
BRDA:52,2,0,0
BRDA:53,3,0,0
BRDA:59,4,0,0
BRDA:59,4,1,0
BRDA:64,5,0,0
BRDA:64,5,1,0
BRDA:68,6,0,0
BRDA:68,6,1,0
BRDA:73,7,0,0
BRDA:73,7,1,0
BRDA:89,8,0,0
BRDA:95,9,0,0
BRDA:95,9,1,0
BRDA:102,10,0,0
BRDA:102,10,1,0
BRDA:118,11,0,0
BRDA:120,12,0,0
BRDA:121,13,0,0
BRDA:122,14,0,0
BRDA:123,15,0,0
BRDA:124,16,0,0
BRDA:125,17,0,0
BRDA:129,18,0,0
BRDA:129,18,1,0
BRDA:135,19,0,0
BRDA:135,19,1,0
BRDA:182,20,0,0
BRDA:182,20,1,0
BRDA:211,21,0,0
BRDA:211,21,1,0
BRDA:230,22,0,0
BRDA:230,22,1,0
BRDA:245,23,0,0
BRDA:245,23,1,0
BRDA:295,24,0,0
BRDA:298,25,0,0
BRDA:298,25,1,0
BRDA:317,26,0,0
BRDA:335,27,0,0
BRDA:337,28,0,0
BRDA:338,29,0,0
BRDA:354,30,0,0
BRDA:354,30,1,0
BRDA:373,31,0,0
BRDA:373,31,1,0
BRDA:379,32,0,0
BRDA:379,32,1,0
BRF:49
BRH:0
end_of_record
TN:
SF:src/search/site-registry.js
FN:321,detectSite
FN:329,(anonymous_1)
FN:350,getScraperForUrl
FN:362,getSelectorsForUrl
FN:372,getRateLimitForUrl
FN:382,isSupportedSite
FN:392,getSiteName
FN:401,getAllSites
FN:410,registerSite
FNF:9
FNH:8
FNDA:30,detectSite
FNDA:156,(anonymous_1)
FNDA:4,getScraperForUrl
FNDA:4,getSelectorsForUrl
FNDA:3,getRateLimitForUrl
FNDA:4,isSupportedSite
FNDA:4,getSiteName
FNDA:6,getAllSites
FNDA:0,registerSite
DA:19,2
DA:243,2
DA:322,30
DA:323,30
DA:324,26
DA:326,26
DA:327,87
DA:329,156
DA:330,20
DA:331,20
DA:336,6
DA:337,6
DA:340,4
DA:341,4
DA:351,4
DA:352,4
DA:354,3
DA:363,4
DA:364,4
DA:373,3
DA:374,3
DA:383,4
DA:384,4
DA:393,4
DA:394,4
DA:402,6
DA:411,0
DA:417,0
DA:418,0
DA:421,0
LF:30
LH:26
BRDA:327,0,0,6
BRDA:327,0,1,81
BRDA:329,1,0,20
BRDA:329,1,1,61
BRDA:352,2,0,1
BRDA:352,2,1,3
BRDA:364,3,0,4
BRDA:364,3,1,0
BRDA:374,4,0,3
BRDA:374,4,1,0
BRDA:394,5,0,4
BRDA:394,5,1,1
BRDA:417,6,0,0
BRDA:417,6,1,0
BRF:14
BRH:10
end_of_record
TN:
SF:src/search/universal-scraper.js
FN:27,trySelectors
FN:53,extractSchemaOrg
FN:112,parsePrice
FN:155,detectCurrency
FN:184,checkAvailability
FN:212,scrapeProduct
FN:335,scrapeMultipleProducts
FNF:7
FNH:0
FNDA:0,trySelectors
FNDA:0,extractSchemaOrg
FNDA:0,parsePrice
FNDA:0,detectCurrency
FNDA:0,checkAvailability
FNDA:0,scrapeProduct
FNDA:0,scrapeMultipleProducts
DA:28,0
DA:29,0
DA:30,0
DA:31,0
DA:32,0
DA:33,0
DA:34,0
DA:35,0
DA:39,0
DA:43,0
DA:44,0
DA:54,0
DA:55,0
DA:57,0
DA:58,0
DA:59,0
DA:60,0
DA:63,0
DA:65,0
DA:67,0
DA:70,0
DA:82,0
DA:83,0
DA:84,0
DA:85,0
DA:86,0
DA:87,0
DA:90,0
DA:91,0
DA:92,0
DA:97,0
DA:101,0
DA:104,0
DA:113,0
DA:116,0
DA:120,0
DA:122,0
DA:123,0
DA:125,0
DA:127,0
DA:130,0
DA:132,0
DA:134,0
DA:135,0
DA:137,0
DA:140,0
DA:143,0
DA:146,0
DA:156,0
DA:158,0
DA:169,0
DA:170,0
DA:171,0
DA:175,0
DA:185,0
DA:187,0
DA:189,0
DA:190,0
DA:191,0
DA:193,0
DA:196,0
DA:197,0
DA:202,0
DA:217,0
DA:219,0
DA:220,0
DA:221,0
DA:222,0
DA:226,0
DA:227,0
DA:228,0
DA:232,0
DA:235,0
DA:237,0
DA:239,0
DA:240,0
DA:244,0
DA:247,0
DA:248,0
DA:250,0
DA:253,0
DA:254,0
DA:258,0
DA:259,0
DA:261,0
DA:262,0
DA:263,0
DA:265,0
DA:266,0
DA:269,0
DA:270,0
DA:273,0
DA:274,0
DA:276,0
DA:286,0
DA:302,0
DA:303,0
DA:304,0
DA:305,0
DA:306,0
DA:309,0
DA:316,0
DA:319,0
DA:320,0
DA:322,0
DA:323,0
DA:339,0
DA:341,0
DA:343,0
DA:344,0
DA:345,0
DA:346,0
DA:353,0
DA:360,0
DA:361,0
DA:366,0
LF:116
LH:0
BRDA:31,0,0,0
BRDA:31,0,1,0
BRDA:33,1,0,0
BRDA:33,1,1,0
BRDA:33,2,0,0
BRDA:33,2,1,0
BRDA:63,3,0,0
BRDA:63,3,1,0
BRDA:67,4,0,0
BRDA:67,4,1,0
BRDA:67,5,0,0
BRDA:67,5,1,0
BRDA:76,6,0,0
BRDA:76,6,1,0
BRDA:82,7,0,0
BRDA:82,7,1,0
BRDA:83,8,0,0
BRDA:83,8,1,0
BRDA:84,9,0,0
BRDA:84,9,1,0
BRDA:85,10,0,0
BRDA:85,10,1,0
BRDA:90,11,0,0
BRDA:90,11,1,0
BRDA:90,12,0,0
BRDA:90,12,1,0
BRDA:113,13,0,0
BRDA:113,13,1,0
BRDA:120,14,0,0
BRDA:120,14,1,0
BRDA:120,15,0,0
BRDA:120,15,1,0
BRDA:125,16,0,0
BRDA:125,16,1,0
BRDA:132,17,0,0
BRDA:132,17,1,0
BRDA:135,18,0,0
BRDA:135,18,1,0
BRDA:146,19,0,0
BRDA:146,19,1,0
BRDA:156,20,0,0
BRDA:156,20,1,0
BRDA:170,21,0,0
BRDA:170,21,1,0
BRDA:187,22,0,0
BRDA:187,22,1,0
BRDA:190,23,0,0
BRDA:190,23,1,0
BRDA:197,24,0,0
BRDA:197,24,1,0
BRDA:197,24,2,0
BRDA:197,24,3,0
BRDA:212,25,0,0
BRDA:214,26,0,0
BRDA:215,27,0,0
BRDA:216,28,0,0
BRDA:220,29,0,0
BRDA:220,29,1,0
BRDA:226,30,0,0
BRDA:226,30,1,0
BRDA:253,31,0,0
BRDA:253,31,1,0
BRDA:258,32,0,0
BRDA:258,32,1,0
BRDA:258,33,0,0
BRDA:258,33,1,0
BRDA:259,34,0,0
BRDA:259,34,1,0
BRDA:265,35,0,0
BRDA:265,35,1,0
BRDA:269,36,0,0
BRDA:269,36,1,0
BRDA:291,37,0,0
BRDA:291,37,1,0
BRDA:303,38,0,0
BRDA:303,38,1,0
BRDA:322,39,0,0
BRDA:322,39,1,0
BRDA:335,40,0,0
BRDA:337,41,0,0
BRDA:338,42,0,0
BRDA:360,43,0,0
BRDA:360,43,1,0
BRF:83
BRH:0
end_of_record
TN:
SF:src/server/api-server.js
FN:28,parseBody
FN:29,(anonymous_1)
FN:31,(anonymous_2)
FN:38,(anonymous_3)
FN:56,sendJSON
FN:65,sendError
FN:77,getPagination
FN:88,(anonymous_7)
FN:92,(anonymous_8)
FN:97,(anonymous_9)
FN:101,(anonymous_10)
FN:102,(anonymous_11)
FN:103,(anonymous_12)
FN:104,(anonymous_13)
FN:105,(anonymous_14)
FN:107,(anonymous_15)
FN:114,(anonymous_16)
FN:134,(anonymous_17)
FN:195,(anonymous_18)
FN:250,(anonymous_19)
FN:311,(anonymous_20)
FN:356,(anonymous_21)
FN:415,(anonymous_22)
FN:438,(anonymous_23)
FN:491,(anonymous_24)
FN:550,(anonymous_25)
FN:573,(anonymous_26)
FN:591,(anonymous_27)
FN:613,(anonymous_28)
FN:635,(anonymous_29)
FN:661,(anonymous_30)
FN:701,(anonymous_31)
FN:721,(anonymous_32)
FN:734,(anonymous_33)
FN:748,(anonymous_34)
FN:771,(anonymous_35)
FN:784,(anonymous_36)
FN:815,(anonymous_37)
FN:836,(anonymous_38)
FN:867,(anonymous_39)
FN:877,(anonymous_40)
FN:877,(anonymous_41)
FN:902,(anonymous_42)
FN:944,serveStaticFile
FN:985,handleRequest
FN:1094,startApiServer
FN:1095,(anonymous_46)
FN:1098,(anonymous_47)
FN:1107,(anonymous_48)
FN:1124,stopApiServer
FN:1125,(anonymous_50)
FN:1127,(anonymous_51)
FNF:52
FNH:35
FNDA:11,parseBody
FNDA:11,(anonymous_1)
FNDA:11,(anonymous_2)
FNDA:11,(anonymous_3)
FNDA:31,sendJSON
FNDA:9,sendError
FNDA:10,getPagination
FNDA:3,(anonymous_7)
FNDA:72,(anonymous_8)
FNDA:36,(anonymous_9)
FNDA:45,(anonymous_10)
FNDA:12,(anonymous_11)
FNDA:0,(anonymous_12)
FNDA:3,(anonymous_13)
FNDA:12,(anonymous_14)
FNDA:31,(anonymous_15)
FNDA:10,(anonymous_16)
FNDA:2,(anonymous_17)
FNDA:2,(anonymous_18)
FNDA:1,(anonymous_19)
FNDA:0,(anonymous_20)
FNDA:2,(anonymous_21)
FNDA:2,(anonymous_22)
FNDA:9,(anonymous_23)
FNDA:2,(anonymous_24)
FNDA:3,(anonymous_25)
FNDA:0,(anonymous_26)
FNDA:0,(anonymous_27)
FNDA:3,(anonymous_28)
FNDA:3,(anonymous_29)
FNDA:1,(anonymous_30)
FNDA:1,(anonymous_31)
FNDA:0,(anonymous_32)
FNDA:0,(anonymous_33)
FNDA:0,(anonymous_34)
FNDA:0,(anonymous_35)
FNDA:0,(anonymous_36)
FNDA:0,(anonymous_37)
FNDA:0,(anonymous_38)
FNDA:0,(anonymous_39)
FNDA:0,(anonymous_40)
FNDA:0,(anonymous_41)
FNDA:0,(anonymous_42)
FNDA:0,serveStaticFile
FNDA:31,handleRequest
FNDA:3,startApiServer
FNDA:3,(anonymous_46)
FNDA:0,(anonymous_47)
FNDA:3,(anonymous_48)
FNDA:3,stopApiServer
FNDA:3,(anonymous_50)
FNDA:3,(anonymous_51)
DA:20,3
DA:21,3
DA:23,3
DA:29,11
DA:30,11
DA:31,11
DA:32,11
DA:34,11
DA:35,0
DA:38,11
DA:39,11
DA:40,0
DA:41,0
DA:43,11
DA:44,11
DA:46,0
DA:49,11
DA:57,31
DA:58,31
DA:59,31
DA:66,9
DA:78,10
DA:79,10
DA:80,10
DA:81,10
DA:89,3
DA:94,72
DA:97,72
DA:98,72
DA:101,45
DA:102,12
DA:103,0
DA:104,3
DA:105,12
DA:108,31
DA:109,241
DA:111,100
DA:112,100
DA:113,31
DA:114,31
DA:115,10
DA:117,31
DA:118,31
DA:121,0
DA:125,3
DA:134,3
DA:135,2
DA:136,2
DA:137,2
DA:138,2
DA:140,2
DA:157,2
DA:158,2
DA:159,0
DA:160,0
DA:163,2
DA:164,2
DA:165,2
DA:167,2
DA:170,2
DA:171,2
DA:172,0
DA:174,2
DA:175,2
DA:177,2
DA:187,0
DA:188,0
DA:195,3
DA:196,2
DA:197,2
DA:198,2
DA:199,1
DA:203,1
DA:204,1
DA:205,0
DA:208,1
DA:225,1
DA:226,1
DA:230,0
DA:232,0
DA:238,0
DA:240,0
DA:242,0
DA:243,0
DA:250,3
DA:251,1
DA:252,1
DA:253,1
DA:254,0
DA:257,1
DA:258,1
DA:259,1
DA:262,1
DA:263,1
DA:264,1
DA:265,0
DA:268,1
DA:273,1
DA:275,1
DA:276,0
DA:279,1
DA:280,1
DA:282,1
DA:284,1
DA:286,1
DA:287,1
DA:288,1
DA:292,0
DA:299,0
DA:301,0
DA:303,0
DA:304,0
DA:311,3
DA:312,0
DA:313,0
DA:314,0
DA:315,0
DA:318,0
DA:319,0
DA:320,0
DA:323,0
DA:326,0
DA:328,0
DA:329,0
DA:330,0
DA:333,0
DA:336,0
DA:338,0
DA:339,0
DA:341,0
DA:344,0
DA:345,0
DA:356,3
DA:357,2
DA:358,2
DA:359,2
DA:360,2
DA:361,2
DA:363,2
DA:364,2
DA:365,2
DA:367,2
DA:368,0
DA:369,0
DA:372,2
DA:373,0
DA:374,0
DA:377,2
DA:378,2
DA:380,2
DA:383,2
DA:384,2
DA:385,2
DA:386,2
DA:387,0
DA:388,0
DA:390,2
DA:391,0
DA:392,0
DA:394,2
DA:395,2
DA:397,2
DA:407,0
DA:408,0
DA:415,3
DA:416,2
DA:417,2
DA:418,2
DA:419,0
DA:422,2
DA:424,2
DA:425,1
DA:428,1
DA:430,0
DA:431,0
DA:438,3
DA:439,9
DA:440,9
DA:443,9
DA:446,9
DA:448,1
DA:449,0
DA:451,1
DA:460,8
DA:461,1
DA:463,7
DA:471,7
DA:473,7
DA:474,7
DA:479,1
DA:481,1
DA:482,1
DA:484,0
DA:491,3
DA:492,2
DA:493,2
DA:494,2
DA:495,0
DA:498,2
DA:499,2
DA:500,2
DA:501,2
DA:503,2
DA:504,2
DA:505,2
DA:507,2
DA:508,0
DA:509,0
DA:511,2
DA:512,0
DA:513,0
DA:515,2
DA:516,0
DA:517,0
DA:520,2
DA:521,0
DA:524,2
DA:525,2
DA:527,2
DA:532,2
DA:533,1
DA:536,1
DA:537,1
DA:542,0
DA:543,0
DA:550,3
DA:551,3
DA:552,3
DA:553,3
DA:554,0
DA:557,3
DA:559,1
DA:560,1
DA:562,2
DA:563,2
DA:565,0
DA:566,0
DA:573,3
DA:574,0
DA:575,0
DA:576,0
DA:577,0
DA:580,0
DA:581,0
DA:583,0
DA:584,0
DA:591,3
DA:592,0
DA:593,0
DA:594,0
DA:595,0
DA:598,0
DA:599,0
DA:601,0
DA:602,0
DA:613,3
DA:614,3
DA:615,3
DA:616,3
DA:617,3
DA:619,3
DA:621,3
DA:627,0
DA:628,0
DA:635,3
DA:636,3
DA:637,3
DA:638,3
DA:639,3
DA:641,3
DA:643,3
DA:649,0
DA:650,0
DA:661,3
DA:662,1
DA:664,1
DA:665,1
DA:666,1
DA:667,0
DA:670,1
DA:673,1
DA:682,1
DA:689,1
DA:691,1
DA:693,0
DA:694,0
DA:701,3
DA:703,1
DA:721,3
DA:722,0
DA:723,0
DA:724,0
DA:726,0
DA:727,0
DA:734,3
DA:735,0
DA:736,0
DA:737,0
DA:738,0
DA:740,0
DA:741,0
DA:748,3
DA:749,0
DA:750,0
DA:751,0
DA:752,0
DA:755,0
DA:756,0
DA:757,0
DA:759,0
DA:760,0
DA:771,3
DA:772,0
DA:773,0
DA:774,0
DA:776,0
DA:777,0
DA:784,3
DA:785,0
DA:786,0
DA:787,0
DA:788,0
DA:791,0
DA:792,0
DA:795,0
DA:796,0
DA:797,0
DA:800,0
DA:803,0
DA:805,0
DA:807,0
DA:808,0
DA:815,3
DA:816,0
DA:817,0
DA:818,0
DA:819,0
DA:822,0
DA:823,0
DA:824,0
DA:826,0
DA:828,0
DA:829,0
DA:836,3
DA:837,0
DA:838,0
DA:839,0
DA:840,0
DA:843,0
DA:844,0
DA:847,0
DA:848,0
DA:849,0
DA:852,0
DA:855,0
DA:857,0
DA:859,0
DA:860,0
DA:867,3
DA:868,0
DA:869,0
DA:870,0
DA:871,0
DA:873,0
DA:874,0
DA:877,0
DA:879,0
DA:880,0
DA:883,0
DA:884,0
DA:887,0
DA:888,0
DA:890,0
DA:891,0
DA:902,3
DA:903,0
DA:904,0
DA:906,0
DA:907,0
DA:911,0
DA:912,0
DA:915,0
DA:917,0
DA:922,0
DA:928,0
DA:929,0
DA:938,3
DA:939,3
DA:945,0
DA:948,0
DA:949,0
DA:950,0
DA:953,0
DA:954,0
DA:955,0
DA:958,0
DA:959,0
DA:969,0
DA:970,0
DA:972,0
DA:973,0
DA:974,0
DA:975,0
DA:977,0
DA:978,0
DA:986,31
DA:987,31
DA:990,31
DA:991,31
DA:992,31
DA:995,31
DA:996,0
DA:997,0
DA:998,0
DA:1002,31
DA:1003,0
DA:1007,31
DA:1008,0
DA:1009,0
DA:1013,31
DA:1015,0
DA:1016,0
DA:1017,0
DA:1018,0
DA:1020,0
DA:1021,0
DA:1024,31
DA:1026,31
DA:1028,31
DA:1030,31
DA:1032,0
DA:1033,0
DA:1080,0
DA:1084,0
DA:1085,0
DA:1086,0
DA:1095,3
DA:1096,3
DA:1098,3
DA:1099,0
DA:1100,0
DA:1101,0
DA:1103,0
DA:1107,3
DA:1109,3
DA:1110,3
DA:1111,3
DA:1116,3
DA:1125,3
DA:1126,3
DA:1127,3
DA:1128,3
DA:1129,3
DA:1130,3
DA:1133,0
LF:455
LH:230
BRDA:20,0,0,3
BRDA:20,0,1,3
BRDA:34,1,0,0
BRDA:34,1,1,11
BRDA:39,2,0,0
BRDA:39,2,1,11
BRDA:65,3,0,8
BRDA:78,4,0,10
BRDA:78,4,1,9
BRDA:79,5,0,10
BRDA:79,5,1,8
BRDA:109,6,0,141
BRDA:109,6,1,100
BRDA:112,7,0,31
BRDA:112,7,1,69
BRDA:158,8,0,0
BRDA:158,8,1,2
BRDA:171,9,0,0
BRDA:171,9,1,2
BRDA:174,10,0,0
BRDA:174,10,1,2
BRDA:198,11,0,1
BRDA:198,11,1,1
BRDA:204,12,0,0
BRDA:204,12,1,1
BRDA:225,13,0,1
BRDA:225,13,1,0
BRDA:253,14,0,0
BRDA:253,14,1,1
BRDA:258,15,0,1
BRDA:258,15,1,1
BRDA:259,16,0,1
BRDA:259,16,1,1
BRDA:262,17,0,1
BRDA:262,17,1,1
BRDA:264,18,0,0
BRDA:264,18,1,1
BRDA:275,19,0,0
BRDA:275,19,1,1
BRDA:284,20,0,1
BRDA:284,20,1,0
BRDA:287,21,0,1
BRDA:287,21,1,0
BRDA:314,22,0,0
BRDA:314,22,1,0
BRDA:328,23,0,0
BRDA:328,23,1,0
BRDA:367,24,0,0
BRDA:367,24,1,2
BRDA:372,25,0,0
BRDA:372,25,1,2
BRDA:372,26,0,2
BRDA:372,26,1,0
BRDA:386,27,0,0
BRDA:386,27,1,2
BRDA:390,28,0,0
BRDA:390,28,1,2
BRDA:390,29,0,2
BRDA:390,29,1,0
BRDA:418,30,0,0
BRDA:418,30,1,2
BRDA:424,31,0,1
BRDA:424,31,1,1
BRDA:443,32,0,9
BRDA:443,32,1,2
BRDA:446,33,0,1
BRDA:446,33,1,8
BRDA:448,34,0,0
BRDA:448,34,1,1
BRDA:453,35,0,1
BRDA:453,35,1,0
BRDA:454,36,0,1
BRDA:454,36,1,1
BRDA:456,37,0,1
BRDA:456,37,1,1
BRDA:460,38,0,1
BRDA:460,38,1,7
BRDA:467,39,0,7
BRDA:467,39,1,7
BRDA:473,40,0,1
BRDA:473,40,1,6
BRDA:481,41,0,1
BRDA:481,41,1,0
BRDA:481,42,0,1
BRDA:481,42,1,1
BRDA:494,43,0,0
BRDA:494,43,1,2
BRDA:503,44,0,2
BRDA:503,44,1,0
BRDA:507,45,0,0
BRDA:507,45,1,2
BRDA:511,46,0,0
BRDA:511,46,1,2
BRDA:515,47,0,0
BRDA:515,47,1,2
BRDA:520,48,0,0
BRDA:520,48,1,2
BRDA:532,49,0,1
BRDA:532,49,1,1
BRDA:553,50,0,0
BRDA:553,50,1,3
BRDA:562,51,0,2
BRDA:562,51,1,0
BRDA:576,52,0,0
BRDA:576,52,1,0
BRDA:594,53,0,0
BRDA:594,53,1,0
BRDA:616,54,0,3
BRDA:616,54,1,2
BRDA:638,55,0,3
BRDA:638,55,1,2
BRDA:666,56,0,0
BRDA:666,56,1,1
BRDA:710,57,0,1
BRDA:710,57,1,0
BRDA:751,58,0,0
BRDA:751,58,1,0
BRDA:787,59,0,0
BRDA:787,59,1,0
BRDA:792,60,0,0
BRDA:792,60,1,0
BRDA:796,61,0,0
BRDA:796,61,1,0
BRDA:818,62,0,0
BRDA:818,62,1,0
BRDA:823,63,0,0
BRDA:823,63,1,0
BRDA:839,64,0,0
BRDA:839,64,1,0
BRDA:844,65,0,0
BRDA:844,65,1,0
BRDA:848,66,0,0
BRDA:848,66,1,0
BRDA:871,67,0,0
BRDA:871,67,1,0
BRDA:873,68,0,0
BRDA:873,68,1,0
BRDA:879,69,0,0
BRDA:879,69,1,0
BRDA:883,70,0,0
BRDA:883,70,1,0
BRDA:906,71,0,0
BRDA:906,71,1,0
BRDA:918,72,0,0
BRDA:918,72,1,0
BRDA:919,73,0,0
BRDA:919,73,1,0
BRDA:948,74,0,0
BRDA:948,74,1,0
BRDA:954,75,0,0
BRDA:954,75,1,0
BRDA:969,76,0,0
BRDA:969,76,1,0
BRDA:995,77,0,0
BRDA:995,77,1,31
BRDA:1002,78,0,0
BRDA:1002,78,1,31
BRDA:1002,79,0,31
BRDA:1002,79,1,31
BRDA:1002,79,2,31
BRDA:1003,80,0,0
BRDA:1003,80,1,0
BRDA:1007,81,0,0
BRDA:1007,81,1,31
BRDA:1007,82,0,31
BRDA:1007,82,1,31
BRDA:1008,83,0,0
BRDA:1008,83,1,0
BRDA:1009,84,0,0
BRDA:1009,84,1,0
BRDA:1013,85,0,0
BRDA:1013,85,1,31
BRDA:1015,86,0,0
BRDA:1015,86,1,0
BRDA:1015,87,0,0
BRDA:1015,87,1,0
BRDA:1024,88,0,31
BRDA:1024,88,1,0
BRDA:1030,89,0,0
BRDA:1030,89,1,31
BRDA:1032,90,0,0
BRDA:1032,90,1,0
BRDA:1032,91,0,0
BRDA:1032,91,1,0
BRDA:1085,92,0,0
BRDA:1085,92,1,0
BRDA:1094,93,0,0
BRDA:1099,94,0,0
BRDA:1099,94,1,0
BRDA:1126,95,0,3
BRDA:1126,95,1,0
BRF:191
BRH:87
end_of_record
TN:
SF:src/server/health-server.js
FN:32,updateAppState
FN:39,recordScrapeAttempt
FN:51,recordError
FN:66,getAppState
FN:73,resetAppState
FN:85,getHealthStatus
FN:158,(anonymous_6)
FN:159,(anonymous_7)
FN:186,handleRequest
FN:328,startHealthServer
FN:329,(anonymous_10)
FN:332,(anonymous_11)
FN:341,(anonymous_12)
FN:355,stopHealthServer
FN:356,(anonymous_14)
FN:358,(anonymous_15)
FNF:16
FNH:5
FNDA:6,updateAppState
FNDA:109,recordScrapeAttempt
FNDA:21,recordError
FNDA:19,getAppState
FNDA:19,resetAppState
FNDA:0,getHealthStatus
FNDA:0,(anonymous_6)
FNDA:0,(anonymous_7)
FNDA:0,handleRequest
FNDA:0,startHealthServer
FNDA:0,(anonymous_10)
FNDA:0,(anonymous_11)
FNDA:0,(anonymous_12)
FNDA:0,stopHealthServer
FNDA:0,(anonymous_14)
FNDA:0,(anonymous_15)
DA:14,1
DA:16,1
DA:17,1
DA:20,1
DA:33,6
DA:40,109
DA:41,109
DA:42,56
DA:44,109
DA:45,109
DA:52,21
DA:58,21
DA:59,5
DA:67,19
DA:74,19
DA:75,19
DA:76,19
DA:77,19
DA:78,19
DA:79,19
DA:86,0
DA:94,0
DA:95,0
DA:96,0
DA:97,0
DA:106,0
DA:113,0
DA:114,0
DA:115,0
DA:116,0
DA:121,0
DA:128,0
DA:129,0
DA:130,0
DA:131,0
DA:136,0
DA:143,0
DA:144,0
DA:145,0
DA:150,0
DA:157,0
DA:158,0
DA:159,0
DA:161,0
DA:187,0
DA:188,0
DA:191,0
DA:192,0
DA:194,0
DA:195,0
DA:199,0
DA:200,0
DA:202,0
DA:203,0
DA:204,0
DA:210,0
DA:211,0
DA:212,0
DA:214,0
DA:216,0
DA:217,0
DA:226,0
DA:233,0
DA:234,0
DA:245,0
DA:250,0
DA:252,0
DA:253,0
DA:258,0
DA:259,0
DA:265,0
DA:266,0
DA:268,0
DA:269,0
DA:270,0
DA:271,0
DA:273,0
DA:274,0
DA:275,0
DA:277,0
DA:282,0
DA:283,0
DA:284,0
DA:294,0
DA:299,0
DA:300,0
DA:311,0
DA:315,0
DA:316,0
DA:319,0
DA:320,0
DA:321,0
DA:329,0
DA:330,0
DA:332,0
DA:333,0
DA:334,0
DA:335,0
DA:337,0
DA:341,0
DA:342,0
DA:343,0
DA:344,0
DA:347,0
DA:356,0
DA:357,0
DA:358,0
DA:359,0
DA:360,0
DA:361,0
DA:364,0
LF:111
LH:20
BRDA:14,0,0,1
BRDA:14,0,1,1
BRDA:41,1,0,56
BRDA:41,1,1,53
BRDA:54,2,0,21
BRDA:54,2,1,1
BRDA:58,3,0,5
BRDA:58,3,1,16
BRDA:98,4,0,0
BRDA:98,4,1,0
BRDA:115,5,0,0
BRDA:115,5,1,0
BRDA:115,5,2,0
BRDA:117,6,0,0
BRDA:117,6,1,0
BRDA:132,7,0,0
BRDA:132,7,1,0
BRDA:162,8,0,0
BRDA:162,8,1,0
BRDA:162,9,0,0
BRDA:162,9,1,0
BRDA:164,10,0,0
BRDA:164,10,1,0
BRDA:165,11,0,0
BRDA:165,11,1,0
BRDA:174,12,0,0
BRDA:174,12,1,0
BRDA:195,13,0,0
BRDA:195,13,1,0
BRDA:195,13,2,0
BRDA:195,13,3,0
BRDA:195,13,4,0
BRDA:195,13,5,0
BRDA:195,13,6,0
BRDA:195,13,7,0
BRDA:195,13,8,0
BRDA:195,13,9,0
BRDA:200,14,0,0
BRDA:200,14,1,0
BRDA:201,15,0,0
BRDA:201,15,1,0
BRDA:212,16,0,0
BRDA:212,16,1,0
BRDA:212,16,2,0
BRDA:214,17,0,0
BRDA:214,17,1,0
BRDA:214,17,2,0
BRDA:216,18,0,0
BRDA:216,18,1,0
BRDA:237,19,0,0
BRDA:237,19,1,0
BRDA:254,20,0,0
BRDA:254,20,1,0
BRDA:254,20,2,0
BRDA:255,21,0,0
BRDA:255,21,1,0
BRDA:260,22,0,0
BRDA:260,22,1,0
BRDA:261,23,0,0
BRDA:261,23,1,0
BRDA:262,24,0,0
BRDA:262,24,1,0
BRDA:266,25,0,0
BRDA:266,25,1,0
BRDA:302,26,0,0
BRDA:302,26,1,0
BRDA:328,27,0,0
BRDA:333,28,0,0
BRDA:333,28,1,0
BRDA:357,29,0,0
BRDA:357,29,1,0
BRF:71
BRH:8
end_of_record
TN:
SF:src/services/cacheService.js
FN:54,getCacheConfig
FN:62,initializeCache
FN:79,(anonymous_2)
FN:91,(anonymous_3)
FN:97,(anonymous_4)
FN:102,(anonymous_5)
FN:121,closeCache
FN:134,isCacheAvailable
FN:143,get
FN:167,set
FN:190,del
FN:208,delByPattern
FN:218,(anonymous_12)
FN:233,flushAll
FN:242,(anonymous_14)
FN:258,getStats
FN:318,getOrSet
FN:336,cacheProduct
FN:345,getCachedProduct
FN:353,invalidateProduct
FN:362,invalidateAllProducts
FN:373,cachePriceHistory
FN:387,getCachedPriceHistory
FN:398,cacheChartData
FN:413,getCachedChartData
FN:422,cacheSearchResults
FN:432,getCachedSearchResults
FN:441,cacheStats
FN:449,getCachedStats
FN:458,hashKey
FN:479,withCache
FN:480,(anonymous_31)
FN:482,(anonymous_32)
FN:492,cacheMiddleware
FN:493,(anonymous_34)
FN:509,(anonymous_35)
FNF:36
FNH:19
FNDA:0,getCacheConfig
FNDA:0,initializeCache
FNDA:0,(anonymous_2)
FNDA:0,(anonymous_3)
FNDA:0,(anonymous_4)
FNDA:0,(anonymous_5)
FNDA:1,closeCache
FNDA:40,isCacheAvailable
FNDA:17,get
FNDA:13,set
FNDA:6,del
FNDA:2,delByPattern
FNDA:0,(anonymous_12)
FNDA:1,flushAll
FNDA:0,(anonymous_14)
FNDA:1,getStats
FNDA:2,getOrSet
FNDA:2,cacheProduct
FNDA:5,getCachedProduct
FNDA:2,invalidateProduct
FNDA:0,invalidateAllProducts
FNDA:1,cachePriceHistory
FNDA:1,getCachedPriceHistory
FNDA:1,cacheChartData
FNDA:1,getCachedChartData
FNDA:1,cacheSearchResults
FNDA:1,getCachedSearchResults
FNDA:0,cacheStats
FNDA:0,getCachedStats
FNDA:2,hashKey
FNDA:0,withCache
FNDA:0,(anonymous_31)
FNDA:0,(anonymous_32)
FNDA:0,cacheMiddleware
FNDA:0,(anonymous_34)
FNDA:0,(anonymous_35)
DA:11,4
DA:31,4
DA:46,4
DA:47,4
DA:48,4
DA:55,0
DA:63,0
DA:64,0
DA:65,0
DA:68,0
DA:69,0
DA:72,0
DA:73,0
DA:80,0
DA:81,0
DA:82,0
DA:84,0
DA:91,0
DA:92,0
DA:93,0
DA:94,0
DA:97,0
DA:98,0
DA:99,0
DA:102,0
DA:103,0
DA:104,0
DA:107,0
DA:108,0
DA:109,0
DA:112,0
DA:113,0
DA:114,0
DA:122,1
DA:123,0
DA:124,0
DA:125,0
DA:126,0
DA:135,40
DA:144,17
DA:146,0
DA:147,0
DA:148,0
DA:149,0
DA:150,0
DA:152,0
DA:153,0
DA:155,0
DA:156,0
DA:168,13
DA:170,0
DA:171,0
DA:172,0
DA:173,0
DA:175,0
DA:177,0
DA:178,0
DA:180,0
DA:181,0
DA:191,6
DA:193,0
DA:194,0
DA:195,0
DA:196,0
DA:198,0
DA:199,0
DA:209,2
DA:211,0
DA:212,0
DA:213,0
DA:215,0
DA:218,0
DA:219,0
DA:221,0
DA:222,0
DA:224,0
DA:225,0
DA:234,1
DA:236,0
DA:238,0
DA:239,0
DA:241,0
DA:242,0
DA:243,0
DA:246,0
DA:247,0
DA:249,0
DA:250,0
DA:259,1
DA:260,1
DA:267,0
DA:268,0
DA:269,0
DA:272,0
DA:273,0
DA:276,0
DA:277,0
DA:278,0
DA:280,0
DA:298,0
DA:299,0
DA:320,2
DA:321,2
DA:322,0
DA:326,2
DA:327,2
DA:328,2
DA:337,2
DA:346,5
DA:354,2
DA:355,2
DA:356,2
DA:363,0
DA:364,0
DA:374,1
DA:388,1
DA:399,1
DA:414,1
DA:423,1
DA:424,1
DA:433,1
DA:434,1
DA:442,0
DA:450,0
DA:459,2
DA:460,2
DA:461,12
DA:462,12
DA:463,12
DA:465,2
DA:480,0
DA:481,0
DA:482,0
DA:493,0
DA:494,0
DA:495,0
DA:498,0
DA:499,0
DA:501,0
DA:502,0
DA:506,0
DA:509,0
DA:510,0
DA:511,0
DA:514,0
LF:145
LH:38
BRDA:13,0,0,4
BRDA:13,0,1,0
BRDA:14,1,0,4
BRDA:14,1,1,0
BRDA:15,2,0,4
BRDA:15,2,1,4
BRDA:16,3,0,4
BRDA:16,3,1,4
BRDA:17,4,0,4
BRDA:17,4,1,4
BRDA:21,5,0,4
BRDA:21,5,1,0
BRDA:22,6,0,4
BRDA:22,6,1,4
BRDA:23,7,0,4
BRDA:23,7,1,4
BRDA:24,8,0,4
BRDA:24,8,1,0
BRDA:25,9,0,4
BRDA:25,9,1,4
BRDA:26,10,0,4
BRDA:26,10,1,0
BRDA:63,11,0,0
BRDA:63,11,1,0
BRDA:68,12,0,0
BRDA:68,12,1,0
BRDA:68,13,0,0
BRDA:68,13,1,0
BRDA:80,14,0,0
BRDA:80,14,1,0
BRDA:122,15,0,0
BRDA:122,15,1,1
BRDA:135,16,0,40
BRDA:135,16,1,40
BRDA:135,16,2,0
BRDA:144,17,0,17
BRDA:144,17,1,0
BRDA:148,18,0,0
BRDA:148,18,1,0
BRDA:167,19,0,2
BRDA:168,20,0,13
BRDA:168,20,1,0
BRDA:172,21,0,0
BRDA:172,21,1,0
BRDA:191,22,0,6
BRDA:191,22,1,0
BRDA:209,23,0,2
BRDA:209,23,1,0
BRDA:215,24,0,0
BRDA:215,24,1,0
BRDA:234,25,0,1
BRDA:234,25,1,0
BRDA:241,26,0,0
BRDA:241,26,1,0
BRDA:259,27,0,1
BRDA:259,27,1,0
BRDA:263,28,0,1
BRDA:263,28,1,1
BRDA:288,29,0,0
BRDA:288,29,1,0
BRDA:289,30,0,0
BRDA:289,30,1,0
BRDA:321,31,0,0
BRDA:321,31,1,2
BRDA:494,32,0,0
BRDA:494,32,1,0
BRDA:501,33,0,0
BRDA:501,33,1,0
BRF:68
BRH:30
end_of_record
TN:
SF:src/services/chartService.js
FN:27,getPriceChartData
FN:71,(anonymous_1)
FN:72,(anonymous_2)
FN:105,calculatePriceStats
FN:120,(anonymous_4)
FN:143,getComparisonChartData
FN:160,(anonymous_6)
FN:187,(anonymous_7)
FN:212,(anonymous_8)
FN:217,(anonymous_9)
FN:221,(anonymous_10)
FN:237,(anonymous_11)
FN:252,getDailyPriceChartData
FN:285,(anonymous_13)
FN:292,(anonymous_14)
FN:300,(anonymous_15)
FN:310,(anonymous_16)
FN:325,(anonymous_17)
FN:335,getProductChartInfo
FN:377,getProductsForChartSelection
FN:391,(anonymous_20)
FNF:21
FNH:2
FNDA:0,getPriceChartData
FNDA:0,(anonymous_1)
FNDA:0,(anonymous_2)
FNDA:19,calculatePriceStats
FNDA:1047,(anonymous_4)
FNDA:0,getComparisonChartData
FNDA:0,(anonymous_6)
FNDA:0,(anonymous_7)
FNDA:0,(anonymous_8)
FNDA:0,(anonymous_9)
FNDA:0,(anonymous_10)
FNDA:0,(anonymous_11)
FNDA:0,getDailyPriceChartData
FNDA:0,(anonymous_13)
FNDA:0,(anonymous_14)
FNDA:0,(anonymous_15)
FNDA:0,(anonymous_16)
FNDA:0,(anonymous_17)
FNDA:0,getProductChartInfo
FNDA:0,getProductsForChartSelection
FNDA:0,(anonymous_20)
DA:12,4
DA:28,0
DA:30,0
DA:31,0
DA:33,0
DA:34,0
DA:35,0
DA:36,0
DA:39,0
DA:49,0
DA:50,0
DA:70,0
DA:71,0
DA:72,0
DA:75,0
DA:77,0
DA:106,19
DA:107,3
DA:118,16
DA:119,16
DA:120,1047
DA:121,16
DA:122,16
DA:123,16
DA:124,16
DA:126,16
DA:144,0
DA:145,0
DA:152,0
DA:155,0
DA:159,0
DA:160,0
DA:161,0
DA:165,0
DA:166,0
DA:167,0
DA:168,0
DA:169,0
DA:173,0
DA:186,0
DA:187,0
DA:188,0
DA:189,0
DA:191,0
DA:199,0
DA:209,0
DA:210,0
DA:212,0
DA:213,0
DA:214,0
DA:215,0
DA:217,0
DA:219,0
DA:221,0
DA:230,0
DA:237,0
DA:253,0
DA:255,0
DA:256,0
DA:257,0
DA:260,0
DA:276,0
DA:277,0
DA:284,0
DA:285,0
DA:287,0
DA:292,0
DA:300,0
DA:310,0
DA:325,0
DA:336,0
DA:353,0
DA:354,0
DA:357,0
DA:358,0
DA:378,0
DA:391,0
LF:77
LH:11
BRDA:27,0,0,0
BRDA:28,1,0,0
BRDA:28,1,1,0
BRDA:33,2,0,0
BRDA:33,2,1,0
BRDA:35,3,0,0
BRDA:35,3,1,0
BRDA:49,4,0,0
BRDA:49,4,1,0
BRDA:70,5,0,0
BRDA:70,5,1,0
BRDA:86,6,0,0
BRDA:86,6,1,0
BRDA:106,7,0,3
BRDA:106,7,1,16
BRDA:106,8,0,19
BRDA:106,8,1,17
BRDA:124,9,0,15
BRDA:124,9,1,1
BRDA:143,10,0,0
BRDA:144,11,0,0
BRDA:144,11,1,0
BRDA:144,12,0,0
BRDA:144,12,1,0
BRDA:152,13,0,0
BRDA:152,13,1,0
BRDA:166,14,0,0
BRDA:166,14,1,0
BRDA:168,15,0,0
BRDA:168,15,1,0
BRDA:188,16,0,0
BRDA:188,16,1,0
BRDA:214,17,0,0
BRDA:214,17,1,0
BRDA:226,18,0,0
BRDA:226,18,1,0
BRDA:252,19,0,0
BRDA:253,20,0,0
BRDA:253,20,1,0
BRDA:256,21,0,0
BRDA:256,21,1,0
BRDA:276,22,0,0
BRDA:276,22,1,0
BRDA:284,23,0,0
BRDA:284,23,1,0
BRDA:353,24,0,0
BRDA:353,24,1,0
BRDA:366,25,0,0
BRDA:366,25,1,0
BRDA:367,26,0,0
BRDA:367,26,1,0
BRDA:368,27,0,0
BRDA:368,27,1,0
BRDA:369,28,0,0
BRDA:369,28,1,0
BRDA:396,29,0,0
BRDA:396,29,1,0
BRDA:397,30,0,0
BRDA:397,30,1,0
BRF:59
BRH:6
end_of_record
TN:
SF:src/services/emailService.js
FN:56,getEmailConfig
FN:107,createTransporter
FN:195,getTransporter
FN:205,resetTransporter
FN:216,verifyEmailConfig
FN:247,sendEmail
FN:308,sendPriceAlertEmail
FN:426,sendDailyDigestEmail
FN:431,(anonymous_8)
FN:432,(anonymous_9)
FN:436,(anonymous_10)
FN:446,(anonymous_11)
FN:452,(anonymous_12)
FN:459,(anonymous_13)
FNF:14
FNH:14
FNDA:24,getEmailConfig
FNDA:16,createTransporter
FNDA:8,getTransporter
FNDA:47,resetTransporter
FNDA:3,verifyEmailConfig
FNDA:8,sendEmail
FNDA:2,sendPriceAlertEmail
FNDA:2,sendDailyDigestEmail
FNDA:2,(anonymous_8)
FNDA:2,(anonymous_9)
FNDA:2,(anonymous_10)
FNDA:1,(anonymous_11)
FNDA:1,(anonymous_12)
FNDA:2,(anonymous_13)
DA:40,2
DA:51,2
DA:57,24
DA:108,16
DA:109,16
DA:111,16
DA:113,16
DA:115,11
DA:126,1
DA:135,1
DA:145,0
DA:159,0
DA:171,1
DA:183,1
DA:188,1
DA:196,8
DA:197,8
DA:199,8
DA:206,47
DA:207,8
DA:208,8
DA:217,3
DA:219,3
DA:220,1
DA:223,2
DA:224,0
DA:227,2
DA:228,2
DA:229,2
DA:230,1
DA:231,1
DA:233,1
DA:234,1
DA:248,8
DA:250,8
DA:251,1
DA:252,1
DA:256,7
DA:257,7
DA:258,1
DA:261,6
DA:269,6
DA:270,6
DA:271,6
DA:274,5
DA:275,0
DA:280,0
DA:283,5
DA:289,5
DA:292,1
DA:298,1
DA:319,2
DA:321,2
DA:322,2
DA:323,2
DA:324,2
DA:325,2
DA:327,2
DA:329,2
DA:349,2
DA:417,2
DA:427,2
DA:428,1
DA:431,2
DA:432,2
DA:434,1
DA:436,1
DA:437,2
DA:438,2
DA:442,1
DA:444,1
DA:445,1
DA:446,1
DA:447,1
DA:450,1
DA:451,1
DA:452,1
DA:453,1
DA:456,1
DA:459,1
DA:460,2
DA:461,2
DA:462,2
DA:481,1
DA:543,1
LF:85
LH:80
BRDA:59,0,0,24
BRDA:59,0,1,21
BRDA:60,1,0,24
BRDA:60,1,1,21
BRDA:61,2,0,24
BRDA:61,2,1,21
BRDA:65,3,0,24
BRDA:65,3,1,23
BRDA:66,4,0,24
BRDA:66,4,1,23
BRDA:68,5,0,24
BRDA:68,5,1,2
BRDA:69,6,0,24
BRDA:69,6,1,2
BRDA:74,7,0,24
BRDA:74,7,1,24
BRDA:75,8,0,24
BRDA:75,8,1,24
BRDA:80,9,0,24
BRDA:80,9,1,24
BRDA:85,10,0,24
BRDA:85,10,1,24
BRDA:86,11,0,24
BRDA:86,11,1,24
BRDA:87,12,0,24
BRDA:87,12,1,24
BRDA:92,13,0,24
BRDA:92,13,1,24
BRDA:93,14,0,24
BRDA:93,14,1,24
BRDA:98,15,0,24
BRDA:98,15,1,0
BRDA:99,16,0,24
BRDA:99,16,1,0
BRDA:107,17,0,10
BRDA:108,18,0,16
BRDA:108,18,1,10
BRDA:113,19,0,11
BRDA:113,19,1,1
BRDA:113,19,2,1
BRDA:113,19,3,0
BRDA:113,19,4,0
BRDA:113,19,5,1
BRDA:113,19,6,1
BRDA:113,19,7,1
BRDA:119,20,0,11
BRDA:119,20,1,0
BRDA:196,21,0,8
BRDA:196,21,1,0
BRDA:206,22,0,8
BRDA:206,22,1,39
BRDA:219,23,0,1
BRDA:219,23,1,2
BRDA:223,24,0,0
BRDA:223,24,1,2
BRDA:250,25,0,1
BRDA:250,25,1,7
BRDA:256,26,0,5
BRDA:256,26,1,2
BRDA:257,27,0,1
BRDA:257,27,1,6
BRDA:257,28,0,7
BRDA:257,28,1,6
BRDA:274,29,0,0
BRDA:274,29,1,5
BRDA:321,30,0,1
BRDA:321,30,1,1
BRDA:322,31,0,1
BRDA:322,31,1,1
BRDA:323,32,0,1
BRDA:323,32,1,1
BRDA:324,33,0,1
BRDA:324,33,1,1
BRDA:325,34,0,1
BRDA:325,34,1,1
BRDA:327,35,0,0
BRDA:327,35,1,2
BRDA:333,36,0,2
BRDA:333,36,1,0
BRDA:372,37,0,2
BRDA:372,37,1,0
BRDA:427,38,0,1
BRDA:427,38,1,1
BRDA:427,39,0,2
BRDA:427,39,1,2
BRDA:437,40,0,1
BRDA:437,40,1,1
BRDA:438,41,0,0
BRDA:438,41,1,2
BRDA:444,42,0,1
BRDA:444,42,1,0
BRDA:450,43,0,1
BRDA:450,43,1,0
BRDA:460,44,0,1
BRDA:460,44,1,1
BRDA:461,45,0,1
BRDA:461,45,1,1
BRDA:465,46,0,0
BRDA:465,46,1,2
BRDA:466,47,0,2
BRDA:466,47,1,0
BRDA:502,48,0,1
BRDA:502,48,1,0
BRDA:519,49,0,1
BRDA:519,49,1,0
BRF:105
BRH:87
end_of_record
TN:
SF:src/services/exportService.js
FN:9,exportToJSON
FN:34,exportToCSV
FNF:2
FNH:2
FNDA:3,exportToJSON
FNDA:2,exportToCSV
DA:10,3
DA:12,3
DA:14,3
DA:17,3
DA:23,3
DA:26,0
DA:27,0
DA:35,2
LF:8
LH:6
BRDA:10,0,0,3
BRDA:10,0,1,0
BRF:2
BRH:1
end_of_record
TN:
SF:src/services/priceAlertService.js
FN:22,getAlertConfig
FN:25,(anonymous_1)
FN:28,(anonymous_2)
FN:43,shouldSendAlert
FN:66,markAlertSent
FN:76,clearAlertRateLimit
FN:84,clearAllRateLimits
FN:93,formatAlertMessage
FN:142,sendLogAlert
FN:164,sendWebhookAlert
FN:209,sendEmailAlert
FN:244,sendPriceAlert
FN:300,createAlertFromChange
FNF:13
FNH:11
FNDA:23,getAlertConfig
FNDA:23,(anonymous_1)
FNDA:23,(anonymous_2)
FNDA:18,shouldSendAlert
FNDA:14,markAlertSent
FNDA:2,clearAlertRateLimit
FNDA:54,clearAllRateLimits
FNDA:8,formatAlertMessage
FNDA:2,sendLogAlert
FNDA:0,sendWebhookAlert
FNDA:0,sendEmailAlert
FNDA:5,sendPriceAlert
FNDA:4,createAlertFromChange
DA:13,1
DA:23,23
DA:25,23
DA:28,23
DA:35,1
DA:44,18
DA:45,18
DA:46,1
DA:49,17
DA:50,17
DA:51,17
DA:53,17
DA:54,5
DA:55,5
DA:58,12
DA:67,14
DA:68,14
DA:77,2
DA:78,2
DA:85,54
DA:105,8
DA:107,8
DA:108,8
DA:109,8
DA:111,8
DA:143,2
DA:144,2
DA:146,2
DA:165,0
DA:166,0
DA:167,0
DA:170,0
DA:171,0
DA:192,0
DA:193,0
DA:196,0
DA:197,0
DA:199,0
DA:200,0
DA:210,0
DA:211,0
DA:212,0
DA:215,0
DA:217,0
DA:219,0
DA:220,0
DA:226,0
DA:232,0
DA:234,0
DA:235,0
DA:245,5
DA:247,5
DA:248,1
DA:249,1
DA:252,4
DA:253,4
DA:255,4
DA:256,1
DA:259,3
DA:260,3
DA:265,3
DA:266,3
DA:267,3
DA:269,2
DA:270,2
DA:271,2
DA:273,0
DA:274,0
DA:276,0
DA:277,0
DA:279,1
DA:280,1
DA:283,0
DA:284,0
DA:289,3
DA:291,3
DA:301,4
DA:302,2
DA:305,2
LF:79
LH:51
BRDA:25,0,0,23
BRDA:25,0,1,15
BRDA:26,1,0,23
BRDA:26,1,1,23
BRDA:27,2,0,23
BRDA:27,2,1,0
BRDA:30,3,0,23
BRDA:30,3,1,11
BRDA:45,4,0,1
BRDA:45,4,1,17
BRDA:53,5,0,5
BRDA:53,5,1,12
BRDA:53,6,0,17
BRDA:53,6,1,5
BRDA:107,7,0,6
BRDA:107,7,1,2
BRDA:108,8,0,6
BRDA:108,8,1,2
BRDA:109,9,0,6
BRDA:109,9,1,2
BRDA:115,10,0,8
BRDA:115,10,1,1
BRDA:126,11,0,8
BRDA:126,11,1,1
BRDA:144,12,0,1
BRDA:144,12,1,1
BRDA:165,13,0,0
BRDA:165,13,1,0
BRDA:179,14,0,0
BRDA:179,14,1,0
BRDA:192,15,0,0
BRDA:192,15,1,0
BRDA:210,16,0,0
BRDA:210,16,1,0
BRDA:210,17,0,0
BRDA:210,17,1,0
BRDA:219,18,0,0
BRDA:219,18,1,0
BRDA:247,19,0,1
BRDA:247,19,1,4
BRDA:253,20,0,3
BRDA:253,20,1,1
BRDA:255,21,0,1
BRDA:255,21,1,3
BRDA:267,22,0,2
BRDA:267,22,1,0
BRDA:267,22,2,0
BRDA:267,22,3,1
BRDA:301,23,0,2
BRDA:301,23,1,2
BRDA:301,24,0,4
BRDA:301,24,1,3
BRF:52
BRH:37
end_of_record
TN:
SF:src/services/priceChangeService.js
FN:26,getThresholds
FN:39,calculatePriceChange
FN:73,shouldAlert
FN:104,getPreviousPrice
FN:121,getLatestPrice
FN:139,detectPriceChange
FN:201,getRecentPriceChanges
FN:246,getPriceSummary
FN:297,getBiggestPriceDrops
FNF:9
FNH:9
FNDA:50,getThresholds
FNDA:31,calculatePriceChange
FNDA:19,shouldAlert
FNDA:9,getPreviousPrice
FNDA:8,getLatestPrice
FNDA:6,detectPriceChange
FNDA:5,getRecentPriceChanges
FNDA:3,getPriceSummary
FNDA:6,getBiggestPriceDrops
DA:12,5
DA:27,50
DA:40,31
DA:41,5
DA:50,26
DA:51,26
DA:52,26
DA:54,26
DA:56,26
DA:59,26
DA:74,19
DA:76,19
DA:77,5
DA:80,14
DA:81,7
DA:88,7
DA:89,5
DA:96,2
DA:105,9
DA:113,9
DA:122,8
DA:130,8
DA:140,6
DA:145,6
DA:146,1
DA:149,5
DA:150,1
DA:151,1
DA:154,4
DA:155,4
DA:157,4
DA:159,4
DA:161,3
DA:163,3
DA:165,3
DA:176,3
DA:186,1
DA:193,1
DA:202,5
DA:204,5
DA:237,5
DA:247,3
DA:265,3
DA:267,3
DA:268,0
DA:271,3
DA:272,3
DA:273,3
DA:275,3
DA:298,6
DA:335,6
LF:51
LH:50
BRDA:29,0,0,50
BRDA:29,0,1,0
BRDA:40,1,0,5
BRDA:40,1,1,26
BRDA:40,2,0,31
BRDA:40,2,1,28
BRDA:40,2,2,27
BRDA:52,3,0,7
BRDA:52,3,1,19
BRDA:52,4,0,17
BRDA:52,4,1,2
BRDA:56,5,0,26
BRDA:56,5,1,22
BRDA:76,6,0,5
BRDA:76,6,1,14
BRDA:80,7,0,7
BRDA:80,7,1,7
BRDA:80,8,0,14
BRDA:80,8,1,8
BRDA:84,9,0,3
BRDA:84,9,1,4
BRDA:88,10,0,5
BRDA:88,10,1,2
BRDA:88,11,0,7
BRDA:88,11,1,6
BRDA:92,12,0,2
BRDA:92,12,1,3
BRDA:113,13,0,9
BRDA:113,13,1,4
BRDA:130,14,0,8
BRDA:130,14,1,2
BRDA:139,15,0,4
BRDA:145,16,0,1
BRDA:145,16,1,5
BRDA:149,17,0,1
BRDA:149,17,1,4
BRDA:159,18,0,3
BRDA:159,18,1,1
BRDA:201,19,0,0
BRDA:246,20,0,2
BRDA:267,21,0,0
BRDA:267,21,1,3
BRDA:267,22,0,3
BRDA:267,22,1,3
BRDA:267,22,2,3
BRDA:273,23,0,2
BRDA:273,23,1,1
BRDA:285,24,0,2
BRDA:285,24,1,1
BRDA:297,25,0,0
BRDA:297,26,0,2
BRF:51
BRH:47
end_of_record
TN:
SF:src/services/productService.js
FN:4,upsertProductAndHistory
FNF:1
FNH:1
FNDA:7,upsertProductAndHistory
DA:5,7
DA:6,7
DA:7,7
DA:8,7
DA:14,7
DA:15,7
DA:19,7
DA:20,7
DA:21,7
DA:23,0
DA:24,0
DA:25,0
DA:27,7
LF:13
LH:10
BRDA:17,0,0,7
BRDA:17,0,1,1
BRF:2
BRH:2
end_of_record
TN:
SF:src/services/retentionService.js
FN:29,getRetentionSettings
FN:40,ensureDailySamplesTable
FN:68,archiveToDailySamples
FN:104,cleanupPriceHistory
FN:160,cleanupStaleProducts
FN:211,cleanupSearchResults
FN:258,getDatabaseStats
FN:294,runRetentionCleanup
FN:329,getRetentionPolicy
FNF:9
FNH:9
FNDA:29,getRetentionSettings
FNDA:11,ensureDailySamplesTable
FNDA:6,archiveToDailySamples
FNDA:4,cleanupPriceHistory
FNDA:5,cleanupStaleProducts
FNDA:4,cleanupSearchResults
FNDA:4,getDatabaseStats
FNDA:2,runRetentionCleanup
FNDA:10,getRetentionPolicy
DA:11,5
DA:30,29
DA:41,11
DA:61,11
DA:69,6
DA:71,6
DA:72,0
DA:75,6
DA:78,6
DA:95,6
DA:97,6
DA:105,4
DA:106,4
DA:109,4
DA:111,4
DA:112,4
DA:114,4
DA:116,4
DA:136,4
DA:137,4
DA:139,4
DA:140,1
DA:145,4
DA:146,1
DA:153,4
DA:161,5
DA:162,5
DA:165,5
DA:171,5
DA:173,5
DA:174,3
DA:178,2
DA:185,2
DA:186,2
DA:195,2
DA:200,2
DA:205,2
DA:212,4
DA:213,4
DA:216,4
DA:223,4
DA:224,1
DA:227,3
DA:228,3
DA:230,3
DA:231,3
DA:240,3
DA:241,3
DA:245,3
DA:246,1
DA:252,3
DA:259,4
DA:272,4
DA:279,4
DA:280,4
DA:281,0
DA:282,0
DA:285,4
DA:295,2
DA:296,2
DA:298,2
DA:304,2
DA:306,2
DA:314,2
DA:315,2
DA:316,2
DA:317,2
DA:320,0
DA:323,2
DA:330,10
LF:70
LH:66
BRDA:32,0,0,29
BRDA:32,0,1,0
BRDA:71,1,0,0
BRDA:71,1,1,6
BRDA:139,2,0,1
BRDA:139,2,1,3
BRDA:145,3,0,1
BRDA:145,3,1,3
BRDA:173,4,0,3
BRDA:173,4,1,2
BRDA:223,5,0,1
BRDA:223,5,1,3
BRDA:245,6,0,1
BRDA:245,6,1,2
BRDA:280,7,0,0
BRDA:280,7,1,4
BRF:16
BRH:13
end_of_record
TN:
SF:src/utils/BrowserPool.js
FN:6,(anonymous_0)
FN:21,(anonymous_1)
FN:49,(anonymous_2)
FN:90,(anonymous_3)
FN:91,(anonymous_4)
FN:92,(anonymous_5)
FN:100,(anonymous_6)
FN:112,(anonymous_7)
FN:127,(anonymous_8)
FN:130,(anonymous_9)
FN:152,(anonymous_10)
FN:161,(anonymous_11)
FN:175,(anonymous_12)
FN:193,(anonymous_13)
FNF:14
FNH:2
FNDA:5,(anonymous_0)
FNDA:0,(anonymous_1)
FNDA:0,(anonymous_2)
FNDA:0,(anonymous_3)
FNDA:0,(anonymous_4)
FNDA:0,(anonymous_5)
FNDA:0,(anonymous_6)
FNDA:0,(anonymous_7)
FNDA:0,(anonymous_8)
FNDA:0,(anonymous_9)
FNDA:8,(anonymous_10)
FNDA:0,(anonymous_11)
FNDA:0,(anonymous_12)
FNDA:0,(anonymous_13)
DA:7,5
DA:8,5
DA:9,5
DA:10,5
DA:11,5
DA:12,5
DA:13,5
DA:22,0
DA:23,0
DA:24,0
DA:27,0
DA:29,0
DA:30,0
DA:34,0
DA:35,0
DA:36,0
DA:37,0
DA:38,0
DA:41,0
DA:42,0
DA:44,0
DA:45,0
DA:50,0
DA:51,0
DA:54,0
DA:55,0
DA:58,0
DA:59,0
DA:60,0
DA:61,0
DA:63,0
DA:68,0
DA:71,0
DA:72,0
DA:73,0
DA:76,0
DA:77,0
DA:78,0
DA:79,0
DA:81,0
DA:88,0
DA:90,0
DA:91,0
DA:92,0
DA:93,0
DA:94,0
DA:96,0
DA:99,0
DA:101,0
DA:102,0
DA:103,0
DA:104,0
DA:105,0
DA:113,0
DA:114,0
DA:115,0
DA:118,0
DA:119,0
DA:122,0
DA:123,0
DA:125,0
DA:128,0
DA:129,0
DA:131,0
DA:133,0
DA:136,0
DA:137,0
DA:138,0
DA:139,0
DA:144,0
DA:145,0
DA:153,8
DA:162,0
DA:163,0
DA:166,0
DA:169,0
DA:170,0
DA:172,0
DA:175,0
DA:176,0
DA:177,0
DA:178,0
DA:180,0
DA:184,0
DA:186,0
DA:187,0
DA:188,0
DA:190,0
DA:194,0
DA:204,0
DA:205,0
DA:206,0
DA:209,0
DA:210,0
DA:211,0
DA:214,0
DA:215,0
DA:216,0
DA:219,0
DA:224,5
DA:225,5
LF:101
LH:10
BRDA:6,0,0,0
BRDA:6,1,0,5
BRDA:22,2,0,0
BRDA:22,2,1,0
BRDA:49,3,0,0
BRDA:50,4,0,0
BRDA:50,4,1,0
BRDA:58,5,0,0
BRDA:58,5,1,0
BRDA:93,6,0,0
BRDA:93,6,1,0
BRDA:113,7,0,0
BRDA:113,7,1,0
BRDA:122,8,0,0
BRDA:122,8,1,0
BRDA:136,9,0,0
BRDA:136,9,1,0
BRDA:162,10,0,0
BRDA:162,10,1,0
BRDA:204,11,0,0
BRDA:204,11,1,0
BRDA:209,12,0,0
BRDA:209,12,1,0
BRDA:209,13,0,0
BRDA:209,13,1,0
BRDA:214,14,0,0
BRDA:214,14,1,0
BRDA:224,15,0,5
BRDA:224,15,1,5
BRF:29
BRH:3
end_of_record
TN:
SF:src/utils/db-retry.js
FN:9,retryDatabaseOperation
FN:55,(anonymous_1)
FN:65,isNonRetryableError
FN:104,testDatabaseConnection
FN:106,(anonymous_4)
FNF:5
FNH:5
FNDA:13,retryDatabaseOperation
FNDA:5,(anonymous_1)
FNDA:13,isNonRetryableError
FNDA:3,testDatabaseConnection
FNDA:4,(anonymous_4)
DA:16,13
DA:20,13
DA:21,18
DA:22,18
DA:24,13
DA:27,13
DA:28,6
DA:29,6
DA:32,7
DA:33,2
DA:37,2
DA:41,5
DA:46,5
DA:51,5
DA:52,1
DA:55,5
DA:59,2
DA:66,13
DA:67,13
DA:70,13
DA:84,13
DA:85,3
DA:89,10
DA:92,3
DA:95,7
DA:105,3
DA:106,3
DA:107,4
DA:108,2
DA:109,2
DA:112,2
DA:113,2
DA:115,1
DA:116,1
LF:34
LH:34
BRDA:9,0,0,1
BRDA:11,1,0,1
BRDA:12,2,0,1
BRDA:13,3,0,13
BRDA:14,4,0,13
BRDA:15,5,0,12
BRDA:27,6,0,6
BRDA:27,6,1,7
BRDA:32,7,0,2
BRDA:32,7,1,5
BRDA:51,8,0,1
BRDA:51,8,1,4
BRDA:67,9,0,13
BRDA:67,9,1,0
BRDA:84,10,0,3
BRDA:84,10,1,10
BRDA:89,11,0,3
BRDA:89,11,1,7
BRDA:89,12,0,10
BRDA:89,12,1,9
BRDA:89,12,2,8
BRDA:104,13,0,0
BRF:22
BRH:20
end_of_record
TN:
SF:src/utils/delay.js
FN:4,delay
FN:5,(anonymous_1)
FNF:2
FNH:2
FNDA:3,delay
FNDA:3,(anonymous_1)
DA:5,3
LF:1
LH:1
BRF:0
BRH:0
end_of_record
TN:
SF:src/utils/fetch-page.js
FN:19,tryFetch
FN:60,fetchPage
FN:132,releaseBrowser
FNF:3
FNH:0
FNDA:0,tryFetch
FNDA:0,fetchPage
FNDA:0,releaseBrowser
DA:7,2
DA:10,2
DA:13,2
DA:20,0
DA:21,0
DA:22,0
DA:24,0
DA:25,0
DA:33,0
DA:36,0
DA:37,0
DA:41,0
DA:44,0
DA:46,0
DA:49,0
DA:50,0
DA:61,0
DA:64,0
DA:65,0
DA:68,0
DA:69,0
DA:70,0
DA:71,0
DA:72,0
DA:73,0
DA:76,0
DA:77,0
DA:78,0
DA:81,0
DA:83,0
DA:84,0
DA:86,0
DA:89,0
DA:90,0
DA:97,0
DA:99,0
DA:100,0
DA:107,0
DA:108,0
DA:109,0
DA:110,0
DA:112,0
DA:113,0
DA:118,0
DA:125,0
DA:133,0
DA:134,0
DA:135,0
DA:137,0
DA:138,0
DA:141,0
DA:144,0
DA:145,0
LF:53
LH:3
BRDA:19,0,0,0
BRDA:22,1,0,0
BRDA:22,1,1,0
BRDA:30,2,0,0
BRDA:30,2,1,0
BRDA:36,3,0,0
BRDA:36,3,1,0
BRDA:60,4,0,0
BRDA:68,5,0,0
BRDA:68,5,1,0
BRDA:71,6,0,0
BRDA:71,6,1,0
BRDA:71,7,0,0
BRDA:71,7,1,0
BRDA:76,8,0,0
BRDA:76,8,1,0
BRDA:97,9,0,0
BRDA:97,9,1,0
BRDA:99,10,0,0
BRDA:99,10,1,0
BRDA:107,11,0,0
BRDA:107,11,1,0
BRDA:120,12,0,0
BRDA:120,12,1,0
BRDA:125,13,0,0
BRDA:125,13,1,0
BRDA:134,14,0,0
BRDA:134,14,1,0
BRDA:134,15,0,0
BRDA:134,15,1,0
BRDA:137,16,0,0
BRDA:137,16,1,0
BRDA:144,17,0,0
BRDA:144,17,1,0
BRF:34
BRH:0
end_of_record
TN:
SF:src/utils/logger.js
FN:21,buildTransport
FNF:1
FNH:1
FNDA:32,buildTransport
DA:7,32
DA:8,32
DA:11,32
DA:14,32
DA:15,0
DA:22,32
DA:25,32
DA:26,32
DA:27,0
DA:37,32
DA:46,32
DA:47,0
DA:61,0
DA:62,0
DA:78,32
DA:79,0
DA:83,32
DA:84,32
DA:88,0
DA:93,32
DA:95,32
DA:105,32
DA:106,0
LF:23
LH:15
BRDA:11,0,0,32
BRDA:11,0,1,32
BRDA:14,1,0,0
BRDA:14,1,1,32
BRDA:14,2,0,32
BRDA:14,2,1,0
BRDA:25,3,0,32
BRDA:25,3,1,0
BRDA:26,4,0,0
BRDA:26,4,1,32
BRDA:46,5,0,0
BRDA:46,5,1,32
BRDA:51,6,0,0
BRDA:51,6,1,0
BRDA:53,7,0,0
BRDA:53,7,1,0
BRDA:61,8,0,0
BRDA:61,8,1,0
BRDA:66,9,0,0
BRDA:66,9,1,0
BRDA:68,10,0,0
BRDA:68,10,1,0
BRDA:78,11,0,0
BRDA:78,11,1,32
BRDA:83,12,0,32
BRDA:83,12,1,0
BRDA:105,13,0,0
BRDA:105,13,1,32
BRDA:108,14,0,0
BRDA:108,14,1,0
BRDA:109,15,0,0
BRDA:109,15,1,0
BRF:32
BRH:10
end_of_record
TN:
SF:src/utils/metrics.js
FN:225,recordScrape
FN:239,recordPriceChange
FN:247,updateProxyMetrics
FN:255,updateBrowserPoolMetrics
FN:263,updateDbPoolMetrics
FN:272,recordDbQuery
FN:282,recordRateLimitDelay
FN:289,recordRateLimitHit
FN:296,getMetrics
FN:303,getMetricsContentType
FN:310,resetMetrics
FNF:11
FNH:11
FNDA:2,recordScrape
FNDA:5,recordPriceChange
FNDA:2,updateProxyMetrics
FNDA:2,updateBrowserPoolMetrics
FNDA:2,updateDbPoolMetrics
FNDA:2,recordDbQuery
FNDA:1,recordRateLimitDelay
FNDA:1,recordRateLimitHit
FNDA:1,getMetrics
FNDA:1,getMetricsContentType
FNDA:1,resetMetrics
DA:11,7
DA:14,7
DA:21,7
DA:29,7
DA:38,7
DA:46,7
DA:54,7
DA:66,7
DA:74,7
DA:86,7
DA:94,7
DA:102,7
DA:114,7
DA:121,7
DA:128,7
DA:140,7
DA:149,7
DA:157,7
DA:169,7
DA:178,7
DA:190,7
DA:198,7
DA:204,7
DA:211,7
DA:226,2
DA:227,2
DA:229,2
DA:230,1
DA:232,1
DA:240,5
DA:241,5
DA:248,2
DA:249,2
DA:256,2
DA:257,2
DA:264,2
DA:265,2
DA:266,2
DA:273,2
DA:274,2
DA:275,1
DA:283,1
DA:290,1
DA:297,1
DA:304,1
DA:311,1
DA:312,1
LF:47
LH:47
BRDA:199,0,0,7
BRDA:199,0,1,0
BRDA:226,1,0,1
BRDA:226,1,1,1
BRDA:229,2,0,1
BRDA:229,2,1,1
BRDA:240,3,0,2
BRDA:240,3,1,3
BRDA:247,4,0,1
BRDA:272,5,0,1
BRDA:274,6,0,1
BRDA:274,6,1,1
BRF:12
BRH:11
end_of_record
TN:
SF:src/utils/proxy-manager-v2.js
FN:27,getProxyConfig
FN:38,(anonymous_1)
FN:38,(anonymous_2)
FN:68,buildPaidProxyUrl
FN:83,downloadFreeProxyList
FN:90,(anonymous_5)
FN:103,checkProxy
FN:121,refreshFreeProxyCache
FN:162,getRandomFreeProxy
FN:178,getRandomManualProxy
FN:187,getProxy
FN:240,refreshProxyCache
FN:255,getRandomProxy
FNF:13
FNH:0
FNDA:0,getProxyConfig
FNDA:0,(anonymous_1)
FNDA:0,(anonymous_2)
FNDA:0,buildPaidProxyUrl
FNDA:0,downloadFreeProxyList
FNDA:0,(anonymous_5)
FNDA:0,checkProxy
FNDA:0,refreshFreeProxyCache
FNDA:0,getRandomFreeProxy
FNDA:0,getRandomManualProxy
FNDA:0,getProxy
FNDA:0,refreshProxyCache
FNDA:0,getRandomProxy
DA:8,0
DA:11,0
DA:16,0
DA:28,0
DA:30,0
DA:36,0
DA:37,0
DA:38,0
DA:42,0
DA:43,0
DA:44,0
DA:45,0
DA:49,0
DA:50,0
DA:51,0
DA:52,0
DA:56,0
DA:57,0
DA:58,0
DA:59,0
DA:62,0
DA:69,0
DA:71,0
DA:72,0
DA:73,0
DA:77,0
DA:84,0
DA:85,0
DA:86,0
DA:87,0
DA:89,0
DA:90,0
DA:92,0
DA:93,0
DA:95,0
DA:96,0
DA:104,0
DA:105,0
DA:106,0
DA:111,0
DA:113,0
DA:114,0
DA:122,0
DA:123,0
DA:125,0
DA:126,0
DA:127,0
DA:130,0
DA:131,0
DA:134,0
DA:136,0
DA:137,0
DA:138,0
DA:139,0
DA:140,0
DA:143,0
DA:144,0
DA:149,0
DA:150,0
DA:151,0
DA:153,0
DA:156,0
DA:163,0
DA:165,0
DA:166,0
DA:167,0
DA:168,0
DA:170,0
DA:171,0
DA:179,0
DA:180,0
DA:188,0
DA:190,0
DA:191,0
DA:192,0
DA:195,0
DA:197,0
DA:200,0
DA:201,0
DA:202,0
DA:203,0
DA:204,0
DA:207,0
DA:208,0
DA:209,0
DA:210,0
DA:213,0
DA:216,0
DA:217,0
DA:218,0
DA:220,0
DA:225,0
DA:226,0
DA:227,0
DA:229,0
DA:232,0
DA:233,0
DA:241,0
DA:243,0
DA:244,0
DA:247,0
DA:248,0
DA:256,0
DA:257,0
LF:104
LH:0
BRDA:28,0,0,0
BRDA:28,0,1,0
BRDA:36,1,0,0
BRDA:36,1,1,0
BRDA:37,2,0,0
BRDA:37,2,1,0
BRDA:42,3,0,0
BRDA:42,3,1,0
BRDA:45,4,0,0
BRDA:45,4,1,0
BRDA:49,5,0,0
BRDA:49,5,1,0
BRDA:52,6,0,0
BRDA:52,6,1,0
BRDA:56,7,0,0
BRDA:56,7,1,0
BRDA:59,8,0,0
BRDA:59,8,1,0
BRDA:71,9,0,0
BRDA:71,9,1,0
BRDA:71,10,0,0
BRDA:71,10,1,0
BRDA:71,10,2,0
BRDA:125,11,0,0
BRDA:125,11,1,0
BRDA:138,12,0,0
BRDA:138,12,1,0
BRDA:143,13,0,0
BRDA:143,13,1,0
BRDA:149,14,0,0
BRDA:149,14,1,0
BRDA:163,15,0,0
BRDA:163,15,1,0
BRDA:167,16,0,0
BRDA:167,16,1,0
BRDA:179,17,0,0
BRDA:179,17,1,0
BRDA:179,18,0,0
BRDA:179,18,1,0
BRDA:190,19,0,0
BRDA:190,19,1,0
BRDA:197,20,0,0
BRDA:197,20,1,0
BRDA:197,20,2,0
BRDA:197,20,3,0
BRDA:197,20,4,0
BRDA:197,20,5,0
BRDA:201,21,0,0
BRDA:201,21,1,0
BRDA:204,22,0,0
BRDA:204,22,1,0
BRDA:207,23,0,0
BRDA:207,23,1,0
BRDA:217,24,0,0
BRDA:217,24,1,0
BRDA:226,25,0,0
BRDA:226,25,1,0
BRDA:243,26,0,0
BRDA:243,26,1,0
BRF:59
BRH:0
end_of_record
TN:
SF:src/utils/proxy-manager.js
FN:17,(anonymous_0)
FN:19,(anonymous_1)
FN:25,(anonymous_2)
FN:27,(anonymous_3)
FN:33,(anonymous_4)
FN:35,(anonymous_5)
FN:36,(anonymous_6)
FN:45,(anonymous_7)
FN:48,(anonymous_8)
FN:63,(anonymous_9)
FN:91,(anonymous_10)
FN:102,(anonymous_11)
FN:150,(anonymous_12)
FN:152,(anonymous_13)
FN:153,(anonymous_14)
FN:157,(anonymous_15)
FN:163,(anonymous_16)
FN:174,(anonymous_17)
FN:185,(anonymous_18)
FN:216,downloadFromSource
FN:237,downloadAllProxies
FN:241,(anonymous_21)
FN:271,checkProxy
FN:304,checkProxiesParallel
FN:312,(anonymous_24)
FN:317,worker
FN:361,(anonymous_26)
FN:370,(anonymous_27)
FN:379,refreshProxyCache
FN:406,(anonymous_29)
FN:445,getRandomProxy
FN:463,getNextProxy
FN:481,getFastestProxy
FN:494,markProxyFailed
FN:496,(anonymous_34)
FN:509,(anonymous_35)
FN:518,getProxyStats
FN:524,(anonymous_37)
FN:526,(anonymous_38)
FN:534,loadCacheFromFile
FN:544,(anonymous_40)
FN:560,getWorkingProxy
FNF:42
FNH:7
FNDA:0,(anonymous_0)
FNDA:0,(anonymous_1)
FNDA:0,(anonymous_2)
FNDA:0,(anonymous_3)
FNDA:0,(anonymous_4)
FNDA:0,(anonymous_5)
FNDA:0,(anonymous_6)
FNDA:0,(anonymous_7)
FNDA:0,(anonymous_8)
FNDA:0,(anonymous_9)
FNDA:0,(anonymous_10)
FNDA:0,(anonymous_11)
FNDA:0,(anonymous_12)
FNDA:0,(anonymous_13)
FNDA:0,(anonymous_14)
FNDA:0,(anonymous_15)
FNDA:0,(anonymous_16)
FNDA:0,(anonymous_17)
FNDA:0,(anonymous_18)
FNDA:0,downloadFromSource
FNDA:0,downloadAllProxies
FNDA:0,(anonymous_21)
FNDA:0,checkProxy
FNDA:0,checkProxiesParallel
FNDA:0,(anonymous_24)
FNDA:0,worker
FNDA:0,(anonymous_26)
FNDA:0,(anonymous_27)
FNDA:0,refreshProxyCache
FNDA:0,(anonymous_29)
FNDA:1,getRandomProxy
FNDA:1,getNextProxy
FNDA:1,getFastestProxy
FNDA:0,markProxyFailed
FNDA:0,(anonymous_34)
FNDA:0,(anonymous_35)
FNDA:4,getProxyStats
FNDA:60,(anonymous_37)
FNDA:60,(anonymous_38)
FNDA:4,loadCacheFromFile
FNDA:0,(anonymous_40)
FNDA:0,getWorkingProxy
DA:7,4
DA:13,4
DA:18,0
DA:19,0
DA:26,0
DA:27,0
DA:34,0
DA:35,0
DA:37,0
DA:38,0
DA:46,0
DA:47,0
DA:48,0
DA:56,0
DA:67,0
DA:70,0
DA:71,0
DA:74,0
DA:75,0
DA:76,0
DA:77,0
DA:81,0
DA:82,0
DA:83,0
DA:84,0
DA:85,0
DA:90,0
DA:91,0
DA:92,0
DA:93,0
DA:94,0
DA:95,0
DA:104,0
DA:106,0
DA:108,0
DA:109,0
DA:110,0
DA:111,0
DA:112,0
DA:113,0
DA:114,0
DA:115,0
DA:118,0
DA:119,0
DA:120,0
DA:121,0
DA:122,0
DA:123,0
DA:124,0
DA:132,0
DA:133,0
DA:134,0
DA:135,0
DA:136,0
DA:137,0
DA:138,0
DA:144,0
DA:151,0
DA:152,0
DA:154,0
DA:155,0
DA:157,0
DA:165,0
DA:166,0
DA:167,0
DA:168,0
DA:172,0
DA:173,0
DA:174,0
DA:175,0
DA:179,0
DA:187,0
DA:188,0
DA:189,0
DA:190,0
DA:192,0
DA:198,4
DA:209,4
DA:210,4
DA:211,4
DA:217,0
DA:218,0
DA:225,0
DA:226,0
DA:227,0
DA:229,0
DA:230,0
DA:238,0
DA:240,0
DA:241,0
DA:245,0
DA:246,0
DA:248,0
DA:249,0
DA:250,0
DA:251,0
DA:252,0
DA:253,0
DA:254,0
DA:263,0
DA:264,0
DA:272,0
DA:274,0
DA:275,0
DA:276,0
DA:282,0
DA:285,0
DA:286,0
DA:293,0
DA:295,0
DA:305,0
DA:306,0
DA:307,0
DA:308,0
DA:312,0
DA:313,0
DA:318,0
DA:319,0
DA:320,0
DA:322,0
DA:323,0
DA:325,0
DA:327,0
DA:328,0
DA:329,0
DA:337,0
DA:338,0
DA:339,0
DA:340,0
DA:344,0
DA:345,0
DA:350,0
DA:351,0
DA:361,0
DA:364,0
DA:370,0
DA:372,0
DA:380,0
DA:383,0
DA:386,0
DA:390,0
DA:393,0
DA:394,0
DA:397,0
DA:399,0
DA:400,0
DA:401,0
DA:406,0
DA:407,0
DA:408,0
DA:410,0
DA:413,0
DA:414,0
DA:417,0
DA:418,0
DA:419,0
DA:422,0
DA:423,0
DA:428,0
DA:431,0
DA:432,0
DA:439,0
DA:446,1
DA:448,0
DA:451,1
DA:452,0
DA:455,1
DA:456,1
DA:464,1
DA:465,0
DA:468,1
DA:469,0
DA:472,1
DA:473,1
DA:475,1
DA:482,1
DA:483,0
DA:487,1
DA:495,0
DA:496,0
DA:498,0
DA:499,0
DA:506,0
DA:507,0
DA:509,0
DA:510,0
DA:519,4
DA:524,60
DA:526,60
DA:535,4
DA:536,0
DA:539,4
DA:540,4
DA:543,4
DA:544,0
DA:545,4
DA:546,4
DA:547,4
DA:550,4
DA:552,0
DA:561,0
DA:562,0
DA:564,0
DA:566,0
DA:567,0
DA:571,0
DA:572,0
DA:573,0
DA:578,0
DA:580,0
DA:584,0
DA:588,4
LF:212
LH:29
BRDA:48,0,0,0
BRDA:48,0,1,0
BRDA:84,1,0,0
BRDA:84,1,1,0
BRDA:84,2,0,0
BRDA:84,2,1,0
BRDA:93,3,0,0
BRDA:93,3,1,0
BRDA:109,4,0,0
BRDA:109,4,1,0
BRDA:111,5,0,0
BRDA:111,5,1,0
BRDA:111,6,0,0
BRDA:111,6,1,0
BRDA:114,7,0,0
BRDA:114,7,1,0
BRDA:114,8,0,0
BRDA:114,8,1,0
BRDA:118,9,0,0
BRDA:118,9,1,0
BRDA:120,10,0,0
BRDA:120,10,1,0
BRDA:123,11,0,0
BRDA:123,11,1,0
BRDA:123,12,0,0
BRDA:123,12,1,0
BRDA:135,13,0,0
BRDA:135,13,1,0
BRDA:137,14,0,0
BRDA:137,14,1,0
BRDA:137,15,0,0
BRDA:137,15,1,0
BRDA:137,15,2,0
BRDA:157,16,0,0
BRDA:157,16,1,0
BRDA:174,17,0,0
BRDA:174,17,1,0
BRDA:249,18,0,0
BRDA:249,18,1,0
BRDA:252,19,0,0
BRDA:252,19,1,0
BRDA:285,20,0,0
BRDA:285,20,1,0
BRDA:285,21,0,0
BRDA:285,21,1,0
BRDA:285,21,2,0
BRDA:318,22,0,0
BRDA:318,22,1,0
BRDA:320,23,0,0
BRDA:320,23,1,0
BRDA:323,24,0,0
BRDA:323,24,1,0
BRDA:327,25,0,0
BRDA:327,25,1,0
BRDA:337,26,0,0
BRDA:337,26,1,0
BRDA:350,27,0,0
BRDA:350,27,1,0
BRDA:379,28,0,0
BRDA:383,29,0,0
BRDA:383,29,1,0
BRDA:383,30,0,0
BRDA:383,30,1,0
BRDA:383,30,2,0
BRDA:399,31,0,0
BRDA:399,31,1,0
BRDA:408,32,0,0
BRDA:408,32,1,0
BRDA:408,33,0,0
BRDA:408,33,1,0
BRDA:446,34,0,0
BRDA:446,34,1,1
BRDA:451,35,0,0
BRDA:451,35,1,1
BRDA:456,36,0,1
BRDA:456,36,1,0
BRDA:464,37,0,0
BRDA:464,37,1,1
BRDA:468,38,0,0
BRDA:468,38,1,1
BRDA:475,39,0,1
BRDA:475,39,1,0
BRDA:482,40,0,0
BRDA:482,40,1,1
BRDA:487,41,0,1
BRDA:487,41,1,0
BRDA:498,42,0,0
BRDA:498,42,1,0
BRDA:506,43,0,0
BRDA:506,43,1,0
BRDA:521,44,0,4
BRDA:521,44,1,0
BRDA:522,45,0,4
BRDA:522,45,1,0
BRDA:523,46,0,4
BRDA:523,46,1,0
BRDA:535,47,0,0
BRDA:535,47,1,4
BRDA:543,48,0,0
BRDA:543,48,1,4
BRDA:545,49,0,4
BRDA:545,49,1,0
BRDA:560,50,0,0
BRDA:564,51,0,0
BRDA:564,51,1,0
BRF:105
BRH:14
end_of_record
TN:
SF:src/utils/rate-limiter.js
FN:8,(anonymous_0)
FN:52,(anonymous_1)
FN:67,(anonymous_2)
FN:74,(anonymous_3)
FN:97,(anonymous_4)
FN:117,(anonymous_5)
FN:132,(anonymous_6)
FN:166,(anonymous_7)
FN:183,(anonymous_8)
FN:205,(anonymous_9)
FN:216,(anonymous_10)
FN:241,(anonymous_11)
FN:263,(anonymous_12)
FN:273,(anonymous_13)
FNF:14
FNH:13
FNDA:4,(anonymous_0)
FNDA:55,(anonymous_1)
FNDA:35,(anonymous_2)
FNDA:10,(anonymous_3)
FNDA:4,(anonymous_4)
FNDA:0,(anonymous_5)
FNDA:4,(anonymous_6)
FNDA:3,(anonymous_7)
FNDA:12,(anonymous_8)
FNDA:4,(anonymous_9)
FNDA:12,(anonymous_10)
FNDA:4,(anonymous_11)
FNDA:1,(anonymous_12)
FNDA:3,(anonymous_13)
DA:11,4
DA:37,4
DA:40,4
DA:43,4
DA:46,4
DA:53,55
DA:54,55
DA:56,49
DA:57,6
DA:58,2
DA:60,6
DA:68,35
DA:75,10
DA:76,10
DA:77,10
DA:80,10
DA:84,10
DA:85,10
DA:90,10
DA:98,4
DA:99,4
DA:100,4
DA:103,4
DA:104,4
DA:107,4
DA:108,4
DA:110,4
DA:111,0
DA:117,0
DA:121,4
DA:124,4
DA:126,4
DA:133,4
DA:134,4
DA:136,4
DA:137,4
DA:140,4
DA:143,4
DA:144,0
DA:145,0
DA:148,4
DA:151,4
DA:152,4
DA:153,0
DA:159,0
DA:167,3
DA:170,3
DA:173,3
DA:174,3
DA:175,1
DA:176,1
DA:184,12
DA:187,12
DA:188,12
DA:191,12
DA:193,12
DA:194,1
DA:195,1
DA:196,11
DA:197,3
DA:198,3
DA:206,4
DA:207,4
DA:208,4
DA:210,4
DA:217,12
DA:219,12
DA:220,12
DA:223,12
DA:226,12
DA:229,12
DA:230,11
DA:231,11
DA:232,11
DA:233,11
DA:235,11
DA:242,4
DA:244,4
DA:245,12
DA:247,8
DA:248,8
DA:257,4
DA:264,1
DA:265,1
DA:266,1
DA:267,1
DA:274,3
DA:275,2
DA:276,2
DA:282,4
LF:90
LH:84
BRDA:56,0,0,43
BRDA:56,0,1,6
BRDA:57,1,0,4
BRDA:57,1,1,2
BRDA:68,2,0,35
BRDA:68,2,1,1
BRDA:77,3,0,10
BRDA:77,3,1,7
BRDA:103,4,0,4
BRDA:103,4,1,4
BRDA:110,5,0,0
BRDA:110,5,1,4
BRDA:114,6,0,0
BRDA:114,6,1,0
BRDA:136,7,0,4
BRDA:136,7,1,0
BRDA:143,8,0,0
BRDA:143,8,1,4
BRDA:152,9,0,0
BRDA:152,9,1,4
BRDA:173,10,0,3
BRDA:173,10,1,2
BRDA:174,11,0,1
BRDA:174,11,1,2
BRDA:187,12,0,12
BRDA:187,12,1,5
BRDA:193,13,0,1
BRDA:193,13,1,11
BRDA:196,14,0,3
BRDA:196,14,1,8
BRDA:205,15,0,3
BRDA:206,16,0,4
BRDA:206,16,1,2
BRDA:217,17,0,0
BRDA:217,17,1,12
BRDA:219,18,0,12
BRDA:219,18,1,0
BRDA:220,19,0,12
BRDA:220,19,1,12
BRDA:223,20,0,0
BRDA:223,20,1,12
BRDA:226,21,0,0
BRDA:226,21,1,12
BRDA:229,22,0,1
BRDA:229,22,1,11
BRDA:230,23,0,0
BRDA:230,23,1,11
BRDA:231,24,0,0
BRDA:231,24,1,11
BRDA:232,25,0,0
BRDA:232,25,1,11
BRDA:233,26,0,0
BRDA:233,26,1,11
BRDA:245,27,0,4
BRDA:245,27,1,8
BRDA:250,28,0,8
BRDA:250,28,1,7
BRDA:251,29,0,8
BRDA:251,29,1,6
BRDA:252,30,0,8
BRDA:252,30,1,7
BRDA:274,31,0,2
BRDA:274,31,1,1
BRF:63
BRH:49
end_of_record
TN:
SF:src/utils/retry.js
FN:6,retry
FN:11,(anonymous_1)
FN:39,(anonymous_2)
FNF:3
FNH:3
FNDA:17,retry
FNDA:8,(anonymous_1)
FNDA:10,(anonymous_2)
DA:11,8
DA:12,17
DA:16,17
DA:17,27
DA:18,27
DA:20,17
DA:22,17
DA:23,4
DA:24,4
DA:27,13
DA:28,3
DA:29,3
DA:33,10
DA:34,10
DA:35,10
DA:37,10
DA:39,10
DA:43,0
LF:18
LH:17
BRDA:6,0,0,1
BRDA:8,1,0,1
BRDA:9,2,0,1
BRDA:10,3,0,12
BRDA:11,4,0,13
BRDA:22,5,0,4
BRDA:22,5,1,13
BRDA:27,6,0,3
BRDA:27,6,1,10
BRF:9
BRH:9
end_of_record
TN:
SF:src/utils/site-error-handler.js
FN:266,getSiteFromUrl
FN:286,classifyError
FN:331,mapCategoryName
FN:349,createClassification
FN:368,recordSiteError
FN:430,recordSiteSuccess
FN:464,isSiteInCooldown
FN:489,getSiteHealth
FN:501,getAllSiteHealth
FN:522,shouldRetry
FN:558,getErrorSummary
FN:574,resetSiteHealth
FNF:12
FNH:12
FNDA:79,getSiteFromUrl
FNDA:63,classifyError
FNDA:51,mapCategoryName
FNDA:63,createClassification
FNDA:38,recordSiteError
FNDA:7,recordSiteSuccess
FNDA:4,isSiteInCooldown
FNDA:11,getSiteHealth
FNDA:6,getAllSiteHealth
FNDA:4,shouldRetry
FNDA:5,getErrorSummary
FNDA:53,resetSiteHealth
DA:11,1
DA:27,1
DA:35,1
DA:185,1
DA:261,1
DA:267,79
DA:268,79
DA:269,19
DA:270,13
DA:271,12
DA:272,11
DA:273,11
DA:274,11
DA:275,11
DA:276,11
DA:287,63
DA:288,63
DA:289,63
DA:292,63
DA:293,63
DA:296,63
DA:297,228
DA:298,831
DA:299,29
DA:300,29
DA:306,34
DA:307,179
DA:308,593
DA:309,22
DA:310,22
DA:316,12
DA:317,0
DA:320,12
DA:321,0
DA:325,12
DA:332,51
DA:343,51
DA:350,63
DA:352,63
DA:369,38
DA:370,38
DA:373,38
DA:374,16
DA:385,38
DA:388,38
DA:394,38
DA:395,0
DA:398,38
DA:399,38
DA:400,38
DA:403,38
DA:404,16
DA:405,16
DA:406,22
DA:407,1
DA:408,1
DA:409,21
DA:410,0
DA:414,38
DA:424,38
DA:431,7
DA:433,7
DA:434,3
DA:445,7
DA:446,7
DA:447,7
DA:450,7
DA:451,0
DA:455,7
DA:456,0
DA:457,0
DA:465,4
DA:466,4
DA:468,4
DA:469,3
DA:472,1
DA:473,1
DA:474,1
DA:482,0
DA:483,0
DA:490,11
DA:502,6
DA:503,6
DA:504,6
DA:516,6
DA:523,4
DA:526,4
DA:527,1
DA:531,3
DA:532,1
DA:536,2
DA:537,2
DA:538,0
DA:545,2
DA:546,2
DA:548,2
DA:559,5
DA:561,5
DA:575,53
DA:576,1
DA:578,52
LF:101
LH:91
BRDA:268,0,0,60
BRDA:268,0,1,19
BRDA:269,1,0,6
BRDA:269,1,1,13
BRDA:270,2,0,1
BRDA:270,2,1,12
BRDA:271,3,0,1
BRDA:271,3,1,11
BRDA:272,4,0,0
BRDA:272,4,1,11
BRDA:273,5,0,0
BRDA:273,5,1,11
BRDA:274,6,0,0
BRDA:274,6,1,11
BRDA:275,7,0,0
BRDA:275,7,1,11
BRDA:286,8,0,24
BRDA:288,9,0,62
BRDA:288,9,1,1
BRDA:289,10,0,63
BRDA:289,10,1,62
BRDA:292,11,0,63
BRDA:292,11,1,0
BRDA:298,12,0,29
BRDA:298,12,1,802
BRDA:308,13,0,22
BRDA:308,13,1,571
BRDA:316,14,0,0
BRDA:316,14,1,12
BRDA:316,15,0,12
BRDA:316,15,1,12
BRDA:320,16,0,0
BRDA:320,16,1,12
BRDA:320,17,0,12
BRDA:320,17,1,12
BRDA:343,18,0,51
BRDA:343,18,1,0
BRDA:368,19,0,38
BRDA:373,20,0,16
BRDA:373,20,1,22
BRDA:394,21,0,0
BRDA:394,21,1,38
BRDA:403,22,0,16
BRDA:403,22,1,22
BRDA:406,23,0,1
BRDA:406,23,1,21
BRDA:406,24,0,22
BRDA:406,24,1,2
BRDA:409,25,0,0
BRDA:409,25,1,21
BRDA:433,26,0,3
BRDA:433,26,1,4
BRDA:450,27,0,0
BRDA:450,27,1,7
BRDA:450,28,0,7
BRDA:450,28,1,7
BRDA:455,29,0,0
BRDA:455,29,1,7
BRDA:468,30,0,3
BRDA:468,30,1,1
BRDA:468,31,0,4
BRDA:468,31,1,1
BRDA:473,32,0,1
BRDA:473,32,1,0
BRDA:490,33,0,11
BRDA:490,33,1,2
BRDA:508,34,0,4
BRDA:508,34,1,2
BRDA:522,35,0,0
BRDA:522,36,0,0
BRDA:526,37,0,1
BRDA:526,37,1,3
BRDA:531,38,0,1
BRDA:531,38,1,2
BRDA:537,39,0,0
BRDA:537,39,1,2
BRDA:537,40,0,2
BRDA:537,40,1,0
BRDA:545,41,0,2
BRDA:545,41,1,0
BRDA:574,42,0,52
BRDA:575,43,0,1
BRDA:575,43,1,52
BRF:83
BRH:65
end_of_record
TN:
SF:src/utils/useragents.js
FN:16,loadAgents
FN:35,randomUA
FNF:2
FNH:2
FNDA:13,loadAgents
FNDA:13,randomUA
DA:6,4
DA:7,4
DA:9,4
DA:11,4
DA:17,13
DA:18,1
DA:19,1
DA:20,1
DA:21,1
DA:22,1
DA:24,0
DA:25,0
DA:28,0
DA:29,0
DA:32,13
DA:36,13
DA:37,13
LF:17
LH:13
BRDA:17,0,0,1
BRDA:17,0,1,12
BRDA:21,1,0,1
BRDA:21,1,1,0
BRF:4
BRH:3
end_of_record
TN:
SF:src/utils/validation.js
FN:18,validateURL
FN:62,validateSite
FN:80,validatePrice
FN:120,validateCurrency
FN:140,validateTitle
FN:164,validateCheckInterval
FN:193,validateProductId
FN:214,validateScrapedData
FN:226,(anonymous_8)
FN:234,(anonymous_9)
FN:242,(anonymous_10)
FN:250,(anonymous_11)
FN:259,(anonymous_12)
FN:274,validateTrackedProduct
FN:286,(anonymous_14)
FN:294,(anonymous_15)
FN:314,(anonymous_16)
FN:329,logValidationErrors
FNF:18
FNH:18
FNDA:81,validateURL
FNDA:74,validateSite
FNDA:55,validatePrice
FNDA:46,validateCurrency
FNDA:43,validateTitle
FNDA:42,validateCheckInterval
FNDA:25,validateProductId
FNDA:39,validateScrapedData
FNDA:3,(anonymous_8)
FNDA:4,(anonymous_9)
FNDA:4,(anonymous_10)
FNDA:5,(anonymous_11)
FNDA:1,(anonymous_12)
FNDA:34,validateTrackedProduct
FNDA:3,(anonymous_14)
FNDA:3,(anonymous_15)
FNDA:1,(anonymous_16)
FNDA:4,logValidationErrors
DA:7,8
DA:8,8
DA:9,8
DA:10,8
DA:11,8
DA:12,8
DA:13,8
DA:19,81
DA:21,81
DA:22,8
DA:23,8
DA:27,73
DA:31,73
DA:32,73
DA:34,5
DA:35,5
DA:39,68
DA:40,1
DA:44,68
DA:45,68
DA:46,68
DA:48,68
DA:49,1
DA:52,68
DA:63,74
DA:65,74
DA:66,8
DA:67,8
DA:70,66
DA:71,4
DA:74,66
DA:81,55
DA:83,55
DA:84,4
DA:85,4
DA:89,51
DA:90,4
DA:93,51
DA:94,3
DA:95,3
DA:98,48
DA:99,2
DA:100,2
DA:103,46
DA:104,5
DA:107,46
DA:108,1
DA:112,46
DA:114,46
DA:121,46
DA:123,46
DA:124,2
DA:125,2
DA:128,44
DA:130,44
DA:131,3
DA:134,44
DA:141,43
DA:143,43
DA:144,6
DA:145,6
DA:148,37
DA:150,37
DA:151,1
DA:154,37
DA:155,1
DA:158,37
DA:165,42
DA:167,42
DA:168,2
DA:169,2
DA:172,40
DA:174,40
DA:175,1
DA:176,1
DA:179,39
DA:180,2
DA:183,39
DA:184,2
DA:187,39
DA:194,25
DA:196,25
DA:197,1
DA:198,1
DA:201,24
DA:203,24
DA:204,6
DA:205,6
DA:208,18
DA:215,39
DA:216,39
DA:218,39
DA:219,3
DA:220,3
DA:224,36
DA:225,36
DA:226,3
DA:228,33
DA:232,36
DA:233,36
DA:234,4
DA:236,32
DA:240,36
DA:241,36
DA:242,4
DA:244,32
DA:248,36
DA:249,36
DA:250,5
DA:252,31
DA:256,36
DA:257,36
DA:258,36
DA:259,1
DA:261,35
DA:264,36
DA:275,34
DA:276,34
DA:278,34
DA:279,3
DA:280,3
DA:284,31
DA:285,31
DA:286,3
DA:288,28
DA:292,31
DA:293,31
DA:294,3
DA:296,28
DA:300,31
DA:301,28
DA:302,1
DA:304,27
DA:307,3
DA:311,31
DA:312,31
DA:313,31
DA:314,1
DA:316,30
DA:319,31
DA:330,4
LF:141
LH:141
BRDA:21,0,0,8
BRDA:21,0,1,73
BRDA:21,1,0,81
BRDA:21,1,1,76
BRDA:39,2,0,1
BRDA:39,2,1,67
BRDA:48,3,0,1
BRDA:48,3,1,67
BRDA:48,4,0,68
BRDA:48,4,1,3
BRDA:65,5,0,8
BRDA:65,5,1,66
BRDA:65,6,0,74
BRDA:65,6,1,66
BRDA:70,7,0,4
BRDA:70,7,1,62
BRDA:83,8,0,4
BRDA:83,8,1,51
BRDA:83,9,0,55
BRDA:83,9,1,54
BRDA:89,10,0,4
BRDA:89,10,1,47
BRDA:93,11,0,3
BRDA:93,11,1,48
BRDA:93,12,0,51
BRDA:93,12,1,51
BRDA:98,13,0,2
BRDA:98,13,1,46
BRDA:103,14,0,5
BRDA:103,14,1,41
BRDA:107,15,0,1
BRDA:107,15,1,45
BRDA:123,16,0,2
BRDA:123,16,1,44
BRDA:123,17,0,46
BRDA:123,17,1,44
BRDA:130,18,0,3
BRDA:130,18,1,41
BRDA:143,19,0,6
BRDA:143,19,1,37
BRDA:143,20,0,43
BRDA:143,20,1,37
BRDA:150,21,0,1
BRDA:150,21,1,36
BRDA:154,22,0,1
BRDA:154,22,1,36
BRDA:167,23,0,2
BRDA:167,23,1,40
BRDA:167,24,0,42
BRDA:167,24,1,41
BRDA:174,25,0,1
BRDA:174,25,1,39
BRDA:179,26,0,2
BRDA:179,26,1,37
BRDA:183,27,0,2
BRDA:183,27,1,37
BRDA:196,28,0,1
BRDA:196,28,1,24
BRDA:196,29,0,25
BRDA:196,29,1,24
BRDA:203,30,0,6
BRDA:203,30,1,18
BRDA:203,31,0,24
BRDA:203,31,1,22
BRDA:218,32,0,3
BRDA:218,32,1,36
BRDA:218,33,0,39
BRDA:218,33,1,38
BRDA:225,34,0,3
BRDA:225,34,1,33
BRDA:233,35,0,4
BRDA:233,35,1,32
BRDA:241,36,0,4
BRDA:241,36,1,32
BRDA:249,37,0,5
BRDA:249,37,1,31
BRDA:256,38,0,36
BRDA:256,38,1,0
BRDA:258,39,0,1
BRDA:258,39,1,35
BRDA:267,40,0,28
BRDA:267,40,1,8
BRDA:278,41,0,3
BRDA:278,41,1,31
BRDA:278,42,0,34
BRDA:278,42,1,33
BRDA:285,43,0,3
BRDA:285,43,1,28
BRDA:293,44,0,3
BRDA:293,44,1,28
BRDA:300,45,0,28
BRDA:300,45,1,3
BRDA:301,46,0,1
BRDA:301,46,1,27
BRDA:311,47,0,31
BRDA:311,47,1,3
BRDA:311,47,2,2
BRDA:313,48,0,1
BRDA:313,48,1,30
BRDA:322,49,0,25
BRDA:322,49,1,6
BRF:101
BRH:100
end_of_record
TN:
SF:src/workers/scrapeWorker.js
FN:34,getScraperForUrl
FN:42,(anonymous_1)
FN:51,scrapeUrl
FN:70,(anonymous_3)
FN:75,(anonymous_4)
FN:133,scrapeUrls
FN:147,(anonymous_6)
FN:159,scrapeTrackedProduct
FN:193,processBatch
FN:223,(anonymous_9)
FN:235,processJob
FN:259,main
FN:262,(anonymous_12)
FNF:13
FNH:1
FNDA:11,getScraperForUrl
FNDA:0,(anonymous_1)
FNDA:0,scrapeUrl
FNDA:0,(anonymous_3)
FNDA:0,(anonymous_4)
FNDA:0,scrapeUrls
FNDA:0,(anonymous_6)
FNDA:0,scrapeTrackedProduct
FNDA:0,processBatch
FNDA:0,(anonymous_9)
FNDA:0,processJob
FNDA:0,main
FNDA:0,(anonymous_12)
DA:35,11
DA:36,4
DA:38,7
DA:39,3
DA:42,4
DA:56,0
DA:58,0
DA:60,0
DA:63,0
DA:65,0
DA:67,0
DA:69,0
DA:70,0
DA:77,0
DA:83,0
DA:85,0
DA:86,0
DA:87,0
DA:88,0
DA:91,0
DA:98,0
DA:101,0
DA:102,0
DA:103,0
DA:105,0
DA:106,0
DA:109,0
DA:112,0
DA:115,0
DA:116,0
DA:117,0
DA:119,0
DA:120,0
DA:123,0
DA:137,0
DA:139,0
DA:141,0
DA:142,0
DA:143,0
DA:146,0
DA:147,0
DA:151,0
DA:160,0
DA:165,0
DA:166,0
DA:167,0
DA:170,0
DA:172,0
DA:174,0
DA:178,0
DA:180,0
DA:182,0
DA:185,0
DA:194,0
DA:196,0
DA:197,0
DA:198,0
DA:201,0
DA:203,0
DA:205,0
DA:206,0
DA:208,0
DA:211,0
DA:216,0
DA:217,0
DA:219,0
DA:223,0
DA:226,0
DA:227,0
DA:236,0
DA:238,0
DA:240,0
DA:243,0
DA:246,0
DA:249,0
DA:252,0
DA:260,0
DA:262,0
DA:263,0
DA:289,0
DA:290,0
DA:291,0
DA:294,0
DA:296,0
DA:300,0
DA:301,0
DA:302,0
DA:303,0
DA:304,0
DA:305,0
DA:308,0
DA:311,0
DA:312,0
DA:315,0
DA:316,0
DA:318,0
DA:319,0
DA:324,1
DA:325,0
LF:99
LH:6
BRDA:35,0,0,4
BRDA:35,0,1,7
BRDA:38,1,0,3
BRDA:38,1,1,4
BRDA:51,2,0,0
BRDA:53,3,0,0
BRDA:54,4,0,0
BRDA:55,5,0,0
BRDA:77,6,0,0
BRDA:77,6,1,0
BRDA:85,7,0,0
BRDA:85,7,1,0
BRDA:101,8,0,0
BRDA:101,8,1,0
BRDA:105,9,0,0
BRDA:105,9,1,0
BRDA:119,10,0,0
BRDA:119,10,1,0
BRDA:133,11,0,0
BRDA:135,12,0,0
BRDA:136,13,0,0
BRDA:146,14,0,0
BRDA:146,14,1,0
BRDA:165,15,0,0
BRDA:165,15,1,0
BRDA:172,16,0,0
BRDA:172,16,1,0
BRDA:178,17,0,0
BRDA:178,17,1,0
BRDA:193,18,0,0
BRDA:196,19,0,0
BRDA:196,19,1,0
BRDA:206,20,0,0
BRDA:206,20,1,0
BRDA:216,21,0,0
BRDA:216,21,1,0
BRDA:238,22,0,0
BRDA:238,22,1,0
BRDA:238,22,2,0
BRDA:238,22,3,0
BRDA:238,22,4,0
BRDA:246,23,0,0
BRDA:246,23,1,0
BRDA:289,24,0,0
BRDA:289,24,1,0
BRDA:289,25,0,0
BRDA:289,25,1,0
BRDA:289,25,2,0
BRDA:289,25,3,0
BRDA:300,26,0,0
BRDA:300,26,1,0
BRDA:303,27,0,0
BRDA:303,27,1,0
BRDA:304,28,0,0
BRDA:304,28,1,0
BRDA:324,29,0,0
BRDA:324,29,1,1
BRF:57
BRH:5
end_of_record
